running egg_info
creating ../../build/warebot/warebot.egg-info
writing ../../build/warebot/warebot.egg-info/PKG-INFO
writing dependency_links to ../../build/warebot/warebot.egg-info/dependency_links.txt
writing requirements to ../../build/warebot/warebot.egg-info/requires.txt
writing top-level names to ../../build/warebot/warebot.egg-info/top_level.txt
writing manifest file '../../build/warebot/warebot.egg-info/SOURCES.txt'
reading manifest file '../../build/warebot/warebot.egg-info/SOURCES.txt'
writing manifest file '../../build/warebot/warebot.egg-info/SOURCES.txt'
running build
running build_py
creating /home/kaneki/cobot_ws/build/warebot/build
creating /home/kaneki/cobot_ws/build/warebot/build/lib
creating /home/kaneki/cobot_ws/build/warebot/build/lib/warebot
copying warebot/__init__.py -> /home/kaneki/cobot_ws/build/warebot/build/lib/warebot
running install
running install_lib
creating /home/kaneki/cobot_ws/install/warebot/lib/python3.12/site-packages/warebot
copying /home/kaneki/cobot_ws/build/warebot/build/lib/warebot/__init__.py -> /home/kaneki/cobot_ws/install/warebot/lib/python3.12/site-packages/warebot
byte-compiling /home/kaneki/cobot_ws/install/warebot/lib/python3.12/site-packages/warebot/__init__.py to __init__.cpython-312.pyc
running install_data
creating /home/kaneki/cobot_ws/install/warebot/share/ament_index
creating /home/kaneki/cobot_ws/install/warebot/share/ament_index/resource_index
creating /home/kaneki/cobot_ws/install/warebot/share/ament_index/resource_index/packages
copying resource/warebot -> /home/kaneki/cobot_ws/install/warebot/share/ament_index/resource_index/packages
copying package.xml -> /home/kaneki/cobot_ws/install/warebot/share/warebot
creating /home/kaneki/cobot_ws/install/warebot/share/warebot/launch
copying launch/rsp.launch.py -> /home/kaneki/cobot_ws/install/warebot/share/warebot/launch
copying launch/display.launch.py -> /home/kaneki/cobot_ws/install/warebot/share/warebot/launch
creating /home/kaneki/cobot_ws/install/warebot/share/warebot/description
copying description/ros2_control.urdf.xacro -> /home/kaneki/cobot_ws/install/warebot/share/warebot/description
copying description/robot.urdf.xacro -> /home/kaneki/cobot_ws/install/warebot/share/warebot/description
copying description/common.urdf.xacro -> /home/kaneki/cobot_ws/install/warebot/share/warebot/description
creating /home/kaneki/cobot_ws/install/warebot/share/warebot/description/a200
copying description/a200/a200.urdf.xacro -> /home/kaneki/cobot_ws/install/warebot/share/warebot/description/a200
creating /home/kaneki/cobot_ws/install/warebot/share/warebot/description/a200/attachments
copying description/a200/attachments/sensor_arch.urdf.xacro -> /home/kaneki/cobot_ws/install/warebot/share/warebot/description/a200/attachments
copying description/a200/attachments/observer_backpack.urdf.xacro -> /home/kaneki/cobot_ws/install/warebot/share/warebot/description/a200/attachments
copying description/a200/attachments/top_plate.urdf.xacro -> /home/kaneki/cobot_ws/install/warebot/share/warebot/description/a200/attachments
copying description/a200/attachments/bumper.urdf.xacro -> /home/kaneki/cobot_ws/install/warebot/share/warebot/description/a200/attachments
creating /home/kaneki/cobot_ws/install/warebot/share/warebot/description/a200/drivetrain
copying description/a200/drivetrain/wheels.urdf.xacro -> /home/kaneki/cobot_ws/install/warebot/share/warebot/description/a200/drivetrain
creating /home/kaneki/cobot_ws/install/warebot/share/warebot/description/a200/drivetrain/wheels
copying description/a200/drivetrain/wheels/indoor.urdf.xacro -> /home/kaneki/cobot_ws/install/warebot/share/warebot/description/a200/drivetrain/wheels
copying description/a200/drivetrain/wheels/outdoor.urdf.xacro -> /home/kaneki/cobot_ws/install/warebot/share/warebot/description/a200/drivetrain/wheels
creating /home/kaneki/cobot_ws/install/warebot/share/warebot/meshes
creating /home/kaneki/cobot_ws/install/warebot/share/warebot/meshes/a200
copying meshes/a200/top_chassis.dae -> /home/kaneki/cobot_ws/install/warebot/share/warebot/meshes/a200
copying meshes/a200/base_link.dae -> /home/kaneki/cobot_ws/install/warebot/share/warebot/meshes/a200
copying meshes/a200/base_link.stl -> /home/kaneki/cobot_ws/install/warebot/share/warebot/meshes/a200
copying meshes/a200/top_chassis.stl -> /home/kaneki/cobot_ws/install/warebot/share/warebot/meshes/a200
creating /home/kaneki/cobot_ws/install/warebot/share/warebot/meshes/a200/attachments
copying meshes/a200/attachments/user_rail.dae -> /home/kaneki/cobot_ws/install/warebot/share/warebot/meshes/a200/attachments
copying meshes/a200/attachments/bumper3.dae -> /home/kaneki/cobot_ws/install/warebot/share/warebot/meshes/a200/attachments
copying meshes/a200/attachments/large_top_plate.dae -> /home/kaneki/cobot_ws/install/warebot/share/warebot/meshes/a200/attachments
copying meshes/a200/attachments/top_plate.dae -> /home/kaneki/cobot_ws/install/warebot/share/warebot/meshes/a200/attachments
copying meshes/a200/attachments/bumper.dae -> /home/kaneki/cobot_ws/install/warebot/share/warebot/meshes/a200/attachments
copying meshes/a200/attachments/bumper_extension.dae -> /home/kaneki/cobot_ws/install/warebot/share/warebot/meshes/a200/attachments
copying meshes/a200/attachments/bumper2.dae -> /home/kaneki/cobot_ws/install/warebot/share/warebot/meshes/a200/attachments
copying meshes/a200/attachments/300_mm_sensor_arch.dae -> /home/kaneki/cobot_ws/install/warebot/share/warebot/meshes/a200/attachments
copying meshes/a200/attachments/510_mm_sensor_arch.dae -> /home/kaneki/cobot_ws/install/warebot/share/warebot/meshes/a200/attachments
copying meshes/a200/attachments/top_plate.stl -> /home/kaneki/cobot_ws/install/warebot/share/warebot/meshes/a200/attachments
copying meshes/a200/attachments/510_mm_sensor_arch.stl -> /home/kaneki/cobot_ws/install/warebot/share/warebot/meshes/a200/attachments
copying meshes/a200/attachments/300_mm_sensor_arch.stl -> /home/kaneki/cobot_ws/install/warebot/share/warebot/meshes/a200/attachments
copying meshes/a200/attachments/observer_backpack_masts.stl -> /home/kaneki/cobot_ws/install/warebot/share/warebot/meshes/a200/attachments
copying meshes/a200/attachments/large_top_plate_collision.stl -> /home/kaneki/cobot_ws/install/warebot/share/warebot/meshes/a200/attachments
copying meshes/a200/attachments/user_rail.stl -> /home/kaneki/cobot_ws/install/warebot/share/warebot/meshes/a200/attachments
copying meshes/a200/attachments/observer_backpack_shell.stl -> /home/kaneki/cobot_ws/install/warebot/share/warebot/meshes/a200/attachments
copying meshes/a200/attachments/pacs_top_plate.stl -> /home/kaneki/cobot_ws/install/warebot/share/warebot/meshes/a200/attachments
creating /home/kaneki/cobot_ws/install/warebot/share/warebot/meshes/a200/drivetrain
creating /home/kaneki/cobot_ws/install/warebot/share/warebot/meshes/a200/wheels
copying meshes/a200/wheels/outdoor.dae -> /home/kaneki/cobot_ws/install/warebot/share/warebot/meshes/a200/wheels
copying meshes/a200/wheels/indoor.dae -> /home/kaneki/cobot_ws/install/warebot/share/warebot/meshes/a200/wheels
copying meshes/a200/wheels/outdoor.stl -> /home/kaneki/cobot_ws/install/warebot/share/warebot/meshes/a200/wheels
creating /home/kaneki/cobot_ws/install/warebot/share/warebot/world
copying world/empty.world -> /home/kaneki/cobot_ws/install/warebot/share/warebot/world
creating /home/kaneki/cobot_ws/install/warebot/share/warebot/config
copying config/ros2_control.yaml -> /home/kaneki/cobot_ws/install/warebot/share/warebot/config
copying config/robot.yaml -> /home/kaneki/cobot_ws/install/warebot/share/warebot/config
copying config/gz_ros2_use_sim.yaml -> /home/kaneki/cobot_ws/install/warebot/share/warebot/config
running install_egg_info
Copying ../../build/warebot/warebot.egg-info to /home/kaneki/cobot_ws/install/warebot/lib/python3.12/site-packages/warebot-0.0.0-py3.12.egg-info
running install_scripts
writing list of installed files to '/home/kaneki/cobot_ws/build/warebot/install.log'
