[0.000000] (-) TimerEvent: {}
[0.001519] (-) JobUnselected: {'identifier': 'clearpath_bt_joy'}
[0.001700] (-) JobUnselected: {'identifier': 'clearpath_common'}
[0.001739] (-) JobUnselected: {'identifier': 'clearpath_config'}
[0.001754] (-) JobUnselected: {'identifier': 'clearpath_control'}
[0.001816] (-) JobUnselected: {'identifier': 'clearpath_customization'}
[0.001834] (-) JobUnselected: {'identifier': 'clearpath_description'}
[0.001853] (-) JobUnselected: {'identifier': 'clearpath_diagnostics'}
[0.001894] (-) JobUnselected: {'identifier': 'clearpath_generator_common'}
[0.001909] (-) JobUnselected: {'identifier': 'clearpath_manipulators'}
[0.001923] (-) JobUnselected: {'identifier': 'clearpath_manipulators_description'}
[0.001935] (-) JobUnselected: {'identifier': 'clearpath_mounts_description'}
[0.003921] (-) JobUnselected: {'identifier': 'clearpath_platform_description'}
[0.004220] (clearpath_sensors_description) JobQueued: {'identifier': 'clearpath_sensors_description', 'dependencies': OrderedDict()}
[0.004298] (warebot) JobQueued: {'identifier': 'warebot', 'dependencies': OrderedDict({'clearpath_sensors_description': '/home/kaneki/cobot_ws/install/clearpath_sensors_description'})}
[0.004345] (clearpath_sensors_description) JobStarted: {'identifier': 'clearpath_sensors_description'}
[0.020816] (clearpath_sensors_description) JobProgress: {'identifier': 'clearpath_sensors_description', 'progress': 'cmake'}
[0.022318] (clearpath_sensors_description) JobProgress: {'identifier': 'clearpath_sensors_description', 'progress': 'build'}
[0.023994] (clearpath_sensors_description) Command: {'cmd': ['/usr/bin/cmake', '--build', '/home/kaneki/cobot_ws/build/clearpath_sensors_description', '--', '-j16', '-l16'], 'cwd': '/home/kaneki/cobot_ws/build/clearpath_sensors_description', 'env': OrderedDict({'GZ_SIM_RESOURCE_PATH': '/opt/ros/jazzy/share', 'GZ_CONFIG_PATH': '/opt/ros/jazzy/opt/gz_sim_vendor/share/gz:/opt/ros/jazzy/opt/sdformat_vendor/share/gz:/opt/ros/jazzy/opt/gz_gui_vendor/share/gz:/opt/ros/jazzy/opt/gz_transport_vendor/share/gz:/opt/ros/jazzy/opt/gz_rendering_vendor/share/gz:/opt/ros/jazzy/opt/gz_plugin_vendor/share/gz:/opt/ros/jazzy/opt/gz_fuel_tools_vendor/share/gz:/opt/ros/jazzy/opt/gz_msgs_vendor/share/gz:/opt/ros/jazzy/opt/gz_common_vendor/share/gz', 'SHLVL': '0', 'LD_LIBRARY_PATH': '/opt/ros/jazzy/opt/gz_sim_vendor/lib:/opt/ros/jazzy/opt/gz_sensors_vendor/lib:/opt/ros/jazzy/opt/gz_physics_vendor/lib:/opt/ros/jazzy/opt/sdformat_vendor/lib:/opt/ros/jazzy/opt/rviz_ogre_vendor/lib:/opt/ros/jazzy/lib/x86_64-linux-gnu:/opt/ros/jazzy/opt/gz_gui_vendor/lib:/opt/ros/jazzy/opt/gz_transport_vendor/lib:/opt/ros/jazzy/opt/gz_rendering_vendor/lib:/opt/ros/jazzy/opt/gz_plugin_vendor/lib:/opt/ros/jazzy/opt/gz_fuel_tools_vendor/lib:/opt/ros/jazzy/opt/gz_msgs_vendor/lib:/opt/ros/jazzy/opt/gz_common_vendor/lib:/opt/ros/jazzy/opt/gz_math_vendor/lib:/opt/ros/jazzy/opt/gz_utils_vendor/lib:/opt/ros/jazzy/opt/gz_tools_vendor/lib:/opt/ros/jazzy/opt/gz_ogre_next_vendor/lib:/opt/ros/jazzy/opt/gz_dartsim_vendor/lib:/opt/ros/jazzy/opt/gz_cmake_vendor/lib:/opt/ros/jazzy/lib', 'HOME': '/home/kaneki', 'ROS_PYTHON_VERSION': '3', 'LC_CTYPE': 'C.UTF-8', 'ROS_DISTRO': 'jazzy', '_': '/usr/bin/colcon', 'ROS_VERSION': '2', 'GAZEBO_MODEL_PATH': '/opt/ros/jazzy/share/', 'PATH': '/opt/ros/jazzy/opt/gz_msgs_vendor/bin:/opt/ros/jazzy/opt/gz_tools_vendor/bin:/opt/ros/jazzy/opt/gz_ogre_next_vendor/bin:/opt/ros/jazzy/bin:/usr/local/sbin:/usr/local/bin:/usr/sbin:/usr/bin:/sbin:/bin', 'AMENT_PREFIX_PATH': '/opt/ros/jazzy', 'ROS_AUTOMATIC_DISCOVERY_RANGE': 'SUBNET', 'PWD': '/home/kaneki/cobot_ws/build/clearpath_sensors_description', 'PYTHONPATH': '/opt/ros/jazzy/lib/python3.12/site-packages', 'COLCON': '1', 'CMAKE_PREFIX_PATH': '/opt/ros/jazzy/opt/gz_sim_vendor:/opt/ros/jazzy/opt/gz_sensors_vendor:/opt/ros/jazzy/opt/gz_physics_vendor:/opt/ros/jazzy/opt/sdformat_vendor:/opt/ros/jazzy/opt/gz_gui_vendor:/opt/ros/jazzy/opt/gz_transport_vendor:/opt/ros/jazzy/opt/gz_rendering_vendor:/opt/ros/jazzy/opt/gz_plugin_vendor:/opt/ros/jazzy/opt/gz_fuel_tools_vendor:/opt/ros/jazzy/opt/gz_msgs_vendor:/opt/ros/jazzy/opt/gz_common_vendor:/opt/ros/jazzy/opt/gz_math_vendor:/opt/ros/jazzy/opt/gz_utils_vendor:/opt/ros/jazzy/opt/gz_tools_vendor:/opt/ros/jazzy/opt/gz_ogre_next_vendor:/opt/ros/jazzy/opt/gz_dartsim_vendor:/opt/ros/jazzy/opt/gz_cmake_vendor:/opt/ros/jazzy'}), 'shell': False}
[0.099651] (-) TimerEvent: {}
[0.100774] (clearpath_sensors_description) CommandEnded: {'returncode': 0}
[0.101716] (clearpath_sensors_description) JobProgress: {'identifier': 'clearpath_sensors_description', 'progress': 'install'}
[0.115317] (clearpath_sensors_description) Command: {'cmd': ['/usr/bin/cmake', '--install', '/home/kaneki/cobot_ws/build/clearpath_sensors_description'], 'cwd': '/home/kaneki/cobot_ws/build/clearpath_sensors_description', 'env': OrderedDict({'GZ_SIM_RESOURCE_PATH': '/opt/ros/jazzy/share', 'GZ_CONFIG_PATH': '/opt/ros/jazzy/opt/gz_sim_vendor/share/gz:/opt/ros/jazzy/opt/sdformat_vendor/share/gz:/opt/ros/jazzy/opt/gz_gui_vendor/share/gz:/opt/ros/jazzy/opt/gz_transport_vendor/share/gz:/opt/ros/jazzy/opt/gz_rendering_vendor/share/gz:/opt/ros/jazzy/opt/gz_plugin_vendor/share/gz:/opt/ros/jazzy/opt/gz_fuel_tools_vendor/share/gz:/opt/ros/jazzy/opt/gz_msgs_vendor/share/gz:/opt/ros/jazzy/opt/gz_common_vendor/share/gz', 'SHLVL': '0', 'LD_LIBRARY_PATH': '/opt/ros/jazzy/opt/gz_sim_vendor/lib:/opt/ros/jazzy/opt/gz_sensors_vendor/lib:/opt/ros/jazzy/opt/gz_physics_vendor/lib:/opt/ros/jazzy/opt/sdformat_vendor/lib:/opt/ros/jazzy/opt/rviz_ogre_vendor/lib:/opt/ros/jazzy/lib/x86_64-linux-gnu:/opt/ros/jazzy/opt/gz_gui_vendor/lib:/opt/ros/jazzy/opt/gz_transport_vendor/lib:/opt/ros/jazzy/opt/gz_rendering_vendor/lib:/opt/ros/jazzy/opt/gz_plugin_vendor/lib:/opt/ros/jazzy/opt/gz_fuel_tools_vendor/lib:/opt/ros/jazzy/opt/gz_msgs_vendor/lib:/opt/ros/jazzy/opt/gz_common_vendor/lib:/opt/ros/jazzy/opt/gz_math_vendor/lib:/opt/ros/jazzy/opt/gz_utils_vendor/lib:/opt/ros/jazzy/opt/gz_tools_vendor/lib:/opt/ros/jazzy/opt/gz_ogre_next_vendor/lib:/opt/ros/jazzy/opt/gz_dartsim_vendor/lib:/opt/ros/jazzy/opt/gz_cmake_vendor/lib:/opt/ros/jazzy/lib', 'HOME': '/home/kaneki', 'ROS_PYTHON_VERSION': '3', 'LC_CTYPE': 'C.UTF-8', 'ROS_DISTRO': 'jazzy', '_': '/usr/bin/colcon', 'ROS_VERSION': '2', 'GAZEBO_MODEL_PATH': '/opt/ros/jazzy/share/', 'PATH': '/opt/ros/jazzy/opt/gz_msgs_vendor/bin:/opt/ros/jazzy/opt/gz_tools_vendor/bin:/opt/ros/jazzy/opt/gz_ogre_next_vendor/bin:/opt/ros/jazzy/bin:/usr/local/sbin:/usr/local/bin:/usr/sbin:/usr/bin:/sbin:/bin', 'AMENT_PREFIX_PATH': '/opt/ros/jazzy', 'ROS_AUTOMATIC_DISCOVERY_RANGE': 'SUBNET', 'PWD': '/home/kaneki/cobot_ws/build/clearpath_sensors_description', 'PYTHONPATH': '/opt/ros/jazzy/lib/python3.12/site-packages', 'COLCON': '1', 'CMAKE_PREFIX_PATH': '/opt/ros/jazzy/opt/gz_sim_vendor:/opt/ros/jazzy/opt/gz_sensors_vendor:/opt/ros/jazzy/opt/gz_physics_vendor:/opt/ros/jazzy/opt/sdformat_vendor:/opt/ros/jazzy/opt/gz_gui_vendor:/opt/ros/jazzy/opt/gz_transport_vendor:/opt/ros/jazzy/opt/gz_rendering_vendor:/opt/ros/jazzy/opt/gz_plugin_vendor:/opt/ros/jazzy/opt/gz_fuel_tools_vendor:/opt/ros/jazzy/opt/gz_msgs_vendor:/opt/ros/jazzy/opt/gz_common_vendor:/opt/ros/jazzy/opt/gz_math_vendor:/opt/ros/jazzy/opt/gz_utils_vendor:/opt/ros/jazzy/opt/gz_tools_vendor:/opt/ros/jazzy/opt/gz_ogre_next_vendor:/opt/ros/jazzy/opt/gz_dartsim_vendor:/opt/ros/jazzy/opt/gz_cmake_vendor:/opt/ros/jazzy'}), 'shell': False}
[0.136071] (clearpath_sensors_description) StdoutLine: {'line': b'-- Install configuration: ""\n'}
[0.136836] (clearpath_sensors_description) StdoutLine: {'line': b'-- Up-to-date: /home/kaneki/cobot_ws/install/clearpath_sensors_description/share/clearpath_sensors_description/meshes\n'}
[0.136975] (clearpath_sensors_description) StdoutLine: {'line': b'-- Up-to-date: /home/kaneki/cobot_ws/install/clearpath_sensors_description/share/clearpath_sensors_description/meshes/axis_q62_top.stl\n'}
[0.137118] (clearpath_sensors_description) StdoutLine: {'line': b'-- Up-to-date: /home/kaneki/cobot_ws/install/clearpath_sensors_description/share/clearpath_sensors_description/meshes/seyond_robin_w.stl\n'}
[0.137239] (clearpath_sensors_description) StdoutLine: {'line': b'-- Up-to-date: /home/kaneki/cobot_ws/install/clearpath_sensors_description/share/clearpath_sensors_description/meshes/hokuyo_utm30.stl\n'}
[0.137365] (clearpath_sensors_description) StdoutLine: {'line': b'-- Up-to-date: /home/kaneki/cobot_ws/install/clearpath_sensors_description/share/clearpath_sensors_description/meshes/fixposition.stl\n'}
[0.137472] (clearpath_sensors_description) StdoutLine: {'line': b'-- Up-to-date: /home/kaneki/cobot_ws/install/clearpath_sensors_description/share/clearpath_sensors_description/meshes/oakd_pro_w_poe.dae\n'}
[0.137637] (clearpath_sensors_description) StdoutLine: {'line': b'-- Up-to-date: /home/kaneki/cobot_ws/install/clearpath_sensors_description/share/clearpath_sensors_description/meshes/gnss_helical.stl\n'}
[0.138062] (clearpath_sensors_description) StdoutLine: {'line': b'-- Up-to-date: /home/kaneki/cobot_ws/install/clearpath_sensors_description/share/clearpath_sensors_description/meshes/oakd_lite.dae\n'}
[0.138182] (clearpath_sensors_description) StdoutLine: {'line': b'-- Up-to-date: /home/kaneki/cobot_ws/install/clearpath_sensors_description/share/clearpath_sensors_description/meshes/sick_lms1xx_collision.stl\n'}
[0.138275] (clearpath_sensors_description) StdoutLine: {'line': b'-- Up-to-date: /home/kaneki/cobot_ws/install/clearpath_sensors_description/share/clearpath_sensors_description/meshes/axis_q62_base.stl\n'}
[0.138364] (clearpath_sensors_description) StdoutLine: {'line': b'-- Up-to-date: /home/kaneki/cobot_ws/install/clearpath_sensors_description/share/clearpath_sensors_description/meshes/hokuyo_ust.stl\n'}
[0.138457] (clearpath_sensors_description) StdoutLine: {'line': b'-- Up-to-date: /home/kaneki/cobot_ws/install/clearpath_sensors_description/share/clearpath_sensors_description/meshes/gnss_spherical.stl\n'}
[0.138561] (clearpath_sensors_description) StdoutLine: {'line': b'-- Up-to-date: /home/kaneki/cobot_ws/install/clearpath_sensors_description/share/clearpath_sensors_description/meshes/gnss_patch.stl\n'}
[0.138794] (clearpath_sensors_description) StdoutLine: {'line': b'-- Up-to-date: /home/kaneki/cobot_ws/install/clearpath_sensors_description/share/clearpath_sensors_description/meshes/oakd_pro.dae\n'}
[0.138940] (clearpath_sensors_description) StdoutLine: {'line': b'-- Up-to-date: /home/kaneki/cobot_ws/install/clearpath_sensors_description/share/clearpath_sensors_description/meshes/flir_blackfly.stl\n'}
[0.139080] (clearpath_sensors_description) StdoutLine: {'line': b'-- Up-to-date: /home/kaneki/cobot_ws/install/clearpath_sensors_description/share/clearpath_sensors_description/meshes/novatel_smart6.stl\n'}
[0.139216] (clearpath_sensors_description) StdoutLine: {'line': b'-- Up-to-date: /home/kaneki/cobot_ws/install/clearpath_sensors_description/share/clearpath_sensors_description/meshes/ouster\n'}
[0.139340] (clearpath_sensors_description) StdoutLine: {'line': b'-- Up-to-date: /home/kaneki/cobot_ws/install/clearpath_sensors_description/share/clearpath_sensors_description/meshes/ouster/os1_fins.dae\n'}
[0.139464] (clearpath_sensors_description) StdoutLine: {'line': b'-- Up-to-date: /home/kaneki/cobot_ws/install/clearpath_sensors_description/share/clearpath_sensors_description/meshes/ouster/os1_halo.dae\n'}
[0.139587] (clearpath_sensors_description) StdoutLine: {'line': b'-- Up-to-date: /home/kaneki/cobot_ws/install/clearpath_sensors_description/share/clearpath_sensors_description/meshes/ouster/os1_base.dae\n'}
[0.139815] (clearpath_sensors_description) StdoutLine: {'line': b'-- Up-to-date: /home/kaneki/cobot_ws/install/clearpath_sensors_description/share/clearpath_sensors_description/meshes/ouster/os1_lidar.dae\n'}
[0.139947] (clearpath_sensors_description) StdoutLine: {'line': b'-- Up-to-date: /home/kaneki/cobot_ws/install/clearpath_sensors_description/share/clearpath_sensors_description/meshes/sick_lms1xx_small.dae\n'}
[0.140102] (clearpath_sensors_description) StdoutLine: {'line': b'-- Up-to-date: /home/kaneki/cobot_ws/install/clearpath_sensors_description/share/clearpath_sensors_description/meshes/axis_dome.stl\n'}
[0.141004] (clearpath_sensors_description) StdoutLine: {'line': b'-- Up-to-date: /home/kaneki/cobot_ws/install/clearpath_sensors_description/share/clearpath_sensors_description/meshes/novatel_smart7.stl\n'}
[0.141556] (clearpath_sensors_description) StdoutLine: {'line': b'-- Up-to-date: /home/kaneki/cobot_ws/install/clearpath_sensors_description/share/clearpath_sensors_description/urdf\n'}
[0.141843] (clearpath_sensors_description) StdoutLine: {'line': b'-- Up-to-date: /home/kaneki/cobot_ws/install/clearpath_sensors_description/share/clearpath_sensors_description/urdf/sick_lms1xx.urdf.xacro\n'}
[0.142053] (clearpath_sensors_description) StdoutLine: {'line': b'-- Up-to-date: /home/kaneki/cobot_ws/install/clearpath_sensors_description/share/clearpath_sensors_description/urdf/intel_realsense.urdf.xacro\n'}
[0.142235] (clearpath_sensors_description) StdoutLine: {'line': b'-- Up-to-date: /home/kaneki/cobot_ws/install/clearpath_sensors_description/share/clearpath_sensors_description/urdf/redshift_um7.urdf.xacro\n'}
[0.142507] (clearpath_sensors_description) StdoutLine: {'line': b'-- Up-to-date: /home/kaneki/cobot_ws/install/clearpath_sensors_description/share/clearpath_sensors_description/urdf/phidgets_spatial.urdf.xacro\n'}
[0.142746] (clearpath_sensors_description) StdoutLine: {'line': b'-- Up-to-date: /home/kaneki/cobot_ws/install/clearpath_sensors_description/share/clearpath_sensors_description/urdf/microstrain_gq7.urdf.xacro\n'}
[0.142849] (clearpath_sensors_description) StdoutLine: {'line': b'-- Up-to-date: /home/kaneki/cobot_ws/install/clearpath_sensors_description/share/clearpath_sensors_description/urdf/luxonis_oakd.urdf.xacro\n'}
[0.142964] (clearpath_sensors_description) StdoutLine: {'line': b'-- Up-to-date: /home/kaneki/cobot_ws/install/clearpath_sensors_description/share/clearpath_sensors_description/urdf/chrobotics_um6.urdf.xacro\n'}
[0.143109] (clearpath_sensors_description) StdoutLine: {'line': b'-- Up-to-date: /home/kaneki/cobot_ws/install/clearpath_sensors_description/share/clearpath_sensors_description/urdf/gnss_antenna.urdf.xacro\n'}
[0.143222] (clearpath_sensors_description) StdoutLine: {'line': b'-- Up-to-date: /home/kaneki/cobot_ws/install/clearpath_sensors_description/share/clearpath_sensors_description/urdf/swiftnav_duro.urdf.xacro\n'}
[0.143348] (clearpath_sensors_description) StdoutLine: {'line': b'-- Up-to-date: /home/kaneki/cobot_ws/install/clearpath_sensors_description/share/clearpath_sensors_description/urdf/garmin_18x.urdf.xacro\n'}
[0.143474] (clearpath_sensors_description) StdoutLine: {'line': b'-- Up-to-date: /home/kaneki/cobot_ws/install/clearpath_sensors_description/share/clearpath_sensors_description/urdf/microstrain_imu.urdf.xacro\n'}
[0.143600] (clearpath_sensors_description) StdoutLine: {'line': b'-- Up-to-date: /home/kaneki/cobot_ws/install/clearpath_sensors_description/share/clearpath_sensors_description/urdf/velodyne_lidar.urdf.xacro\n'}
[0.143730] (clearpath_sensors_description) StdoutLine: {'line': b'-- Up-to-date: /home/kaneki/cobot_ws/install/clearpath_sensors_description/share/clearpath_sensors_description/urdf/wiferion.urdf.xacro\n'}
[0.143843] (clearpath_sensors_description) StdoutLine: {'line': b'-- Up-to-date: /home/kaneki/cobot_ws/install/clearpath_sensors_description/share/clearpath_sensors_description/urdf/ouster_os1.urdf.xacro\n'}
[0.143913] (clearpath_sensors_description) StdoutLine: {'line': b'-- Up-to-date: /home/kaneki/cobot_ws/install/clearpath_sensors_description/share/clearpath_sensors_description/urdf/flir_blackfly.urdf.xacro\n'}
[0.144048] (clearpath_sensors_description) StdoutLine: {'line': b'-- Up-to-date: /home/kaneki/cobot_ws/install/clearpath_sensors_description/share/clearpath_sensors_description/urdf/intel\n'}
[0.144190] (clearpath_sensors_description) StdoutLine: {'line': b'-- Up-to-date: /home/kaneki/cobot_ws/install/clearpath_sensors_description/share/clearpath_sensors_description/urdf/intel/d456.urdf.xacro\n'}
[0.144462] (clearpath_sensors_description) StdoutLine: {'line': b'-- Up-to-date: /home/kaneki/cobot_ws/install/clearpath_sensors_description/share/clearpath_sensors_description/urdf/intel/d455.urdf.xacro\n'}
[0.144679] (clearpath_sensors_description) StdoutLine: {'line': b'-- Up-to-date: /home/kaneki/cobot_ws/install/clearpath_sensors_description/share/clearpath_sensors_description/urdf/intel/d435i.urdf.xacro\n'}
[0.144779] (clearpath_sensors_description) StdoutLine: {'line': b'-- Up-to-date: /home/kaneki/cobot_ws/install/clearpath_sensors_description/share/clearpath_sensors_description/urdf/intel/d435.urdf.xacro\n'}
[0.144873] (clearpath_sensors_description) StdoutLine: {'line': b'-- Up-to-date: /home/kaneki/cobot_ws/install/clearpath_sensors_description/share/clearpath_sensors_description/urdf/intel/d415.urdf.xacro\n'}
[0.144959] (clearpath_sensors_description) StdoutLine: {'line': b'-- Up-to-date: /home/kaneki/cobot_ws/install/clearpath_sensors_description/share/clearpath_sensors_description/urdf/axis\n'}
[0.145061] (clearpath_sensors_description) StdoutLine: {'line': b'-- Up-to-date: /home/kaneki/cobot_ws/install/clearpath_sensors_description/share/clearpath_sensors_description/urdf/axis/axis_q62.urdf.xacro\n'}
[0.145148] (clearpath_sensors_description) StdoutLine: {'line': b'-- Up-to-date: /home/kaneki/cobot_ws/install/clearpath_sensors_description/share/clearpath_sensors_description/urdf/axis/axis_dome_ptz.urdf.xacro\n'}
[0.145234] (clearpath_sensors_description) StdoutLine: {'line': b'-- Up-to-date: /home/kaneki/cobot_ws/install/clearpath_sensors_description/share/clearpath_sensors_description/urdf/axis/axis_dome_fixed.urdf.xacro\n'}
[0.145317] (clearpath_sensors_description) StdoutLine: {'line': b'-- Up-to-date: /home/kaneki/cobot_ws/install/clearpath_sensors_description/share/clearpath_sensors_description/urdf/axis_camera.urdf.xacro\n'}
[0.145400] (clearpath_sensors_description) StdoutLine: {'line': b'-- Up-to-date: /home/kaneki/cobot_ws/install/clearpath_sensors_description/share/clearpath_sensors_description/urdf/novatel_smart7.urdf.xacro\n'}
[0.145485] (clearpath_sensors_description) StdoutLine: {'line': b'-- Up-to-date: /home/kaneki/cobot_ws/install/clearpath_sensors_description/share/clearpath_sensors_description/urdf/hokuyo_ust.urdf.xacro\n'}
[0.145566] (clearpath_sensors_description) StdoutLine: {'line': b'-- Up-to-date: /home/kaneki/cobot_ws/install/clearpath_sensors_description/share/clearpath_sensors_description/urdf/fixposition.urdf.xacro\n'}
[0.145644] (clearpath_sensors_description) StdoutLine: {'line': b'-- Up-to-date: /home/kaneki/cobot_ws/install/clearpath_sensors_description/share/clearpath_sensors_description/urdf/novatel_smart6.urdf.xacro\n'}
[0.145726] (clearpath_sensors_description) StdoutLine: {'line': b'-- Up-to-date: /home/kaneki/cobot_ws/install/clearpath_sensors_description/share/clearpath_sensors_description/urdf/seyond_lidar.urdf.xacro\n'}
[0.145808] (clearpath_sensors_description) StdoutLine: {'line': b'-- Up-to-date: /home/kaneki/cobot_ws/install/clearpath_sensors_description/share/clearpath_sensors_description/urdf/stereolabs_zed.urdf.xacro\n'}
[0.145889] (clearpath_sensors_description) StdoutLine: {'line': b'-- Up-to-date: /home/kaneki/cobot_ws/install/clearpath_sensors_description/share/ament_index/resource_index/package_run_dependencies/clearpath_sensors_description\n'}
[0.145970] (clearpath_sensors_description) StdoutLine: {'line': b'-- Up-to-date: /home/kaneki/cobot_ws/install/clearpath_sensors_description/share/ament_index/resource_index/parent_prefix_path/clearpath_sensors_description\n'}
[0.146063] (clearpath_sensors_description) StdoutLine: {'line': b'-- Up-to-date: /home/kaneki/cobot_ws/install/clearpath_sensors_description/share/clearpath_sensors_description/environment/ament_prefix_path.sh\n'}
[0.146151] (clearpath_sensors_description) StdoutLine: {'line': b'-- Up-to-date: /home/kaneki/cobot_ws/install/clearpath_sensors_description/share/clearpath_sensors_description/environment/ament_prefix_path.dsv\n'}
[0.146274] (clearpath_sensors_description) StdoutLine: {'line': b'-- Up-to-date: /home/kaneki/cobot_ws/install/clearpath_sensors_description/share/clearpath_sensors_description/environment/path.sh\n'}
[0.146365] (clearpath_sensors_description) StdoutLine: {'line': b'-- Up-to-date: /home/kaneki/cobot_ws/install/clearpath_sensors_description/share/clearpath_sensors_description/environment/path.dsv\n'}
[0.146455] (clearpath_sensors_description) StdoutLine: {'line': b'-- Up-to-date: /home/kaneki/cobot_ws/install/clearpath_sensors_description/share/clearpath_sensors_description/local_setup.bash\n'}
[0.146543] (clearpath_sensors_description) StdoutLine: {'line': b'-- Up-to-date: /home/kaneki/cobot_ws/install/clearpath_sensors_description/share/clearpath_sensors_description/local_setup.sh\n'}
[0.146630] (clearpath_sensors_description) StdoutLine: {'line': b'-- Up-to-date: /home/kaneki/cobot_ws/install/clearpath_sensors_description/share/clearpath_sensors_description/local_setup.zsh\n'}
[0.146717] (clearpath_sensors_description) StdoutLine: {'line': b'-- Up-to-date: /home/kaneki/cobot_ws/install/clearpath_sensors_description/share/clearpath_sensors_description/local_setup.dsv\n'}
[0.146807] (clearpath_sensors_description) StdoutLine: {'line': b'-- Installing: /home/kaneki/cobot_ws/install/clearpath_sensors_description/share/clearpath_sensors_description/package.dsv\n'}
[0.146896] (clearpath_sensors_description) StdoutLine: {'line': b'-- Up-to-date: /home/kaneki/cobot_ws/install/clearpath_sensors_description/share/ament_index/resource_index/packages/clearpath_sensors_description\n'}
[0.146987] (clearpath_sensors_description) StdoutLine: {'line': b'-- Up-to-date: /home/kaneki/cobot_ws/install/clearpath_sensors_description/share/clearpath_sensors_description/cmake/clearpath_sensors_descriptionConfig.cmake\n'}
[0.147092] (clearpath_sensors_description) StdoutLine: {'line': b'-- Up-to-date: /home/kaneki/cobot_ws/install/clearpath_sensors_description/share/clearpath_sensors_description/cmake/clearpath_sensors_descriptionConfig-version.cmake\n'}
[0.147180] (clearpath_sensors_description) StdoutLine: {'line': b'-- Up-to-date: /home/kaneki/cobot_ws/install/clearpath_sensors_description/share/clearpath_sensors_description/package.xml\n'}
[0.147270] (clearpath_sensors_description) CommandEnded: {'returncode': 0}
[0.177758] (clearpath_sensors_description) JobEnded: {'identifier': 'clearpath_sensors_description', 'rc': 0}
[0.183121] (warebot) JobStarted: {'identifier': 'warebot'}
[0.199854] (-) TimerEvent: {}
[0.300314] (-) TimerEvent: {}
[0.401569] (-) TimerEvent: {}
[0.502206] (-) TimerEvent: {}
[0.602854] (-) TimerEvent: {}
[0.703329] (-) TimerEvent: {}
[0.804356] (-) TimerEvent: {}
[0.905121] (-) TimerEvent: {}
[1.005427] (-) TimerEvent: {}
[1.105978] (-) TimerEvent: {}
[1.206640] (-) TimerEvent: {}
[1.307107] (-) TimerEvent: {}
[1.408138] (-) TimerEvent: {}
[1.434916] (warebot) Command: {'cmd': ['/usr/bin/python3', '-W', 'ignore:setup.py install is deprecated', '-W', 'ignore:easy_install command is deprecated', 'setup.py', 'egg_info', '--egg-base', '../../build/warebot', 'build', '--build-base', '/home/kaneki/cobot_ws/build/warebot/build', 'install', '--record', '/home/kaneki/cobot_ws/build/warebot/install.log', '--single-version-externally-managed', 'install_data'], 'cwd': '/home/kaneki/cobot_ws/src/warebot', 'env': {'GZ_SIM_RESOURCE_PATH': '/opt/ros/jazzy/share', 'GZ_CONFIG_PATH': '/opt/ros/jazzy/opt/gz_sim_vendor/share/gz:/opt/ros/jazzy/opt/sdformat_vendor/share/gz:/opt/ros/jazzy/opt/gz_gui_vendor/share/gz:/opt/ros/jazzy/opt/gz_transport_vendor/share/gz:/opt/ros/jazzy/opt/gz_rendering_vendor/share/gz:/opt/ros/jazzy/opt/gz_plugin_vendor/share/gz:/opt/ros/jazzy/opt/gz_fuel_tools_vendor/share/gz:/opt/ros/jazzy/opt/gz_msgs_vendor/share/gz:/opt/ros/jazzy/opt/gz_common_vendor/share/gz', 'SHLVL': '0', 'LD_LIBRARY_PATH': '/opt/ros/jazzy/opt/gz_sim_vendor/lib:/opt/ros/jazzy/opt/gz_sensors_vendor/lib:/opt/ros/jazzy/opt/gz_physics_vendor/lib:/opt/ros/jazzy/opt/sdformat_vendor/lib:/opt/ros/jazzy/opt/rviz_ogre_vendor/lib:/opt/ros/jazzy/lib/x86_64-linux-gnu:/opt/ros/jazzy/opt/gz_gui_vendor/lib:/opt/ros/jazzy/opt/gz_transport_vendor/lib:/opt/ros/jazzy/opt/gz_rendering_vendor/lib:/opt/ros/jazzy/opt/gz_plugin_vendor/lib:/opt/ros/jazzy/opt/gz_fuel_tools_vendor/lib:/opt/ros/jazzy/opt/gz_msgs_vendor/lib:/opt/ros/jazzy/opt/gz_common_vendor/lib:/opt/ros/jazzy/opt/gz_math_vendor/lib:/opt/ros/jazzy/opt/gz_utils_vendor/lib:/opt/ros/jazzy/opt/gz_tools_vendor/lib:/opt/ros/jazzy/opt/gz_ogre_next_vendor/lib:/opt/ros/jazzy/opt/gz_dartsim_vendor/lib:/opt/ros/jazzy/opt/gz_cmake_vendor/lib:/opt/ros/jazzy/lib', 'HOME': '/home/kaneki', 'ROS_PYTHON_VERSION': '3', 'LC_CTYPE': 'C.UTF-8', 'ROS_DISTRO': 'jazzy', '_': '/usr/bin/colcon', 'ROS_VERSION': '2', 'GAZEBO_MODEL_PATH': '/opt/ros/jazzy/share/', 'PATH': '/opt/ros/jazzy/opt/gz_msgs_vendor/bin:/opt/ros/jazzy/opt/gz_tools_vendor/bin:/opt/ros/jazzy/opt/gz_ogre_next_vendor/bin:/opt/ros/jazzy/bin:/usr/local/sbin:/usr/local/bin:/usr/sbin:/usr/bin:/sbin:/bin', 'AMENT_PREFIX_PATH': '/home/kaneki/cobot_ws/install/clearpath_sensors_description:/opt/ros/jazzy', 'ROS_AUTOMATIC_DISCOVERY_RANGE': 'SUBNET', 'PWD': '/home/kaneki/cobot_ws/build/warebot', 'PYTHONPATH': '/home/kaneki/cobot_ws/build/warebot/prefix_override:/usr/lib/python3/dist-packages/colcon_core/task/python/colcon_distutils_commands:/home/kaneki/cobot_ws/install/warebot/lib/python3.12/site-packages:/opt/ros/jazzy/lib/python3.12/site-packages', 'COLCON': '1', 'CMAKE_PREFIX_PATH': '/home/kaneki/cobot_ws/install/clearpath_sensors_description:/opt/ros/jazzy/opt/gz_sim_vendor:/opt/ros/jazzy/opt/gz_sensors_vendor:/opt/ros/jazzy/opt/gz_physics_vendor:/opt/ros/jazzy/opt/sdformat_vendor:/opt/ros/jazzy/opt/gz_gui_vendor:/opt/ros/jazzy/opt/gz_transport_vendor:/opt/ros/jazzy/opt/gz_rendering_vendor:/opt/ros/jazzy/opt/gz_plugin_vendor:/opt/ros/jazzy/opt/gz_fuel_tools_vendor:/opt/ros/jazzy/opt/gz_msgs_vendor:/opt/ros/jazzy/opt/gz_common_vendor:/opt/ros/jazzy/opt/gz_math_vendor:/opt/ros/jazzy/opt/gz_utils_vendor:/opt/ros/jazzy/opt/gz_tools_vendor:/opt/ros/jazzy/opt/gz_ogre_next_vendor:/opt/ros/jazzy/opt/gz_dartsim_vendor:/opt/ros/jazzy/opt/gz_cmake_vendor'}, 'shell': False}
[1.508345] (-) TimerEvent: {}
[1.608728] (-) TimerEvent: {}
[1.709521] (-) TimerEvent: {}
[1.809850] (-) TimerEvent: {}
[1.831375] (warebot) StdoutLine: {'line': b'running egg_info\n'}
[1.856652] (warebot) StdoutLine: {'line': b'writing ../../build/warebot/warebot.egg-info/PKG-INFO\n'}
[1.857314] (warebot) StdoutLine: {'line': b'writing dependency_links to ../../build/warebot/warebot.egg-info/dependency_links.txt\n'}
[1.857737] (warebot) StdoutLine: {'line': b'writing requirements to ../../build/warebot/warebot.egg-info/requires.txt\n'}
[1.858099] (warebot) StdoutLine: {'line': b'writing top-level names to ../../build/warebot/warebot.egg-info/top_level.txt\n'}
[1.910229] (warebot) StdoutLine: {'line': b"reading manifest file '../../build/warebot/warebot.egg-info/SOURCES.txt'\n"}
[1.910618] (-) TimerEvent: {}
[1.912334] (warebot) StdoutLine: {'line': b"writing manifest file '../../build/warebot/warebot.egg-info/SOURCES.txt'\n"}
[1.912785] (warebot) StdoutLine: {'line': b'running build\n'}
[1.915555] (warebot) StdoutLine: {'line': b'running build_py\n'}
[1.915766] (warebot) StdoutLine: {'line': b'running install\n'}
[1.923371] (warebot) StdoutLine: {'line': b'running install_lib\n'}
[1.953879] (warebot) StdoutLine: {'line': b'running install_data\n'}
[1.955101] (warebot) StdoutLine: {'line': b'copying launch/display.launch.py -> /home/kaneki/cobot_ws/install/warebot/share/warebot/launch\n'}
[1.956781] (warebot) StdoutLine: {'line': b'copying config/display.rviz -> /home/kaneki/cobot_ws/install/warebot/share/warebot/config\n'}
[1.957371] (warebot) StdoutLine: {'line': b'running install_egg_info\n'}
[1.990364] (warebot) StdoutLine: {'line': b"removing '/home/kaneki/cobot_ws/install/warebot/lib/python3.12/site-packages/warebot-0.0.0-py3.12.egg-info' (and everything under it)\n"}
[1.991224] (warebot) StdoutLine: {'line': b'Copying ../../build/warebot/warebot.egg-info to /home/kaneki/cobot_ws/install/warebot/lib/python3.12/site-packages/warebot-0.0.0-py3.12.egg-info\n'}
[1.991755] (warebot) StdoutLine: {'line': b'running install_scripts\n'}
[2.011346] (-) TimerEvent: {}
[2.111794] (-) TimerEvent: {}
[2.199770] (warebot) StdoutLine: {'line': b"writing list of installed files to '/home/kaneki/cobot_ws/build/warebot/install.log'\n"}
[2.211971] (-) TimerEvent: {}
[2.245617] (warebot) CommandEnded: {'returncode': 0}
[2.257617] (warebot) JobEnded: {'identifier': 'warebot', 'rc': 0}
[2.259544] (-) EventReactorShutdown: {}
