running egg_info
writing ../../build/warebot/warebot.egg-info/PKG-INFO
writing dependency_links to ../../build/warebot/warebot.egg-info/dependency_links.txt
writing requirements to ../../build/warebot/warebot.egg-info/requires.txt
writing top-level names to ../../build/warebot/warebot.egg-info/top_level.txt
reading manifest file '../../build/warebot/warebot.egg-info/SOURCES.txt'
writing manifest file '../../build/warebot/warebot.egg-info/SOURCES.txt'
running build
running build_py
running install
running install_lib
running install_data
copying package.xml -> /home/kaneki/warebot_ws/install/warebot/share/warebot
copying launch/display.launch.py -> /home/kaneki/warebot_ws/install/warebot/share/warebot/launch
copying description/ros2_control.urdf.xacro -> /home/kaneki/warebot_ws/install/warebot/share/warebot/description
copying description/robot.urdf.xacro -> /home/kaneki/warebot_ws/install/warebot/share/warebot/description
copying description/a200/drivetrain/wheels/indoor.urdf.xacro -> /home/kaneki/warebot_ws/install/warebot/share/warebot/description/a200/drivetrain/wheels
copying description/a200/drivetrain/wheels/outdoor.urdf.xacro -> /home/kaneki/warebot_ws/install/warebot/share/warebot/description/a200/drivetrain/wheels
creating /home/kaneki/warebot_ws/install/warebot/share/warebot/world
copying world/empty.world -> /home/kaneki/warebot_ws/install/warebot/share/warebot/world
copying config/ros2_control.yaml -> /home/kaneki/warebot_ws/install/warebot/share/warebot/config
running install_egg_info
removing '/home/kaneki/warebot_ws/install/warebot/lib/python3.12/site-packages/warebot-0.0.0-py3.12.egg-info' (and everything under it)
Copying ../../build/warebot/warebot.egg-info to /home/kaneki/warebot_ws/install/warebot/lib/python3.12/site-packages/warebot-0.0.0-py3.12.egg-info
running install_scripts
writing list of installed files to '/home/kaneki/warebot_ws/build/warebot/install.log'
