[0.704s] Invoking command in '/home/kaneki/warebot_ws/src/warebot': DEBUGINFOD_URLS=https://debuginfod.ubuntu.com PYTHONPATH=/home/kaneki/warebot_ws/build/warebot/prefix_override:/usr/lib/python3/dist-packages/colcon_core/task/python/colcon_distutils_commands:/home/kaneki/warebot_ws/install/warebot/lib/python3.12/site-packages:${PYTHONPATH} /usr/bin/python3 -W ignore:setup.py install is deprecated -W ignore:easy_install command is deprecated setup.py egg_info --egg-base ../../build/warebot build --build-base /home/kaneki/warebot_ws/build/warebot/build install --record /home/kaneki/warebot_ws/build/warebot/install.log --single-version-externally-managed install_data
[0.943s] running egg_info
[0.960s] writing ../../build/warebot/warebot.egg-info/PKG-INFO
[0.960s] writing dependency_links to ../../build/warebot/warebot.egg-info/dependency_links.txt
[0.960s] writing requirements to ../../build/warebot/warebot.egg-info/requires.txt
[0.961s] writing top-level names to ../../build/warebot/warebot.egg-info/top_level.txt
[0.998s] reading manifest file '../../build/warebot/warebot.egg-info/SOURCES.txt'
[0.999s] writing manifest file '../../build/warebot/warebot.egg-info/SOURCES.txt'
[0.999s] running build
[1.000s] running build_py
[1.000s] running install
[1.005s] running install_lib
[1.023s] running install_data
[1.023s] copying description/ros2_control.urdf.xacro -> /home/kaneki/warebot_ws/install/warebot/share/warebot/description
[1.024s] running install_egg_info
[1.043s] removing '/home/kaneki/warebot_ws/install/warebot/lib/python3.12/site-packages/warebot-0.0.0-py3.12.egg-info' (and everything under it)
[1.043s] Copying ../../build/warebot/warebot.egg-info to /home/kaneki/warebot_ws/install/warebot/lib/python3.12/site-packages/warebot-0.0.0-py3.12.egg-info
[1.044s] running install_scripts
[1.166s] writing list of installed files to '/home/kaneki/warebot_ws/build/warebot/install.log'
[1.193s] Invoked command in '/home/kaneki/warebot_ws/src/warebot' returned '0': DEBUGINFOD_URLS=https://debuginfod.ubuntu.com PYTHONPATH=/home/kaneki/warebot_ws/build/warebot/prefix_override:/usr/lib/python3/dist-packages/colcon_core/task/python/colcon_distutils_commands:/home/kaneki/warebot_ws/install/warebot/lib/python3.12/site-packages:${PYTHONPATH} /usr/bin/python3 -W ignore:setup.py install is deprecated -W ignore:easy_install command is deprecated setup.py egg_info --egg-base ../../build/warebot build --build-base /home/kaneki/warebot_ws/build/warebot/build install --record /home/kaneki/warebot_ws/build/warebot/install.log --single-version-externally-managed install_data
