[0.801s] Invoking command in '/home/kaneki/warebot_ws/src/warebot': DEBUGINFOD_URLS=https://debuginfod.ubuntu.com PYTHONPATH=/home/kaneki/warebot_ws/build/warebot/prefix_override:/usr/lib/python3/dist-packages/colcon_core/task/python/colcon_distutils_commands:/home/kaneki/warebot_ws/install/warebot/lib/python3.12/site-packages:${PYTHONPATH} /usr/bin/python3 -W ignore:setup.py install is deprecated -W ignore:easy_install command is deprecated setup.py egg_info --egg-base ../../build/warebot build --build-base /home/kaneki/warebot_ws/build/warebot/build install --record /home/kaneki/warebot_ws/build/warebot/install.log --single-version-externally-managed install_data
[1.062s] running egg_info
[1.080s] writing ../../build/warebot/warebot.egg-info/PKG-INFO
[1.080s] writing dependency_links to ../../build/warebot/warebot.egg-info/dependency_links.txt
[1.081s] writing requirements to ../../build/warebot/warebot.egg-info/requires.txt
[1.081s] writing top-level names to ../../build/warebot/warebot.egg-info/top_level.txt
[1.116s] reading manifest file '../../build/warebot/warebot.egg-info/SOURCES.txt'
[1.117s] writing manifest file '../../build/warebot/warebot.egg-info/SOURCES.txt'
[1.117s] running build
[1.117s] running build_py
[1.117s] running install
[1.123s] running install_lib
[1.142s] running install_data
[1.142s] copying description/ros2_control.urdf.xacro -> /home/kaneki/warebot_ws/install/warebot/share/warebot/description
[1.143s] running install_egg_info
[1.162s] removing '/home/kaneki/warebot_ws/install/warebot/lib/python3.12/site-packages/warebot-0.0.0-py3.12.egg-info' (and everything under it)
[1.162s] Copying ../../build/warebot/warebot.egg-info to /home/kaneki/warebot_ws/install/warebot/lib/python3.12/site-packages/warebot-0.0.0-py3.12.egg-info
[1.163s] running install_scripts
[1.288s] writing list of installed files to '/home/kaneki/warebot_ws/build/warebot/install.log'
[1.316s] Invoked command in '/home/kaneki/warebot_ws/src/warebot' returned '0': DEBUGINFOD_URLS=https://debuginfod.ubuntu.com PYTHONPATH=/home/kaneki/warebot_ws/build/warebot/prefix_override:/usr/lib/python3/dist-packages/colcon_core/task/python/colcon_distutils_commands:/home/kaneki/warebot_ws/install/warebot/lib/python3.12/site-packages:${PYTHONPATH} /usr/bin/python3 -W ignore:setup.py install is deprecated -W ignore:easy_install command is deprecated setup.py egg_info --egg-base ../../build/warebot build --build-base /home/kaneki/warebot_ws/build/warebot/build install --record /home/kaneki/warebot_ws/build/warebot/install.log --single-version-externally-managed install_data
