[0.739s] Invoking command in '/home/kaneki/warebot_ws/src/warebot': DEBUGINFOD_URLS=https://debuginfod.ubuntu.com PYTHONPATH=/home/kaneki/warebot_ws/build/warebot/prefix_override:/usr/lib/python3/dist-packages/colcon_core/task/python/colcon_distutils_commands:/home/kaneki/warebot_ws/install/warebot/lib/python3.12/site-packages:${PYTHONPATH} /usr/bin/python3 -W ignore:setup.py install is deprecated -W ignore:easy_install command is deprecated setup.py egg_info --egg-base ../../build/warebot build --build-base /home/kaneki/warebot_ws/build/warebot/build install --record /home/kaneki/warebot_ws/build/warebot/install.log --single-version-externally-managed install_data
[0.961s] running egg_info
[0.976s] writing ../../build/warebot/warebot.egg-info/PKG-INFO
[0.977s] writing dependency_links to ../../build/warebot/warebot.egg-info/dependency_links.txt
[0.977s] writing requirements to ../../build/warebot/warebot.egg-info/requires.txt
[0.977s] writing top-level names to ../../build/warebot/warebot.egg-info/top_level.txt
[1.009s] reading manifest file '../../build/warebot/warebot.egg-info/SOURCES.txt'
[1.010s] writing manifest file '../../build/warebot/warebot.egg-info/SOURCES.txt'
[1.010s] running build
[1.010s] running build_py
[1.010s] running install
[1.015s] running install_lib
[1.034s] running install_data
[1.034s] copying meshes/a200/base_link.dae -> /home/kaneki/warebot_ws/install/warebot/share/warebot/meshes/a200
[1.035s] copying meshes/a200/top_chassis.stl -> /home/kaneki/warebot_ws/install/warebot/share/warebot/meshes/a200
[1.036s] creating /home/kaneki/warebot_ws/install/warebot/share/warebot/meshes/a200/attachments
[1.036s] copying meshes/a200/attachments/user_rail.dae -> /home/kaneki/warebot_ws/install/warebot/share/warebot/meshes/a200/attachments
[1.037s] copying meshes/a200/attachments/bumper3.dae -> /home/kaneki/warebot_ws/install/warebot/share/warebot/meshes/a200/attachments
[1.037s] copying meshes/a200/attachments/large_top_plate.dae -> /home/kaneki/warebot_ws/install/warebot/share/warebot/meshes/a200/attachments
[1.037s] copying meshes/a200/attachments/top_plate.dae -> /home/kaneki/warebot_ws/install/warebot/share/warebot/meshes/a200/attachments
[1.037s] copying meshes/a200/attachments/bumper.dae -> /home/kaneki/warebot_ws/install/warebot/share/warebot/meshes/a200/attachments
[1.037s] copying meshes/a200/attachments/bumper_extension.dae -> /home/kaneki/warebot_ws/install/warebot/share/warebot/meshes/a200/attachments
[1.038s] copying meshes/a200/attachments/bumper2.dae -> /home/kaneki/warebot_ws/install/warebot/share/warebot/meshes/a200/attachments
[1.038s] copying meshes/a200/attachments/300_mm_sensor_arch.dae -> /home/kaneki/warebot_ws/install/warebot/share/warebot/meshes/a200/attachments
[1.038s] copying meshes/a200/attachments/510_mm_sensor_arch.dae -> /home/kaneki/warebot_ws/install/warebot/share/warebot/meshes/a200/attachments
[1.038s] copying meshes/a200/attachments/top_plate.stl -> /home/kaneki/warebot_ws/install/warebot/share/warebot/meshes/a200/attachments
[1.038s] copying meshes/a200/attachments/510_mm_sensor_arch.stl -> /home/kaneki/warebot_ws/install/warebot/share/warebot/meshes/a200/attachments
[1.038s] copying meshes/a200/attachments/300_mm_sensor_arch.stl -> /home/kaneki/warebot_ws/install/warebot/share/warebot/meshes/a200/attachments
[1.038s] copying meshes/a200/attachments/observer_backpack_masts.stl -> /home/kaneki/warebot_ws/install/warebot/share/warebot/meshes/a200/attachments
[1.039s] copying meshes/a200/attachments/large_top_plate_collision.stl -> /home/kaneki/warebot_ws/install/warebot/share/warebot/meshes/a200/attachments
[1.039s] copying meshes/a200/attachments/user_rail.stl -> /home/kaneki/warebot_ws/install/warebot/share/warebot/meshes/a200/attachments
[1.040s] copying meshes/a200/attachments/observer_backpack_shell.stl -> /home/kaneki/warebot_ws/install/warebot/share/warebot/meshes/a200/attachments
[1.040s] copying meshes/a200/attachments/pacs_top_plate.stl -> /home/kaneki/warebot_ws/install/warebot/share/warebot/meshes/a200/attachments
[1.040s] creating /home/kaneki/warebot_ws/install/warebot/share/warebot/meshes/a200/drivetrain
[1.040s] running install_egg_info
[1.056s] removing '/home/kaneki/warebot_ws/install/warebot/lib/python3.12/site-packages/warebot-0.0.0-py3.12.egg-info' (and everything under it)
[1.056s] Copying ../../build/warebot/warebot.egg-info to /home/kaneki/warebot_ws/install/warebot/lib/python3.12/site-packages/warebot-0.0.0-py3.12.egg-info
[1.057s] running install_scripts
[1.171s] writing list of installed files to '/home/kaneki/warebot_ws/build/warebot/install.log'
[1.196s] Invoked command in '/home/kaneki/warebot_ws/src/warebot' returned '0': DEBUGINFOD_URLS=https://debuginfod.ubuntu.com PYTHONPATH=/home/kaneki/warebot_ws/build/warebot/prefix_override:/usr/lib/python3/dist-packages/colcon_core/task/python/colcon_distutils_commands:/home/kaneki/warebot_ws/install/warebot/lib/python3.12/site-packages:${PYTHONPATH} /usr/bin/python3 -W ignore:setup.py install is deprecated -W ignore:easy_install command is deprecated setup.py egg_info --egg-base ../../build/warebot build --build-base /home/kaneki/warebot_ws/build/warebot/build install --record /home/kaneki/warebot_ws/build/warebot/install.log --single-version-externally-managed install_data
