/home/kaneki/cobot_ws/install/warebot/lib/python3.12/site-packages/warebot/__init__.py
/home/kaneki/cobot_ws/install/warebot/lib/python3.12/site-packages/warebot/__pycache__/__init__.cpython-312.pyc
/home/kaneki/cobot_ws/install/warebot/share/ament_index/resource_index/packages/warebot
/home/kaneki/cobot_ws/install/warebot/share/warebot/package.xml
/home/kaneki/cobot_ws/install/warebot/share/warebot/launch/rsp.launch.py
/home/kaneki/cobot_ws/install/warebot/share/warebot/launch/display.launch.py
/home/kaneki/cobot_ws/install/warebot/share/warebot/description/robot.urdf.xacro
/home/kaneki/cobot_ws/install/warebot/share/warebot/description/common.urdf.xacro
/home/kaneki/cobot_ws/install/warebot/share/warebot/description/a200/a200.urdf.xacro
/home/kaneki/cobot_ws/install/warebot/share/warebot/description/a200/attachments/sensor_arch.urdf.xacro
/home/kaneki/cobot_ws/install/warebot/share/warebot/description/a200/attachments/observer_backpack.urdf.xacro
/home/kaneki/cobot_ws/install/warebot/share/warebot/description/a200/attachments/top_plate.urdf.xacro
/home/kaneki/cobot_ws/install/warebot/share/warebot/description/a200/attachments/bumper.urdf.xacro
/home/kaneki/cobot_ws/install/warebot/share/warebot/description/a200/drivetrain/wheels.urdf.xacro
/home/kaneki/cobot_ws/install/warebot/share/warebot/description/a200/drivetrain/wheels/indoor.urdf.xacro
/home/kaneki/cobot_ws/install/warebot/share/warebot/description/a200/drivetrain/wheels/outdoor.urdf.xacro
/home/kaneki/cobot_ws/install/warebot/share/warebot/meshes/a200/top_chassis.dae
/home/kaneki/cobot_ws/install/warebot/share/warebot/meshes/a200/base_link.dae
/home/kaneki/cobot_ws/install/warebot/share/warebot/meshes/a200/base_link.stl
/home/kaneki/cobot_ws/install/warebot/share/warebot/meshes/a200/top_chassis.stl
/home/kaneki/cobot_ws/install/warebot/share/warebot/meshes/a200/attachments/user_rail.dae
/home/kaneki/cobot_ws/install/warebot/share/warebot/meshes/a200/attachments/bumper3.dae
/home/kaneki/cobot_ws/install/warebot/share/warebot/meshes/a200/attachments/large_top_plate.dae
/home/kaneki/cobot_ws/install/warebot/share/warebot/meshes/a200/attachments/top_plate.dae
/home/kaneki/cobot_ws/install/warebot/share/warebot/meshes/a200/attachments/bumper.dae
/home/kaneki/cobot_ws/install/warebot/share/warebot/meshes/a200/attachments/bumper_extension.dae
/home/kaneki/cobot_ws/install/warebot/share/warebot/meshes/a200/attachments/bumper2.dae
/home/kaneki/cobot_ws/install/warebot/share/warebot/meshes/a200/attachments/300_mm_sensor_arch.dae
/home/kaneki/cobot_ws/install/warebot/share/warebot/meshes/a200/attachments/510_mm_sensor_arch.dae
/home/kaneki/cobot_ws/install/warebot/share/warebot/meshes/a200/attachments/top_plate.stl
/home/kaneki/cobot_ws/install/warebot/share/warebot/meshes/a200/attachments/510_mm_sensor_arch.stl
/home/kaneki/cobot_ws/install/warebot/share/warebot/meshes/a200/attachments/300_mm_sensor_arch.stl
/home/kaneki/cobot_ws/install/warebot/share/warebot/meshes/a200/attachments/observer_backpack_masts.stl
/home/kaneki/cobot_ws/install/warebot/share/warebot/meshes/a200/attachments/large_top_plate_collision.stl
/home/kaneki/cobot_ws/install/warebot/share/warebot/meshes/a200/attachments/user_rail.stl
/home/kaneki/cobot_ws/install/warebot/share/warebot/meshes/a200/attachments/observer_backpack_shell.stl
/home/kaneki/cobot_ws/install/warebot/share/warebot/meshes/a200/attachments/pacs_top_plate.stl
/home/kaneki/cobot_ws/install/warebot/share/warebot/meshes/a200/drivetrain
/home/kaneki/cobot_ws/install/warebot/share/warebot/meshes/a200/wheels/outdoor.dae
/home/kaneki/cobot_ws/install/warebot/share/warebot/meshes/a200/wheels/indoor.dae
/home/kaneki/cobot_ws/install/warebot/share/warebot/meshes/a200/wheels/outdoor.stl
/home/kaneki/cobot_ws/install/warebot/share/warebot/world/empty.world
/home/kaneki/cobot_ws/install/warebot/share/warebot/config/ros2_control.yaml
/home/kaneki/cobot_ws/install/warebot/share/warebot/config/robot.yaml
/home/kaneki/cobot_ws/install/warebot/share/warebot/config/gz_ros2_use_sim.yaml
/home/kaneki/cobot_ws/install/warebot/lib/python3.12/site-packages/warebot-0.0.0-py3.12.egg-info/top_level.txt
/home/kaneki/cobot_ws/install/warebot/lib/python3.12/site-packages/warebot-0.0.0-py3.12.egg-info/SOURCES.txt
/home/kaneki/cobot_ws/install/warebot/lib/python3.12/site-packages/warebot-0.0.0-py3.12.egg-info/PKG-INFO
/home/kaneki/cobot_ws/install/warebot/lib/python3.12/site-packages/warebot-0.0.0-py3.12.egg-info/requires.txt
/home/kaneki/cobot_ws/install/warebot/lib/python3.12/site-packages/warebot-0.0.0-py3.12.egg-info/zip-safe
/home/kaneki/cobot_ws/install/warebot/lib/python3.12/site-packages/warebot-0.0.0-py3.12.egg-info/dependency_links.txt
