[0.713s] Invoking command in '/home/kaneki/warebot_ws/src/warebot': DEBUGINFOD_URLS=https://debuginfod.ubuntu.com PYTHONPATH=/home/kaneki/warebot_ws/build/warebot/prefix_override:/usr/lib/python3/dist-packages/colcon_core/task/python/colcon_distutils_commands:/home/kaneki/warebot_ws/install/warebot/lib/python3.12/site-packages:${PYTHONPATH} /usr/bin/python3 -W ignore:setup.py install is deprecated -W ignore:easy_install command is deprecated setup.py egg_info --egg-base ../../build/warebot build --build-base /home/kaneki/warebot_ws/build/warebot/build install --record /home/kaneki/warebot_ws/build/warebot/install.log --single-version-externally-managed install_data
[0.936s] running egg_info
[0.952s] writing ../../build/warebot/warebot.egg-info/PKG-INFO
[0.952s] writing dependency_links to ../../build/warebot/warebot.egg-info/dependency_links.txt
[0.952s] writing requirements to ../../build/warebot/warebot.egg-info/requires.txt
[0.952s] writing top-level names to ../../build/warebot/warebot.egg-info/top_level.txt
[0.987s] reading manifest file '../../build/warebot/warebot.egg-info/SOURCES.txt'
[0.988s] writing manifest file '../../build/warebot/warebot.egg-info/SOURCES.txt'
[0.988s] running build
[0.988s] running build_py
[0.988s] running install
[0.994s] running install_lib
[1.010s] running install_data
[1.011s] creating /home/kaneki/warebot_ws/install/warebot/share/warebot/meshes/a200/wheels
[1.011s] copying meshes/a200/wheels/outdoor.dae -> /home/kaneki/warebot_ws/install/warebot/share/warebot/meshes/a200/wheels
[1.013s] copying meshes/a200/wheels/indoor.dae -> /home/kaneki/warebot_ws/install/warebot/share/warebot/meshes/a200/wheels
[1.016s] copying meshes/a200/wheels/outdoor.stl -> /home/kaneki/warebot_ws/install/warebot/share/warebot/meshes/a200/wheels
[1.017s] running install_egg_info
[1.035s] removing '/home/kaneki/warebot_ws/install/warebot/lib/python3.12/site-packages/warebot-0.0.0-py3.12.egg-info' (and everything under it)
[1.035s] Copying ../../build/warebot/warebot.egg-info to /home/kaneki/warebot_ws/install/warebot/lib/python3.12/site-packages/warebot-0.0.0-py3.12.egg-info
[1.035s] running install_scripts
[1.152s] writing list of installed files to '/home/kaneki/warebot_ws/build/warebot/install.log'
[1.177s] Invoked command in '/home/kaneki/warebot_ws/src/warebot' returned '0': DEBUGINFOD_URLS=https://debuginfod.ubuntu.com PYTHONPATH=/home/kaneki/warebot_ws/build/warebot/prefix_override:/usr/lib/python3/dist-packages/colcon_core/task/python/colcon_distutils_commands:/home/kaneki/warebot_ws/install/warebot/lib/python3.12/site-packages:${PYTHONPATH} /usr/bin/python3 -W ignore:setup.py install is deprecated -W ignore:easy_install command is deprecated setup.py egg_info --egg-base ../../build/warebot build --build-base /home/kaneki/warebot_ws/build/warebot/build install --record /home/kaneki/warebot_ws/build/warebot/install.log --single-version-externally-managed install_data
