[0.300s] Invoking command in '/home/kaneki/cobot_ws/build/clearpath_platform_description': CMAKE_PREFIX_PATH=${CMAKE_PREFIX_PATH}:/home/kaneki/warebot_ws/install/warebot:/home/kaneki/warebot_ws/install/clearpath_config:/home/kaneki/ros2_ws/install/rqt_joint_trajectory_controller:/home/kaneki/ros2_ws/install/rqt_controller_manager:/home/kaneki/ros2_ws/install/ros2controlcli:/home/kaneki/ros2_ws/install/ros2_controllers_test_nodes:/opt/ros/jazzy DEBUGINFOD_URLS=https://debuginfod.ubuntu.com /usr/bin/cmake /home/kaneki/cobot_ws/src/clearpath_common/clearpath_platform_description -DCMAKE_INSTALL_PREFIX=/home/kaneki/cobot_ws/install/clearpath_platform_description
[0.616s] -- The C compiler identification is GNU 13.3.0
[0.617s] -- The CXX compiler identification is GNU 13.3.0
[0.619s] -- Detecting C compiler ABI info
[0.668s] -- Detecting C compiler ABI info - done
[0.675s] -- Check for working C compiler: /usr/bin/cc - skipped
[0.676s] -- Detecting C compile features
[0.676s] -- Detecting C compile features - done
[0.691s] -- Detecting CXX compiler ABI info
[0.832s] -- Detecting CXX compiler ABI info - done
[0.839s] -- Check for working CXX compiler: /usr/bin/c++ - skipped
[0.840s] -- Detecting CXX compile features
[0.841s] -- Detecting CXX compile features - done
[0.850s] -- Found ament_cmake: 2.5.4 (/opt/ros/jazzy/share/ament_cmake/cmake)
[1.111s] -- Found Python3: /usr/bin/python3 (found version "3.12.3") found components: Interpreter 
[1.446s] -- Configuring done (1.1s)
[1.450s] -- Generating done (0.0s)
[1.452s] -- Build files have been written to: /home/kaneki/cobot_ws/build/clearpath_platform_description
[1.461s] Invoked command in '/home/kaneki/cobot_ws/build/clearpath_platform_description' returned '0': CMAKE_PREFIX_PATH=${CMAKE_PREFIX_PATH}:/home/kaneki/warebot_ws/install/warebot:/home/kaneki/warebot_ws/install/clearpath_config:/home/kaneki/ros2_ws/install/rqt_joint_trajectory_controller:/home/kaneki/ros2_ws/install/rqt_controller_manager:/home/kaneki/ros2_ws/install/ros2controlcli:/home/kaneki/ros2_ws/install/ros2_controllers_test_nodes:/opt/ros/jazzy DEBUGINFOD_URLS=https://debuginfod.ubuntu.com /usr/bin/cmake /home/kaneki/cobot_ws/src/clearpath_common/clearpath_platform_description -DCMAKE_INSTALL_PREFIX=/home/kaneki/cobot_ws/install/clearpath_platform_description
[1.463s] Invoking command in '/home/kaneki/cobot_ws/build/clearpath_platform_description': CMAKE_PREFIX_PATH=${CMAKE_PREFIX_PATH}:/home/kaneki/warebot_ws/install/warebot:/home/kaneki/warebot_ws/install/clearpath_config:/home/kaneki/ros2_ws/install/rqt_joint_trajectory_controller:/home/kaneki/ros2_ws/install/rqt_controller_manager:/home/kaneki/ros2_ws/install/ros2controlcli:/home/kaneki/ros2_ws/install/ros2_controllers_test_nodes:/opt/ros/jazzy DEBUGINFOD_URLS=https://debuginfod.ubuntu.com /usr/bin/cmake --build /home/kaneki/cobot_ws/build/clearpath_platform_description -- -j16 -l16
[1.550s] Invoked command in '/home/kaneki/cobot_ws/build/clearpath_platform_description' returned '0': CMAKE_PREFIX_PATH=${CMAKE_PREFIX_PATH}:/home/kaneki/warebot_ws/install/warebot:/home/kaneki/warebot_ws/install/clearpath_config:/home/kaneki/ros2_ws/install/rqt_joint_trajectory_controller:/home/kaneki/ros2_ws/install/rqt_controller_manager:/home/kaneki/ros2_ws/install/ros2controlcli:/home/kaneki/ros2_ws/install/ros2_controllers_test_nodes:/opt/ros/jazzy DEBUGINFOD_URLS=https://debuginfod.ubuntu.com /usr/bin/cmake --build /home/kaneki/cobot_ws/build/clearpath_platform_description -- -j16 -l16
[1.551s] Invoking command in '/home/kaneki/cobot_ws/build/clearpath_platform_description': CMAKE_PREFIX_PATH=${CMAKE_PREFIX_PATH}:/home/kaneki/warebot_ws/install/warebot:/home/kaneki/warebot_ws/install/clearpath_config:/home/kaneki/ros2_ws/install/rqt_joint_trajectory_controller:/home/kaneki/ros2_ws/install/rqt_controller_manager:/home/kaneki/ros2_ws/install/ros2controlcli:/home/kaneki/ros2_ws/install/ros2_controllers_test_nodes:/opt/ros/jazzy DEBUGINFOD_URLS=https://debuginfod.ubuntu.com /usr/bin/cmake --install /home/kaneki/cobot_ws/build/clearpath_platform_description
[1.565s] -- Install configuration: ""
[1.565s] -- Installing: /home/kaneki/cobot_ws/install/clearpath_platform_description/share/clearpath_platform_description/launch
[1.565s] -- Installing: /home/kaneki/cobot_ws/install/clearpath_platform_description/share/clearpath_platform_description/launch/description.launch.py
[1.565s] -- Installing: /home/kaneki/cobot_ws/install/clearpath_platform_description/share/clearpath_platform_description/meshes
[1.566s] -- Installing: /home/kaneki/cobot_ws/install/clearpath_platform_description/share/clearpath_platform_description/meshes/r100
[1.566s] -- Installing: /home/kaneki/cobot_ws/install/clearpath_platform_description/share/clearpath_platform_description/meshes/r100/body.stl
[1.566s] -- Installing: /home/kaneki/cobot_ws/install/clearpath_platform_description/share/clearpath_platform_description/meshes/r100/side-cover.stl
[1.566s] -- Installing: /home/kaneki/cobot_ws/install/clearpath_platform_description/share/clearpath_platform_description/meshes/r100/rocker.stl
[1.566s] -- Installing: /home/kaneki/cobot_ws/install/clearpath_platform_description/share/clearpath_platform_description/meshes/r100/top.stl
[1.566s] -- Installing: /home/kaneki/cobot_ws/install/clearpath_platform_description/share/clearpath_platform_description/meshes/r100/end-cover.stl
[1.566s] -- Installing: /home/kaneki/cobot_ws/install/clearpath_platform_description/share/clearpath_platform_description/meshes/r100/axle.stl
[1.567s] -- Installing: /home/kaneki/cobot_ws/install/clearpath_platform_description/share/clearpath_platform_description/meshes/r100/attachments
[1.567s] -- Installing: /home/kaneki/cobot_ws/install/clearpath_platform_description/share/clearpath_platform_description/meshes/r100/attachments/tower_body_collision.stl
[1.567s] -- Installing: /home/kaneki/cobot_ws/install/clearpath_platform_description/share/clearpath_platform_description/meshes/r100/attachments/tower_body.stl
[1.567s] -- Installing: /home/kaneki/cobot_ws/install/clearpath_platform_description/share/clearpath_platform_description/meshes/r100/attachments/tower_shoulder.stl
[1.567s] -- Installing: /home/kaneki/cobot_ws/install/clearpath_platform_description/share/clearpath_platform_description/meshes/r100/attachments/leg.stl
[1.567s] -- Installing: /home/kaneki/cobot_ws/install/clearpath_platform_description/share/clearpath_platform_description/meshes/r100/attachments/hams_top.stl
[1.568s] -- Installing: /home/kaneki/cobot_ws/install/clearpath_platform_description/share/clearpath_platform_description/meshes/r100/attachments/hams_mount.stl
[1.568s] -- Installing: /home/kaneki/cobot_ws/install/clearpath_platform_description/share/clearpath_platform_description/meshes/r100/attachments/tower_shoulder_collision.stl
[1.568s] -- Installing: /home/kaneki/cobot_ws/install/clearpath_platform_description/share/clearpath_platform_description/meshes/r100/wheels
[1.568s] -- Installing: /home/kaneki/cobot_ws/install/clearpath_platform_description/share/clearpath_platform_description/meshes/r100/wheels/mecanum.stl
[1.568s] -- Installing: /home/kaneki/cobot_ws/install/clearpath_platform_description/share/clearpath_platform_description/meshes/r100/lights.stl
[1.568s] -- Installing: /home/kaneki/cobot_ws/install/clearpath_platform_description/share/clearpath_platform_description/meshes/r100/body-collision.stl
[1.569s] -- Installing: /home/kaneki/cobot_ws/install/clearpath_platform_description/share/clearpath_platform_description/meshes/a200
[1.569s] -- Installing: /home/kaneki/cobot_ws/install/clearpath_platform_description/share/clearpath_platform_description/meshes/a200/base_link.stl
[1.569s] -- Installing: /home/kaneki/cobot_ws/install/clearpath_platform_description/share/clearpath_platform_description/meshes/a200/top_chassis.dae
[1.570s] -- Installing: /home/kaneki/cobot_ws/install/clearpath_platform_description/share/clearpath_platform_description/meshes/a200/attachments
[1.570s] -- Installing: /home/kaneki/cobot_ws/install/clearpath_platform_description/share/clearpath_platform_description/meshes/a200/attachments/top_plate.stl
[1.570s] -- Installing: /home/kaneki/cobot_ws/install/clearpath_platform_description/share/clearpath_platform_description/meshes/a200/attachments/510_mm_sensor_arch.stl
[1.570s] -- Installing: /home/kaneki/cobot_ws/install/clearpath_platform_description/share/clearpath_platform_description/meshes/a200/attachments/user_rail.dae
[1.570s] -- Installing: /home/kaneki/cobot_ws/install/clearpath_platform_description/share/clearpath_platform_description/meshes/a200/attachments/bumper3.dae
[1.571s] -- Installing: /home/kaneki/cobot_ws/install/clearpath_platform_description/share/clearpath_platform_description/meshes/a200/attachments/large_top_plate.dae
[1.571s] -- Installing: /home/kaneki/cobot_ws/install/clearpath_platform_description/share/clearpath_platform_description/meshes/a200/attachments/top_plate.dae
[1.571s] -- Installing: /home/kaneki/cobot_ws/install/clearpath_platform_description/share/clearpath_platform_description/meshes/a200/attachments/300_mm_sensor_arch.stl
[1.571s] -- Installing: /home/kaneki/cobot_ws/install/clearpath_platform_description/share/clearpath_platform_description/meshes/a200/attachments/observer_backpack_masts.stl
[1.574s] -- Installing: /home/kaneki/cobot_ws/install/clearpath_platform_description/share/clearpath_platform_description/meshes/a200/attachments/bumper.dae
[1.574s] -- Installing: /home/kaneki/cobot_ws/install/clearpath_platform_description/share/clearpath_platform_description/meshes/a200/attachments/large_top_plate_collision.stl
[1.574s] -- Installing: /home/kaneki/cobot_ws/install/clearpath_platform_description/share/clearpath_platform_description/meshes/a200/attachments/user_rail.stl
[1.574s] -- Installing: /home/kaneki/cobot_ws/install/clearpath_platform_description/share/clearpath_platform_description/meshes/a200/attachments/bumper_extension.dae
[1.575s] -- Installing: /home/kaneki/cobot_ws/install/clearpath_platform_description/share/clearpath_platform_description/meshes/a200/attachments/bumper2.dae
[1.576s] -- Installing: /home/kaneki/cobot_ws/install/clearpath_platform_description/share/clearpath_platform_description/meshes/a200/attachments/observer_backpack_shell.stl
[1.576s] -- Installing: /home/kaneki/cobot_ws/install/clearpath_platform_description/share/clearpath_platform_description/meshes/a200/attachments/300_mm_sensor_arch.dae
[1.576s] -- Installing: /home/kaneki/cobot_ws/install/clearpath_platform_description/share/clearpath_platform_description/meshes/a200/attachments/pacs_top_plate.stl
[1.576s] -- Installing: /home/kaneki/cobot_ws/install/clearpath_platform_description/share/clearpath_platform_description/meshes/a200/attachments/510_mm_sensor_arch.dae
[1.577s] -- Installing: /home/kaneki/cobot_ws/install/clearpath_platform_description/share/clearpath_platform_description/meshes/a200/base_link.dae
[1.578s] -- Installing: /home/kaneki/cobot_ws/install/clearpath_platform_description/share/clearpath_platform_description/meshes/a200/wheels
[1.578s] -- Installing: /home/kaneki/cobot_ws/install/clearpath_platform_description/share/clearpath_platform_description/meshes/a200/wheels/outdoor.stl
[1.578s] -- Installing: /home/kaneki/cobot_ws/install/clearpath_platform_description/share/clearpath_platform_description/meshes/a200/wheels/outdoor.dae
[1.581s] -- Installing: /home/kaneki/cobot_ws/install/clearpath_platform_description/share/clearpath_platform_description/meshes/a200/wheels/indoor.dae
[1.584s] -- Installing: /home/kaneki/cobot_ws/install/clearpath_platform_description/share/clearpath_platform_description/meshes/a200/accessories
[1.584s] -- Installing: /home/kaneki/cobot_ws/install/clearpath_platform_description/share/clearpath_platform_description/meshes/a200/accessories/lms1xx_mount.stl
[1.584s] -- Installing: /home/kaneki/cobot_ws/install/clearpath_platform_description/share/clearpath_platform_description/meshes/a200/accessories/lms1xx_mount.dae
[1.584s] -- Installing: /home/kaneki/cobot_ws/install/clearpath_platform_description/share/clearpath_platform_description/meshes/a200/accessories/lidar_mount.stl
[1.584s] -- Installing: /home/kaneki/cobot_ws/install/clearpath_platform_description/share/clearpath_platform_description/meshes/a200/top_chassis.stl
[1.586s] -- Installing: /home/kaneki/cobot_ws/install/clearpath_platform_description/share/clearpath_platform_description/meshes/do100
[1.586s] -- Installing: /home/kaneki/cobot_ws/install/clearpath_platform_description/share/clearpath_platform_description/meshes/do100/wheels
[1.586s] -- Installing: /home/kaneki/cobot_ws/install/clearpath_platform_description/share/clearpath_platform_description/meshes/do100/wheels/mecanum.dae
[1.601s] -- Installing: /home/kaneki/cobot_ws/install/clearpath_platform_description/share/clearpath_platform_description/meshes/do100/omni_chassis_collision.stl
[1.601s] -- Installing: /home/kaneki/cobot_ws/install/clearpath_platform_description/share/clearpath_platform_description/meshes/do100/omni_chassis.dae
[1.602s] -- Installing: /home/kaneki/cobot_ws/install/clearpath_platform_description/share/clearpath_platform_description/meshes/j100
[1.602s] -- Installing: /home/kaneki/cobot_ws/install/clearpath_platform_description/share/clearpath_platform_description/meshes/j100/sick_lms1xx_inverted_bracket.stl
[1.603s] -- Installing: /home/kaneki/cobot_ws/install/clearpath_platform_description/share/clearpath_platform_description/meshes/j100/stereo_camera_bracket.stl
[1.603s] -- Installing: /home/kaneki/cobot_ws/install/clearpath_platform_description/share/clearpath_platform_description/meshes/j100/bridge_plate.stl
[1.604s] -- Installing: /home/kaneki/cobot_ws/install/clearpath_platform_description/share/clearpath_platform_description/meshes/j100/j100_base.stl
[1.604s] -- Installing: /home/kaneki/cobot_ws/install/clearpath_platform_description/share/clearpath_platform_description/meshes/j100/kinect_mount.stl
[1.605s] -- Installing: /home/kaneki/cobot_ws/install/clearpath_platform_description/share/clearpath_platform_description/meshes/j100/stereo_camera_beam.stl
[1.605s] -- Installing: /home/kaneki/cobot_ws/install/clearpath_platform_description/share/clearpath_platform_description/meshes/j100/wibotic_bumper.stl
[1.605s] -- Installing: /home/kaneki/cobot_ws/install/clearpath_platform_description/share/clearpath_platform_description/meshes/j100/sick_lms1xx_upright_bracket.stl
[1.606s] -- Installing: /home/kaneki/cobot_ws/install/clearpath_platform_description/share/clearpath_platform_description/meshes/j100/velodyne_tower.stl
[1.606s] -- Installing: /home/kaneki/cobot_ws/install/clearpath_platform_description/share/clearpath_platform_description/meshes/j100/attachments
[1.606s] -- Installing: /home/kaneki/cobot_ws/install/clearpath_platform_description/share/clearpath_platform_description/meshes/j100/attachments/ark_enclosure.stl
[1.606s] -- Installing: /home/kaneki/cobot_ws/install/clearpath_platform_description/share/clearpath_platform_description/meshes/j100/attachments/default_fender.stl
[1.606s] -- Installing: /home/kaneki/cobot_ws/install/clearpath_platform_description/share/clearpath_platform_description/meshes/j100/attachments/sensor_fender.stl
[1.607s] -- Installing: /home/kaneki/cobot_ws/install/clearpath_platform_description/share/clearpath_platform_description/meshes/j100/wheels
[1.607s] -- Installing: /home/kaneki/cobot_ws/install/clearpath_platform_description/share/clearpath_platform_description/meshes/j100/wheels/outdoor.stl
[1.607s] -- Installing: /home/kaneki/cobot_ws/install/clearpath_platform_description/share/clearpath_platform_description/meshes/j100/camera_bracket.stl
[1.607s] -- Installing: /home/kaneki/cobot_ws/install/clearpath_platform_description/share/clearpath_platform_description/meshes/j100/camera_beam.stl
[1.608s] -- Installing: /home/kaneki/cobot_ws/install/clearpath_platform_description/share/clearpath_platform_description/meshes/a300
[1.608s] -- Installing: /home/kaneki/cobot_ws/install/clearpath_platform_description/share/clearpath_platform_description/meshes/a300/drivetrain
[1.608s] -- Installing: /home/kaneki/cobot_ws/install/clearpath_platform_description/share/clearpath_platform_description/meshes/a300/drivetrain/caster_bracket_plate.stl
[1.608s] -- Installing: /home/kaneki/cobot_ws/install/clearpath_platform_description/share/clearpath_platform_description/meshes/a300/drivetrain/caster_flange_secondary.stl
[1.608s] -- Installing: /home/kaneki/cobot_ws/install/clearpath_platform_description/share/clearpath_platform_description/meshes/a300/drivetrain/caster_flange_primary.stl
[1.608s] -- Installing: /home/kaneki/cobot_ws/install/clearpath_platform_description/share/clearpath_platform_description/meshes/a300/drivetrain/suspension_spacer.stl
[1.609s] -- Installing: /home/kaneki/cobot_ws/install/clearpath_platform_description/share/clearpath_platform_description/meshes/a300/drivetrain/wheels
[1.609s] -- Installing: /home/kaneki/cobot_ws/install/clearpath_platform_description/share/clearpath_platform_description/meshes/a300/drivetrain/wheels/mecanum_primary.stl
[1.612s] -- Installing: /home/kaneki/cobot_ws/install/clearpath_platform_description/share/clearpath_platform_description/meshes/a300/drivetrain/wheels/outdoor_left.stl
[1.618s] -- Installing: /home/kaneki/cobot_ws/install/clearpath_platform_description/share/clearpath_platform_description/meshes/a300/drivetrain/wheels/outdoor_right.stl
[1.624s] -- Installing: /home/kaneki/cobot_ws/install/clearpath_platform_description/share/clearpath_platform_description/meshes/a300/drivetrain/wheels/mecanum_secondary.stl
[1.630s] -- Installing: /home/kaneki/cobot_ws/install/clearpath_platform_description/share/clearpath_platform_description/meshes/a300/drivetrain/wheels/caster.stl
[1.631s] -- Installing: /home/kaneki/cobot_ws/install/clearpath_platform_description/share/clearpath_platform_description/meshes/a300/drivetrain/caster_bracket_swivel.stl
[1.632s] -- Installing: /home/kaneki/cobot_ws/install/clearpath_platform_description/share/clearpath_platform_description/meshes/a300/drivetrain/suspension_beam.stl
[1.633s] -- Installing: /home/kaneki/cobot_ws/install/clearpath_platform_description/share/clearpath_platform_description/meshes/a300/drivetrain/motor.stl
[1.645s] -- Installing: /home/kaneki/cobot_ws/install/clearpath_platform_description/share/clearpath_platform_description/meshes/a300/chassis_collision.stl
[1.646s] -- Installing: /home/kaneki/cobot_ws/install/clearpath_platform_description/share/clearpath_platform_description/meshes/a300/status_lights.dae
[1.647s] -- Installing: /home/kaneki/cobot_ws/install/clearpath_platform_description/share/clearpath_platform_description/meshes/a300/attachments
[1.647s] -- Installing: /home/kaneki/cobot_ws/install/clearpath_platform_description/share/clearpath_platform_description/meshes/a300/attachments/observer_enclosure.stl
[1.647s] -- Installing: /home/kaneki/cobot_ws/install/clearpath_platform_description/share/clearpath_platform_description/meshes/a300/attachments/bumper_collision.stl
[1.647s] -- Installing: /home/kaneki/cobot_ws/install/clearpath_platform_description/share/clearpath_platform_description/meshes/a300/attachments/observer_wifi_antennas.stl
[1.648s] -- Installing: /home/kaneki/cobot_ws/install/clearpath_platform_description/share/clearpath_platform_description/meshes/a300/attachments/top_plate.dae
[1.648s] -- Installing: /home/kaneki/cobot_ws/install/clearpath_platform_description/share/clearpath_platform_description/meshes/a300/attachments/observer_arch.stl
[1.649s] -- Installing: /home/kaneki/cobot_ws/install/clearpath_platform_description/share/clearpath_platform_description/meshes/a300/attachments/bumper.dae
[1.649s] -- Installing: /home/kaneki/cobot_ws/install/clearpath_platform_description/share/clearpath_platform_description/meshes/a300/attachments/observer_bluetooth_antenna.stl
[1.649s] -- Installing: /home/kaneki/cobot_ws/install/clearpath_platform_description/share/clearpath_platform_description/meshes/a300/attachments/wireless_charger.stl
[1.649s] -- Installing: /home/kaneki/cobot_ws/install/clearpath_platform_description/share/clearpath_platform_description/meshes/a300/attachments/observer_cellular_antenna.stl
[1.650s] -- Installing: /home/kaneki/cobot_ws/install/clearpath_platform_description/share/clearpath_platform_description/meshes/a300/attachments/observer_access_panels.stl
[1.651s] -- Installing: /home/kaneki/cobot_ws/install/clearpath_platform_description/share/clearpath_platform_description/meshes/a300/livery.dae
[1.651s] -- Installing: /home/kaneki/cobot_ws/install/clearpath_platform_description/share/clearpath_platform_description/meshes/a300/chassis.dae
[1.651s] -- Installing: /home/kaneki/cobot_ws/install/clearpath_platform_description/share/clearpath_platform_description/meshes/dd100
[1.652s] -- Installing: /home/kaneki/cobot_ws/install/clearpath_platform_description/share/clearpath_platform_description/meshes/dd100/chassis_collision.stl
[1.652s] -- Installing: /home/kaneki/cobot_ws/install/clearpath_platform_description/share/clearpath_platform_description/meshes/dd100/attachments
[1.652s] -- Installing: /home/kaneki/cobot_ws/install/clearpath_platform_description/share/clearpath_platform_description/meshes/dd100/attachments/pacs_top_plate.stl
[1.652s] -- Installing: /home/kaneki/cobot_ws/install/clearpath_platform_description/share/clearpath_platform_description/meshes/dd100/wheels
[1.653s] -- Installing: /home/kaneki/cobot_ws/install/clearpath_platform_description/share/clearpath_platform_description/meshes/dd100/wheels/indoor.stl
[1.656s] -- Installing: /home/kaneki/cobot_ws/install/clearpath_platform_description/share/clearpath_platform_description/meshes/dd100/chassis.dae
[1.656s] -- Installing: /home/kaneki/cobot_ws/install/clearpath_platform_description/share/clearpath_platform_description/meshes/w200
[1.656s] -- Installing: /home/kaneki/cobot_ws/install/clearpath_platform_description/share/clearpath_platform_description/meshes/w200/rocker.stl
[1.656s] -- Installing: /home/kaneki/cobot_ws/install/clearpath_platform_description/share/clearpath_platform_description/meshes/w200/chassis.stl
[1.656s] -- Installing: /home/kaneki/cobot_ws/install/clearpath_platform_description/share/clearpath_platform_description/meshes/w200/chassis-collision.stl
[1.656s] -- Installing: /home/kaneki/cobot_ws/install/clearpath_platform_description/share/clearpath_platform_description/meshes/w200/e-stop.stl
[1.657s] -- Installing: /home/kaneki/cobot_ws/install/clearpath_platform_description/share/clearpath_platform_description/meshes/w200/bulkhead-collision.stl
[1.657s] -- Installing: /home/kaneki/cobot_ws/install/clearpath_platform_description/share/clearpath_platform_description/meshes/w200/diff-link.stl
[1.657s] -- Installing: /home/kaneki/cobot_ws/install/clearpath_platform_description/share/clearpath_platform_description/meshes/w200/wheels
[1.658s] -- Installing: /home/kaneki/cobot_ws/install/clearpath_platform_description/share/clearpath_platform_description/meshes/w200/wheels/tracks_collision.stl
[1.658s] -- Installing: /home/kaneki/cobot_ws/install/clearpath_platform_description/share/clearpath_platform_description/meshes/w200/wheels/outdoor.stl
[1.658s] -- Installing: /home/kaneki/cobot_ws/install/clearpath_platform_description/share/clearpath_platform_description/meshes/w200/wheels/tracks.dae
[1.658s] -- Installing: /home/kaneki/cobot_ws/install/clearpath_platform_description/share/clearpath_platform_description/meshes/w200/arm-mount-plate.stl
[1.658s] -- Installing: /home/kaneki/cobot_ws/install/clearpath_platform_description/share/clearpath_platform_description/meshes/w200/bulkhead.stl
[1.658s] -- Installing: /home/kaneki/cobot_ws/install/clearpath_platform_description/share/clearpath_platform_description/meshes/w200/generator.stl
[1.658s] -- Installing: /home/kaneki/cobot_ws/install/clearpath_platform_description/share/clearpath_platform_description/meshes/w200/light.stl
[1.659s] -- Installing: /home/kaneki/cobot_ws/install/clearpath_platform_description/share/clearpath_platform_description/meshes/w200/susp-link.stl
[1.659s] -- Installing: /home/kaneki/cobot_ws/install/clearpath_platform_description/share/clearpath_platform_description/meshes/w200/fenders.stl
[1.659s] -- Installing: /home/kaneki/cobot_ws/install/clearpath_platform_description/share/clearpath_platform_description/urdf
[1.659s] -- Installing: /home/kaneki/cobot_ws/install/clearpath_platform_description/share/clearpath_platform_description/urdf/dd150
[1.659s] -- Installing: /home/kaneki/cobot_ws/install/clearpath_platform_description/share/clearpath_platform_description/urdf/dd150/attachments
[1.660s] -- Installing: /home/kaneki/cobot_ws/install/clearpath_platform_description/share/clearpath_platform_description/urdf/dd150/attachments/top_plate.urdf.xacro
[1.660s] -- Installing: /home/kaneki/cobot_ws/install/clearpath_platform_description/share/clearpath_platform_description/urdf/dd150/dd150.urdf.xacro
[1.660s] -- Installing: /home/kaneki/cobot_ws/install/clearpath_platform_description/share/clearpath_platform_description/urdf/generic
[1.660s] -- Installing: /home/kaneki/cobot_ws/install/clearpath_platform_description/share/clearpath_platform_description/urdf/generic/drivetrain
[1.660s] -- Installing: /home/kaneki/cobot_ws/install/clearpath_platform_description/share/clearpath_platform_description/urdf/generic/drivetrain/drivetrain.urdf.xacro
[1.661s] -- Installing: /home/kaneki/cobot_ws/install/clearpath_platform_description/share/clearpath_platform_description/urdf/generic/drivetrain/control
[1.661s] -- Installing: /home/kaneki/cobot_ws/install/clearpath_platform_description/share/clearpath_platform_description/urdf/generic/drivetrain/control/diff_4wd.urdf.xacro
[1.661s] -- Installing: /home/kaneki/cobot_ws/install/clearpath_platform_description/share/clearpath_platform_description/urdf/generic/drivetrain/control/diff_fwd.urdf.xacro
[1.661s] -- Installing: /home/kaneki/cobot_ws/install/clearpath_platform_description/share/clearpath_platform_description/urdf/generic/drivetrain/control/diff_rwd.urdf.xacro
[1.662s] -- Installing: /home/kaneki/cobot_ws/install/clearpath_platform_description/share/clearpath_platform_description/urdf/generic/drivetrain/control/omni_4wd.urdf.xacro
[1.662s] -- Installing: /home/kaneki/cobot_ws/install/clearpath_platform_description/share/clearpath_platform_description/urdf/generic/gazebo.urdf.xacro
[1.662s] -- Installing: /home/kaneki/cobot_ws/install/clearpath_platform_description/share/clearpath_platform_description/urdf/generic/empty.urdf.xacro
[1.663s] -- Installing: /home/kaneki/cobot_ws/install/clearpath_platform_description/share/clearpath_platform_description/urdf/r100
[1.664s] -- Installing: /home/kaneki/cobot_ws/install/clearpath_platform_description/share/clearpath_platform_description/urdf/r100/drivetrain
[1.664s] -- Installing: /home/kaneki/cobot_ws/install/clearpath_platform_description/share/clearpath_platform_description/urdf/r100/drivetrain/wheels.urdf.xacro
[1.664s] -- Installing: /home/kaneki/cobot_ws/install/clearpath_platform_description/share/clearpath_platform_description/urdf/r100/drivetrain/wheels
[1.665s] -- Installing: /home/kaneki/cobot_ws/install/clearpath_platform_description/share/clearpath_platform_description/urdf/r100/drivetrain/wheels/mecanum.urdf.xacro
[1.665s] -- Installing: /home/kaneki/cobot_ws/install/clearpath_platform_description/share/clearpath_platform_description/urdf/r100/r100.urdf.xacro
[1.665s] -- Installing: /home/kaneki/cobot_ws/install/clearpath_platform_description/share/clearpath_platform_description/urdf/r100/rocker.urdf.xacro
[1.665s] -- Installing: /home/kaneki/cobot_ws/install/clearpath_platform_description/share/clearpath_platform_description/urdf/r100/attachments
[1.665s] -- Installing: /home/kaneki/cobot_ws/install/clearpath_platform_description/share/clearpath_platform_description/urdf/r100/attachments/hams.urdf.xacro
[1.666s] -- Installing: /home/kaneki/cobot_ws/install/clearpath_platform_description/share/clearpath_platform_description/urdf/r100/attachments/legs.urdf.xacro
[1.666s] -- Installing: /home/kaneki/cobot_ws/install/clearpath_platform_description/share/clearpath_platform_description/urdf/r100/attachments/fams.urdf.xacro
[1.666s] -- Installing: /home/kaneki/cobot_ws/install/clearpath_platform_description/share/clearpath_platform_description/urdf/r100/attachments/tower.urdf.xacro
[1.667s] -- Installing: /home/kaneki/cobot_ws/install/clearpath_platform_description/share/clearpath_platform_description/urdf/a200
[1.667s] -- Installing: /home/kaneki/cobot_ws/install/clearpath_platform_description/share/clearpath_platform_description/urdf/a200/drivetrain
[1.667s] -- Installing: /home/kaneki/cobot_ws/install/clearpath_platform_description/share/clearpath_platform_description/urdf/a200/drivetrain/wheels.urdf.xacro
[1.667s] -- Installing: /home/kaneki/cobot_ws/install/clearpath_platform_description/share/clearpath_platform_description/urdf/a200/drivetrain/wheels
[1.668s] -- Installing: /home/kaneki/cobot_ws/install/clearpath_platform_description/share/clearpath_platform_description/urdf/a200/drivetrain/wheels/indoor.urdf.xacro
[1.668s] -- Installing: /home/kaneki/cobot_ws/install/clearpath_platform_description/share/clearpath_platform_description/urdf/a200/drivetrain/wheels/outdoor.urdf.xacro
[1.668s] -- Installing: /home/kaneki/cobot_ws/install/clearpath_platform_description/share/clearpath_platform_description/urdf/a200/attachments
[1.668s] -- Installing: /home/kaneki/cobot_ws/install/clearpath_platform_description/share/clearpath_platform_description/urdf/a200/attachments/sensor_arch.urdf.xacro
[1.668s] -- Installing: /home/kaneki/cobot_ws/install/clearpath_platform_description/share/clearpath_platform_description/urdf/a200/attachments/observer_backpack.urdf.xacro
[1.668s] -- Installing: /home/kaneki/cobot_ws/install/clearpath_platform_description/share/clearpath_platform_description/urdf/a200/attachments/top_plate.urdf.xacro
[1.669s] -- Installing: /home/kaneki/cobot_ws/install/clearpath_platform_description/share/clearpath_platform_description/urdf/a200/attachments/bumper.urdf.xacro
[1.669s] -- Installing: /home/kaneki/cobot_ws/install/clearpath_platform_description/share/clearpath_platform_description/urdf/a200/a200.urdf.xacro
[1.669s] -- Installing: /home/kaneki/cobot_ws/install/clearpath_platform_description/share/clearpath_platform_description/urdf/do100
[1.669s] -- Installing: /home/kaneki/cobot_ws/install/clearpath_platform_description/share/clearpath_platform_description/urdf/do100/drivetrain
[1.669s] -- Installing: /home/kaneki/cobot_ws/install/clearpath_platform_description/share/clearpath_platform_description/urdf/do100/drivetrain/wheels.urdf.xacro
[1.670s] -- Installing: /home/kaneki/cobot_ws/install/clearpath_platform_description/share/clearpath_platform_description/urdf/do100/drivetrain/wheels
[1.670s] -- Installing: /home/kaneki/cobot_ws/install/clearpath_platform_description/share/clearpath_platform_description/urdf/do100/drivetrain/wheels/mecanum.urdf.xacro
[1.670s] -- Installing: /home/kaneki/cobot_ws/install/clearpath_platform_description/share/clearpath_platform_description/urdf/do100/do100.urdf.xacro
[1.670s] -- Installing: /home/kaneki/cobot_ws/install/clearpath_platform_description/share/clearpath_platform_description/urdf/do100/attachments
[1.671s] -- Installing: /home/kaneki/cobot_ws/install/clearpath_platform_description/share/clearpath_platform_description/urdf/do100/attachments/top_plate.urdf.xacro
[1.671s] -- Installing: /home/kaneki/cobot_ws/install/clearpath_platform_description/share/clearpath_platform_description/urdf/j100
[1.671s] -- Installing: /home/kaneki/cobot_ws/install/clearpath_platform_description/share/clearpath_platform_description/urdf/j100/j100.urdf.xacro
[1.671s] -- Installing: /home/kaneki/cobot_ws/install/clearpath_platform_description/share/clearpath_platform_description/urdf/j100/drivetrain
[1.672s] -- Installing: /home/kaneki/cobot_ws/install/clearpath_platform_description/share/clearpath_platform_description/urdf/j100/drivetrain/wheels.urdf.xacro
[1.672s] -- Installing: /home/kaneki/cobot_ws/install/clearpath_platform_description/share/clearpath_platform_description/urdf/j100/drivetrain/wheels
[1.672s] -- Installing: /home/kaneki/cobot_ws/install/clearpath_platform_description/share/clearpath_platform_description/urdf/j100/drivetrain/wheels/outdoor.urdf.xacro
[1.672s] -- Installing: /home/kaneki/cobot_ws/install/clearpath_platform_description/share/clearpath_platform_description/urdf/j100/attachments
[1.673s] -- Installing: /home/kaneki/cobot_ws/install/clearpath_platform_description/share/clearpath_platform_description/urdf/j100/attachments/fender.urdf.xacro
[1.673s] -- Installing: /home/kaneki/cobot_ws/install/clearpath_platform_description/share/clearpath_platform_description/urdf/j100/attachments/top_plate.urdf.xacro
[1.673s] -- Installing: /home/kaneki/cobot_ws/install/clearpath_platform_description/share/clearpath_platform_description/urdf/links
[1.673s] -- Installing: /home/kaneki/cobot_ws/install/clearpath_platform_description/share/clearpath_platform_description/urdf/links/cylinder.urdf.xacro
[1.673s] -- Installing: /home/kaneki/cobot_ws/install/clearpath_platform_description/share/clearpath_platform_description/urdf/links/box.urdf.xacro
[1.673s] -- Installing: /home/kaneki/cobot_ws/install/clearpath_platform_description/share/clearpath_platform_description/urdf/links/frame.urdf.xacro
[1.673s] -- Installing: /home/kaneki/cobot_ws/install/clearpath_platform_description/share/clearpath_platform_description/urdf/links/sphere.urdf.xacro
[1.673s] -- Installing: /home/kaneki/cobot_ws/install/clearpath_platform_description/share/clearpath_platform_description/urdf/links/mesh.urdf.xacro
[1.673s] -- Installing: /home/kaneki/cobot_ws/install/clearpath_platform_description/share/clearpath_platform_description/urdf/common.urdf.xacro
[1.673s] -- Installing: /home/kaneki/cobot_ws/install/clearpath_platform_description/share/clearpath_platform_description/urdf/do150
[1.673s] -- Installing: /home/kaneki/cobot_ws/install/clearpath_platform_description/share/clearpath_platform_description/urdf/do150/attachments
[1.674s] -- Installing: /home/kaneki/cobot_ws/install/clearpath_platform_description/share/clearpath_platform_description/urdf/do150/attachments/top_plate.urdf.xacro
[1.674s] -- Installing: /home/kaneki/cobot_ws/install/clearpath_platform_description/share/clearpath_platform_description/urdf/do150/do150.urdf.xacro
[1.674s] -- Installing: /home/kaneki/cobot_ws/install/clearpath_platform_description/share/clearpath_platform_description/urdf/a300
[1.674s] -- Installing: /home/kaneki/cobot_ws/install/clearpath_platform_description/share/clearpath_platform_description/urdf/a300/drivetrain
[1.674s] -- Installing: /home/kaneki/cobot_ws/install/clearpath_platform_description/share/clearpath_platform_description/urdf/a300/drivetrain/caster_flange.urdf.xacro
[1.674s] -- Installing: /home/kaneki/cobot_ws/install/clearpath_platform_description/share/clearpath_platform_description/urdf/a300/drivetrain/wheels.urdf.xacro
[1.674s] -- Installing: /home/kaneki/cobot_ws/install/clearpath_platform_description/share/clearpath_platform_description/urdf/a300/drivetrain/suspension_beam.urdf.xacro
[1.674s] -- Installing: /home/kaneki/cobot_ws/install/clearpath_platform_description/share/clearpath_platform_description/urdf/a300/drivetrain/motor.urdf.xacro
[1.674s] -- Installing: /home/kaneki/cobot_ws/install/clearpath_platform_description/share/clearpath_platform_description/urdf/a300/drivetrain/wheels
[1.674s] -- Installing: /home/kaneki/cobot_ws/install/clearpath_platform_description/share/clearpath_platform_description/urdf/a300/drivetrain/wheels/caster.urdf.xacro
[1.675s] -- Installing: /home/kaneki/cobot_ws/install/clearpath_platform_description/share/clearpath_platform_description/urdf/a300/drivetrain/wheels/outdoor.urdf.xacro
[1.675s] -- Installing: /home/kaneki/cobot_ws/install/clearpath_platform_description/share/clearpath_platform_description/urdf/a300/drivetrain/wheels/mecanum.urdf.xacro
[1.675s] -- Installing: /home/kaneki/cobot_ws/install/clearpath_platform_description/share/clearpath_platform_description/urdf/a300/attachments
[1.675s] -- Installing: /home/kaneki/cobot_ws/install/clearpath_platform_description/share/clearpath_platform_description/urdf/a300/attachments/wireless_charger.urdf.xacro
[1.675s] -- Installing: /home/kaneki/cobot_ws/install/clearpath_platform_description/share/clearpath_platform_description/urdf/a300/attachments/amp_enclosure.urdf.xacro
[1.675s] -- Installing: /home/kaneki/cobot_ws/install/clearpath_platform_description/share/clearpath_platform_description/urdf/a300/attachments/amp_sensor_arch.urdf.xacro
[1.675s] -- Installing: /home/kaneki/cobot_ws/install/clearpath_platform_description/share/clearpath_platform_description/urdf/a300/attachments/top_plate.urdf.xacro
[1.675s] -- Installing: /home/kaneki/cobot_ws/install/clearpath_platform_description/share/clearpath_platform_description/urdf/a300/attachments/bumper.urdf.xacro
[1.675s] -- Installing: /home/kaneki/cobot_ws/install/clearpath_platform_description/share/clearpath_platform_description/urdf/a300/attachments/spotlight.urdf.xacro
[1.675s] -- Installing: /home/kaneki/cobot_ws/install/clearpath_platform_description/share/clearpath_platform_description/urdf/a300/a300.urdf.xacro
[1.676s] -- Installing: /home/kaneki/cobot_ws/install/clearpath_platform_description/share/clearpath_platform_description/urdf/dd100
[1.676s] -- Installing: /home/kaneki/cobot_ws/install/clearpath_platform_description/share/clearpath_platform_description/urdf/dd100/drivetrain
[1.676s] -- Installing: /home/kaneki/cobot_ws/install/clearpath_platform_description/share/clearpath_platform_description/urdf/dd100/drivetrain/wheels.urdf.xacro
[1.676s] -- Installing: /home/kaneki/cobot_ws/install/clearpath_platform_description/share/clearpath_platform_description/urdf/dd100/drivetrain/wheels
[1.676s] -- Installing: /home/kaneki/cobot_ws/install/clearpath_platform_description/share/clearpath_platform_description/urdf/dd100/drivetrain/wheels/indoor.urdf.xacro
[1.676s] -- Installing: /home/kaneki/cobot_ws/install/clearpath_platform_description/share/clearpath_platform_description/urdf/dd100/drivetrain/wheels/caster.urdf.xacro
[1.676s] -- Installing: /home/kaneki/cobot_ws/install/clearpath_platform_description/share/clearpath_platform_description/urdf/dd100/attachments
[1.676s] -- Installing: /home/kaneki/cobot_ws/install/clearpath_platform_description/share/clearpath_platform_description/urdf/dd100/attachments/top_plate.urdf.xacro
[1.677s] -- Installing: /home/kaneki/cobot_ws/install/clearpath_platform_description/share/clearpath_platform_description/urdf/dd100/dd100.urdf.xacro
[1.677s] -- Installing: /home/kaneki/cobot_ws/install/clearpath_platform_description/share/clearpath_platform_description/urdf/w200
[1.678s] -- Installing: /home/kaneki/cobot_ws/install/clearpath_platform_description/share/clearpath_platform_description/urdf/w200/drivetrain
[1.678s] -- Installing: /home/kaneki/cobot_ws/install/clearpath_platform_description/share/clearpath_platform_description/urdf/w200/drivetrain/wheels.urdf.xacro
[1.679s] -- Installing: /home/kaneki/cobot_ws/install/clearpath_platform_description/share/clearpath_platform_description/urdf/w200/drivetrain/wheels
[1.679s] -- Installing: /home/kaneki/cobot_ws/install/clearpath_platform_description/share/clearpath_platform_description/urdf/w200/drivetrain/wheels/outdoor.urdf.xacro
[1.679s] -- Installing: /home/kaneki/cobot_ws/install/clearpath_platform_description/share/clearpath_platform_description/urdf/w200/drivetrain/wheels/tracks.urdf.xacro
[1.680s] -- Installing: /home/kaneki/cobot_ws/install/clearpath_platform_description/share/clearpath_platform_description/urdf/w200/diff_unit.urdf.xacro
[1.680s] -- Installing: /home/kaneki/cobot_ws/install/clearpath_platform_description/share/clearpath_platform_description/urdf/w200/w200.urdf.xacro
[1.680s] -- Installing: /home/kaneki/cobot_ws/install/clearpath_platform_description/share/clearpath_platform_description/urdf/w200/attachments
[1.681s] -- Installing: /home/kaneki/cobot_ws/install/clearpath_platform_description/share/clearpath_platform_description/urdf/w200/attachments/bulkhead.urdf.xacro
[1.681s] -- Installing: /home/kaneki/cobot_ws/install/clearpath_platform_description/share/clearpath_platform_description/urdf/w200/attachments/arm_plate.urdf.xacro
[1.681s] -- Installing: /home/kaneki/cobot_ws/install/clearpath_platform_description/share/clearpath_platform_description/urdf/w200/attachments/generator.urdf.xacro
[1.681s] -- Installing: /home/kaneki/cobot_ws/install/clearpath_platform_description/share/ament_index/resource_index/package_run_dependencies/clearpath_platform_description
[1.681s] -- Installing: /home/kaneki/cobot_ws/install/clearpath_platform_description/share/ament_index/resource_index/parent_prefix_path/clearpath_platform_description
[1.681s] -- Installing: /home/kaneki/cobot_ws/install/clearpath_platform_description/share/clearpath_platform_description/environment/ament_prefix_path.sh
[1.682s] -- Installing: /home/kaneki/cobot_ws/install/clearpath_platform_description/share/clearpath_platform_description/environment/ament_prefix_path.dsv
[1.682s] -- Installing: /home/kaneki/cobot_ws/install/clearpath_platform_description/share/clearpath_platform_description/environment/path.sh
[1.682s] -- Installing: /home/kaneki/cobot_ws/install/clearpath_platform_description/share/clearpath_platform_description/environment/path.dsv
[1.683s] -- Installing: /home/kaneki/cobot_ws/install/clearpath_platform_description/share/clearpath_platform_description/local_setup.bash
[1.683s] -- Installing: /home/kaneki/cobot_ws/install/clearpath_platform_description/share/clearpath_platform_description/local_setup.sh
[1.683s] -- Installing: /home/kaneki/cobot_ws/install/clearpath_platform_description/share/clearpath_platform_description/local_setup.zsh
[1.684s] -- Installing: /home/kaneki/cobot_ws/install/clearpath_platform_description/share/clearpath_platform_description/local_setup.dsv
[1.684s] -- Installing: /home/kaneki/cobot_ws/install/clearpath_platform_description/share/clearpath_platform_description/package.dsv
[1.685s] -- Installing: /home/kaneki/cobot_ws/install/clearpath_platform_description/share/ament_index/resource_index/packages/clearpath_platform_description
[1.685s] -- Installing: /home/kaneki/cobot_ws/install/clearpath_platform_description/share/clearpath_platform_description/cmake/clearpath_platform_descriptionConfig.cmake
[1.687s] -- Installing: /home/kaneki/cobot_ws/install/clearpath_platform_description/share/clearpath_platform_description/cmake/clearpath_platform_descriptionConfig-version.cmake
[1.688s] -- Installing: /home/kaneki/cobot_ws/install/clearpath_platform_description/share/clearpath_platform_description/package.xml
[1.705s] Invoked command in '/home/kaneki/cobot_ws/build/clearpath_platform_description' returned '0': CMAKE_PREFIX_PATH=${CMAKE_PREFIX_PATH}:/home/kaneki/warebot_ws/install/warebot:/home/kaneki/warebot_ws/install/clearpath_config:/home/kaneki/ros2_ws/install/rqt_joint_trajectory_controller:/home/kaneki/ros2_ws/install/rqt_controller_manager:/home/kaneki/ros2_ws/install/ros2controlcli:/home/kaneki/ros2_ws/install/ros2_controllers_test_nodes:/opt/ros/jazzy DEBUGINFOD_URLS=https://debuginfod.ubuntu.com /usr/bin/cmake --install /home/kaneki/cobot_ws/build/clearpath_platform_description
