[0.011s] Invoking command in '/home/kaneki/cobot_ws/build/clearpath_sensors_description': CMAKE_PREFIX_PATH=${CMAKE_PREFIX_PATH}:/opt/ros/jazzy /usr/bin/cmake /home/kaneki/cobot_ws/src/clearpath_common/clearpath_sensors_description -DCMAKE_INSTALL_PREFIX=/home/kaneki/cobot_ws/install/clearpath_sensors_description
[0.158s] -- The C compiler identification is GNU 13.3.0
[0.288s] -- The CXX compiler identification is GNU 13.3.0
[0.323s] -- Detecting C compiler ABI info
[0.451s] -- Detecting C compiler ABI info - done
[0.460s] -- Check for working C compiler: /usr/bin/cc - skipped
[0.461s] -- Detecting C compile features
[0.462s] -- Detecting C compile features - done
[0.477s] -- Detecting CXX compiler ABI info
[0.612s] -- Detecting CXX compiler ABI info - done
[0.621s] -- Check for working CXX compiler: /usr/bin/c++ - skipped
[0.621s] -- Detecting CXX compile features
[0.621s] -- Detecting CXX compile features - done
[0.649s] -- Found ament_cmake: 2.5.4 (/opt/ros/jazzy/share/ament_cmake/cmake)
[0.841s] -- Found Python3: /usr/bin/python3 (found version "3.12.3") found components: Interpreter 
[1.164s] -- Configuring done (1.1s)
[1.169s] -- Generating done (0.0s)
[1.173s] -- Build files have been written to: /home/kaneki/cobot_ws/build/clearpath_sensors_description
[1.179s] Invoked command in '/home/kaneki/cobot_ws/build/clearpath_sensors_description' returned '0': CMAKE_PREFIX_PATH=${CMAKE_PREFIX_PATH}:/opt/ros/jazzy /usr/bin/cmake /home/kaneki/cobot_ws/src/clearpath_common/clearpath_sensors_description -DCMAKE_INSTALL_PREFIX=/home/kaneki/cobot_ws/install/clearpath_sensors_description
[1.181s] Invoking command in '/home/kaneki/cobot_ws/build/clearpath_sensors_description': CMAKE_PREFIX_PATH=${CMAKE_PREFIX_PATH}:/opt/ros/jazzy /usr/bin/cmake --build /home/kaneki/cobot_ws/build/clearpath_sensors_description -- -j16 -l16
[1.235s] Invoked command in '/home/kaneki/cobot_ws/build/clearpath_sensors_description' returned '0': CMAKE_PREFIX_PATH=${CMAKE_PREFIX_PATH}:/opt/ros/jazzy /usr/bin/cmake --build /home/kaneki/cobot_ws/build/clearpath_sensors_description -- -j16 -l16
[1.247s] Invoking command in '/home/kaneki/cobot_ws/build/clearpath_sensors_description': CMAKE_PREFIX_PATH=${CMAKE_PREFIX_PATH}:/opt/ros/jazzy /usr/bin/cmake --install /home/kaneki/cobot_ws/build/clearpath_sensors_description
[1.259s] -- Install configuration: ""
[1.259s] -- Installing: /home/kaneki/cobot_ws/install/clearpath_sensors_description/share/clearpath_sensors_description/meshes
[1.260s] -- Installing: /home/kaneki/cobot_ws/install/clearpath_sensors_description/share/clearpath_sensors_description/meshes/axis_q62_top.stl
[1.260s] -- Installing: /home/kaneki/cobot_ws/install/clearpath_sensors_description/share/clearpath_sensors_description/meshes/seyond_robin_w.stl
[1.268s] -- Installing: /home/kaneki/cobot_ws/install/clearpath_sensors_description/share/clearpath_sensors_description/meshes/hokuyo_utm30.stl
[1.269s] -- Installing: /home/kaneki/cobot_ws/install/clearpath_sensors_description/share/clearpath_sensors_description/meshes/fixposition.stl
[1.269s] -- Installing: /home/kaneki/cobot_ws/install/clearpath_sensors_description/share/clearpath_sensors_description/meshes/oakd_pro_w_poe.dae
[1.280s] -- Installing: /home/kaneki/cobot_ws/install/clearpath_sensors_description/share/clearpath_sensors_description/meshes/gnss_helical.stl
[1.280s] -- Installing: /home/kaneki/cobot_ws/install/clearpath_sensors_description/share/clearpath_sensors_description/meshes/oakd_lite.dae
[1.284s] -- Installing: /home/kaneki/cobot_ws/install/clearpath_sensors_description/share/clearpath_sensors_description/meshes/sick_lms1xx_collision.stl
[1.285s] -- Installing: /home/kaneki/cobot_ws/install/clearpath_sensors_description/share/clearpath_sensors_description/meshes/axis_q62_base.stl
[1.285s] -- Installing: /home/kaneki/cobot_ws/install/clearpath_sensors_description/share/clearpath_sensors_description/meshes/hokuyo_ust.stl
[1.285s] -- Installing: /home/kaneki/cobot_ws/install/clearpath_sensors_description/share/clearpath_sensors_description/meshes/gnss_spherical.stl
[1.285s] -- Installing: /home/kaneki/cobot_ws/install/clearpath_sensors_description/share/clearpath_sensors_description/meshes/gnss_patch.stl
[1.285s] -- Installing: /home/kaneki/cobot_ws/install/clearpath_sensors_description/share/clearpath_sensors_description/meshes/oakd_pro.dae
[1.295s] -- Installing: /home/kaneki/cobot_ws/install/clearpath_sensors_description/share/clearpath_sensors_description/meshes/flir_blackfly.stl
[1.296s] -- Installing: /home/kaneki/cobot_ws/install/clearpath_sensors_description/share/clearpath_sensors_description/meshes/novatel_smart6.stl
[1.296s] -- Installing: /home/kaneki/cobot_ws/install/clearpath_sensors_description/share/clearpath_sensors_description/meshes/ouster
[1.296s] -- Installing: /home/kaneki/cobot_ws/install/clearpath_sensors_description/share/clearpath_sensors_description/meshes/ouster/os1_fins.dae
[1.296s] -- Installing: /home/kaneki/cobot_ws/install/clearpath_sensors_description/share/clearpath_sensors_description/meshes/ouster/os1_halo.dae
[1.298s] -- Installing: /home/kaneki/cobot_ws/install/clearpath_sensors_description/share/clearpath_sensors_description/meshes/ouster/os1_base.dae
[1.299s] -- Installing: /home/kaneki/cobot_ws/install/clearpath_sensors_description/share/clearpath_sensors_description/meshes/ouster/os1_lidar.dae
[1.303s] -- Installing: /home/kaneki/cobot_ws/install/clearpath_sensors_description/share/clearpath_sensors_description/meshes/sick_lms1xx_small.dae
[1.304s] -- Installing: /home/kaneki/cobot_ws/install/clearpath_sensors_description/share/clearpath_sensors_description/meshes/axis_dome.stl
[1.306s] -- Installing: /home/kaneki/cobot_ws/install/clearpath_sensors_description/share/clearpath_sensors_description/meshes/novatel_smart7.stl
[1.306s] -- Installing: /home/kaneki/cobot_ws/install/clearpath_sensors_description/share/clearpath_sensors_description/urdf
[1.306s] -- Installing: /home/kaneki/cobot_ws/install/clearpath_sensors_description/share/clearpath_sensors_description/urdf/sick_lms1xx.urdf.xacro
[1.307s] -- Installing: /home/kaneki/cobot_ws/install/clearpath_sensors_description/share/clearpath_sensors_description/urdf/intel_realsense.urdf.xacro
[1.307s] -- Installing: /home/kaneki/cobot_ws/install/clearpath_sensors_description/share/clearpath_sensors_description/urdf/redshift_um7.urdf.xacro
[1.307s] -- Installing: /home/kaneki/cobot_ws/install/clearpath_sensors_description/share/clearpath_sensors_description/urdf/phidgets_spatial.urdf.xacro
[1.307s] -- Installing: /home/kaneki/cobot_ws/install/clearpath_sensors_description/share/clearpath_sensors_description/urdf/microstrain_gq7.urdf.xacro
[1.307s] -- Installing: /home/kaneki/cobot_ws/install/clearpath_sensors_description/share/clearpath_sensors_description/urdf/luxonis_oakd.urdf.xacro
[1.307s] -- Installing: /home/kaneki/cobot_ws/install/clearpath_sensors_description/share/clearpath_sensors_description/urdf/chrobotics_um6.urdf.xacro
[1.307s] -- Installing: /home/kaneki/cobot_ws/install/clearpath_sensors_description/share/clearpath_sensors_description/urdf/gnss_antenna.urdf.xacro
[1.307s] -- Installing: /home/kaneki/cobot_ws/install/clearpath_sensors_description/share/clearpath_sensors_description/urdf/swiftnav_duro.urdf.xacro
[1.308s] -- Installing: /home/kaneki/cobot_ws/install/clearpath_sensors_description/share/clearpath_sensors_description/urdf/garmin_18x.urdf.xacro
[1.308s] -- Installing: /home/kaneki/cobot_ws/install/clearpath_sensors_description/share/clearpath_sensors_description/urdf/microstrain_imu.urdf.xacro
[1.309s] -- Installing: /home/kaneki/cobot_ws/install/clearpath_sensors_description/share/clearpath_sensors_description/urdf/velodyne_lidar.urdf.xacro
[1.309s] -- Installing: /home/kaneki/cobot_ws/install/clearpath_sensors_description/share/clearpath_sensors_description/urdf/wiferion.urdf.xacro
[1.309s] -- Installing: /home/kaneki/cobot_ws/install/clearpath_sensors_description/share/clearpath_sensors_description/urdf/ouster_os1.urdf.xacro
[1.309s] -- Installing: /home/kaneki/cobot_ws/install/clearpath_sensors_description/share/clearpath_sensors_description/urdf/flir_blackfly.urdf.xacro
[1.309s] -- Installing: /home/kaneki/cobot_ws/install/clearpath_sensors_description/share/clearpath_sensors_description/urdf/intel
[1.310s] -- Installing: /home/kaneki/cobot_ws/install/clearpath_sensors_description/share/clearpath_sensors_description/urdf/intel/d456.urdf.xacro
[1.310s] -- Installing: /home/kaneki/cobot_ws/install/clearpath_sensors_description/share/clearpath_sensors_description/urdf/intel/d455.urdf.xacro
[1.310s] -- Installing: /home/kaneki/cobot_ws/install/clearpath_sensors_description/share/clearpath_sensors_description/urdf/intel/d435i.urdf.xacro
[1.310s] -- Installing: /home/kaneki/cobot_ws/install/clearpath_sensors_description/share/clearpath_sensors_description/urdf/intel/d435.urdf.xacro
[1.311s] -- Installing: /home/kaneki/cobot_ws/install/clearpath_sensors_description/share/clearpath_sensors_description/urdf/intel/d415.urdf.xacro
[1.311s] -- Installing: /home/kaneki/cobot_ws/install/clearpath_sensors_description/share/clearpath_sensors_description/urdf/axis
[1.311s] -- Installing: /home/kaneki/cobot_ws/install/clearpath_sensors_description/share/clearpath_sensors_description/urdf/axis/axis_q62.urdf.xacro
[1.311s] -- Installing: /home/kaneki/cobot_ws/install/clearpath_sensors_description/share/clearpath_sensors_description/urdf/axis/axis_dome_ptz.urdf.xacro
[1.311s] -- Installing: /home/kaneki/cobot_ws/install/clearpath_sensors_description/share/clearpath_sensors_description/urdf/axis/axis_dome_fixed.urdf.xacro
[1.311s] -- Installing: /home/kaneki/cobot_ws/install/clearpath_sensors_description/share/clearpath_sensors_description/urdf/axis_camera.urdf.xacro
[1.311s] -- Installing: /home/kaneki/cobot_ws/install/clearpath_sensors_description/share/clearpath_sensors_description/urdf/novatel_smart7.urdf.xacro
[1.312s] -- Installing: /home/kaneki/cobot_ws/install/clearpath_sensors_description/share/clearpath_sensors_description/urdf/hokuyo_ust.urdf.xacro
[1.312s] -- Installing: /home/kaneki/cobot_ws/install/clearpath_sensors_description/share/clearpath_sensors_description/urdf/fixposition.urdf.xacro
[1.312s] -- Installing: /home/kaneki/cobot_ws/install/clearpath_sensors_description/share/clearpath_sensors_description/urdf/novatel_smart6.urdf.xacro
[1.312s] -- Installing: /home/kaneki/cobot_ws/install/clearpath_sensors_description/share/clearpath_sensors_description/urdf/seyond_lidar.urdf.xacro
[1.312s] -- Installing: /home/kaneki/cobot_ws/install/clearpath_sensors_description/share/clearpath_sensors_description/urdf/stereolabs_zed.urdf.xacro
[1.312s] -- Installing: /home/kaneki/cobot_ws/install/clearpath_sensors_description/share/ament_index/resource_index/package_run_dependencies/clearpath_sensors_description
[1.313s] -- Installing: /home/kaneki/cobot_ws/install/clearpath_sensors_description/share/ament_index/resource_index/parent_prefix_path/clearpath_sensors_description
[1.313s] -- Installing: /home/kaneki/cobot_ws/install/clearpath_sensors_description/share/clearpath_sensors_description/environment/ament_prefix_path.sh
[1.313s] -- Installing: /home/kaneki/cobot_ws/install/clearpath_sensors_description/share/clearpath_sensors_description/environment/ament_prefix_path.dsv
[1.313s] -- Installing: /home/kaneki/cobot_ws/install/clearpath_sensors_description/share/clearpath_sensors_description/environment/path.sh
[1.313s] -- Installing: /home/kaneki/cobot_ws/install/clearpath_sensors_description/share/clearpath_sensors_description/environment/path.dsv
[1.313s] -- Installing: /home/kaneki/cobot_ws/install/clearpath_sensors_description/share/clearpath_sensors_description/local_setup.bash
[1.314s] -- Installing: /home/kaneki/cobot_ws/install/clearpath_sensors_description/share/clearpath_sensors_description/local_setup.sh
[1.314s] -- Installing: /home/kaneki/cobot_ws/install/clearpath_sensors_description/share/clearpath_sensors_description/local_setup.zsh
[1.314s] -- Installing: /home/kaneki/cobot_ws/install/clearpath_sensors_description/share/clearpath_sensors_description/local_setup.dsv
[1.315s] -- Installing: /home/kaneki/cobot_ws/install/clearpath_sensors_description/share/clearpath_sensors_description/package.dsv
[1.315s] -- Installing: /home/kaneki/cobot_ws/install/clearpath_sensors_description/share/ament_index/resource_index/packages/clearpath_sensors_description
[1.315s] -- Installing: /home/kaneki/cobot_ws/install/clearpath_sensors_description/share/clearpath_sensors_description/cmake/clearpath_sensors_descriptionConfig.cmake
[1.315s] -- Installing: /home/kaneki/cobot_ws/install/clearpath_sensors_description/share/clearpath_sensors_description/cmake/clearpath_sensors_descriptionConfig-version.cmake
[1.315s] -- Installing: /home/kaneki/cobot_ws/install/clearpath_sensors_description/share/clearpath_sensors_description/package.xml
[1.315s] Invoked command in '/home/kaneki/cobot_ws/build/clearpath_sensors_description' returned '0': CMAKE_PREFIX_PATH=${CMAKE_PREFIX_PATH}:/opt/ros/jazzy /usr/bin/cmake --install /home/kaneki/cobot_ws/build/clearpath_sensors_description
