running egg_info
creating ../../../build/clearpath_bt_joy/clearpath_bt_joy.egg-info
writing ../../../build/clearpath_bt_joy/clearpath_bt_joy.egg-info/PKG-INFO
writing dependency_links to ../../../build/clearpath_bt_joy/clearpath_bt_joy.egg-info/dependency_links.txt
writing entry points to ../../../build/clearpath_bt_joy/clearpath_bt_joy.egg-info/entry_points.txt
writing requirements to ../../../build/clearpath_bt_joy/clearpath_bt_joy.egg-info/requires.txt
writing top-level names to ../../../build/clearpath_bt_joy/clearpath_bt_joy.egg-info/top_level.txt
writing manifest file '../../../build/clearpath_bt_joy/clearpath_bt_joy.egg-info/SOURCES.txt'
reading manifest file '../../../build/clearpath_bt_joy/clearpath_bt_joy.egg-info/SOURCES.txt'
adding license file 'LICENSE'
writing manifest file '../../../build/clearpath_bt_joy/clearpath_bt_joy.egg-info/SOURCES.txt'
running build
running build_py
creating /home/kaneki/cobot_ws/build/clearpath_bt_joy/build
creating /home/kaneki/cobot_ws/build/clearpath_bt_joy/build/lib
creating /home/kaneki/cobot_ws/build/clearpath_bt_joy/build/lib/clearpath_bt_joy
copying clearpath_bt_joy/__init__.py -> /home/kaneki/cobot_ws/build/clearpath_bt_joy/build/lib/clearpath_bt_joy
copying clearpath_bt_joy/clearpath_bt_joy_cutoff_node.py -> /home/kaneki/cobot_ws/build/clearpath_bt_joy/build/lib/clearpath_bt_joy
running install
running install_lib
creating /home/kaneki/cobot_ws/install/clearpath_bt_joy/lib/python3.12/site-packages/clearpath_bt_joy
copying /home/kaneki/cobot_ws/build/clearpath_bt_joy/build/lib/clearpath_bt_joy/__init__.py -> /home/kaneki/cobot_ws/install/clearpath_bt_joy/lib/python3.12/site-packages/clearpath_bt_joy
copying /home/kaneki/cobot_ws/build/clearpath_bt_joy/build/lib/clearpath_bt_joy/clearpath_bt_joy_cutoff_node.py -> /home/kaneki/cobot_ws/install/clearpath_bt_joy/lib/python3.12/site-packages/clearpath_bt_joy
byte-compiling /home/kaneki/cobot_ws/install/clearpath_bt_joy/lib/python3.12/site-packages/clearpath_bt_joy/__init__.py to __init__.cpython-312.pyc
byte-compiling /home/kaneki/cobot_ws/install/clearpath_bt_joy/lib/python3.12/site-packages/clearpath_bt_joy/clearpath_bt_joy_cutoff_node.py to clearpath_bt_joy_cutoff_node.cpython-312.pyc
running install_data
creating /home/kaneki/cobot_ws/install/clearpath_bt_joy/share/ament_index
creating /home/kaneki/cobot_ws/install/clearpath_bt_joy/share/ament_index/resource_index
creating /home/kaneki/cobot_ws/install/clearpath_bt_joy/share/ament_index/resource_index/packages
copying resource/clearpath_bt_joy -> /home/kaneki/cobot_ws/install/clearpath_bt_joy/share/ament_index/resource_index/packages
copying package.xml -> /home/kaneki/cobot_ws/install/clearpath_bt_joy/share/clearpath_bt_joy
running install_egg_info
Copying ../../../build/clearpath_bt_joy/clearpath_bt_joy.egg-info to /home/kaneki/cobot_ws/install/clearpath_bt_joy/lib/python3.12/site-packages/clearpath_bt_joy-2.8.5-py3.12.egg-info
running install_scripts
Installing clearpath_bt_joy_cutoff_node script to /home/kaneki/cobot_ws/install/clearpath_bt_joy/lib/clearpath_bt_joy
writing list of installed files to '/home/kaneki/cobot_ws/build/clearpath_bt_joy/install.log'
