[0.811s] Invoking command in '/home/kaneki/warebot_ws/src/build/warebot': DEBUGINFOD_URLS=https://debuginfod.ubuntu.com PYTHONPATH=/home/kaneki/warebot_ws/src/build/warebot/prefix_override:/usr/lib/python3/dist-packages/colcon_core/task/python/colcon_distutils_commands:/home/kaneki/warebot_ws/src/install/warebot/lib/python3.12/site-packages:${PYTHONPATH} /usr/bin/python3 -W ignore:setup.py install is deprecated -W ignore:easy_install command is deprecated setup.py develop --editable --build-directory /home/kaneki/warebot_ws/src/build/warebot/build --no-deps symlink_data
[1.059s] running develop
[1.212s] running egg_info
[1.212s] creating warebot.egg-info
[1.225s] writing warebot.egg-info/PKG-INFO
[1.225s] writing dependency_links to warebot.egg-info/dependency_links.txt
[1.225s] writing requirements to warebot.egg-info/requires.txt
[1.225s] writing top-level names to warebot.egg-info/top_level.txt
[1.226s] writing manifest file 'warebot.egg-info/SOURCES.txt'
[1.254s] reading manifest file 'warebot.egg-info/SOURCES.txt'
[1.254s] writing manifest file 'warebot.egg-info/SOURCES.txt'
[1.269s] running build_ext
[1.272s] Creating /home/kaneki/warebot_ws/src/install/warebot/lib/python3.12/site-packages/warebot.egg-link (link to .)
[1.272s] 
[1.272s] Installed /home/kaneki/warebot_ws/src/build/warebot
[1.273s] running symlink_data
[1.273s] creating /home/kaneki/warebot_ws/src/install/warebot/share/ament_index
[1.273s] creating /home/kaneki/warebot_ws/src/install/warebot/share/ament_index/resource_index
[1.273s] creating /home/kaneki/warebot_ws/src/install/warebot/share/ament_index/resource_index/packages
[1.273s] symbolically linking /home/kaneki/warebot_ws/src/build/warebot/resource/warebot -> /home/kaneki/warebot_ws/src/install/warebot/share/ament_index/resource_index/packages
[1.273s] symbolically linking /home/kaneki/warebot_ws/src/build/warebot/package.xml -> /home/kaneki/warebot_ws/src/install/warebot/share/warebot
[1.295s] Invoked command in '/home/kaneki/warebot_ws/src/build/warebot' returned '0': DEBUGINFOD_URLS=https://debuginfod.ubuntu.com PYTHONPATH=/home/kaneki/warebot_ws/src/build/warebot/prefix_override:/usr/lib/python3/dist-packages/colcon_core/task/python/colcon_distutils_commands:/home/kaneki/warebot_ws/src/install/warebot/lib/python3.12/site-packages:${PYTHONPATH} /usr/bin/python3 -W ignore:setup.py install is deprecated -W ignore:easy_install command is deprecated setup.py develop --editable --build-directory /home/kaneki/warebot_ws/src/build/warebot/build --no-deps symlink_data
