[0.000000] (-) TimerEvent: {}
[0.000492] (-) JobUnselected: {'identifier': 'clearpath_bt_joy'}
[0.000529] (-) JobUnselected: {'identifier': 'clearpath_common'}
[0.000554] (-) JobUnselected: {'identifier': 'clearpath_config'}
[0.000576] (-) JobUnselected: {'identifier': 'clearpath_control'}
[0.000599] (-) JobUnselected: {'identifier': 'clearpath_customization'}
[0.000621] (-) JobUnselected: {'identifier': 'clearpath_description'}
[0.000643] (-) JobUnselected: {'identifier': 'clearpath_diagnostics'}
[0.000666] (-) JobUnselected: {'identifier': 'clearpath_generator_common'}
[0.000688] (-) JobUnselected: {'identifier': 'clearpath_manipulators'}
[0.000710] (-) JobUnselected: {'identifier': 'clearpath_manipulators_description'}
[0.000732] (-) JobUnselected: {'identifier': 'clearpath_mounts_description'}
[0.000754] (-) JobUnselected: {'identifier': 'clearpath_platform_description'}
[0.000776] (-) JobUnselected: {'identifier': 'clearpath_sensors_description'}
[0.000800] (warebot) JobQueued: {'identifier': 'warebot', 'dependencies': OrderedDict()}
[0.000826] (warebot) JobStarted: {'identifier': 'warebot'}
[0.099599] (-) TimerEvent: {}
[0.199767] (-) TimerEvent: {}
[0.299977] (-) TimerEvent: {}
[0.400215] (-) TimerEvent: {}
[0.500541] (-) TimerEvent: {}
[0.600804] (-) TimerEvent: {}
[0.642030] (warebot) Command: {'cmd': ['/usr/bin/python3', '-W', 'ignore:setup.py install is deprecated', '-W', 'ignore:easy_install command is deprecated', 'setup.py', 'egg_info', '--egg-base', '../../build/warebot', 'build', '--build-base', '/home/kaneki/cobot_ws/build/warebot/build', 'install', '--record', '/home/kaneki/cobot_ws/build/warebot/install.log', '--single-version-externally-managed', 'install_data'], 'cwd': '/home/kaneki/cobot_ws/src/warebot', 'env': {'GZ_SIM_RESOURCE_PATH': '/opt/ros/jazzy/share', 'GZ_CONFIG_PATH': '/opt/ros/jazzy/opt/gz_sim_vendor/share/gz:/opt/ros/jazzy/opt/sdformat_vendor/share/gz:/opt/ros/jazzy/opt/gz_gui_vendor/share/gz:/opt/ros/jazzy/opt/gz_transport_vendor/share/gz:/opt/ros/jazzy/opt/gz_rendering_vendor/share/gz:/opt/ros/jazzy/opt/gz_plugin_vendor/share/gz:/opt/ros/jazzy/opt/gz_fuel_tools_vendor/share/gz:/opt/ros/jazzy/opt/gz_msgs_vendor/share/gz:/opt/ros/jazzy/opt/gz_common_vendor/share/gz', 'SHLVL': '0', 'LD_LIBRARY_PATH': '/opt/ros/jazzy/opt/gz_sim_vendor/lib:/opt/ros/jazzy/opt/gz_sensors_vendor/lib:/opt/ros/jazzy/opt/gz_physics_vendor/lib:/opt/ros/jazzy/opt/sdformat_vendor/lib:/opt/ros/jazzy/opt/rviz_ogre_vendor/lib:/opt/ros/jazzy/lib/x86_64-linux-gnu:/opt/ros/jazzy/opt/gz_gui_vendor/lib:/opt/ros/jazzy/opt/gz_transport_vendor/lib:/opt/ros/jazzy/opt/gz_rendering_vendor/lib:/opt/ros/jazzy/opt/gz_plugin_vendor/lib:/opt/ros/jazzy/opt/gz_fuel_tools_vendor/lib:/opt/ros/jazzy/opt/gz_msgs_vendor/lib:/opt/ros/jazzy/opt/gz_common_vendor/lib:/opt/ros/jazzy/opt/gz_math_vendor/lib:/opt/ros/jazzy/opt/gz_utils_vendor/lib:/opt/ros/jazzy/opt/gz_tools_vendor/lib:/opt/ros/jazzy/opt/gz_ogre_next_vendor/lib:/opt/ros/jazzy/opt/gz_dartsim_vendor/lib:/opt/ros/jazzy/opt/gz_cmake_vendor/lib:/opt/ros/jazzy/lib', 'HOME': '/home/kaneki', 'ROS_PYTHON_VERSION': '3', 'LC_CTYPE': 'C.UTF-8', 'ROS_DISTRO': 'jazzy', '_': '/usr/bin/colcon', 'ROS_VERSION': '2', 'GAZEBO_MODEL_PATH': '/opt/ros/jazzy/share/', 'PATH': '/opt/ros/jazzy/opt/gz_msgs_vendor/bin:/opt/ros/jazzy/opt/gz_tools_vendor/bin:/opt/ros/jazzy/opt/gz_ogre_next_vendor/bin:/opt/ros/jazzy/bin:/usr/local/sbin:/usr/local/bin:/usr/sbin:/usr/bin:/sbin:/bin', 'AMENT_PREFIX_PATH': '/opt/ros/jazzy', 'ROS_AUTOMATIC_DISCOVERY_RANGE': 'SUBNET', 'PWD': '/home/kaneki/cobot_ws/build/warebot', 'PYTHONPATH': '/home/kaneki/cobot_ws/build/warebot/prefix_override:/usr/lib/python3/dist-packages/colcon_core/task/python/colcon_distutils_commands:/home/kaneki/cobot_ws/install/warebot/lib/python3.12/site-packages:/opt/ros/jazzy/lib/python3.12/site-packages', 'COLCON': '1', 'CMAKE_PREFIX_PATH': '/opt/ros/jazzy/opt/gz_sim_vendor:/opt/ros/jazzy/opt/gz_sensors_vendor:/opt/ros/jazzy/opt/gz_physics_vendor:/opt/ros/jazzy/opt/sdformat_vendor:/opt/ros/jazzy/opt/gz_gui_vendor:/opt/ros/jazzy/opt/gz_transport_vendor:/opt/ros/jazzy/opt/gz_rendering_vendor:/opt/ros/jazzy/opt/gz_plugin_vendor:/opt/ros/jazzy/opt/gz_fuel_tools_vendor:/opt/ros/jazzy/opt/gz_msgs_vendor:/opt/ros/jazzy/opt/gz_common_vendor:/opt/ros/jazzy/opt/gz_math_vendor:/opt/ros/jazzy/opt/gz_utils_vendor:/opt/ros/jazzy/opt/gz_tools_vendor:/opt/ros/jazzy/opt/gz_ogre_next_vendor:/opt/ros/jazzy/opt/gz_dartsim_vendor:/opt/ros/jazzy/opt/gz_cmake_vendor'}, 'shell': False}
[0.700996] (-) TimerEvent: {}
[0.801273] (-) TimerEvent: {}
[0.848511] (warebot) StdoutLine: {'line': b'running egg_info\n'}
[0.848952] (warebot) StdoutLine: {'line': b'creating ../../build/warebot/warebot.egg-info\n'}
[0.863230] (warebot) StdoutLine: {'line': b'writing ../../build/warebot/warebot.egg-info/PKG-INFO\n'}
[0.863491] (warebot) StdoutLine: {'line': b'writing dependency_links to ../../build/warebot/warebot.egg-info/dependency_links.txt\n'}
[0.863767] (warebot) StdoutLine: {'line': b'writing requirements to ../../build/warebot/warebot.egg-info/requires.txt\n'}
[0.863853] (warebot) StdoutLine: {'line': b'writing top-level names to ../../build/warebot/warebot.egg-info/top_level.txt\n'}
[0.863897] (warebot) StdoutLine: {'line': b"writing manifest file '../../build/warebot/warebot.egg-info/SOURCES.txt'\n"}
[0.895999] (warebot) StdoutLine: {'line': b"reading manifest file '../../build/warebot/warebot.egg-info/SOURCES.txt'\n"}
[0.896659] (warebot) StdoutLine: {'line': b"writing manifest file '../../build/warebot/warebot.egg-info/SOURCES.txt'\n"}
[0.896985] (warebot) StdoutLine: {'line': b'running build\n'}
[0.897136] (warebot) StdoutLine: {'line': b'running build_py\n'}
[0.897323] (warebot) StdoutLine: {'line': b'creating /home/kaneki/cobot_ws/build/warebot/build\n'}
[0.897438] (warebot) StdoutLine: {'line': b'creating /home/kaneki/cobot_ws/build/warebot/build/lib\n'}
[0.897529] (warebot) StdoutLine: {'line': b'creating /home/kaneki/cobot_ws/build/warebot/build/lib/warebot\n'}
[0.897619] (warebot) StdoutLine: {'line': b'copying warebot/__init__.py -> /home/kaneki/cobot_ws/build/warebot/build/lib/warebot\n'}
[0.897757] (warebot) StdoutLine: {'line': b'running install\n'}
[0.901183] (warebot) StdoutLine: {'line': b'running install_lib\n'}
[0.901397] (-) TimerEvent: {}
[0.916409] (warebot) StdoutLine: {'line': b'creating /home/kaneki/cobot_ws/install/warebot/lib/python3.12/site-packages/warebot\n'}
[0.916534] (warebot) StdoutLine: {'line': b'copying /home/kaneki/cobot_ws/build/warebot/build/lib/warebot/__init__.py -> /home/kaneki/cobot_ws/install/warebot/lib/python3.12/site-packages/warebot\n'}
[0.916859] (warebot) StdoutLine: {'line': b'byte-compiling /home/kaneki/cobot_ws/install/warebot/lib/python3.12/site-packages/warebot/__init__.py to __init__.cpython-312.pyc\n'}
[0.916964] (warebot) StdoutLine: {'line': b'running install_data\n'}
[0.917012] (warebot) StdoutLine: {'line': b'creating /home/kaneki/cobot_ws/install/warebot/share/ament_index\n'}
[0.917296] (warebot) StdoutLine: {'line': b'creating /home/kaneki/cobot_ws/install/warebot/share/ament_index/resource_index\n'}
[0.917400] (warebot) StdoutLine: {'line': b'creating /home/kaneki/cobot_ws/install/warebot/share/ament_index/resource_index/packages\n'}
[0.917446] (warebot) StdoutLine: {'line': b'copying resource/warebot -> /home/kaneki/cobot_ws/install/warebot/share/ament_index/resource_index/packages\n'}
[0.917883] (warebot) StdoutLine: {'line': b'copying package.xml -> /home/kaneki/cobot_ws/install/warebot/share/warebot\n'}
[0.917983] (warebot) StdoutLine: {'line': b'creating /home/kaneki/cobot_ws/install/warebot/share/warebot/launch\n'}
[0.918043] (warebot) StdoutLine: {'line': b'copying launch/rsp.launch.py -> /home/kaneki/cobot_ws/install/warebot/share/warebot/launch\n'}
[0.918230] (warebot) StdoutLine: {'line': b'copying launch/display.launch.py -> /home/kaneki/cobot_ws/install/warebot/share/warebot/launch\n'}
[0.918306] (warebot) StdoutLine: {'line': b'creating /home/kaneki/cobot_ws/install/warebot/share/warebot/description\n'}
[0.918375] (warebot) StdoutLine: {'line': b'copying description/ros2_control.urdf.xacro -> /home/kaneki/cobot_ws/install/warebot/share/warebot/description\n'}
[0.918423] (warebot) StdoutLine: {'line': b'copying description/robot.urdf.xacro -> /home/kaneki/cobot_ws/install/warebot/share/warebot/description\n'}
[0.918489] (warebot) StdoutLine: {'line': b'copying description/common.urdf.xacro -> /home/kaneki/cobot_ws/install/warebot/share/warebot/description\n'}
[0.918577] (warebot) StdoutLine: {'line': b'creating /home/kaneki/cobot_ws/install/warebot/share/warebot/description/a200\n'}
[0.918664] (warebot) StdoutLine: {'line': b'copying description/a200/a200.urdf.xacro -> /home/kaneki/cobot_ws/install/warebot/share/warebot/description/a200\n'}
[0.918752] (warebot) StdoutLine: {'line': b'creating /home/kaneki/cobot_ws/install/warebot/share/warebot/description/a200/attachments\n'}
[0.918819] (warebot) StdoutLine: {'line': b'copying description/a200/attachments/sensor_arch.urdf.xacro -> /home/kaneki/cobot_ws/install/warebot/share/warebot/description/a200/attachments\n'}
[0.918861] (warebot) StdoutLine: {'line': b'copying description/a200/attachments/observer_backpack.urdf.xacro -> /home/kaneki/cobot_ws/install/warebot/share/warebot/description/a200/attachments\n'}
[0.919108] (warebot) StdoutLine: {'line': b'copying description/a200/attachments/top_plate.urdf.xacro -> /home/kaneki/cobot_ws/install/warebot/share/warebot/description/a200/attachments\n'}
[0.919194] (warebot) StdoutLine: {'line': b'copying description/a200/attachments/bumper.urdf.xacro -> /home/kaneki/cobot_ws/install/warebot/share/warebot/description/a200/attachments\n'}
[0.919372] (warebot) StdoutLine: {'line': b'creating /home/kaneki/cobot_ws/install/warebot/share/warebot/description/a200/drivetrain\n'}
[0.919448] (warebot) StdoutLine: {'line': b'copying description/a200/drivetrain/wheels.urdf.xacro -> /home/kaneki/cobot_ws/install/warebot/share/warebot/description/a200/drivetrain\n'}
[0.919544] (warebot) StdoutLine: {'line': b'creating /home/kaneki/cobot_ws/install/warebot/share/warebot/description/a200/drivetrain/wheels\n'}
[0.919634] (warebot) StdoutLine: {'line': b'copying description/a200/drivetrain/wheels/indoor.urdf.xacro -> /home/kaneki/cobot_ws/install/warebot/share/warebot/description/a200/drivetrain/wheels\n'}
[0.919722] (warebot) StdoutLine: {'line': b'copying description/a200/drivetrain/wheels/outdoor.urdf.xacro -> /home/kaneki/cobot_ws/install/warebot/share/warebot/description/a200/drivetrain/wheels\n'}
[0.919816] (warebot) StdoutLine: {'line': b'creating /home/kaneki/cobot_ws/install/warebot/share/warebot/meshes\n'}
[0.919860] (warebot) StdoutLine: {'line': b'creating /home/kaneki/cobot_ws/install/warebot/share/warebot/meshes/a200\n'}
[0.919900] (warebot) StdoutLine: {'line': b'copying meshes/a200/top_chassis.dae -> /home/kaneki/cobot_ws/install/warebot/share/warebot/meshes/a200\n'}
[0.919995] (warebot) StdoutLine: {'line': b'copying meshes/a200/base_link.dae -> /home/kaneki/cobot_ws/install/warebot/share/warebot/meshes/a200\n'}
[0.920098] (warebot) StdoutLine: {'line': b'copying meshes/a200/base_link.stl -> /home/kaneki/cobot_ws/install/warebot/share/warebot/meshes/a200\n'}
[0.920294] (warebot) StdoutLine: {'line': b'copying meshes/a200/top_chassis.stl -> /home/kaneki/cobot_ws/install/warebot/share/warebot/meshes/a200\n'}
[0.920335] (warebot) StdoutLine: {'line': b'creating /home/kaneki/cobot_ws/install/warebot/share/warebot/meshes/a200/attachments\n'}
[0.920375] (warebot) StdoutLine: {'line': b'copying meshes/a200/attachments/user_rail.dae -> /home/kaneki/cobot_ws/install/warebot/share/warebot/meshes/a200/attachments\n'}
[0.920617] (warebot) StdoutLine: {'line': b'copying meshes/a200/attachments/bumper3.dae -> /home/kaneki/cobot_ws/install/warebot/share/warebot/meshes/a200/attachments\n'}
[0.921066] (warebot) StdoutLine: {'line': b'copying meshes/a200/attachments/large_top_plate.dae -> /home/kaneki/cobot_ws/install/warebot/share/warebot/meshes/a200/attachments\n'}
[0.921173] (warebot) StdoutLine: {'line': b'copying meshes/a200/attachments/top_plate.dae -> /home/kaneki/cobot_ws/install/warebot/share/warebot/meshes/a200/attachments\n'}
[0.921253] (warebot) StdoutLine: {'line': b'copying meshes/a200/attachments/bumper.dae -> /home/kaneki/cobot_ws/install/warebot/share/warebot/meshes/a200/attachments\n'}
[0.921314] (warebot) StdoutLine: {'line': b'copying meshes/a200/attachments/bumper_extension.dae -> /home/kaneki/cobot_ws/install/warebot/share/warebot/meshes/a200/attachments\n'}
[0.921382] (warebot) StdoutLine: {'line': b'copying meshes/a200/attachments/bumper2.dae -> /home/kaneki/cobot_ws/install/warebot/share/warebot/meshes/a200/attachments\n'}
[0.921562] (warebot) StdoutLine: {'line': b'copying meshes/a200/attachments/300_mm_sensor_arch.dae -> /home/kaneki/cobot_ws/install/warebot/share/warebot/meshes/a200/attachments\n'}
[0.921607] (warebot) StdoutLine: {'line': b'copying meshes/a200/attachments/510_mm_sensor_arch.dae -> /home/kaneki/cobot_ws/install/warebot/share/warebot/meshes/a200/attachments\n'}
[0.921645] (warebot) StdoutLine: {'line': b'copying meshes/a200/attachments/top_plate.stl -> /home/kaneki/cobot_ws/install/warebot/share/warebot/meshes/a200/attachments\n'}
[0.921682] (warebot) StdoutLine: {'line': b'copying meshes/a200/attachments/510_mm_sensor_arch.stl -> /home/kaneki/cobot_ws/install/warebot/share/warebot/meshes/a200/attachments\n'}
[0.921718] (warebot) StdoutLine: {'line': b'copying meshes/a200/attachments/300_mm_sensor_arch.stl -> /home/kaneki/cobot_ws/install/warebot/share/warebot/meshes/a200/attachments\n'}
[0.921754] (warebot) StdoutLine: {'line': b'copying meshes/a200/attachments/observer_backpack_masts.stl -> /home/kaneki/cobot_ws/install/warebot/share/warebot/meshes/a200/attachments\n'}
[0.922234] (warebot) StdoutLine: {'line': b'copying meshes/a200/attachments/large_top_plate_collision.stl -> /home/kaneki/cobot_ws/install/warebot/share/warebot/meshes/a200/attachments\n'}
[0.922480] (warebot) StdoutLine: {'line': b'copying meshes/a200/attachments/user_rail.stl -> /home/kaneki/cobot_ws/install/warebot/share/warebot/meshes/a200/attachments\n'}
[0.922718] (warebot) StdoutLine: {'line': b'copying meshes/a200/attachments/observer_backpack_shell.stl -> /home/kaneki/cobot_ws/install/warebot/share/warebot/meshes/a200/attachments\n'}
[0.923008] (warebot) StdoutLine: {'line': b'copying meshes/a200/attachments/pacs_top_plate.stl -> /home/kaneki/cobot_ws/install/warebot/share/warebot/meshes/a200/attachments\n'}
[0.923140] (warebot) StdoutLine: {'line': b'creating /home/kaneki/cobot_ws/install/warebot/share/warebot/meshes/a200/drivetrain\n'}
[0.923319] (warebot) StdoutLine: {'line': b'creating /home/kaneki/cobot_ws/install/warebot/share/warebot/meshes/a200/wheels\n'}
[0.923393] (warebot) StdoutLine: {'line': b'copying meshes/a200/wheels/outdoor.dae -> /home/kaneki/cobot_ws/install/warebot/share/warebot/meshes/a200/wheels\n'}
[0.924854] (warebot) StdoutLine: {'line': b'copying meshes/a200/wheels/indoor.dae -> /home/kaneki/cobot_ws/install/warebot/share/warebot/meshes/a200/wheels\n'}
[0.927091] (warebot) StdoutLine: {'line': b'copying meshes/a200/wheels/outdoor.stl -> /home/kaneki/cobot_ws/install/warebot/share/warebot/meshes/a200/wheels\n'}
[0.928022] (warebot) StdoutLine: {'line': b'creating /home/kaneki/cobot_ws/install/warebot/share/warebot/world\n'}
[0.928180] (warebot) StdoutLine: {'line': b'copying world/empty.world -> /home/kaneki/cobot_ws/install/warebot/share/warebot/world\n'}
[0.928408] (warebot) StdoutLine: {'line': b'creating /home/kaneki/cobot_ws/install/warebot/share/warebot/config\n'}
[0.928486] (warebot) StdoutLine: {'line': b'copying config/ros2_control.yaml -> /home/kaneki/cobot_ws/install/warebot/share/warebot/config\n'}
[0.928527] (warebot) StdoutLine: {'line': b'copying config/robot.yaml -> /home/kaneki/cobot_ws/install/warebot/share/warebot/config\n'}
[0.928563] (warebot) StdoutLine: {'line': b'copying config/gz_ros2_use_sim.yaml -> /home/kaneki/cobot_ws/install/warebot/share/warebot/config\n'}
[0.928602] (warebot) StdoutLine: {'line': b'running install_egg_info\n'}
[0.944843] (warebot) StdoutLine: {'line': b'Copying ../../build/warebot/warebot.egg-info to /home/kaneki/cobot_ws/install/warebot/lib/python3.12/site-packages/warebot-0.0.0-py3.12.egg-info\n'}
[0.945316] (warebot) StdoutLine: {'line': b'running install_scripts\n'}
[1.001553] (-) TimerEvent: {}
[1.049526] (warebot) StdoutLine: {'line': b"writing list of installed files to '/home/kaneki/cobot_ws/build/warebot/install.log'\n"}
[1.070664] (warebot) CommandEnded: {'returncode': 0}
[1.076901] (warebot) JobEnded: {'identifier': 'warebot', 'rc': 0}
[1.077500] (-) EventReactorShutdown: {}
