[0.665s] Invoking command in '/home/kaneki/warebot_ws/src/clearpath_config': DEBUGINFOD_URLS=https://debuginfod.ubuntu.com PYTHONPATH=/home/kaneki/warebot_ws/build/clearpath_config/prefix_override:/usr/lib/python3/dist-packages/colcon_core/task/python/colcon_distutils_commands:/home/kaneki/warebot_ws/install/clearpath_config/lib/python3.12/site-packages:${PYTHONPATH} /usr/bin/python3 -W ignore:setup.py install is deprecated -W ignore:easy_install command is deprecated setup.py egg_info --egg-base ../../build/clearpath_config build --build-base /home/kaneki/warebot_ws/build/clearpath_config/build install --record /home/kaneki/warebot_ws/build/clearpath_config/install.log --single-version-externally-managed install_data
[0.882s] running egg_info
[0.882s] creating ../../build/clearpath_config/clearpath_config.egg-info
[0.897s] writing ../../build/clearpath_config/clearpath_config.egg-info/PKG-INFO
[0.898s] writing dependency_links to ../../build/clearpath_config/clearpath_config.egg-info/dependency_links.txt
[0.898s] writing requirements to ../../build/clearpath_config/clearpath_config.egg-info/requires.txt
[0.898s] writing top-level names to ../../build/clearpath_config/clearpath_config.egg-info/top_level.txt
[0.898s] writing manifest file '../../build/clearpath_config/clearpath_config.egg-info/SOURCES.txt'
[0.928s] reading manifest file '../../build/clearpath_config/clearpath_config.egg-info/SOURCES.txt'
[0.929s] adding license file 'LICENSE'
[0.929s] writing manifest file '../../build/clearpath_config/clearpath_config.egg-info/SOURCES.txt'
[0.930s] running build
[0.930s] running build_py
[0.930s] creating /home/kaneki/warebot_ws/build/clearpath_config/build
[0.930s] creating /home/kaneki/warebot_ws/build/clearpath_config/build/lib
[0.930s] creating /home/kaneki/warebot_ws/build/clearpath_config/build/lib/clearpath_config
[0.930s] copying clearpath_config/clearpath_config.py -> /home/kaneki/warebot_ws/build/clearpath_config/build/lib/clearpath_config
[0.931s] copying clearpath_config/__init__.py -> /home/kaneki/warebot_ws/build/clearpath_config/build/lib/clearpath_config
[0.931s] creating /home/kaneki/warebot_ws/build/clearpath_config/build/lib/clearpath_config/common
[0.931s] copying clearpath_config/common/__init__.py -> /home/kaneki/warebot_ws/build/clearpath_config/build/lib/clearpath_config/common
[0.931s] copying clearpath_config/common/ros.py -> /home/kaneki/warebot_ws/build/clearpath_config/build/lib/clearpath_config/common
[0.931s] creating /home/kaneki/warebot_ws/build/clearpath_config/build/lib/clearpath_config/common/types
[0.931s] copying clearpath_config/common/types/__init__.py -> /home/kaneki/warebot_ws/build/clearpath_config/build/lib/clearpath_config/common/types
[0.931s] copying clearpath_config/common/types/username.py -> /home/kaneki/warebot_ws/build/clearpath_config/build/lib/clearpath_config/common/types
[0.931s] copying clearpath_config/common/types/file.py -> /home/kaneki/warebot_ws/build/clearpath_config/build/lib/clearpath_config/common/types
[0.931s] copying clearpath_config/common/types/hostname.py -> /home/kaneki/warebot_ws/build/clearpath_config/build/lib/clearpath_config/common/types
[0.932s] copying clearpath_config/common/types/rmw_implementation.py -> /home/kaneki/warebot_ws/build/clearpath_config/build/lib/clearpath_config/common/types
[0.932s] copying clearpath_config/common/types/platform.py -> /home/kaneki/warebot_ws/build/clearpath_config/build/lib/clearpath_config/common/types
[0.932s] copying clearpath_config/common/types/exception.py -> /home/kaneki/warebot_ws/build/clearpath_config/build/lib/clearpath_config/common/types
[0.932s] copying clearpath_config/common/types/serial_number.py -> /home/kaneki/warebot_ws/build/clearpath_config/build/lib/clearpath_config/common/types
[0.932s] copying clearpath_config/common/types/list.py -> /home/kaneki/warebot_ws/build/clearpath_config/build/lib/clearpath_config/common/types
[0.932s] copying clearpath_config/common/types/accessory.py -> /home/kaneki/warebot_ws/build/clearpath_config/build/lib/clearpath_config/common/types
[0.932s] copying clearpath_config/common/types/namespace.py -> /home/kaneki/warebot_ws/build/clearpath_config/build/lib/clearpath_config/common/types
[0.932s] copying clearpath_config/common/types/domain_id.py -> /home/kaneki/warebot_ws/build/clearpath_config/build/lib/clearpath_config/common/types
[0.933s] copying clearpath_config/common/types/discovery.py -> /home/kaneki/warebot_ws/build/clearpath_config/build/lib/clearpath_config/common/types
[0.933s] copying clearpath_config/common/types/port.py -> /home/kaneki/warebot_ws/build/clearpath_config/build/lib/clearpath_config/common/types
[0.933s] copying clearpath_config/common/types/package_path.py -> /home/kaneki/warebot_ws/build/clearpath_config/build/lib/clearpath_config/common/types
[0.933s] copying clearpath_config/common/types/config.py -> /home/kaneki/warebot_ws/build/clearpath_config/build/lib/clearpath_config/common/types
[0.933s] copying clearpath_config/common/types/ip.py -> /home/kaneki/warebot_ws/build/clearpath_config/build/lib/clearpath_config/common/types
[0.933s] creating /home/kaneki/warebot_ws/build/clearpath_config/build/lib/clearpath_config/common/utils
[0.933s] copying clearpath_config/common/utils/__init__.py -> /home/kaneki/warebot_ws/build/clearpath_config/build/lib/clearpath_config/common/utils
[0.933s] copying clearpath_config/common/utils/yaml.py -> /home/kaneki/warebot_ws/build/clearpath_config/build/lib/clearpath_config/common/utils
[0.933s] copying clearpath_config/common/utils/dictionary.py -> /home/kaneki/warebot_ws/build/clearpath_config/build/lib/clearpath_config/common/utils
[0.933s] creating /home/kaneki/warebot_ws/build/clearpath_config/build/lib/clearpath_config/links
[0.934s] copying clearpath_config/links/__init__.py -> /home/kaneki/warebot_ws/build/clearpath_config/build/lib/clearpath_config/links
[0.934s] copying clearpath_config/links/links.py -> /home/kaneki/warebot_ws/build/clearpath_config/build/lib/clearpath_config/links
[0.934s] creating /home/kaneki/warebot_ws/build/clearpath_config/build/lib/clearpath_config/links/types
[0.934s] copying clearpath_config/links/types/__init__.py -> /home/kaneki/warebot_ws/build/clearpath_config/build/lib/clearpath_config/links/types
[0.934s] copying clearpath_config/links/types/frame.py -> /home/kaneki/warebot_ws/build/clearpath_config/build/lib/clearpath_config/links/types
[0.934s] copying clearpath_config/links/types/box.py -> /home/kaneki/warebot_ws/build/clearpath_config/build/lib/clearpath_config/links/types
[0.934s] copying clearpath_config/links/types/link.py -> /home/kaneki/warebot_ws/build/clearpath_config/build/lib/clearpath_config/links/types
[0.934s] copying clearpath_config/links/types/sphere.py -> /home/kaneki/warebot_ws/build/clearpath_config/build/lib/clearpath_config/links/types
[0.935s] copying clearpath_config/links/types/cylinder.py -> /home/kaneki/warebot_ws/build/clearpath_config/build/lib/clearpath_config/links/types
[0.935s] copying clearpath_config/links/types/mesh.py -> /home/kaneki/warebot_ws/build/clearpath_config/build/lib/clearpath_config/links/types
[0.935s] creating /home/kaneki/warebot_ws/build/clearpath_config/build/lib/clearpath_config/manipulators
[0.935s] copying clearpath_config/manipulators/__init__.py -> /home/kaneki/warebot_ws/build/clearpath_config/build/lib/clearpath_config/manipulators
[0.935s] copying clearpath_config/manipulators/manipulators.py -> /home/kaneki/warebot_ws/build/clearpath_config/build/lib/clearpath_config/manipulators
[0.935s] creating /home/kaneki/warebot_ws/build/clearpath_config/build/lib/clearpath_config/manipulators/types
[0.935s] copying clearpath_config/manipulators/types/arms.py -> /home/kaneki/warebot_ws/build/clearpath_config/build/lib/clearpath_config/manipulators/types
[0.935s] copying clearpath_config/manipulators/types/__init__.py -> /home/kaneki/warebot_ws/build/clearpath_config/build/lib/clearpath_config/manipulators/types
[0.935s] copying clearpath_config/manipulators/types/lifts.py -> /home/kaneki/warebot_ws/build/clearpath_config/build/lib/clearpath_config/manipulators/types
[0.935s] copying clearpath_config/manipulators/types/manipulator.py -> /home/kaneki/warebot_ws/build/clearpath_config/build/lib/clearpath_config/manipulators/types
[0.935s] copying clearpath_config/manipulators/types/grippers.py -> /home/kaneki/warebot_ws/build/clearpath_config/build/lib/clearpath_config/manipulators/types
[0.935s] creating /home/kaneki/warebot_ws/build/clearpath_config/build/lib/clearpath_config/mounts
[0.936s] copying clearpath_config/mounts/__init__.py -> /home/kaneki/warebot_ws/build/clearpath_config/build/lib/clearpath_config/mounts
[0.936s] copying clearpath_config/mounts/mounts.py -> /home/kaneki/warebot_ws/build/clearpath_config/build/lib/clearpath_config/mounts
[0.936s] creating /home/kaneki/warebot_ws/build/clearpath_config/build/lib/clearpath_config/mounts/types
[0.936s] copying clearpath_config/mounts/types/fath_pivot.py -> /home/kaneki/warebot_ws/build/clearpath_config/build/lib/clearpath_config/mounts/types
[0.936s] copying clearpath_config/mounts/types/mount.py -> /home/kaneki/warebot_ws/build/clearpath_config/build/lib/clearpath_config/mounts/types
[0.936s] copying clearpath_config/mounts/types/__init__.py -> /home/kaneki/warebot_ws/build/clearpath_config/build/lib/clearpath_config/mounts/types
[0.936s] copying clearpath_config/mounts/types/post.py -> /home/kaneki/warebot_ws/build/clearpath_config/build/lib/clearpath_config/mounts/types
[0.937s] copying clearpath_config/mounts/types/sick.py -> /home/kaneki/warebot_ws/build/clearpath_config/build/lib/clearpath_config/mounts/types
[0.937s] copying clearpath_config/mounts/types/pacs.py -> /home/kaneki/warebot_ws/build/clearpath_config/build/lib/clearpath_config/mounts/types
[0.937s] copying clearpath_config/mounts/types/disk.py -> /home/kaneki/warebot_ws/build/clearpath_config/build/lib/clearpath_config/mounts/types
[0.937s] copying clearpath_config/mounts/types/flir_ptu.py -> /home/kaneki/warebot_ws/build/clearpath_config/build/lib/clearpath_config/mounts/types
[0.937s] creating /home/kaneki/warebot_ws/build/clearpath_config/build/lib/clearpath_config/platform
[0.937s] copying clearpath_config/platform/__init__.py -> /home/kaneki/warebot_ws/build/clearpath_config/build/lib/clearpath_config/platform
[0.937s] copying clearpath_config/platform/can.py -> /home/kaneki/warebot_ws/build/clearpath_config/build/lib/clearpath_config/platform
[0.938s] copying clearpath_config/platform/extras.py -> /home/kaneki/warebot_ws/build/clearpath_config/build/lib/clearpath_config/platform
[0.938s] copying clearpath_config/platform/launch.py -> /home/kaneki/warebot_ws/build/clearpath_config/build/lib/clearpath_config/platform
[0.938s] copying clearpath_config/platform/platform.py -> /home/kaneki/warebot_ws/build/clearpath_config/build/lib/clearpath_config/platform
[0.938s] copying clearpath_config/platform/wireless.py -> /home/kaneki/warebot_ws/build/clearpath_config/build/lib/clearpath_config/platform
[0.938s] copying clearpath_config/platform/drivetrain.py -> /home/kaneki/warebot_ws/build/clearpath_config/build/lib/clearpath_config/platform
[0.938s] copying clearpath_config/platform/battery.py -> /home/kaneki/warebot_ws/build/clearpath_config/build/lib/clearpath_config/platform
[0.938s] creating /home/kaneki/warebot_ws/build/clearpath_config/build/lib/clearpath_config/platform/attachments
[0.938s] copying clearpath_config/platform/attachments/a200.py -> /home/kaneki/warebot_ws/build/clearpath_config/build/lib/clearpath_config/platform/attachments
[0.938s] copying clearpath_config/platform/attachments/__init__.py -> /home/kaneki/warebot_ws/build/clearpath_config/build/lib/clearpath_config/platform/attachments
[0.938s] copying clearpath_config/platform/attachments/dd100.py -> /home/kaneki/warebot_ws/build/clearpath_config/build/lib/clearpath_config/platform/attachments
[0.938s] copying clearpath_config/platform/attachments/j100.py -> /home/kaneki/warebot_ws/build/clearpath_config/build/lib/clearpath_config/platform/attachments
[0.939s] copying clearpath_config/platform/attachments/mux.py -> /home/kaneki/warebot_ws/build/clearpath_config/build/lib/clearpath_config/platform/attachments
[0.939s] copying clearpath_config/platform/attachments/r100.py -> /home/kaneki/warebot_ws/build/clearpath_config/build/lib/clearpath_config/platform/attachments
[0.939s] copying clearpath_config/platform/attachments/do150.py -> /home/kaneki/warebot_ws/build/clearpath_config/build/lib/clearpath_config/platform/attachments
[0.939s] copying clearpath_config/platform/attachments/do100.py -> /home/kaneki/warebot_ws/build/clearpath_config/build/lib/clearpath_config/platform/attachments
[0.939s] copying clearpath_config/platform/attachments/a300.py -> /home/kaneki/warebot_ws/build/clearpath_config/build/lib/clearpath_config/platform/attachments
[0.939s] copying clearpath_config/platform/attachments/generic.py -> /home/kaneki/warebot_ws/build/clearpath_config/build/lib/clearpath_config/platform/attachments
[0.939s] copying clearpath_config/platform/attachments/w200.py -> /home/kaneki/warebot_ws/build/clearpath_config/build/lib/clearpath_config/platform/attachments
[0.939s] copying clearpath_config/platform/attachments/dd150.py -> /home/kaneki/warebot_ws/build/clearpath_config/build/lib/clearpath_config/platform/attachments
[0.939s] copying clearpath_config/platform/attachments/config.py -> /home/kaneki/warebot_ws/build/clearpath_config/build/lib/clearpath_config/platform/attachments
[0.939s] creating /home/kaneki/warebot_ws/build/clearpath_config/build/lib/clearpath_config/platform/types
[0.939s] copying clearpath_config/platform/types/__init__.py -> /home/kaneki/warebot_ws/build/clearpath_config/build/lib/clearpath_config/platform/types
[0.939s] copying clearpath_config/platform/types/bumper.py -> /home/kaneki/warebot_ws/build/clearpath_config/build/lib/clearpath_config/platform/types
[0.939s] copying clearpath_config/platform/types/attachment.py -> /home/kaneki/warebot_ws/build/clearpath_config/build/lib/clearpath_config/platform/types
[0.939s] creating /home/kaneki/warebot_ws/build/clearpath_config/build/lib/clearpath_config/sensors
[0.939s] copying clearpath_config/sensors/__init__.py -> /home/kaneki/warebot_ws/build/clearpath_config/build/lib/clearpath_config/sensors
[0.940s] copying clearpath_config/sensors/sensors.py -> /home/kaneki/warebot_ws/build/clearpath_config/build/lib/clearpath_config/sensors
[0.940s] creating /home/kaneki/warebot_ws/build/clearpath_config/build/lib/clearpath_config/sensors/types
[0.940s] copying clearpath_config/sensors/types/__init__.py -> /home/kaneki/warebot_ws/build/clearpath_config/build/lib/clearpath_config/sensors/types
[0.940s] copying clearpath_config/sensors/types/cameras.py -> /home/kaneki/warebot_ws/build/clearpath_config/build/lib/clearpath_config/sensors/types
[0.940s] copying clearpath_config/sensors/types/charger.py -> /home/kaneki/warebot_ws/build/clearpath_config/build/lib/clearpath_config/sensors/types
[0.940s] copying clearpath_config/sensors/types/sensor.py -> /home/kaneki/warebot_ws/build/clearpath_config/build/lib/clearpath_config/sensors/types
[0.940s] copying clearpath_config/sensors/types/gps.py -> /home/kaneki/warebot_ws/build/clearpath_config/build/lib/clearpath_config/sensors/types
[0.940s] copying clearpath_config/sensors/types/imu.py -> /home/kaneki/warebot_ws/build/clearpath_config/build/lib/clearpath_config/sensors/types
[0.940s] copying clearpath_config/sensors/types/lidars_2d.py -> /home/kaneki/warebot_ws/build/clearpath_config/build/lib/clearpath_config/sensors/types
[0.940s] copying clearpath_config/sensors/types/ins.py -> /home/kaneki/warebot_ws/build/clearpath_config/build/lib/clearpath_config/sensors/types
[0.940s] copying clearpath_config/sensors/types/lidars_3d.py -> /home/kaneki/warebot_ws/build/clearpath_config/build/lib/clearpath_config/sensors/types
[0.940s] creating /home/kaneki/warebot_ws/build/clearpath_config/build/lib/clearpath_config/system
[0.940s] copying clearpath_config/system/__init__.py -> /home/kaneki/warebot_ws/build/clearpath_config/build/lib/clearpath_config/system
[0.940s] copying clearpath_config/system/hosts.py -> /home/kaneki/warebot_ws/build/clearpath_config/build/lib/clearpath_config/system
[0.941s] copying clearpath_config/system/servers.py -> /home/kaneki/warebot_ws/build/clearpath_config/build/lib/clearpath_config/system
[0.941s] copying clearpath_config/system/system.py -> /home/kaneki/warebot_ws/build/clearpath_config/build/lib/clearpath_config/system
[0.941s] copying clearpath_config/system/middleware.py -> /home/kaneki/warebot_ws/build/clearpath_config/build/lib/clearpath_config/system
[0.941s] copying clearpath_config/system/bash.py -> /home/kaneki/warebot_ws/build/clearpath_config/build/lib/clearpath_config/system
[0.941s] running install
[0.944s] running install_lib
[0.959s] creating /home/kaneki/warebot_ws/install/clearpath_config/lib/python3.12/site-packages/clearpath_config
[0.959s] creating /home/kaneki/warebot_ws/install/clearpath_config/lib/python3.12/site-packages/clearpath_config/mounts
[0.960s] copying /home/kaneki/warebot_ws/build/clearpath_config/build/lib/clearpath_config/mounts/__init__.py -> /home/kaneki/warebot_ws/install/clearpath_config/lib/python3.12/site-packages/clearpath_config/mounts
[0.960s] copying /home/kaneki/warebot_ws/build/clearpath_config/build/lib/clearpath_config/mounts/mounts.py -> /home/kaneki/warebot_ws/install/clearpath_config/lib/python3.12/site-packages/clearpath_config/mounts
[0.960s] creating /home/kaneki/warebot_ws/install/clearpath_config/lib/python3.12/site-packages/clearpath_config/mounts/types
[0.960s] copying /home/kaneki/warebot_ws/build/clearpath_config/build/lib/clearpath_config/mounts/types/fath_pivot.py -> /home/kaneki/warebot_ws/install/clearpath_config/lib/python3.12/site-packages/clearpath_config/mounts/types
[0.960s] copying /home/kaneki/warebot_ws/build/clearpath_config/build/lib/clearpath_config/mounts/types/mount.py -> /home/kaneki/warebot_ws/install/clearpath_config/lib/python3.12/site-packages/clearpath_config/mounts/types
[0.960s] copying /home/kaneki/warebot_ws/build/clearpath_config/build/lib/clearpath_config/mounts/types/__init__.py -> /home/kaneki/warebot_ws/install/clearpath_config/lib/python3.12/site-packages/clearpath_config/mounts/types
[0.960s] copying /home/kaneki/warebot_ws/build/clearpath_config/build/lib/clearpath_config/mounts/types/post.py -> /home/kaneki/warebot_ws/install/clearpath_config/lib/python3.12/site-packages/clearpath_config/mounts/types
[0.961s] copying /home/kaneki/warebot_ws/build/clearpath_config/build/lib/clearpath_config/mounts/types/sick.py -> /home/kaneki/warebot_ws/install/clearpath_config/lib/python3.12/site-packages/clearpath_config/mounts/types
[0.961s] copying /home/kaneki/warebot_ws/build/clearpath_config/build/lib/clearpath_config/mounts/types/pacs.py -> /home/kaneki/warebot_ws/install/clearpath_config/lib/python3.12/site-packages/clearpath_config/mounts/types
[0.961s] copying /home/kaneki/warebot_ws/build/clearpath_config/build/lib/clearpath_config/mounts/types/disk.py -> /home/kaneki/warebot_ws/install/clearpath_config/lib/python3.12/site-packages/clearpath_config/mounts/types
[0.961s] copying /home/kaneki/warebot_ws/build/clearpath_config/build/lib/clearpath_config/mounts/types/flir_ptu.py -> /home/kaneki/warebot_ws/install/clearpath_config/lib/python3.12/site-packages/clearpath_config/mounts/types
[0.961s] copying /home/kaneki/warebot_ws/build/clearpath_config/build/lib/clearpath_config/clearpath_config.py -> /home/kaneki/warebot_ws/install/clearpath_config/lib/python3.12/site-packages/clearpath_config
[0.961s] copying /home/kaneki/warebot_ws/build/clearpath_config/build/lib/clearpath_config/__init__.py -> /home/kaneki/warebot_ws/install/clearpath_config/lib/python3.12/site-packages/clearpath_config
[0.961s] creating /home/kaneki/warebot_ws/install/clearpath_config/lib/python3.12/site-packages/clearpath_config/system
[0.961s] copying /home/kaneki/warebot_ws/build/clearpath_config/build/lib/clearpath_config/system/__init__.py -> /home/kaneki/warebot_ws/install/clearpath_config/lib/python3.12/site-packages/clearpath_config/system
[0.961s] copying /home/kaneki/warebot_ws/build/clearpath_config/build/lib/clearpath_config/system/hosts.py -> /home/kaneki/warebot_ws/install/clearpath_config/lib/python3.12/site-packages/clearpath_config/system
[0.961s] copying /home/kaneki/warebot_ws/build/clearpath_config/build/lib/clearpath_config/system/servers.py -> /home/kaneki/warebot_ws/install/clearpath_config/lib/python3.12/site-packages/clearpath_config/system
[0.963s] copying /home/kaneki/warebot_ws/build/clearpath_config/build/lib/clearpath_config/system/system.py -> /home/kaneki/warebot_ws/install/clearpath_config/lib/python3.12/site-packages/clearpath_config/system
[0.963s] copying /home/kaneki/warebot_ws/build/clearpath_config/build/lib/clearpath_config/system/middleware.py -> /home/kaneki/warebot_ws/install/clearpath_config/lib/python3.12/site-packages/clearpath_config/system
[0.964s] copying /home/kaneki/warebot_ws/build/clearpath_config/build/lib/clearpath_config/system/bash.py -> /home/kaneki/warebot_ws/install/clearpath_config/lib/python3.12/site-packages/clearpath_config/system
[0.964s] creating /home/kaneki/warebot_ws/install/clearpath_config/lib/python3.12/site-packages/clearpath_config/platform
[0.964s] copying /home/kaneki/warebot_ws/build/clearpath_config/build/lib/clearpath_config/platform/__init__.py -> /home/kaneki/warebot_ws/install/clearpath_config/lib/python3.12/site-packages/clearpath_config/platform
[0.964s] copying /home/kaneki/warebot_ws/build/clearpath_config/build/lib/clearpath_config/platform/can.py -> /home/kaneki/warebot_ws/install/clearpath_config/lib/python3.12/site-packages/clearpath_config/platform
[0.964s] copying /home/kaneki/warebot_ws/build/clearpath_config/build/lib/clearpath_config/platform/extras.py -> /home/kaneki/warebot_ws/install/clearpath_config/lib/python3.12/site-packages/clearpath_config/platform
[0.964s] copying /home/kaneki/warebot_ws/build/clearpath_config/build/lib/clearpath_config/platform/launch.py -> /home/kaneki/warebot_ws/install/clearpath_config/lib/python3.12/site-packages/clearpath_config/platform
[0.964s] copying /home/kaneki/warebot_ws/build/clearpath_config/build/lib/clearpath_config/platform/platform.py -> /home/kaneki/warebot_ws/install/clearpath_config/lib/python3.12/site-packages/clearpath_config/platform
[0.964s] creating /home/kaneki/warebot_ws/install/clearpath_config/lib/python3.12/site-packages/clearpath_config/platform/attachments
[0.965s] copying /home/kaneki/warebot_ws/build/clearpath_config/build/lib/clearpath_config/platform/attachments/a200.py -> /home/kaneki/warebot_ws/install/clearpath_config/lib/python3.12/site-packages/clearpath_config/platform/attachments
[0.965s] copying /home/kaneki/warebot_ws/build/clearpath_config/build/lib/clearpath_config/platform/attachments/__init__.py -> /home/kaneki/warebot_ws/install/clearpath_config/lib/python3.12/site-packages/clearpath_config/platform/attachments
[0.965s] copying /home/kaneki/warebot_ws/build/clearpath_config/build/lib/clearpath_config/platform/attachments/dd100.py -> /home/kaneki/warebot_ws/install/clearpath_config/lib/python3.12/site-packages/clearpath_config/platform/attachments
[0.965s] copying /home/kaneki/warebot_ws/build/clearpath_config/build/lib/clearpath_config/platform/attachments/j100.py -> /home/kaneki/warebot_ws/install/clearpath_config/lib/python3.12/site-packages/clearpath_config/platform/attachments
[0.966s] copying /home/kaneki/warebot_ws/build/clearpath_config/build/lib/clearpath_config/platform/attachments/mux.py -> /home/kaneki/warebot_ws/install/clearpath_config/lib/python3.12/site-packages/clearpath_config/platform/attachments
[0.966s] copying /home/kaneki/warebot_ws/build/clearpath_config/build/lib/clearpath_config/platform/attachments/r100.py -> /home/kaneki/warebot_ws/install/clearpath_config/lib/python3.12/site-packages/clearpath_config/platform/attachments
[0.966s] copying /home/kaneki/warebot_ws/build/clearpath_config/build/lib/clearpath_config/platform/attachments/do150.py -> /home/kaneki/warebot_ws/install/clearpath_config/lib/python3.12/site-packages/clearpath_config/platform/attachments
[0.966s] copying /home/kaneki/warebot_ws/build/clearpath_config/build/lib/clearpath_config/platform/attachments/do100.py -> /home/kaneki/warebot_ws/install/clearpath_config/lib/python3.12/site-packages/clearpath_config/platform/attachments
[0.966s] copying /home/kaneki/warebot_ws/build/clearpath_config/build/lib/clearpath_config/platform/attachments/a300.py -> /home/kaneki/warebot_ws/install/clearpath_config/lib/python3.12/site-packages/clearpath_config/platform/attachments
[0.966s] copying /home/kaneki/warebot_ws/build/clearpath_config/build/lib/clearpath_config/platform/attachments/generic.py -> /home/kaneki/warebot_ws/install/clearpath_config/lib/python3.12/site-packages/clearpath_config/platform/attachments
[0.966s] copying /home/kaneki/warebot_ws/build/clearpath_config/build/lib/clearpath_config/platform/attachments/w200.py -> /home/kaneki/warebot_ws/install/clearpath_config/lib/python3.12/site-packages/clearpath_config/platform/attachments
[0.966s] copying /home/kaneki/warebot_ws/build/clearpath_config/build/lib/clearpath_config/platform/attachments/dd150.py -> /home/kaneki/warebot_ws/install/clearpath_config/lib/python3.12/site-packages/clearpath_config/platform/attachments
[0.966s] copying /home/kaneki/warebot_ws/build/clearpath_config/build/lib/clearpath_config/platform/attachments/config.py -> /home/kaneki/warebot_ws/install/clearpath_config/lib/python3.12/site-packages/clearpath_config/platform/attachments
[0.967s] copying /home/kaneki/warebot_ws/build/clearpath_config/build/lib/clearpath_config/platform/wireless.py -> /home/kaneki/warebot_ws/install/clearpath_config/lib/python3.12/site-packages/clearpath_config/platform
[0.967s] copying /home/kaneki/warebot_ws/build/clearpath_config/build/lib/clearpath_config/platform/drivetrain.py -> /home/kaneki/warebot_ws/install/clearpath_config/lib/python3.12/site-packages/clearpath_config/platform
[0.967s] copying /home/kaneki/warebot_ws/build/clearpath_config/build/lib/clearpath_config/platform/battery.py -> /home/kaneki/warebot_ws/install/clearpath_config/lib/python3.12/site-packages/clearpath_config/platform
[0.967s] creating /home/kaneki/warebot_ws/install/clearpath_config/lib/python3.12/site-packages/clearpath_config/platform/types
[0.967s] copying /home/kaneki/warebot_ws/build/clearpath_config/build/lib/clearpath_config/platform/types/__init__.py -> /home/kaneki/warebot_ws/install/clearpath_config/lib/python3.12/site-packages/clearpath_config/platform/types
[0.967s] copying /home/kaneki/warebot_ws/build/clearpath_config/build/lib/clearpath_config/platform/types/bumper.py -> /home/kaneki/warebot_ws/install/clearpath_config/lib/python3.12/site-packages/clearpath_config/platform/types
[0.967s] copying /home/kaneki/warebot_ws/build/clearpath_config/build/lib/clearpath_config/platform/types/attachment.py -> /home/kaneki/warebot_ws/install/clearpath_config/lib/python3.12/site-packages/clearpath_config/platform/types
[0.967s] creating /home/kaneki/warebot_ws/install/clearpath_config/lib/python3.12/site-packages/clearpath_config/common
[0.967s] copying /home/kaneki/warebot_ws/build/clearpath_config/build/lib/clearpath_config/common/__init__.py -> /home/kaneki/warebot_ws/install/clearpath_config/lib/python3.12/site-packages/clearpath_config/common
[0.967s] creating /home/kaneki/warebot_ws/install/clearpath_config/lib/python3.12/site-packages/clearpath_config/common/utils
[0.967s] copying /home/kaneki/warebot_ws/build/clearpath_config/build/lib/clearpath_config/common/utils/__init__.py -> /home/kaneki/warebot_ws/install/clearpath_config/lib/python3.12/site-packages/clearpath_config/common/utils
[0.967s] copying /home/kaneki/warebot_ws/build/clearpath_config/build/lib/clearpath_config/common/utils/yaml.py -> /home/kaneki/warebot_ws/install/clearpath_config/lib/python3.12/site-packages/clearpath_config/common/utils
[0.967s] copying /home/kaneki/warebot_ws/build/clearpath_config/build/lib/clearpath_config/common/utils/dictionary.py -> /home/kaneki/warebot_ws/install/clearpath_config/lib/python3.12/site-packages/clearpath_config/common/utils
[0.968s] copying /home/kaneki/warebot_ws/build/clearpath_config/build/lib/clearpath_config/common/ros.py -> /home/kaneki/warebot_ws/install/clearpath_config/lib/python3.12/site-packages/clearpath_config/common
[0.968s] creating /home/kaneki/warebot_ws/install/clearpath_config/lib/python3.12/site-packages/clearpath_config/common/types
[0.968s] copying /home/kaneki/warebot_ws/build/clearpath_config/build/lib/clearpath_config/common/types/__init__.py -> /home/kaneki/warebot_ws/install/clearpath_config/lib/python3.12/site-packages/clearpath_config/common/types
[0.968s] copying /home/kaneki/warebot_ws/build/clearpath_config/build/lib/clearpath_config/common/types/username.py -> /home/kaneki/warebot_ws/install/clearpath_config/lib/python3.12/site-packages/clearpath_config/common/types
[0.968s] copying /home/kaneki/warebot_ws/build/clearpath_config/build/lib/clearpath_config/common/types/file.py -> /home/kaneki/warebot_ws/install/clearpath_config/lib/python3.12/site-packages/clearpath_config/common/types
[0.968s] copying /home/kaneki/warebot_ws/build/clearpath_config/build/lib/clearpath_config/common/types/hostname.py -> /home/kaneki/warebot_ws/install/clearpath_config/lib/python3.12/site-packages/clearpath_config/common/types
[0.968s] copying /home/kaneki/warebot_ws/build/clearpath_config/build/lib/clearpath_config/common/types/rmw_implementation.py -> /home/kaneki/warebot_ws/install/clearpath_config/lib/python3.12/site-packages/clearpath_config/common/types
[0.968s] copying /home/kaneki/warebot_ws/build/clearpath_config/build/lib/clearpath_config/common/types/platform.py -> /home/kaneki/warebot_ws/install/clearpath_config/lib/python3.12/site-packages/clearpath_config/common/types
[0.968s] copying /home/kaneki/warebot_ws/build/clearpath_config/build/lib/clearpath_config/common/types/exception.py -> /home/kaneki/warebot_ws/install/clearpath_config/lib/python3.12/site-packages/clearpath_config/common/types
[0.968s] copying /home/kaneki/warebot_ws/build/clearpath_config/build/lib/clearpath_config/common/types/serial_number.py -> /home/kaneki/warebot_ws/install/clearpath_config/lib/python3.12/site-packages/clearpath_config/common/types
[0.968s] copying /home/kaneki/warebot_ws/build/clearpath_config/build/lib/clearpath_config/common/types/list.py -> /home/kaneki/warebot_ws/install/clearpath_config/lib/python3.12/site-packages/clearpath_config/common/types
[0.968s] copying /home/kaneki/warebot_ws/build/clearpath_config/build/lib/clearpath_config/common/types/accessory.py -> /home/kaneki/warebot_ws/install/clearpath_config/lib/python3.12/site-packages/clearpath_config/common/types
[0.968s] copying /home/kaneki/warebot_ws/build/clearpath_config/build/lib/clearpath_config/common/types/namespace.py -> /home/kaneki/warebot_ws/install/clearpath_config/lib/python3.12/site-packages/clearpath_config/common/types
[0.968s] copying /home/kaneki/warebot_ws/build/clearpath_config/build/lib/clearpath_config/common/types/domain_id.py -> /home/kaneki/warebot_ws/install/clearpath_config/lib/python3.12/site-packages/clearpath_config/common/types
[0.968s] copying /home/kaneki/warebot_ws/build/clearpath_config/build/lib/clearpath_config/common/types/discovery.py -> /home/kaneki/warebot_ws/install/clearpath_config/lib/python3.12/site-packages/clearpath_config/common/types
[0.968s] copying /home/kaneki/warebot_ws/build/clearpath_config/build/lib/clearpath_config/common/types/port.py -> /home/kaneki/warebot_ws/install/clearpath_config/lib/python3.12/site-packages/clearpath_config/common/types
[0.968s] copying /home/kaneki/warebot_ws/build/clearpath_config/build/lib/clearpath_config/common/types/package_path.py -> /home/kaneki/warebot_ws/install/clearpath_config/lib/python3.12/site-packages/clearpath_config/common/types
[0.969s] copying /home/kaneki/warebot_ws/build/clearpath_config/build/lib/clearpath_config/common/types/config.py -> /home/kaneki/warebot_ws/install/clearpath_config/lib/python3.12/site-packages/clearpath_config/common/types
[0.969s] copying /home/kaneki/warebot_ws/build/clearpath_config/build/lib/clearpath_config/common/types/ip.py -> /home/kaneki/warebot_ws/install/clearpath_config/lib/python3.12/site-packages/clearpath_config/common/types
[0.969s] creating /home/kaneki/warebot_ws/install/clearpath_config/lib/python3.12/site-packages/clearpath_config/manipulators
[0.969s] copying /home/kaneki/warebot_ws/build/clearpath_config/build/lib/clearpath_config/manipulators/__init__.py -> /home/kaneki/warebot_ws/install/clearpath_config/lib/python3.12/site-packages/clearpath_config/manipulators
[0.969s] copying /home/kaneki/warebot_ws/build/clearpath_config/build/lib/clearpath_config/manipulators/manipulators.py -> /home/kaneki/warebot_ws/install/clearpath_config/lib/python3.12/site-packages/clearpath_config/manipulators
[0.969s] creating /home/kaneki/warebot_ws/install/clearpath_config/lib/python3.12/site-packages/clearpath_config/manipulators/types
[0.969s] copying /home/kaneki/warebot_ws/build/clearpath_config/build/lib/clearpath_config/manipulators/types/arms.py -> /home/kaneki/warebot_ws/install/clearpath_config/lib/python3.12/site-packages/clearpath_config/manipulators/types
[0.969s] copying /home/kaneki/warebot_ws/build/clearpath_config/build/lib/clearpath_config/manipulators/types/__init__.py -> /home/kaneki/warebot_ws/install/clearpath_config/lib/python3.12/site-packages/clearpath_config/manipulators/types
[0.970s] copying /home/kaneki/warebot_ws/build/clearpath_config/build/lib/clearpath_config/manipulators/types/lifts.py -> /home/kaneki/warebot_ws/install/clearpath_config/lib/python3.12/site-packages/clearpath_config/manipulators/types
[0.970s] copying /home/kaneki/warebot_ws/build/clearpath_config/build/lib/clearpath_config/manipulators/types/manipulator.py -> /home/kaneki/warebot_ws/install/clearpath_config/lib/python3.12/site-packages/clearpath_config/manipulators/types
[0.970s] copying /home/kaneki/warebot_ws/build/clearpath_config/build/lib/clearpath_config/manipulators/types/grippers.py -> /home/kaneki/warebot_ws/install/clearpath_config/lib/python3.12/site-packages/clearpath_config/manipulators/types
[0.970s] creating /home/kaneki/warebot_ws/install/clearpath_config/lib/python3.12/site-packages/clearpath_config/links
[0.970s] copying /home/kaneki/warebot_ws/build/clearpath_config/build/lib/clearpath_config/links/__init__.py -> /home/kaneki/warebot_ws/install/clearpath_config/lib/python3.12/site-packages/clearpath_config/links
[0.970s] copying /home/kaneki/warebot_ws/build/clearpath_config/build/lib/clearpath_config/links/links.py -> /home/kaneki/warebot_ws/install/clearpath_config/lib/python3.12/site-packages/clearpath_config/links
[0.970s] creating /home/kaneki/warebot_ws/install/clearpath_config/lib/python3.12/site-packages/clearpath_config/links/types
[0.970s] copying /home/kaneki/warebot_ws/build/clearpath_config/build/lib/clearpath_config/links/types/__init__.py -> /home/kaneki/warebot_ws/install/clearpath_config/lib/python3.12/site-packages/clearpath_config/links/types
[0.970s] copying /home/kaneki/warebot_ws/build/clearpath_config/build/lib/clearpath_config/links/types/frame.py -> /home/kaneki/warebot_ws/install/clearpath_config/lib/python3.12/site-packages/clearpath_config/links/types
[0.970s] copying /home/kaneki/warebot_ws/build/clearpath_config/build/lib/clearpath_config/links/types/box.py -> /home/kaneki/warebot_ws/install/clearpath_config/lib/python3.12/site-packages/clearpath_config/links/types
[0.971s] copying /home/kaneki/warebot_ws/build/clearpath_config/build/lib/clearpath_config/links/types/link.py -> /home/kaneki/warebot_ws/install/clearpath_config/lib/python3.12/site-packages/clearpath_config/links/types
[0.971s] copying /home/kaneki/warebot_ws/build/clearpath_config/build/lib/clearpath_config/links/types/sphere.py -> /home/kaneki/warebot_ws/install/clearpath_config/lib/python3.12/site-packages/clearpath_config/links/types
[0.971s] copying /home/kaneki/warebot_ws/build/clearpath_config/build/lib/clearpath_config/links/types/cylinder.py -> /home/kaneki/warebot_ws/install/clearpath_config/lib/python3.12/site-packages/clearpath_config/links/types
[0.971s] copying /home/kaneki/warebot_ws/build/clearpath_config/build/lib/clearpath_config/links/types/mesh.py -> /home/kaneki/warebot_ws/install/clearpath_config/lib/python3.12/site-packages/clearpath_config/links/types
[0.971s] creating /home/kaneki/warebot_ws/install/clearpath_config/lib/python3.12/site-packages/clearpath_config/sensors
[0.971s] copying /home/kaneki/warebot_ws/build/clearpath_config/build/lib/clearpath_config/sensors/__init__.py -> /home/kaneki/warebot_ws/install/clearpath_config/lib/python3.12/site-packages/clearpath_config/sensors
[0.971s] copying /home/kaneki/warebot_ws/build/clearpath_config/build/lib/clearpath_config/sensors/sensors.py -> /home/kaneki/warebot_ws/install/clearpath_config/lib/python3.12/site-packages/clearpath_config/sensors
[0.971s] creating /home/kaneki/warebot_ws/install/clearpath_config/lib/python3.12/site-packages/clearpath_config/sensors/types
[0.971s] copying /home/kaneki/warebot_ws/build/clearpath_config/build/lib/clearpath_config/sensors/types/__init__.py -> /home/kaneki/warebot_ws/install/clearpath_config/lib/python3.12/site-packages/clearpath_config/sensors/types
[0.971s] copying /home/kaneki/warebot_ws/build/clearpath_config/build/lib/clearpath_config/sensors/types/cameras.py -> /home/kaneki/warebot_ws/install/clearpath_config/lib/python3.12/site-packages/clearpath_config/sensors/types
[0.972s] copying /home/kaneki/warebot_ws/build/clearpath_config/build/lib/clearpath_config/sensors/types/charger.py -> /home/kaneki/warebot_ws/install/clearpath_config/lib/python3.12/site-packages/clearpath_config/sensors/types
[0.972s] copying /home/kaneki/warebot_ws/build/clearpath_config/build/lib/clearpath_config/sensors/types/sensor.py -> /home/kaneki/warebot_ws/install/clearpath_config/lib/python3.12/site-packages/clearpath_config/sensors/types
[0.972s] copying /home/kaneki/warebot_ws/build/clearpath_config/build/lib/clearpath_config/sensors/types/gps.py -> /home/kaneki/warebot_ws/install/clearpath_config/lib/python3.12/site-packages/clearpath_config/sensors/types
[0.972s] copying /home/kaneki/warebot_ws/build/clearpath_config/build/lib/clearpath_config/sensors/types/imu.py -> /home/kaneki/warebot_ws/install/clearpath_config/lib/python3.12/site-packages/clearpath_config/sensors/types
[0.972s] copying /home/kaneki/warebot_ws/build/clearpath_config/build/lib/clearpath_config/sensors/types/lidars_2d.py -> /home/kaneki/warebot_ws/install/clearpath_config/lib/python3.12/site-packages/clearpath_config/sensors/types
[0.972s] copying /home/kaneki/warebot_ws/build/clearpath_config/build/lib/clearpath_config/sensors/types/ins.py -> /home/kaneki/warebot_ws/install/clearpath_config/lib/python3.12/site-packages/clearpath_config/sensors/types
[0.972s] copying /home/kaneki/warebot_ws/build/clearpath_config/build/lib/clearpath_config/sensors/types/lidars_3d.py -> /home/kaneki/warebot_ws/install/clearpath_config/lib/python3.12/site-packages/clearpath_config/sensors/types
[0.972s] byte-compiling /home/kaneki/warebot_ws/install/clearpath_config/lib/python3.12/site-packages/clearpath_config/mounts/__init__.py to __init__.cpython-312.pyc
[0.973s] byte-compiling /home/kaneki/warebot_ws/install/clearpath_config/lib/python3.12/site-packages/clearpath_config/mounts/mounts.py to mounts.cpython-312.pyc
[0.973s] byte-compiling /home/kaneki/warebot_ws/install/clearpath_config/lib/python3.12/site-packages/clearpath_config/mounts/types/fath_pivot.py to fath_pivot.cpython-312.pyc
[0.973s] byte-compiling /home/kaneki/warebot_ws/install/clearpath_config/lib/python3.12/site-packages/clearpath_config/mounts/types/mount.py to mount.cpython-312.pyc
[0.973s] byte-compiling /home/kaneki/warebot_ws/install/clearpath_config/lib/python3.12/site-packages/clearpath_config/mounts/types/__init__.py to __init__.cpython-312.pyc
[0.973s] byte-compiling /home/kaneki/warebot_ws/install/clearpath_config/lib/python3.12/site-packages/clearpath_config/mounts/types/post.py to post.cpython-312.pyc
[0.973s] byte-compiling /home/kaneki/warebot_ws/install/clearpath_config/lib/python3.12/site-packages/clearpath_config/mounts/types/sick.py to sick.cpython-312.pyc
[0.973s] byte-compiling /home/kaneki/warebot_ws/install/clearpath_config/lib/python3.12/site-packages/clearpath_config/mounts/types/pacs.py to pacs.cpython-312.pyc
[0.973s] byte-compiling /home/kaneki/warebot_ws/install/clearpath_config/lib/python3.12/site-packages/clearpath_config/mounts/types/disk.py to disk.cpython-312.pyc
[0.973s] byte-compiling /home/kaneki/warebot_ws/install/clearpath_config/lib/python3.12/site-packages/clearpath_config/mounts/types/flir_ptu.py to flir_ptu.cpython-312.pyc
[0.973s] byte-compiling /home/kaneki/warebot_ws/install/clearpath_config/lib/python3.12/site-packages/clearpath_config/clearpath_config.py to clearpath_config.cpython-312.pyc
[0.974s] byte-compiling /home/kaneki/warebot_ws/install/clearpath_config/lib/python3.12/site-packages/clearpath_config/__init__.py to __init__.cpython-312.pyc
[0.974s] byte-compiling /home/kaneki/warebot_ws/install/clearpath_config/lib/python3.12/site-packages/clearpath_config/system/__init__.py to __init__.cpython-312.pyc
[0.974s] byte-compiling /home/kaneki/warebot_ws/install/clearpath_config/lib/python3.12/site-packages/clearpath_config/system/hosts.py to hosts.cpython-312.pyc
[0.974s] byte-compiling /home/kaneki/warebot_ws/install/clearpath_config/lib/python3.12/site-packages/clearpath_config/system/servers.py to servers.cpython-312.pyc
[0.975s] byte-compiling /home/kaneki/warebot_ws/install/clearpath_config/lib/python3.12/site-packages/clearpath_config/system/system.py to system.cpython-312.pyc
[0.976s] byte-compiling /home/kaneki/warebot_ws/install/clearpath_config/lib/python3.12/site-packages/clearpath_config/system/middleware.py to middleware.cpython-312.pyc
[0.978s] byte-compiling /home/kaneki/warebot_ws/install/clearpath_config/lib/python3.12/site-packages/clearpath_config/system/bash.py to bash.cpython-312.pyc
[0.979s] byte-compiling /home/kaneki/warebot_ws/install/clearpath_config/lib/python3.12/site-packages/clearpath_config/platform/__init__.py to __init__.cpython-312.pyc
[0.979s] byte-compiling /home/kaneki/warebot_ws/install/clearpath_config/lib/python3.12/site-packages/clearpath_config/platform/can.py to can.cpython-312.pyc
[0.981s] byte-compiling /home/kaneki/warebot_ws/install/clearpath_config/lib/python3.12/site-packages/clearpath_config/platform/extras.py to extras.cpython-312.pyc
[0.983s] byte-compiling /home/kaneki/warebot_ws/install/clearpath_config/lib/python3.12/site-packages/clearpath_config/platform/launch.py to launch.cpython-312.pyc
[0.983s] byte-compiling /home/kaneki/warebot_ws/install/clearpath_config/lib/python3.12/site-packages/clearpath_config/platform/platform.py to platform.cpython-312.pyc
[0.985s] byte-compiling /home/kaneki/warebot_ws/install/clearpath_config/lib/python3.12/site-packages/clearpath_config/platform/attachments/a200.py to a200.cpython-312.pyc
[0.986s] byte-compiling /home/kaneki/warebot_ws/install/clearpath_config/lib/python3.12/site-packages/clearpath_config/platform/attachments/__init__.py to __init__.cpython-312.pyc
[0.986s] byte-compiling /home/kaneki/warebot_ws/install/clearpath_config/lib/python3.12/site-packages/clearpath_config/platform/attachments/dd100.py to dd100.cpython-312.pyc
[0.986s] byte-compiling /home/kaneki/warebot_ws/install/clearpath_config/lib/python3.12/site-packages/clearpath_config/platform/attachments/j100.py to j100.cpython-312.pyc
[0.987s] byte-compiling /home/kaneki/warebot_ws/install/clearpath_config/lib/python3.12/site-packages/clearpath_config/platform/attachments/mux.py to mux.cpython-312.pyc
[0.988s] byte-compiling /home/kaneki/warebot_ws/install/clearpath_config/lib/python3.12/site-packages/clearpath_config/platform/attachments/r100.py to r100.cpython-312.pyc
[0.988s] byte-compiling /home/kaneki/warebot_ws/install/clearpath_config/lib/python3.12/site-packages/clearpath_config/platform/attachments/do150.py to do150.cpython-312.pyc
[0.989s] byte-compiling /home/kaneki/warebot_ws/install/clearpath_config/lib/python3.12/site-packages/clearpath_config/platform/attachments/do100.py to do100.cpython-312.pyc
[0.989s] byte-compiling /home/kaneki/warebot_ws/install/clearpath_config/lib/python3.12/site-packages/clearpath_config/platform/attachments/a300.py to a300.cpython-312.pyc
[0.990s] byte-compiling /home/kaneki/warebot_ws/install/clearpath_config/lib/python3.12/site-packages/clearpath_config/platform/attachments/generic.py to generic.cpython-312.pyc
[0.990s] byte-compiling /home/kaneki/warebot_ws/install/clearpath_config/lib/python3.12/site-packages/clearpath_config/platform/attachments/w200.py to w200.cpython-312.pyc
[0.990s] byte-compiling /home/kaneki/warebot_ws/install/clearpath_config/lib/python3.12/site-packages/clearpath_config/platform/attachments/dd150.py to dd150.cpython-312.pyc
[0.991s] byte-compiling /home/kaneki/warebot_ws/install/clearpath_config/lib/python3.12/site-packages/clearpath_config/platform/attachments/config.py to config.cpython-312.pyc
[0.991s] byte-compiling /home/kaneki/warebot_ws/install/clearpath_config/lib/python3.12/site-packages/clearpath_config/platform/wireless.py to wireless.cpython-312.pyc
[0.992s] byte-compiling /home/kaneki/warebot_ws/install/clearpath_config/lib/python3.12/site-packages/clearpath_config/platform/drivetrain.py to drivetrain.cpython-312.pyc
[0.994s] byte-compiling /home/kaneki/warebot_ws/install/clearpath_config/lib/python3.12/site-packages/clearpath_config/platform/battery.py to battery.cpython-312.pyc
[0.995s] byte-compiling /home/kaneki/warebot_ws/install/clearpath_config/lib/python3.12/site-packages/clearpath_config/platform/types/__init__.py to __init__.cpython-312.pyc
[0.995s] byte-compiling /home/kaneki/warebot_ws/install/clearpath_config/lib/python3.12/site-packages/clearpath_config/platform/types/bumper.py to bumper.cpython-312.pyc
[0.995s] byte-compiling /home/kaneki/warebot_ws/install/clearpath_config/lib/python3.12/site-packages/clearpath_config/platform/types/attachment.py to attachment.cpython-312.pyc
[0.996s] byte-compiling /home/kaneki/warebot_ws/install/clearpath_config/lib/python3.12/site-packages/clearpath_config/common/__init__.py to __init__.cpython-312.pyc
[0.996s] byte-compiling /home/kaneki/warebot_ws/install/clearpath_config/lib/python3.12/site-packages/clearpath_config/common/utils/__init__.py to __init__.cpython-312.pyc
[0.996s] byte-compiling /home/kaneki/warebot_ws/install/clearpath_config/lib/python3.12/site-packages/clearpath_config/common/utils/yaml.py to yaml.cpython-312.pyc
[0.996s] byte-compiling /home/kaneki/warebot_ws/install/clearpath_config/lib/python3.12/site-packages/clearpath_config/common/utils/dictionary.py to dictionary.cpython-312.pyc
[0.997s] byte-compiling /home/kaneki/warebot_ws/install/clearpath_config/lib/python3.12/site-packages/clearpath_config/common/ros.py to ros.cpython-312.pyc
[0.997s] byte-compiling /home/kaneki/warebot_ws/install/clearpath_config/lib/python3.12/site-packages/clearpath_config/common/types/__init__.py to __init__.cpython-312.pyc
[0.997s] byte-compiling /home/kaneki/warebot_ws/install/clearpath_config/lib/python3.12/site-packages/clearpath_config/common/types/username.py to username.cpython-312.pyc
[0.998s] byte-compiling /home/kaneki/warebot_ws/install/clearpath_config/lib/python3.12/site-packages/clearpath_config/common/types/file.py to file.cpython-312.pyc
[0.998s] byte-compiling /home/kaneki/warebot_ws/install/clearpath_config/lib/python3.12/site-packages/clearpath_config/common/types/hostname.py to hostname.cpython-312.pyc
[0.999s] byte-compiling /home/kaneki/warebot_ws/install/clearpath_config/lib/python3.12/site-packages/clearpath_config/common/types/rmw_implementation.py to rmw_implementation.cpython-312.pyc
[0.999s] byte-compiling /home/kaneki/warebot_ws/install/clearpath_config/lib/python3.12/site-packages/clearpath_config/common/types/platform.py to platform.cpython-312.pyc
[1.000s] byte-compiling /home/kaneki/warebot_ws/install/clearpath_config/lib/python3.12/site-packages/clearpath_config/common/types/exception.py to exception.cpython-312.pyc
[1.000s] byte-compiling /home/kaneki/warebot_ws/install/clearpath_config/lib/python3.12/site-packages/clearpath_config/common/types/serial_number.py to serial_number.cpython-312.pyc
[1.000s] byte-compiling /home/kaneki/warebot_ws/install/clearpath_config/lib/python3.12/site-packages/clearpath_config/common/types/list.py to list.cpython-312.pyc
[1.002s] byte-compiling /home/kaneki/warebot_ws/install/clearpath_config/lib/python3.12/site-packages/clearpath_config/common/types/accessory.py to accessory.cpython-312.pyc
[1.003s] byte-compiling /home/kaneki/warebot_ws/install/clearpath_config/lib/python3.12/site-packages/clearpath_config/common/types/namespace.py to namespace.cpython-312.pyc
[1.003s] byte-compiling /home/kaneki/warebot_ws/install/clearpath_config/lib/python3.12/site-packages/clearpath_config/common/types/domain_id.py to domain_id.cpython-312.pyc
[1.004s] byte-compiling /home/kaneki/warebot_ws/install/clearpath_config/lib/python3.12/site-packages/clearpath_config/common/types/discovery.py to discovery.cpython-312.pyc
[1.004s] byte-compiling /home/kaneki/warebot_ws/install/clearpath_config/lib/python3.12/site-packages/clearpath_config/common/types/port.py to port.cpython-312.pyc
[1.004s] byte-compiling /home/kaneki/warebot_ws/install/clearpath_config/lib/python3.12/site-packages/clearpath_config/common/types/package_path.py to package_path.cpython-312.pyc
[1.005s] byte-compiling /home/kaneki/warebot_ws/install/clearpath_config/lib/python3.12/site-packages/clearpath_config/common/types/config.py to config.cpython-312.pyc
[1.007s] byte-compiling /home/kaneki/warebot_ws/install/clearpath_config/lib/python3.12/site-packages/clearpath_config/common/types/ip.py to ip.cpython-312.pyc
[1.007s] byte-compiling /home/kaneki/warebot_ws/install/clearpath_config/lib/python3.12/site-packages/clearpath_config/manipulators/__init__.py to __init__.cpython-312.pyc
[1.007s] byte-compiling /home/kaneki/warebot_ws/install/clearpath_config/lib/python3.12/site-packages/clearpath_config/manipulators/manipulators.py to manipulators.cpython-312.pyc
[1.007s] byte-compiling /home/kaneki/warebot_ws/install/clearpath_config/lib/python3.12/site-packages/clearpath_config/manipulators/types/arms.py to arms.cpython-312.pyc
[1.009s] byte-compiling /home/kaneki/warebot_ws/install/clearpath_config/lib/python3.12/site-packages/clearpath_config/manipulators/types/__init__.py to __init__.cpython-312.pyc
[1.009s] byte-compiling /home/kaneki/warebot_ws/install/clearpath_config/lib/python3.12/site-packages/clearpath_config/manipulators/types/lifts.py to lifts.cpython-312.pyc
[1.010s] byte-compiling /home/kaneki/warebot_ws/install/clearpath_config/lib/python3.12/site-packages/clearpath_config/manipulators/types/manipulator.py to manipulator.cpython-312.pyc
[1.011s] byte-compiling /home/kaneki/warebot_ws/install/clearpath_config/lib/python3.12/site-packages/clearpath_config/manipulators/types/grippers.py to grippers.cpython-312.pyc
[1.011s] byte-compiling /home/kaneki/warebot_ws/install/clearpath_config/lib/python3.12/site-packages/clearpath_config/links/__init__.py to __init__.cpython-312.pyc
[1.012s] byte-compiling /home/kaneki/warebot_ws/install/clearpath_config/lib/python3.12/site-packages/clearpath_config/links/links.py to links.cpython-312.pyc
[1.014s] byte-compiling /home/kaneki/warebot_ws/install/clearpath_config/lib/python3.12/site-packages/clearpath_config/links/types/__init__.py to __init__.cpython-312.pyc
[1.014s] byte-compiling /home/kaneki/warebot_ws/install/clearpath_config/lib/python3.12/site-packages/clearpath_config/links/types/frame.py to frame.cpython-312.pyc
[1.014s] byte-compiling /home/kaneki/warebot_ws/install/clearpath_config/lib/python3.12/site-packages/clearpath_config/links/types/box.py to box.cpython-312.pyc
[1.015s] byte-compiling /home/kaneki/warebot_ws/install/clearpath_config/lib/python3.12/site-packages/clearpath_config/links/types/link.py to link.cpython-312.pyc
[1.015s] byte-compiling /home/kaneki/warebot_ws/install/clearpath_config/lib/python3.12/site-packages/clearpath_config/links/types/sphere.py to sphere.cpython-312.pyc
[1.015s] byte-compiling /home/kaneki/warebot_ws/install/clearpath_config/lib/python3.12/site-packages/clearpath_config/links/types/cylinder.py to cylinder.cpython-312.pyc
[1.016s] byte-compiling /home/kaneki/warebot_ws/install/clearpath_config/lib/python3.12/site-packages/clearpath_config/links/types/mesh.py to mesh.cpython-312.pyc
[1.016s] byte-compiling /home/kaneki/warebot_ws/install/clearpath_config/lib/python3.12/site-packages/clearpath_config/sensors/__init__.py to __init__.cpython-312.pyc
[1.017s] byte-compiling /home/kaneki/warebot_ws/install/clearpath_config/lib/python3.12/site-packages/clearpath_config/sensors/sensors.py to sensors.cpython-312.pyc
[1.022s] byte-compiling /home/kaneki/warebot_ws/install/clearpath_config/lib/python3.12/site-packages/clearpath_config/sensors/types/__init__.py to __init__.cpython-312.pyc
[1.022s] byte-compiling /home/kaneki/warebot_ws/install/clearpath_config/lib/python3.12/site-packages/clearpath_config/sensors/types/cameras.py to cameras.cpython-312.pyc
[1.028s] byte-compiling /home/kaneki/warebot_ws/install/clearpath_config/lib/python3.12/site-packages/clearpath_config/sensors/types/charger.py to charger.cpython-312.pyc
[1.028s] byte-compiling /home/kaneki/warebot_ws/install/clearpath_config/lib/python3.12/site-packages/clearpath_config/sensors/types/sensor.py to sensor.cpython-312.pyc
[1.029s] byte-compiling /home/kaneki/warebot_ws/install/clearpath_config/lib/python3.12/site-packages/clearpath_config/sensors/types/gps.py to gps.cpython-312.pyc
[1.031s] byte-compiling /home/kaneki/warebot_ws/install/clearpath_config/lib/python3.12/site-packages/clearpath_config/sensors/types/imu.py to imu.cpython-312.pyc
[1.033s] byte-compiling /home/kaneki/warebot_ws/install/clearpath_config/lib/python3.12/site-packages/clearpath_config/sensors/types/lidars_2d.py to lidars_2d.cpython-312.pyc
[1.034s] byte-compiling /home/kaneki/warebot_ws/install/clearpath_config/lib/python3.12/site-packages/clearpath_config/sensors/types/ins.py to ins.cpython-312.pyc
[1.035s] byte-compiling /home/kaneki/warebot_ws/install/clearpath_config/lib/python3.12/site-packages/clearpath_config/sensors/types/lidars_3d.py to lidars_3d.cpython-312.pyc
[1.037s] running install_data
[1.037s] creating /home/kaneki/warebot_ws/install/clearpath_config/share/ament_index
[1.037s] creating /home/kaneki/warebot_ws/install/clearpath_config/share/ament_index/resource_index
[1.037s] creating /home/kaneki/warebot_ws/install/clearpath_config/share/ament_index/resource_index/packages
[1.037s] copying resource/clearpath_config -> /home/kaneki/warebot_ws/install/clearpath_config/share/ament_index/resource_index/packages
[1.038s] copying package.xml -> /home/kaneki/warebot_ws/install/clearpath_config/share/clearpath_config
[1.038s] creating /home/kaneki/warebot_ws/install/clearpath_config/share/clearpath_config/sample
[1.038s] copying clearpath_config/sample/dd150/dd150_velodyne.yaml -> /home/kaneki/warebot_ws/install/clearpath_config/share/clearpath_config/sample
[1.038s] copying clearpath_config/sample/dd150/dd150_dual_laser.yaml -> /home/kaneki/warebot_ws/install/clearpath_config/share/clearpath_config/sample
[1.038s] copying clearpath_config/sample/dd150/dd150_default.yaml -> /home/kaneki/warebot_ws/install/clearpath_config/share/clearpath_config/sample
[1.038s] copying clearpath_config/sample/dd150/dd150_outline.yaml -> /home/kaneki/warebot_ws/install/clearpath_config/share/clearpath_config/sample
[1.038s] copying clearpath_config/sample/r100/r100_outline.yaml -> /home/kaneki/warebot_ws/install/clearpath_config/share/clearpath_config/sample
[1.038s] copying clearpath_config/sample/r100/r100_dual_laser_hokuyo.yaml -> /home/kaneki/warebot_ws/install/clearpath_config/share/clearpath_config/sample
[1.038s] copying clearpath_config/sample/r100/r100_default.yaml -> /home/kaneki/warebot_ws/install/clearpath_config/share/clearpath_config/sample
[1.039s] copying clearpath_config/sample/r100/r100_dual_laser.yaml -> /home/kaneki/warebot_ws/install/clearpath_config/share/clearpath_config/sample
[1.039s] copying clearpath_config/sample/a200/a200_default.yaml -> /home/kaneki/warebot_ws/install/clearpath_config/share/clearpath_config/sample
[1.039s] copying clearpath_config/sample/a200/a200_velodyne.yaml -> /home/kaneki/warebot_ws/install/clearpath_config/share/clearpath_config/sample
[1.039s] copying clearpath_config/sample/a200/a200_sample.yaml -> /home/kaneki/warebot_ws/install/clearpath_config/share/clearpath_config/sample
[1.039s] copying clearpath_config/sample/a200/a200_outline.yaml -> /home/kaneki/warebot_ws/install/clearpath_config/share/clearpath_config/sample
[1.039s] copying clearpath_config/sample/a200/a200_dual_laser.yaml -> /home/kaneki/warebot_ws/install/clearpath_config/share/clearpath_config/sample
[1.039s] copying clearpath_config/sample/a200/a200_observer.yaml -> /home/kaneki/warebot_ws/install/clearpath_config/share/clearpath_config/sample
[1.039s] copying clearpath_config/sample/do100/do100_outline.yaml -> /home/kaneki/warebot_ws/install/clearpath_config/share/clearpath_config/sample
[1.040s] copying clearpath_config/sample/do100/do100_default.yaml -> /home/kaneki/warebot_ws/install/clearpath_config/share/clearpath_config/sample
[1.040s] copying clearpath_config/sample/do100/do100_velodyne.yaml -> /home/kaneki/warebot_ws/install/clearpath_config/share/clearpath_config/sample
[1.040s] copying clearpath_config/sample/do100/do100_dual_laser.yaml -> /home/kaneki/warebot_ws/install/clearpath_config/share/clearpath_config/sample
[1.040s] copying clearpath_config/sample/manipulators/arms/kinova_gen3_7dof.yaml -> /home/kaneki/warebot_ws/install/clearpath_config/share/clearpath_config/sample
[1.040s] copying clearpath_config/sample/manipulators/arms/universal_robots.yaml -> /home/kaneki/warebot_ws/install/clearpath_config/share/clearpath_config/sample
[1.040s] copying clearpath_config/sample/manipulators/arms/kinova_gen3_6dof.yaml -> /home/kaneki/warebot_ws/install/clearpath_config/share/clearpath_config/sample
[1.040s] copying clearpath_config/sample/manipulators/arms/kinova_gen3_lite.yaml -> /home/kaneki/warebot_ws/install/clearpath_config/share/clearpath_config/sample
[1.040s] copying clearpath_config/sample/manipulators/grippers/robotiq_2f_85.yaml -> /home/kaneki/warebot_ws/install/clearpath_config/share/clearpath_config/sample
[1.040s] copying clearpath_config/sample/manipulators/grippers/robotiq_2f_140.yaml -> /home/kaneki/warebot_ws/install/clearpath_config/share/clearpath_config/sample
[1.041s] copying clearpath_config/sample/manipulators/grippers/kinova_2f_lite.yaml -> /home/kaneki/warebot_ws/install/clearpath_config/share/clearpath_config/sample
[1.041s] copying clearpath_config/sample/j100/j100_default.yaml -> /home/kaneki/warebot_ws/install/clearpath_config/share/clearpath_config/sample
[1.041s] copying clearpath_config/sample/j100/j100_sample.yaml -> /home/kaneki/warebot_ws/install/clearpath_config/share/clearpath_config/sample
[1.041s] copying clearpath_config/sample/j100/j100_velodyne.yaml -> /home/kaneki/warebot_ws/install/clearpath_config/share/clearpath_config/sample
[1.041s] copying clearpath_config/sample/j100/j100_outline.yaml -> /home/kaneki/warebot_ws/install/clearpath_config/share/clearpath_config/sample
[1.041s] copying clearpath_config/sample/j100/j100_microstrain_gq7.yaml -> /home/kaneki/warebot_ws/install/clearpath_config/share/clearpath_config/sample
[1.041s] copying clearpath_config/sample/j100/j100_dual_laser.yaml -> /home/kaneki/warebot_ws/install/clearpath_config/share/clearpath_config/sample
[1.042s] copying clearpath_config/sample/do150/do150_default.yaml -> /home/kaneki/warebot_ws/install/clearpath_config/share/clearpath_config/sample
[1.042s] copying clearpath_config/sample/do150/do150_outline.yaml -> /home/kaneki/warebot_ws/install/clearpath_config/share/clearpath_config/sample
[1.042s] copying clearpath_config/sample/do150/do150_velodyne.yaml -> /home/kaneki/warebot_ws/install/clearpath_config/share/clearpath_config/sample
[1.042s] copying clearpath_config/sample/do150/do150_dual_laser.yaml -> /home/kaneki/warebot_ws/install/clearpath_config/share/clearpath_config/sample
[1.042s] copying clearpath_config/sample/sensors/sick_lms1xx.yaml -> /home/kaneki/warebot_ws/install/clearpath_config/share/clearpath_config/sample
[1.042s] copying clearpath_config/sample/sensors/fixposition_xvn.yaml -> /home/kaneki/warebot_ws/install/clearpath_config/share/clearpath_config/sample
[1.042s] copying clearpath_config/sample/sensors/swiftnav_duro.yaml -> /home/kaneki/warebot_ws/install/clearpath_config/share/clearpath_config/sample
[1.042s] copying clearpath_config/sample/sensors/redshift_um7.yaml -> /home/kaneki/warebot_ws/install/clearpath_config/share/clearpath_config/sample
[1.043s] copying clearpath_config/sample/sensors/garmin_18x.yaml -> /home/kaneki/warebot_ws/install/clearpath_config/share/clearpath_config/sample
[1.043s] copying clearpath_config/sample/sensors/axis_camera.yaml -> /home/kaneki/warebot_ws/install/clearpath_config/share/clearpath_config/sample
[1.043s] copying clearpath_config/sample/sensors/microstrain_imu.yaml -> /home/kaneki/warebot_ws/install/clearpath_config/share/clearpath_config/sample
[1.043s] copying clearpath_config/sample/sensors/stereolabs_zed.yaml -> /home/kaneki/warebot_ws/install/clearpath_config/share/clearpath_config/sample
[1.043s] copying clearpath_config/sample/sensors/intel_realsense.yaml -> /home/kaneki/warebot_ws/install/clearpath_config/share/clearpath_config/sample
[1.043s] copying clearpath_config/sample/sensors/phidgets_spatial.yaml -> /home/kaneki/warebot_ws/install/clearpath_config/share/clearpath_config/sample
[1.043s] copying clearpath_config/sample/sensors/velodyne_lidar.yaml -> /home/kaneki/warebot_ws/install/clearpath_config/share/clearpath_config/sample
[1.043s] copying clearpath_config/sample/sensors/seyond_lidar.yaml -> /home/kaneki/warebot_ws/install/clearpath_config/share/clearpath_config/sample
[1.043s] copying clearpath_config/sample/sensors/microstrain_gq7.yaml -> /home/kaneki/warebot_ws/install/clearpath_config/share/clearpath_config/sample
[1.043s] copying clearpath_config/sample/sensors/chrobotics_um6.yaml -> /home/kaneki/warebot_ws/install/clearpath_config/share/clearpath_config/sample
[1.043s] copying clearpath_config/sample/sensors/luxonis_oakd.yaml -> /home/kaneki/warebot_ws/install/clearpath_config/share/clearpath_config/sample
[1.043s] copying clearpath_config/sample/sensors/ouster_os1.yaml -> /home/kaneki/warebot_ws/install/clearpath_config/share/clearpath_config/sample
[1.043s] copying clearpath_config/sample/sensors/flir_blackfly.yaml -> /home/kaneki/warebot_ws/install/clearpath_config/share/clearpath_config/sample
[1.043s] copying clearpath_config/sample/sensors/novatel_smart6.yaml -> /home/kaneki/warebot_ws/install/clearpath_config/share/clearpath_config/sample
[1.043s] copying clearpath_config/sample/sensors/novatel_smart7.yaml -> /home/kaneki/warebot_ws/install/clearpath_config/share/clearpath_config/sample
[1.043s] copying clearpath_config/sample/sensors/hokuyo_ust.yaml -> /home/kaneki/warebot_ws/install/clearpath_config/share/clearpath_config/sample
[1.043s] copying clearpath_config/sample/a300/a300_default.yaml -> /home/kaneki/warebot_ws/install/clearpath_config/share/clearpath_config/sample
[1.043s] copying clearpath_config/sample/a300/a300_amp.yaml -> /home/kaneki/warebot_ws/install/clearpath_config/share/clearpath_config/sample
[1.044s] copying clearpath_config/sample/a300/a300_rwd.yaml -> /home/kaneki/warebot_ws/install/clearpath_config/share/clearpath_config/sample
[1.044s] copying clearpath_config/sample/a300/a300_dual_laser.yaml -> /home/kaneki/warebot_ws/install/clearpath_config/share/clearpath_config/sample
[1.044s] copying clearpath_config/sample/a300/a300_fwd.yaml -> /home/kaneki/warebot_ws/install/clearpath_config/share/clearpath_config/sample
[1.044s] copying clearpath_config/sample/a300/a300_observer.yaml -> /home/kaneki/warebot_ws/install/clearpath_config/share/clearpath_config/sample
[1.044s] copying clearpath_config/sample/a300/a300_omni.yaml -> /home/kaneki/warebot_ws/install/clearpath_config/share/clearpath_config/sample
[1.044s] copying clearpath_config/sample/a300/a300_outline.yaml -> /home/kaneki/warebot_ws/install/clearpath_config/share/clearpath_config/sample
[1.044s] copying clearpath_config/sample/dd100/dd100_dual_laser.yaml -> /home/kaneki/warebot_ws/install/clearpath_config/share/clearpath_config/sample
[1.044s] copying clearpath_config/sample/dd100/dd100_default.yaml -> /home/kaneki/warebot_ws/install/clearpath_config/share/clearpath_config/sample
[1.044s] copying clearpath_config/sample/dd100/dd100_outline.yaml -> /home/kaneki/warebot_ws/install/clearpath_config/share/clearpath_config/sample
[1.044s] copying clearpath_config/sample/dd100/dd100_velodyne.yaml -> /home/kaneki/warebot_ws/install/clearpath_config/share/clearpath_config/sample
[1.044s] copying clearpath_config/sample/w200/w200_dual_laser.yaml -> /home/kaneki/warebot_ws/install/clearpath_config/share/clearpath_config/sample
[1.044s] copying clearpath_config/sample/w200/w200_outline.yaml -> /home/kaneki/warebot_ws/install/clearpath_config/share/clearpath_config/sample
[1.044s] copying clearpath_config/sample/w200/w200_velodyne.yaml -> /home/kaneki/warebot_ws/install/clearpath_config/share/clearpath_config/sample
[1.044s] copying clearpath_config/sample/w200/w200_default.yaml -> /home/kaneki/warebot_ws/install/clearpath_config/share/clearpath_config/sample
[1.044s] copying clearpath_config/sample/middleware/fastrtps_server.yaml -> /home/kaneki/warebot_ws/install/clearpath_config/share/clearpath_config/sample
[1.044s] copying clearpath_config/sample/middleware/fastrtps_simple_w_peers.yaml -> /home/kaneki/warebot_ws/install/clearpath_config/share/clearpath_config/sample
[1.044s] copying clearpath_config/sample/middleware/fastrtps_simple.yaml -> /home/kaneki/warebot_ws/install/clearpath_config/share/clearpath_config/sample
[1.044s] copying clearpath_config/sample/middleware/zenoh.yaml -> /home/kaneki/warebot_ws/install/clearpath_config/share/clearpath_config/sample
[1.044s] running install_egg_info
[1.059s] Copying ../../build/clearpath_config/clearpath_config.egg-info to /home/kaneki/warebot_ws/install/clearpath_config/lib/python3.12/site-packages/clearpath_config-2.8.2-py3.12.egg-info
[1.059s] running install_scripts
[1.166s] writing list of installed files to '/home/kaneki/warebot_ws/build/clearpath_config/install.log'
[1.185s] Invoked command in '/home/kaneki/warebot_ws/src/clearpath_config' returned '0': DEBUGINFOD_URLS=https://debuginfod.ubuntu.com PYTHONPATH=/home/kaneki/warebot_ws/build/clearpath_config/prefix_override:/usr/lib/python3/dist-packages/colcon_core/task/python/colcon_distutils_commands:/home/kaneki/warebot_ws/install/clearpath_config/lib/python3.12/site-packages:${PYTHONPATH} /usr/bin/python3 -W ignore:setup.py install is deprecated -W ignore:easy_install command is deprecated setup.py egg_info --egg-base ../../build/clearpath_config build --build-base /home/kaneki/warebot_ws/build/clearpath_config/build install --record /home/kaneki/warebot_ws/build/clearpath_config/install.log --single-version-externally-managed install_data
