[0.019s] Invoking command in '/home/kaneki/cobot_ws/build/clearpath_control': AMENT_PREFIX_PATH=/home/kaneki/cobot_ws/install/clearpath_bt_joy:${AMENT_PREFIX_PATH} CMAKE_PREFIX_PATH=${CMAKE_PREFIX_PATH}:/home/kaneki/warebot_ws/install/warebot:/home/kaneki/warebot_ws/install/clearpath_config:/home/kaneki/ros2_ws/install/rqt_joint_trajectory_controller:/home/kaneki/ros2_ws/install/rqt_controller_manager:/home/kaneki/ros2_ws/install/ros2controlcli:/home/kaneki/ros2_ws/install/ros2_controllers_test_nodes:/opt/ros/jazzy DEBUGINFOD_URLS=https://debuginfod.ubuntu.com PYTHONPATH=/home/kaneki/cobot_ws/install/clearpath_bt_joy/lib/python3.12/site-packages:${PYTHONPATH} /usr/bin/cmake /home/kaneki/cobot_ws/src/clearpath_common/clearpath_control -DCMAKE_INSTALL_PREFIX=/home/kaneki/cobot_ws/install/clearpath_control
[0.090s] -- The C compiler identification is GNU 13.3.0
[0.146s] -- The CXX compiler identification is GNU 13.3.0
[0.165s] -- Detecting C compiler ABI info
[0.275s] -- Detecting C compiler ABI info - done
[0.281s] -- Check for working C compiler: /usr/bin/cc - skipped
[0.281s] -- Detecting C compile features
[0.281s] -- Detecting C compile features - done
[0.292s] -- Detecting CXX compiler ABI info
[0.410s] -- Detecting CXX compiler ABI info - done
[0.416s] -- Check for working CXX compiler: /usr/bin/c++ - skipped
[0.417s] -- Detecting CXX compile features
[0.417s] -- Detecting CXX compile features - done
[0.430s] -- Found ament_cmake: 2.5.4 (/opt/ros/jazzy/share/ament_cmake/cmake)
[0.655s] -- Found Python3: /usr/bin/python3 (found version "3.12.3") found components: Interpreter 
[0.901s] -- Configuring done (0.9s)
[0.903s] -- Generating done (0.0s)
[0.904s] -- Build files have been written to: /home/kaneki/cobot_ws/build/clearpath_control
[0.909s] Invoked command in '/home/kaneki/cobot_ws/build/clearpath_control' returned '0': AMENT_PREFIX_PATH=/home/kaneki/cobot_ws/install/clearpath_bt_joy:${AMENT_PREFIX_PATH} CMAKE_PREFIX_PATH=${CMAKE_PREFIX_PATH}:/home/kaneki/warebot_ws/install/warebot:/home/kaneki/warebot_ws/install/clearpath_config:/home/kaneki/ros2_ws/install/rqt_joint_trajectory_controller:/home/kaneki/ros2_ws/install/rqt_controller_manager:/home/kaneki/ros2_ws/install/ros2controlcli:/home/kaneki/ros2_ws/install/ros2_controllers_test_nodes:/opt/ros/jazzy DEBUGINFOD_URLS=https://debuginfod.ubuntu.com PYTHONPATH=/home/kaneki/cobot_ws/install/clearpath_bt_joy/lib/python3.12/site-packages:${PYTHONPATH} /usr/bin/cmake /home/kaneki/cobot_ws/src/clearpath_common/clearpath_control -DCMAKE_INSTALL_PREFIX=/home/kaneki/cobot_ws/install/clearpath_control
[0.910s] Invoking command in '/home/kaneki/cobot_ws/build/clearpath_control': AMENT_PREFIX_PATH=/home/kaneki/cobot_ws/install/clearpath_bt_joy:${AMENT_PREFIX_PATH} CMAKE_PREFIX_PATH=${CMAKE_PREFIX_PATH}:/home/kaneki/warebot_ws/install/warebot:/home/kaneki/warebot_ws/install/clearpath_config:/home/kaneki/ros2_ws/install/rqt_joint_trajectory_controller:/home/kaneki/ros2_ws/install/rqt_controller_manager:/home/kaneki/ros2_ws/install/ros2controlcli:/home/kaneki/ros2_ws/install/ros2_controllers_test_nodes:/opt/ros/jazzy DEBUGINFOD_URLS=https://debuginfod.ubuntu.com PYTHONPATH=/home/kaneki/cobot_ws/install/clearpath_bt_joy/lib/python3.12/site-packages:${PYTHONPATH} /usr/bin/cmake --build /home/kaneki/cobot_ws/build/clearpath_control -- -j16 -l16
[0.963s] Invoked command in '/home/kaneki/cobot_ws/build/clearpath_control' returned '0': AMENT_PREFIX_PATH=/home/kaneki/cobot_ws/install/clearpath_bt_joy:${AMENT_PREFIX_PATH} CMAKE_PREFIX_PATH=${CMAKE_PREFIX_PATH}:/home/kaneki/warebot_ws/install/warebot:/home/kaneki/warebot_ws/install/clearpath_config:/home/kaneki/ros2_ws/install/rqt_joint_trajectory_controller:/home/kaneki/ros2_ws/install/rqt_controller_manager:/home/kaneki/ros2_ws/install/ros2controlcli:/home/kaneki/ros2_ws/install/ros2_controllers_test_nodes:/opt/ros/jazzy DEBUGINFOD_URLS=https://debuginfod.ubuntu.com PYTHONPATH=/home/kaneki/cobot_ws/install/clearpath_bt_joy/lib/python3.12/site-packages:${PYTHONPATH} /usr/bin/cmake --build /home/kaneki/cobot_ws/build/clearpath_control -- -j16 -l16
[0.964s] Invoking command in '/home/kaneki/cobot_ws/build/clearpath_control': AMENT_PREFIX_PATH=/home/kaneki/cobot_ws/install/clearpath_bt_joy:${AMENT_PREFIX_PATH} CMAKE_PREFIX_PATH=${CMAKE_PREFIX_PATH}:/home/kaneki/warebot_ws/install/warebot:/home/kaneki/warebot_ws/install/clearpath_config:/home/kaneki/ros2_ws/install/rqt_joint_trajectory_controller:/home/kaneki/ros2_ws/install/rqt_controller_manager:/home/kaneki/ros2_ws/install/ros2controlcli:/home/kaneki/ros2_ws/install/ros2_controllers_test_nodes:/opt/ros/jazzy DEBUGINFOD_URLS=https://debuginfod.ubuntu.com PYTHONPATH=/home/kaneki/cobot_ws/install/clearpath_bt_joy/lib/python3.12/site-packages:${PYTHONPATH} /usr/bin/cmake --install /home/kaneki/cobot_ws/build/clearpath_control
[0.975s] -- Install configuration: ""
[0.975s] -- Installing: /home/kaneki/cobot_ws/install/clearpath_control/share/clearpath_control/config
[0.975s] -- Installing: /home/kaneki/cobot_ws/install/clearpath_control/share/clearpath_control/config/dd150
[0.975s] -- Installing: /home/kaneki/cobot_ws/install/clearpath_control/share/clearpath_control/config/dd150/teleop_interactive_markers.yaml
[0.975s] -- Installing: /home/kaneki/cobot_ws/install/clearpath_control/share/clearpath_control/config/dd150/localization.yaml
[0.975s] -- Installing: /home/kaneki/cobot_ws/install/clearpath_control/share/clearpath_control/config/dd150/control
[0.975s] -- Installing: /home/kaneki/cobot_ws/install/clearpath_control/share/clearpath_control/config/dd150/control/diff_fwd.yaml
[0.976s] -- Installing: /home/kaneki/cobot_ws/install/clearpath_control/share/clearpath_control/config/dd150/teleop_joy.yaml
[0.976s] -- Installing: /home/kaneki/cobot_ws/install/clearpath_control/share/clearpath_control/config/generic
[0.976s] -- Installing: /home/kaneki/cobot_ws/install/clearpath_control/share/clearpath_control/config/generic/teleop_logitech.yaml
[0.976s] -- Installing: /home/kaneki/cobot_ws/install/clearpath_control/share/clearpath_control/config/generic/teleop_interactive_markers.yaml
[0.976s] -- Installing: /home/kaneki/cobot_ws/install/clearpath_control/share/clearpath_control/config/generic/localization.yaml
[0.976s] -- Installing: /home/kaneki/cobot_ws/install/clearpath_control/share/clearpath_control/config/generic/control
[0.976s] -- Installing: /home/kaneki/cobot_ws/install/clearpath_control/share/clearpath_control/config/generic/control/empty.yaml
[0.976s] -- Installing: /home/kaneki/cobot_ws/install/clearpath_control/share/clearpath_control/config/generic/teleop_xbox.yaml
[0.976s] -- Installing: /home/kaneki/cobot_ws/install/clearpath_control/share/clearpath_control/config/generic/teleop_ps4.yaml
[0.976s] -- Installing: /home/kaneki/cobot_ws/install/clearpath_control/share/clearpath_control/config/generic/teleop_joy.yaml
[0.977s] -- Installing: /home/kaneki/cobot_ws/install/clearpath_control/share/clearpath_control/config/generic/teleop_ps5.yaml
[0.977s] -- Installing: /home/kaneki/cobot_ws/install/clearpath_control/share/clearpath_control/config/r100
[0.977s] -- Installing: /home/kaneki/cobot_ws/install/clearpath_control/share/clearpath_control/config/r100/teleop_interactive_markers.yaml
[0.977s] -- Installing: /home/kaneki/cobot_ws/install/clearpath_control/share/clearpath_control/config/r100/control
[0.977s] -- Installing: /home/kaneki/cobot_ws/install/clearpath_control/share/clearpath_control/config/r100/control/diff_4wd.yaml
[0.977s] -- Installing: /home/kaneki/cobot_ws/install/clearpath_control/share/clearpath_control/config/r100/control/omni_4wd.yaml
[0.977s] -- Installing: /home/kaneki/cobot_ws/install/clearpath_control/share/clearpath_control/config/r100/teleop_joy.yaml
[0.977s] -- Installing: /home/kaneki/cobot_ws/install/clearpath_control/share/clearpath_control/config/a200
[0.977s] -- Installing: /home/kaneki/cobot_ws/install/clearpath_control/share/clearpath_control/config/a200/teleop_interactive_markers.yaml
[0.977s] -- Installing: /home/kaneki/cobot_ws/install/clearpath_control/share/clearpath_control/config/a200/control
[0.978s] -- Installing: /home/kaneki/cobot_ws/install/clearpath_control/share/clearpath_control/config/a200/control/diff_4wd.yaml
[0.978s] -- Installing: /home/kaneki/cobot_ws/install/clearpath_control/share/clearpath_control/config/a200/teleop_joy.yaml
[0.978s] -- Installing: /home/kaneki/cobot_ws/install/clearpath_control/share/clearpath_control/config/do100
[0.978s] -- Installing: /home/kaneki/cobot_ws/install/clearpath_control/share/clearpath_control/config/do100/teleop_interactive_markers.yaml
[0.978s] -- Installing: /home/kaneki/cobot_ws/install/clearpath_control/share/clearpath_control/config/do100/control
[0.978s] -- Installing: /home/kaneki/cobot_ws/install/clearpath_control/share/clearpath_control/config/do100/control/diff_4wd.yaml
[0.978s] -- Installing: /home/kaneki/cobot_ws/install/clearpath_control/share/clearpath_control/config/do100/control/omni_4wd.yaml
[0.978s] -- Installing: /home/kaneki/cobot_ws/install/clearpath_control/share/clearpath_control/config/do100/teleop_joy.yaml
[0.978s] -- Installing: /home/kaneki/cobot_ws/install/clearpath_control/share/clearpath_control/config/twist_mux.yaml
[0.978s] -- Installing: /home/kaneki/cobot_ws/install/clearpath_control/share/clearpath_control/config/j100
[0.979s] -- Installing: /home/kaneki/cobot_ws/install/clearpath_control/share/clearpath_control/config/j100/teleop_interactive_markers.yaml
[0.979s] -- Installing: /home/kaneki/cobot_ws/install/clearpath_control/share/clearpath_control/config/j100/control
[0.979s] -- Installing: /home/kaneki/cobot_ws/install/clearpath_control/share/clearpath_control/config/j100/control/diff_4wd.yaml
[0.979s] -- Installing: /home/kaneki/cobot_ws/install/clearpath_control/share/clearpath_control/config/j100/teleop_joy.yaml
[0.979s] -- Installing: /home/kaneki/cobot_ws/install/clearpath_control/share/clearpath_control/config/do150
[0.979s] -- Installing: /home/kaneki/cobot_ws/install/clearpath_control/share/clearpath_control/config/do150/teleop_interactive_markers.yaml
[0.979s] -- Installing: /home/kaneki/cobot_ws/install/clearpath_control/share/clearpath_control/config/do150/control
[0.979s] -- Installing: /home/kaneki/cobot_ws/install/clearpath_control/share/clearpath_control/config/do150/control/diff_4wd.yaml
[0.979s] -- Installing: /home/kaneki/cobot_ws/install/clearpath_control/share/clearpath_control/config/do150/control/omni_4wd.yaml
[0.979s] -- Installing: /home/kaneki/cobot_ws/install/clearpath_control/share/clearpath_control/config/do150/teleop_joy.yaml
[0.980s] -- Installing: /home/kaneki/cobot_ws/install/clearpath_control/share/clearpath_control/config/a300
[0.980s] -- Installing: /home/kaneki/cobot_ws/install/clearpath_control/share/clearpath_control/config/a300/teleop_interactive_markers.yaml
[0.980s] -- Installing: /home/kaneki/cobot_ws/install/clearpath_control/share/clearpath_control/config/a300/control
[0.980s] -- Installing: /home/kaneki/cobot_ws/install/clearpath_control/share/clearpath_control/config/a300/control/diff_fwd.yaml
[0.980s] -- Installing: /home/kaneki/cobot_ws/install/clearpath_control/share/clearpath_control/config/a300/control/diff_rwd.yaml
[0.980s] -- Installing: /home/kaneki/cobot_ws/install/clearpath_control/share/clearpath_control/config/a300/control/diff_4wd.yaml
[0.980s] -- Installing: /home/kaneki/cobot_ws/install/clearpath_control/share/clearpath_control/config/a300/control/omni_4wd.yaml
[0.980s] -- Installing: /home/kaneki/cobot_ws/install/clearpath_control/share/clearpath_control/config/a300/teleop_joy.yaml
[0.980s] -- Installing: /home/kaneki/cobot_ws/install/clearpath_control/share/clearpath_control/config/imu_filter.yaml
[0.981s] -- Installing: /home/kaneki/cobot_ws/install/clearpath_control/share/clearpath_control/config/dd100
[0.981s] -- Installing: /home/kaneki/cobot_ws/install/clearpath_control/share/clearpath_control/config/dd100/teleop_interactive_markers.yaml
[0.981s] -- Installing: /home/kaneki/cobot_ws/install/clearpath_control/share/clearpath_control/config/dd100/control
[0.981s] -- Installing: /home/kaneki/cobot_ws/install/clearpath_control/share/clearpath_control/config/dd100/control/diff_fwd.yaml
[0.981s] -- Installing: /home/kaneki/cobot_ws/install/clearpath_control/share/clearpath_control/config/dd100/teleop_joy.yaml
[0.981s] -- Installing: /home/kaneki/cobot_ws/install/clearpath_control/share/clearpath_control/config/w200
[0.981s] -- Installing: /home/kaneki/cobot_ws/install/clearpath_control/share/clearpath_control/config/w200/teleop_interactive_markers.yaml
[0.981s] -- Installing: /home/kaneki/cobot_ws/install/clearpath_control/share/clearpath_control/config/w200/control
[0.981s] -- Installing: /home/kaneki/cobot_ws/install/clearpath_control/share/clearpath_control/config/w200/control/diff_4wd.yaml
[0.981s] -- Installing: /home/kaneki/cobot_ws/install/clearpath_control/share/clearpath_control/config/w200/teleop_joy.yaml
[0.981s] -- Installing: /home/kaneki/cobot_ws/install/clearpath_control/share/clearpath_control/launch
[0.981s] -- Installing: /home/kaneki/cobot_ws/install/clearpath_control/share/clearpath_control/launch/localization.launch.py
[0.981s] -- Installing: /home/kaneki/cobot_ws/install/clearpath_control/share/clearpath_control/launch/teleop_joy.launch.py
[0.982s] -- Installing: /home/kaneki/cobot_ws/install/clearpath_control/share/clearpath_control/launch/teleop_base.launch.py
[0.982s] -- Installing: /home/kaneki/cobot_ws/install/clearpath_control/share/clearpath_control/launch/control.launch.py
[0.982s] -- Installing: /home/kaneki/cobot_ws/install/clearpath_control/share/ament_index/resource_index/package_run_dependencies/clearpath_control
[0.982s] -- Installing: /home/kaneki/cobot_ws/install/clearpath_control/share/ament_index/resource_index/parent_prefix_path/clearpath_control
[0.982s] -- Installing: /home/kaneki/cobot_ws/install/clearpath_control/share/clearpath_control/environment/ament_prefix_path.sh
[0.982s] -- Installing: /home/kaneki/cobot_ws/install/clearpath_control/share/clearpath_control/environment/ament_prefix_path.dsv
[0.982s] -- Installing: /home/kaneki/cobot_ws/install/clearpath_control/share/clearpath_control/environment/path.sh
[0.982s] -- Installing: /home/kaneki/cobot_ws/install/clearpath_control/share/clearpath_control/environment/path.dsv
[0.982s] -- Installing: /home/kaneki/cobot_ws/install/clearpath_control/share/clearpath_control/local_setup.bash
[0.982s] -- Installing: /home/kaneki/cobot_ws/install/clearpath_control/share/clearpath_control/local_setup.sh
[0.983s] -- Installing: /home/kaneki/cobot_ws/install/clearpath_control/share/clearpath_control/local_setup.zsh
[0.983s] -- Installing: /home/kaneki/cobot_ws/install/clearpath_control/share/clearpath_control/local_setup.dsv
[0.983s] -- Installing: /home/kaneki/cobot_ws/install/clearpath_control/share/clearpath_control/package.dsv
[0.983s] -- Installing: /home/kaneki/cobot_ws/install/clearpath_control/share/ament_index/resource_index/packages/clearpath_control
[0.983s] -- Installing: /home/kaneki/cobot_ws/install/clearpath_control/share/clearpath_control/cmake/clearpath_controlConfig.cmake
[0.983s] -- Installing: /home/kaneki/cobot_ws/install/clearpath_control/share/clearpath_control/cmake/clearpath_controlConfig-version.cmake
[0.983s] -- Installing: /home/kaneki/cobot_ws/install/clearpath_control/share/clearpath_control/package.xml
[0.984s] Invoked command in '/home/kaneki/cobot_ws/build/clearpath_control' returned '0': AMENT_PREFIX_PATH=/home/kaneki/cobot_ws/install/clearpath_bt_joy:${AMENT_PREFIX_PATH} CMAKE_PREFIX_PATH=${CMAKE_PREFIX_PATH}:/home/kaneki/warebot_ws/install/warebot:/home/kaneki/warebot_ws/install/clearpath_config:/home/kaneki/ros2_ws/install/rqt_joint_trajectory_controller:/home/kaneki/ros2_ws/install/rqt_controller_manager:/home/kaneki/ros2_ws/install/ros2controlcli:/home/kaneki/ros2_ws/install/ros2_controllers_test_nodes:/opt/ros/jazzy DEBUGINFOD_URLS=https://debuginfod.ubuntu.com PYTHONPATH=/home/kaneki/cobot_ws/install/clearpath_bt_joy/lib/python3.12/site-packages:${PYTHONPATH} /usr/bin/cmake --install /home/kaneki/cobot_ws/build/clearpath_control
