[0.945s] Invoking command in '/home/kaneki/cobot_ws/src/warebot': AMENT_PREFIX_PATH=/home/kaneki/cobot_ws/install/clearpath_sensors_description:${AMENT_PREFIX_PATH} CMAKE_PREFIX_PATH=/home/kaneki/cobot_ws/install/clearpath_sensors_description:${CMAKE_PREFIX_PATH} PYTHONPATH=/home/kaneki/cobot_ws/build/warebot/prefix_override:/usr/lib/python3/dist-packages/colcon_core/task/python/colcon_distutils_commands:/home/kaneki/cobot_ws/install/warebot/lib/python3.12/site-packages:${PYTHONPATH} /usr/bin/python3 -W ignore:setup.py install is deprecated -W ignore:easy_install command is deprecated setup.py egg_info --egg-base ../../build/warebot build --build-base /home/kaneki/cobot_ws/build/warebot/build install --record /home/kaneki/cobot_ws/build/warebot/install.log --single-version-externally-managed install_data
[1.262s] running egg_info
[1.283s] writing ../../build/warebot/warebot.egg-info/PKG-INFO
[1.284s] writing dependency_links to ../../build/warebot/warebot.egg-info/dependency_links.txt
[1.284s] writing requirements to ../../build/warebot/warebot.egg-info/requires.txt
[1.285s] writing top-level names to ../../build/warebot/warebot.egg-info/top_level.txt
[1.329s] reading manifest file '../../build/warebot/warebot.egg-info/SOURCES.txt'
[1.331s] writing manifest file '../../build/warebot/warebot.egg-info/SOURCES.txt'
[1.332s] running build
[1.332s] running build_py
[1.332s] running install
[1.338s] running install_lib
[1.361s] running install_data
[1.361s] copying package.xml -> /home/kaneki/cobot_ws/install/warebot/share/warebot
[1.362s] copying launch/display.launch.py -> /home/kaneki/cobot_ws/install/warebot/share/warebot/launch
[1.362s] copying description/robot.urdf.xacro -> /home/kaneki/cobot_ws/install/warebot/share/warebot/description
[1.363s] running install_egg_info
[1.388s] removing '/home/kaneki/cobot_ws/install/warebot/lib/python3.12/site-packages/warebot-0.0.0-py3.12.egg-info' (and everything under it)
[1.388s] Copying ../../build/warebot/warebot.egg-info to /home/kaneki/cobot_ws/install/warebot/lib/python3.12/site-packages/warebot-0.0.0-py3.12.egg-info
[1.389s] running install_scripts
[1.533s] writing list of installed files to '/home/kaneki/cobot_ws/build/warebot/install.log'
[1.566s] Invoked command in '/home/kaneki/cobot_ws/src/warebot' returned '0': AMENT_PREFIX_PATH=/home/kaneki/cobot_ws/install/clearpath_sensors_description:${AMENT_PREFIX_PATH} CMAKE_PREFIX_PATH=/home/kaneki/cobot_ws/install/clearpath_sensors_description:${CMAKE_PREFIX_PATH} PYTHONPATH=/home/kaneki/cobot_ws/build/warebot/prefix_override:/usr/lib/python3/dist-packages/colcon_core/task/python/colcon_distutils_commands:/home/kaneki/cobot_ws/install/warebot/lib/python3.12/site-packages:${PYTHONPATH} /usr/bin/python3 -W ignore:setup.py install is deprecated -W ignore:easy_install command is deprecated setup.py egg_info --egg-base ../../build/warebot build --build-base /home/kaneki/cobot_ws/build/warebot/build install --record /home/kaneki/cobot_ws/build/warebot/install.log --single-version-externally-managed install_data
