[1.531s] Invoking command in '/home/kaneki/cobot_ws/src/clearpath_config': DEBUGINFOD_URLS=https://debuginfod.ubuntu.com PYTHONPATH=/home/kaneki/cobot_ws/build/clearpath_config/prefix_override:/usr/lib/python3/dist-packages/colcon_core/task/python/colcon_distutils_commands:/home/kaneki/cobot_ws/install/clearpath_config/lib/python3.12/site-packages:${PYTHONPATH} /usr/bin/python3 -W ignore:setup.py install is deprecated -W ignore:easy_install command is deprecated setup.py egg_info --egg-base ../../build/clearpath_config build --build-base /home/kaneki/cobot_ws/build/clearpath_config/build install --record /home/kaneki/cobot_ws/build/clearpath_config/install.log --single-version-externally-managed install_data
[1.821s] running egg_info
[1.837s] writing ../../build/clearpath_config/clearpath_config.egg-info/PKG-INFO
[1.837s] writing dependency_links to ../../build/clearpath_config/clearpath_config.egg-info/dependency_links.txt
[1.838s] writing requirements to ../../build/clearpath_config/clearpath_config.egg-info/requires.txt
[1.838s] writing top-level names to ../../build/clearpath_config/clearpath_config.egg-info/top_level.txt
[1.881s] reading manifest file '../../build/clearpath_config/clearpath_config.egg-info/SOURCES.txt'
[1.881s] adding license file 'LICENSE'
[1.883s] writing manifest file '../../build/clearpath_config/clearpath_config.egg-info/SOURCES.txt'
[1.883s] running build
[1.883s] running build_py
[1.887s] running install
[1.893s] running install_lib
[1.914s] running install_data
[1.915s] running install_egg_info
[1.933s] removing '/home/kaneki/cobot_ws/install/clearpath_config/lib/python3.12/site-packages/clearpath_config-2.8.2-py3.12.egg-info' (and everything under it)
[1.933s] Copying ../../build/clearpath_config/clearpath_config.egg-info to /home/kaneki/cobot_ws/install/clearpath_config/lib/python3.12/site-packages/clearpath_config-2.8.2-py3.12.egg-info
[1.934s] running install_scripts
[2.075s] writing list of installed files to '/home/kaneki/cobot_ws/build/clearpath_config/install.log'
[2.100s] Invoked command in '/home/kaneki/cobot_ws/src/clearpath_config' returned '0': DEBUGINFOD_URLS=https://debuginfod.ubuntu.com PYTHONPATH=/home/kaneki/cobot_ws/build/clearpath_config/prefix_override:/usr/lib/python3/dist-packages/colcon_core/task/python/colcon_distutils_commands:/home/kaneki/cobot_ws/install/clearpath_config/lib/python3.12/site-packages:${PYTHONPATH} /usr/bin/python3 -W ignore:setup.py install is deprecated -W ignore:easy_install command is deprecated setup.py egg_info --egg-base ../../build/clearpath_config build --build-base /home/kaneki/cobot_ws/build/clearpath_config/build install --record /home/kaneki/cobot_ws/build/clearpath_config/install.log --single-version-externally-managed install_data
