[0.620s] Invoking command in '/home/kaneki/warebot_ws/src/warebot': DEBUGINFOD_URLS=https://debuginfod.ubuntu.com PYTHONPATH=/home/kaneki/warebot_ws/build/warebot/prefix_override:/usr/lib/python3/dist-packages/colcon_core/task/python/colcon_distutils_commands:/home/kaneki/warebot_ws/install/warebot/lib/python3.12/site-packages:${PYTHONPATH} /usr/bin/python3 -W ignore:setup.py install is deprecated -W ignore:easy_install command is deprecated setup.py egg_info --egg-base ../../build/warebot build --build-base /home/kaneki/warebot_ws/build/warebot/build install --record /home/kaneki/warebot_ws/build/warebot/install.log --single-version-externally-managed install_data
[0.830s] running egg_info
[0.844s] writing ../../build/warebot/warebot.egg-info/PKG-INFO
[0.844s] writing dependency_links to ../../build/warebot/warebot.egg-info/dependency_links.txt
[0.845s] writing requirements to ../../build/warebot/warebot.egg-info/requires.txt
[0.845s] writing top-level names to ../../build/warebot/warebot.egg-info/top_level.txt
[0.874s] reading manifest file '../../build/warebot/warebot.egg-info/SOURCES.txt'
[0.874s] writing manifest file '../../build/warebot/warebot.egg-info/SOURCES.txt'
[0.875s] running build
[0.875s] running build_py
[0.875s] running install
[0.879s] running install_lib
[0.893s] running install_data
[0.893s] copying launch/rsp.launch.py -> /home/kaneki/warebot_ws/install/warebot/share/warebot/launch
[0.893s] copying launch/display.launch.py -> /home/kaneki/warebot_ws/install/warebot/share/warebot/launch
[0.894s] running install_egg_info
[0.911s] removing '/home/kaneki/warebot_ws/install/warebot/lib/python3.12/site-packages/warebot-0.0.0-py3.12.egg-info' (and everything under it)
[0.911s] Copying ../../build/warebot/warebot.egg-info to /home/kaneki/warebot_ws/install/warebot/lib/python3.12/site-packages/warebot-0.0.0-py3.12.egg-info
[0.911s] running install_scripts
[1.013s] writing list of installed files to '/home/kaneki/warebot_ws/build/warebot/install.log'
[1.032s] Invoked command in '/home/kaneki/warebot_ws/src/warebot' returned '0': DEBUGINFOD_URLS=https://debuginfod.ubuntu.com PYTHONPATH=/home/kaneki/warebot_ws/build/warebot/prefix_override:/usr/lib/python3/dist-packages/colcon_core/task/python/colcon_distutils_commands:/home/kaneki/warebot_ws/install/warebot/lib/python3.12/site-packages:${PYTHONPATH} /usr/bin/python3 -W ignore:setup.py install is deprecated -W ignore:easy_install command is deprecated setup.py egg_info --egg-base ../../build/warebot build --build-base /home/kaneki/warebot_ws/build/warebot/build install --record /home/kaneki/warebot_ws/build/warebot/install.log --single-version-externally-managed install_data
