[0.087s] DEBUG:colcon:Command line arguments: ['/usr/bin/colcon', 'build', '--packages-select', 'clearpath_config', 'clearpath_generator_common']
[0.087s] DEBUG:colcon:Parsed command line arguments: Namespace(log_base=None, log_level=None, verb_name='build', build_base='build', install_base='install', merge_install=False, symlink_install=False, test_result_base=None, continue_on_error=False, executor='parallel', parallel_workers=16, event_handlers=None, ignore_user_meta=False, metas=['./colcon.meta'], base_paths=['.'], packages_ignore=None, packages_ignore_regex=None, paths=None, packages_up_to=None, packages_up_to_regex=None, packages_above=None, packages_above_and_dependencies=None, packages_above_depth=None, packages_select_by_dep=None, packages_skip_by_dep=None, packages_skip_up_to=None, packages_select_build_failed=False, packages_skip_build_finished=False, packages_select_test_failures=False, packages_skip_test_passed=False, packages_select=['clearpath_config', 'clearpath_generator_common'], packages_skip=None, packages_select_regex=None, packages_skip_regex=None, packages_start=None, packages_end=None, allow_overriding=[], cmake_args=None, cmake_target=None, cmake_target_skip_unavailable=False, cmake_clean_cache=False, cmake_clean_first=False, cmake_force_configure=False, ament_cmake_args=None, catkin_cmake_args=None, catkin_skip_building_tests=False, mixin_files=None, mixin=None, verb_parser=<colcon_mixin.mixin.mixin_argument.MixinArgumentDecorator object at 0x752120b666c0>, verb_extension=<colcon_core.verb.build.BuildVerb object at 0x752120ae6570>, main=<bound method BuildVerb.main of <colcon_core.verb.build.BuildVerb object at 0x752120ae6570>>, mixin_verb=('build',))
[0.117s] Level 1:colcon.colcon_core.package_discovery:discover_packages(colcon_meta) check parameters
[0.117s] Level 1:colcon.colcon_core.package_discovery:discover_packages(recursive) check parameters
[0.117s] Level 1:colcon.colcon_core.package_discovery:discover_packages(ignore) check parameters
[0.117s] Level 1:colcon.colcon_core.package_discovery:discover_packages(path) check parameters
[0.117s] Level 1:colcon.colcon_core.package_discovery:discover_packages(colcon_meta) discover
[0.117s] Level 1:colcon.colcon_core.package_discovery:discover_packages(recursive) discover
[0.117s] INFO:colcon.colcon_core.package_discovery:Crawling recursively for packages in '/home/kaneki/warebot_ws'
[0.117s] Level 1:colcon.colcon_core.package_identification:_identify(.) by extensions ['ignore', 'ignore_ament_install']
[0.118s] Level 1:colcon.colcon_core.package_identification:_identify(.) by extension 'ignore'
[0.118s] Level 1:colcon.colcon_core.package_identification:_identify(.) by extension 'ignore_ament_install'
[0.118s] Level 1:colcon.colcon_core.package_identification:_identify(.) by extensions ['colcon_pkg']
[0.118s] Level 1:colcon.colcon_core.package_identification:_identify(.) by extension 'colcon_pkg'
[0.118s] Level 1:colcon.colcon_core.package_identification:_identify(.) by extensions ['colcon_meta']
[0.118s] Level 1:colcon.colcon_core.package_identification:_identify(.) by extension 'colcon_meta'
[0.118s] Level 1:colcon.colcon_core.package_identification:_identify(.) by extensions ['ros']
[0.118s] Level 1:colcon.colcon_core.package_identification:_identify(.) by extension 'ros'
[0.138s] Level 1:colcon.colcon_core.package_identification:_identify(.) by extensions ['cmake', 'python']
[0.138s] Level 1:colcon.colcon_core.package_identification:_identify(.) by extension 'cmake'
[0.138s] Level 1:colcon.colcon_core.package_identification:_identify(.) by extension 'python'
[0.138s] Level 1:colcon.colcon_core.package_identification:_identify(.) by extensions ['python_setup_py']
[0.138s] Level 1:colcon.colcon_core.package_identification:_identify(.) by extension 'python_setup_py'
[0.138s] Level 1:colcon.colcon_core.package_identification:_identify(build) by extensions ['ignore', 'ignore_ament_install']
[0.138s] Level 1:colcon.colcon_core.package_identification:_identify(build) by extension 'ignore'
[0.138s] Level 1:colcon.colcon_core.package_identification:_identify(build) ignored
[0.138s] Level 1:colcon.colcon_core.package_identification:_identify(install) by extensions ['ignore', 'ignore_ament_install']
[0.138s] Level 1:colcon.colcon_core.package_identification:_identify(install) by extension 'ignore'
[0.138s] Level 1:colcon.colcon_core.package_identification:_identify(install) ignored
[0.138s] Level 1:colcon.colcon_core.package_identification:_identify(log) by extensions ['ignore', 'ignore_ament_install']
[0.138s] Level 1:colcon.colcon_core.package_identification:_identify(log) by extension 'ignore'
[0.138s] Level 1:colcon.colcon_core.package_identification:_identify(log) ignored
[0.139s] Level 1:colcon.colcon_core.package_identification:_identify(src) by extensions ['ignore', 'ignore_ament_install']
[0.139s] Level 1:colcon.colcon_core.package_identification:_identify(src) by extension 'ignore'
[0.139s] Level 1:colcon.colcon_core.package_identification:_identify(src) by extension 'ignore_ament_install'
[0.139s] Level 1:colcon.colcon_core.package_identification:_identify(src) by extensions ['colcon_pkg']
[0.139s] Level 1:colcon.colcon_core.package_identification:_identify(src) by extension 'colcon_pkg'
[0.139s] Level 1:colcon.colcon_core.package_identification:_identify(src) by extensions ['colcon_meta']
[0.139s] Level 1:colcon.colcon_core.package_identification:_identify(src) by extension 'colcon_meta'
[0.139s] Level 1:colcon.colcon_core.package_identification:_identify(src) by extensions ['ros']
[0.139s] Level 1:colcon.colcon_core.package_identification:_identify(src) by extension 'ros'
[0.139s] Level 1:colcon.colcon_core.package_identification:_identify(src) by extensions ['cmake', 'python']
[0.139s] Level 1:colcon.colcon_core.package_identification:_identify(src) by extension 'cmake'
[0.139s] Level 1:colcon.colcon_core.package_identification:_identify(src) by extension 'python'
[0.139s] Level 1:colcon.colcon_core.package_identification:_identify(src) by extensions ['python_setup_py']
[0.139s] Level 1:colcon.colcon_core.package_identification:_identify(src) by extension 'python_setup_py'
[0.139s] Level 1:colcon.colcon_core.package_identification:_identify(src/build) by extensions ['ignore', 'ignore_ament_install']
[0.139s] Level 1:colcon.colcon_core.package_identification:_identify(src/build) by extension 'ignore'
[0.139s] Level 1:colcon.colcon_core.package_identification:_identify(src/build) ignored
[0.139s] Level 1:colcon.colcon_core.package_identification:_identify(src/clearpath_common) by extensions ['ignore', 'ignore_ament_install']
[0.139s] Level 1:colcon.colcon_core.package_identification:_identify(src/clearpath_common) by extension 'ignore'
[0.139s] Level 1:colcon.colcon_core.package_identification:_identify(src/clearpath_common) by extension 'ignore_ament_install'
[0.139s] Level 1:colcon.colcon_core.package_identification:_identify(src/clearpath_common) by extensions ['colcon_pkg']
[0.139s] Level 1:colcon.colcon_core.package_identification:_identify(src/clearpath_common) by extension 'colcon_pkg'
[0.139s] Level 1:colcon.colcon_core.package_identification:_identify(src/clearpath_common) by extensions ['colcon_meta']
[0.139s] Level 1:colcon.colcon_core.package_identification:_identify(src/clearpath_common) by extension 'colcon_meta'
[0.139s] Level 1:colcon.colcon_core.package_identification:_identify(src/clearpath_common) by extensions ['ros']
[0.139s] Level 1:colcon.colcon_core.package_identification:_identify(src/clearpath_common) by extension 'ros'
[0.139s] Level 1:colcon.colcon_core.package_identification:_identify(src/clearpath_common) by extensions ['cmake', 'python']
[0.139s] Level 1:colcon.colcon_core.package_identification:_identify(src/clearpath_common) by extension 'cmake'
[0.139s] Level 1:colcon.colcon_core.package_identification:_identify(src/clearpath_common) by extension 'python'
[0.139s] Level 1:colcon.colcon_core.package_identification:_identify(src/clearpath_common) by extensions ['python_setup_py']
[0.140s] Level 1:colcon.colcon_core.package_identification:_identify(src/clearpath_common) by extension 'python_setup_py'
[0.140s] Level 1:colcon.colcon_core.package_identification:_identify(src/clearpath_common/clearpath_bt_joy) by extensions ['ignore', 'ignore_ament_install']
[0.140s] Level 1:colcon.colcon_core.package_identification:_identify(src/clearpath_common/clearpath_bt_joy) by extension 'ignore'
[0.140s] Level 1:colcon.colcon_core.package_identification:_identify(src/clearpath_common/clearpath_bt_joy) by extension 'ignore_ament_install'
[0.140s] Level 1:colcon.colcon_core.package_identification:_identify(src/clearpath_common/clearpath_bt_joy) by extensions ['colcon_pkg']
[0.140s] Level 1:colcon.colcon_core.package_identification:_identify(src/clearpath_common/clearpath_bt_joy) by extension 'colcon_pkg'
[0.140s] Level 1:colcon.colcon_core.package_identification:_identify(src/clearpath_common/clearpath_bt_joy) by extensions ['colcon_meta']
[0.140s] Level 1:colcon.colcon_core.package_identification:_identify(src/clearpath_common/clearpath_bt_joy) by extension 'colcon_meta'
[0.140s] Level 1:colcon.colcon_core.package_identification:_identify(src/clearpath_common/clearpath_bt_joy) by extensions ['ros']
[0.140s] Level 1:colcon.colcon_core.package_identification:_identify(src/clearpath_common/clearpath_bt_joy) by extension 'ros'
[0.142s] DEBUG:colcon.colcon_core.package_identification:Package 'src/clearpath_common/clearpath_bt_joy' with type 'ros.ament_python' and name 'clearpath_bt_joy'
[0.142s] Level 1:colcon.colcon_core.package_identification:_identify(src/clearpath_common/clearpath_common) by extensions ['ignore', 'ignore_ament_install']
[0.142s] Level 1:colcon.colcon_core.package_identification:_identify(src/clearpath_common/clearpath_common) by extension 'ignore'
[0.142s] Level 1:colcon.colcon_core.package_identification:_identify(src/clearpath_common/clearpath_common) by extension 'ignore_ament_install'
[0.142s] Level 1:colcon.colcon_core.package_identification:_identify(src/clearpath_common/clearpath_common) by extensions ['colcon_pkg']
[0.142s] Level 1:colcon.colcon_core.package_identification:_identify(src/clearpath_common/clearpath_common) by extension 'colcon_pkg'
[0.142s] Level 1:colcon.colcon_core.package_identification:_identify(src/clearpath_common/clearpath_common) by extensions ['colcon_meta']
[0.142s] Level 1:colcon.colcon_core.package_identification:_identify(src/clearpath_common/clearpath_common) by extension 'colcon_meta'
[0.142s] Level 1:colcon.colcon_core.package_identification:_identify(src/clearpath_common/clearpath_common) by extensions ['ros']
[0.142s] Level 1:colcon.colcon_core.package_identification:_identify(src/clearpath_common/clearpath_common) by extension 'ros'
[0.143s] DEBUG:colcon.colcon_core.package_identification:Package 'src/clearpath_common/clearpath_common' with type 'ros.ament_cmake' and name 'clearpath_common'
[0.143s] Level 1:colcon.colcon_core.package_identification:_identify(src/clearpath_common/clearpath_control) by extensions ['ignore', 'ignore_ament_install']
[0.143s] Level 1:colcon.colcon_core.package_identification:_identify(src/clearpath_common/clearpath_control) by extension 'ignore'
[0.143s] Level 1:colcon.colcon_core.package_identification:_identify(src/clearpath_common/clearpath_control) by extension 'ignore_ament_install'
[0.143s] Level 1:colcon.colcon_core.package_identification:_identify(src/clearpath_common/clearpath_control) by extensions ['colcon_pkg']
[0.143s] Level 1:colcon.colcon_core.package_identification:_identify(src/clearpath_common/clearpath_control) by extension 'colcon_pkg'
[0.143s] Level 1:colcon.colcon_core.package_identification:_identify(src/clearpath_common/clearpath_control) by extensions ['colcon_meta']
[0.143s] Level 1:colcon.colcon_core.package_identification:_identify(src/clearpath_common/clearpath_control) by extension 'colcon_meta'
[0.143s] Level 1:colcon.colcon_core.package_identification:_identify(src/clearpath_common/clearpath_control) by extensions ['ros']
[0.143s] Level 1:colcon.colcon_core.package_identification:_identify(src/clearpath_common/clearpath_control) by extension 'ros'
[0.144s] DEBUG:colcon.colcon_core.package_identification:Package 'src/clearpath_common/clearpath_control' with type 'ros.ament_cmake' and name 'clearpath_control'
[0.144s] Level 1:colcon.colcon_core.package_identification:_identify(src/clearpath_common/clearpath_customization) by extensions ['ignore', 'ignore_ament_install']
[0.144s] Level 1:colcon.colcon_core.package_identification:_identify(src/clearpath_common/clearpath_customization) by extension 'ignore'
[0.144s] Level 1:colcon.colcon_core.package_identification:_identify(src/clearpath_common/clearpath_customization) by extension 'ignore_ament_install'
[0.144s] Level 1:colcon.colcon_core.package_identification:_identify(src/clearpath_common/clearpath_customization) by extensions ['colcon_pkg']
[0.144s] Level 1:colcon.colcon_core.package_identification:_identify(src/clearpath_common/clearpath_customization) by extension 'colcon_pkg'
[0.144s] Level 1:colcon.colcon_core.package_identification:_identify(src/clearpath_common/clearpath_customization) by extensions ['colcon_meta']
[0.144s] Level 1:colcon.colcon_core.package_identification:_identify(src/clearpath_common/clearpath_customization) by extension 'colcon_meta'
[0.144s] Level 1:colcon.colcon_core.package_identification:_identify(src/clearpath_common/clearpath_customization) by extensions ['ros']
[0.144s] Level 1:colcon.colcon_core.package_identification:_identify(src/clearpath_common/clearpath_customization) by extension 'ros'
[0.145s] DEBUG:colcon.colcon_core.package_identification:Package 'src/clearpath_common/clearpath_customization' with type 'ros.ament_cmake' and name 'clearpath_customization'
[0.145s] Level 1:colcon.colcon_core.package_identification:_identify(src/clearpath_common/clearpath_description) by extensions ['ignore', 'ignore_ament_install']
[0.145s] Level 1:colcon.colcon_core.package_identification:_identify(src/clearpath_common/clearpath_description) by extension 'ignore'
[0.145s] Level 1:colcon.colcon_core.package_identification:_identify(src/clearpath_common/clearpath_description) by extension 'ignore_ament_install'
[0.145s] Level 1:colcon.colcon_core.package_identification:_identify(src/clearpath_common/clearpath_description) by extensions ['colcon_pkg']
[0.145s] Level 1:colcon.colcon_core.package_identification:_identify(src/clearpath_common/clearpath_description) by extension 'colcon_pkg'
[0.145s] Level 1:colcon.colcon_core.package_identification:_identify(src/clearpath_common/clearpath_description) by extensions ['colcon_meta']
[0.145s] Level 1:colcon.colcon_core.package_identification:_identify(src/clearpath_common/clearpath_description) by extension 'colcon_meta'
[0.145s] Level 1:colcon.colcon_core.package_identification:_identify(src/clearpath_common/clearpath_description) by extensions ['ros']
[0.145s] Level 1:colcon.colcon_core.package_identification:_identify(src/clearpath_common/clearpath_description) by extension 'ros'
[0.145s] DEBUG:colcon.colcon_core.package_identification:Package 'src/clearpath_common/clearpath_description' with type 'ros.ament_cmake' and name 'clearpath_description'
[0.145s] Level 1:colcon.colcon_core.package_identification:_identify(src/clearpath_common/clearpath_diagnostics) by extensions ['ignore', 'ignore_ament_install']
[0.145s] Level 1:colcon.colcon_core.package_identification:_identify(src/clearpath_common/clearpath_diagnostics) by extension 'ignore'
[0.146s] Level 1:colcon.colcon_core.package_identification:_identify(src/clearpath_common/clearpath_diagnostics) by extension 'ignore_ament_install'
[0.146s] Level 1:colcon.colcon_core.package_identification:_identify(src/clearpath_common/clearpath_diagnostics) by extensions ['colcon_pkg']
[0.146s] Level 1:colcon.colcon_core.package_identification:_identify(src/clearpath_common/clearpath_diagnostics) by extension 'colcon_pkg'
[0.146s] Level 1:colcon.colcon_core.package_identification:_identify(src/clearpath_common/clearpath_diagnostics) by extensions ['colcon_meta']
[0.146s] Level 1:colcon.colcon_core.package_identification:_identify(src/clearpath_common/clearpath_diagnostics) by extension 'colcon_meta'
[0.146s] Level 1:colcon.colcon_core.package_identification:_identify(src/clearpath_common/clearpath_diagnostics) by extensions ['ros']
[0.146s] Level 1:colcon.colcon_core.package_identification:_identify(src/clearpath_common/clearpath_diagnostics) by extension 'ros'
[0.147s] DEBUG:colcon.colcon_core.package_identification:Package 'src/clearpath_common/clearpath_diagnostics' with type 'ros.ament_cmake' and name 'clearpath_diagnostics'
[0.147s] Level 1:colcon.colcon_core.package_identification:_identify(src/clearpath_common/clearpath_generator_common) by extensions ['ignore', 'ignore_ament_install']
[0.147s] Level 1:colcon.colcon_core.package_identification:_identify(src/clearpath_common/clearpath_generator_common) by extension 'ignore'
[0.147s] Level 1:colcon.colcon_core.package_identification:_identify(src/clearpath_common/clearpath_generator_common) by extension 'ignore_ament_install'
[0.147s] Level 1:colcon.colcon_core.package_identification:_identify(src/clearpath_common/clearpath_generator_common) by extensions ['colcon_pkg']
[0.147s] Level 1:colcon.colcon_core.package_identification:_identify(src/clearpath_common/clearpath_generator_common) by extension 'colcon_pkg'
[0.147s] Level 1:colcon.colcon_core.package_identification:_identify(src/clearpath_common/clearpath_generator_common) by extensions ['colcon_meta']
[0.147s] Level 1:colcon.colcon_core.package_identification:_identify(src/clearpath_common/clearpath_generator_common) by extension 'colcon_meta'
[0.147s] Level 1:colcon.colcon_core.package_identification:_identify(src/clearpath_common/clearpath_generator_common) by extensions ['ros']
[0.147s] Level 1:colcon.colcon_core.package_identification:_identify(src/clearpath_common/clearpath_generator_common) by extension 'ros'
[0.148s] DEBUG:colcon.colcon_core.package_identification:Package 'src/clearpath_common/clearpath_generator_common' with type 'ros.ament_cmake' and name 'clearpath_generator_common'
[0.148s] Level 1:colcon.colcon_core.package_identification:_identify(src/clearpath_common/clearpath_manipulators) by extensions ['ignore', 'ignore_ament_install']
[0.148s] Level 1:colcon.colcon_core.package_identification:_identify(src/clearpath_common/clearpath_manipulators) by extension 'ignore'
[0.148s] Level 1:colcon.colcon_core.package_identification:_identify(src/clearpath_common/clearpath_manipulators) by extension 'ignore_ament_install'
[0.148s] Level 1:colcon.colcon_core.package_identification:_identify(src/clearpath_common/clearpath_manipulators) by extensions ['colcon_pkg']
[0.148s] Level 1:colcon.colcon_core.package_identification:_identify(src/clearpath_common/clearpath_manipulators) by extension 'colcon_pkg'
[0.148s] Level 1:colcon.colcon_core.package_identification:_identify(src/clearpath_common/clearpath_manipulators) by extensions ['colcon_meta']
[0.148s] Level 1:colcon.colcon_core.package_identification:_identify(src/clearpath_common/clearpath_manipulators) by extension 'colcon_meta'
[0.148s] Level 1:colcon.colcon_core.package_identification:_identify(src/clearpath_common/clearpath_manipulators) by extensions ['ros']
[0.148s] Level 1:colcon.colcon_core.package_identification:_identify(src/clearpath_common/clearpath_manipulators) by extension 'ros'
[0.148s] DEBUG:colcon.colcon_core.package_identification:Package 'src/clearpath_common/clearpath_manipulators' with type 'ros.ament_cmake' and name 'clearpath_manipulators'
[0.148s] Level 1:colcon.colcon_core.package_identification:_identify(src/clearpath_common/clearpath_manipulators_description) by extensions ['ignore', 'ignore_ament_install']
[0.148s] Level 1:colcon.colcon_core.package_identification:_identify(src/clearpath_common/clearpath_manipulators_description) by extension 'ignore'
[0.149s] Level 1:colcon.colcon_core.package_identification:_identify(src/clearpath_common/clearpath_manipulators_description) by extension 'ignore_ament_install'
[0.149s] Level 1:colcon.colcon_core.package_identification:_identify(src/clearpath_common/clearpath_manipulators_description) by extensions ['colcon_pkg']
[0.149s] Level 1:colcon.colcon_core.package_identification:_identify(src/clearpath_common/clearpath_manipulators_description) by extension 'colcon_pkg'
[0.149s] Level 1:colcon.colcon_core.package_identification:_identify(src/clearpath_common/clearpath_manipulators_description) by extensions ['colcon_meta']
[0.149s] Level 1:colcon.colcon_core.package_identification:_identify(src/clearpath_common/clearpath_manipulators_description) by extension 'colcon_meta'
[0.149s] Level 1:colcon.colcon_core.package_identification:_identify(src/clearpath_common/clearpath_manipulators_description) by extensions ['ros']
[0.149s] Level 1:colcon.colcon_core.package_identification:_identify(src/clearpath_common/clearpath_manipulators_description) by extension 'ros'
[0.149s] DEBUG:colcon.colcon_core.package_identification:Package 'src/clearpath_common/clearpath_manipulators_description' with type 'ros.ament_cmake' and name 'clearpath_manipulators_description'
[0.149s] Level 1:colcon.colcon_core.package_identification:_identify(src/clearpath_common/clearpath_mounts_description) by extensions ['ignore', 'ignore_ament_install']
[0.149s] Level 1:colcon.colcon_core.package_identification:_identify(src/clearpath_common/clearpath_mounts_description) by extension 'ignore'
[0.149s] Level 1:colcon.colcon_core.package_identification:_identify(src/clearpath_common/clearpath_mounts_description) by extension 'ignore_ament_install'
[0.149s] Level 1:colcon.colcon_core.package_identification:_identify(src/clearpath_common/clearpath_mounts_description) by extensions ['colcon_pkg']
[0.149s] Level 1:colcon.colcon_core.package_identification:_identify(src/clearpath_common/clearpath_mounts_description) by extension 'colcon_pkg'
[0.149s] Level 1:colcon.colcon_core.package_identification:_identify(src/clearpath_common/clearpath_mounts_description) by extensions ['colcon_meta']
[0.149s] Level 1:colcon.colcon_core.package_identification:_identify(src/clearpath_common/clearpath_mounts_description) by extension 'colcon_meta'
[0.149s] Level 1:colcon.colcon_core.package_identification:_identify(src/clearpath_common/clearpath_mounts_description) by extensions ['ros']
[0.149s] Level 1:colcon.colcon_core.package_identification:_identify(src/clearpath_common/clearpath_mounts_description) by extension 'ros'
[0.150s] DEBUG:colcon.colcon_core.package_identification:Package 'src/clearpath_common/clearpath_mounts_description' with type 'ros.ament_cmake' and name 'clearpath_mounts_description'
[0.150s] Level 1:colcon.colcon_core.package_identification:_identify(src/clearpath_common/clearpath_platform_description) by extensions ['ignore', 'ignore_ament_install']
[0.150s] Level 1:colcon.colcon_core.package_identification:_identify(src/clearpath_common/clearpath_platform_description) by extension 'ignore'
[0.150s] Level 1:colcon.colcon_core.package_identification:_identify(src/clearpath_common/clearpath_platform_description) by extension 'ignore_ament_install'
[0.150s] Level 1:colcon.colcon_core.package_identification:_identify(src/clearpath_common/clearpath_platform_description) by extensions ['colcon_pkg']
[0.150s] Level 1:colcon.colcon_core.package_identification:_identify(src/clearpath_common/clearpath_platform_description) by extension 'colcon_pkg'
[0.150s] Level 1:colcon.colcon_core.package_identification:_identify(src/clearpath_common/clearpath_platform_description) by extensions ['colcon_meta']
[0.150s] Level 1:colcon.colcon_core.package_identification:_identify(src/clearpath_common/clearpath_platform_description) by extension 'colcon_meta'
[0.150s] Level 1:colcon.colcon_core.package_identification:_identify(src/clearpath_common/clearpath_platform_description) by extensions ['ros']
[0.150s] Level 1:colcon.colcon_core.package_identification:_identify(src/clearpath_common/clearpath_platform_description) by extension 'ros'
[0.150s] DEBUG:colcon.colcon_core.package_identification:Package 'src/clearpath_common/clearpath_platform_description' with type 'ros.ament_cmake' and name 'clearpath_platform_description'
[0.150s] Level 1:colcon.colcon_core.package_identification:_identify(src/clearpath_common/clearpath_sensors_description) by extensions ['ignore', 'ignore_ament_install']
[0.150s] Level 1:colcon.colcon_core.package_identification:_identify(src/clearpath_common/clearpath_sensors_description) by extension 'ignore'
[0.151s] Level 1:colcon.colcon_core.package_identification:_identify(src/clearpath_common/clearpath_sensors_description) by extension 'ignore_ament_install'
[0.151s] Level 1:colcon.colcon_core.package_identification:_identify(src/clearpath_common/clearpath_sensors_description) by extensions ['colcon_pkg']
[0.151s] Level 1:colcon.colcon_core.package_identification:_identify(src/clearpath_common/clearpath_sensors_description) by extension 'colcon_pkg'
[0.151s] Level 1:colcon.colcon_core.package_identification:_identify(src/clearpath_common/clearpath_sensors_description) by extensions ['colcon_meta']
[0.151s] Level 1:colcon.colcon_core.package_identification:_identify(src/clearpath_common/clearpath_sensors_description) by extension 'colcon_meta'
[0.151s] Level 1:colcon.colcon_core.package_identification:_identify(src/clearpath_common/clearpath_sensors_description) by extensions ['ros']
[0.151s] Level 1:colcon.colcon_core.package_identification:_identify(src/clearpath_common/clearpath_sensors_description) by extension 'ros'
[0.151s] DEBUG:colcon.colcon_core.package_identification:Package 'src/clearpath_common/clearpath_sensors_description' with type 'ros.ament_cmake' and name 'clearpath_sensors_description'
[0.151s] Level 1:colcon.colcon_core.package_identification:_identify(src/clearpath_config) by extensions ['ignore', 'ignore_ament_install']
[0.151s] Level 1:colcon.colcon_core.package_identification:_identify(src/clearpath_config) by extension 'ignore'
[0.151s] Level 1:colcon.colcon_core.package_identification:_identify(src/clearpath_config) by extension 'ignore_ament_install'
[0.151s] Level 1:colcon.colcon_core.package_identification:_identify(src/clearpath_config) by extensions ['colcon_pkg']
[0.151s] Level 1:colcon.colcon_core.package_identification:_identify(src/clearpath_config) by extension 'colcon_pkg'
[0.151s] Level 1:colcon.colcon_core.package_identification:_identify(src/clearpath_config) by extensions ['colcon_meta']
[0.151s] Level 1:colcon.colcon_core.package_identification:_identify(src/clearpath_config) by extension 'colcon_meta'
[0.151s] Level 1:colcon.colcon_core.package_identification:_identify(src/clearpath_config) by extensions ['ros']
[0.151s] Level 1:colcon.colcon_core.package_identification:_identify(src/clearpath_config) by extension 'ros'
[0.152s] DEBUG:colcon.colcon_core.package_identification:Package 'src/clearpath_config' with type 'ros.ament_python' and name 'clearpath_config'
[0.152s] Level 1:colcon.colcon_core.package_identification:_identify(src/description) by extensions ['ignore', 'ignore_ament_install']
[0.152s] Level 1:colcon.colcon_core.package_identification:_identify(src/description) by extension 'ignore'
[0.152s] Level 1:colcon.colcon_core.package_identification:_identify(src/description) by extension 'ignore_ament_install'
[0.152s] Level 1:colcon.colcon_core.package_identification:_identify(src/description) by extensions ['colcon_pkg']
[0.152s] Level 1:colcon.colcon_core.package_identification:_identify(src/description) by extension 'colcon_pkg'
[0.152s] Level 1:colcon.colcon_core.package_identification:_identify(src/description) by extensions ['colcon_meta']
[0.152s] Level 1:colcon.colcon_core.package_identification:_identify(src/description) by extension 'colcon_meta'
[0.152s] Level 1:colcon.colcon_core.package_identification:_identify(src/description) by extensions ['ros']
[0.152s] Level 1:colcon.colcon_core.package_identification:_identify(src/description) by extension 'ros'
[0.152s] Level 1:colcon.colcon_core.package_identification:_identify(src/description) by extensions ['cmake', 'python']
[0.152s] Level 1:colcon.colcon_core.package_identification:_identify(src/description) by extension 'cmake'
[0.152s] Level 1:colcon.colcon_core.package_identification:_identify(src/description) by extension 'python'
[0.152s] Level 1:colcon.colcon_core.package_identification:_identify(src/description) by extensions ['python_setup_py']
[0.152s] Level 1:colcon.colcon_core.package_identification:_identify(src/description) by extension 'python_setup_py'
[0.152s] Level 1:colcon.colcon_core.package_identification:_identify(src/description/config) by extensions ['ignore', 'ignore_ament_install']
[0.152s] Level 1:colcon.colcon_core.package_identification:_identify(src/description/config) by extension 'ignore'
[0.152s] Level 1:colcon.colcon_core.package_identification:_identify(src/description/config) by extension 'ignore_ament_install'
[0.152s] Level 1:colcon.colcon_core.package_identification:_identify(src/description/config) by extensions ['colcon_pkg']
[0.152s] Level 1:colcon.colcon_core.package_identification:_identify(src/description/config) by extension 'colcon_pkg'
[0.152s] Level 1:colcon.colcon_core.package_identification:_identify(src/description/config) by extensions ['colcon_meta']
[0.152s] Level 1:colcon.colcon_core.package_identification:_identify(src/description/config) by extension 'colcon_meta'
[0.152s] Level 1:colcon.colcon_core.package_identification:_identify(src/description/config) by extensions ['ros']
[0.152s] Level 1:colcon.colcon_core.package_identification:_identify(src/description/config) by extension 'ros'
[0.152s] Level 1:colcon.colcon_core.package_identification:_identify(src/description/config) by extensions ['cmake', 'python']
[0.152s] Level 1:colcon.colcon_core.package_identification:_identify(src/description/config) by extension 'cmake'
[0.152s] Level 1:colcon.colcon_core.package_identification:_identify(src/description/config) by extension 'python'
[0.152s] Level 1:colcon.colcon_core.package_identification:_identify(src/description/config) by extensions ['python_setup_py']
[0.152s] Level 1:colcon.colcon_core.package_identification:_identify(src/description/config) by extension 'python_setup_py'
[0.152s] Level 1:colcon.colcon_core.package_identification:_identify(src/install) by extensions ['ignore', 'ignore_ament_install']
[0.153s] Level 1:colcon.colcon_core.package_identification:_identify(src/install) by extension 'ignore'
[0.153s] Level 1:colcon.colcon_core.package_identification:_identify(src/install) ignored
[0.153s] Level 1:colcon.colcon_core.package_identification:_identify(src/log) by extensions ['ignore', 'ignore_ament_install']
[0.153s] Level 1:colcon.colcon_core.package_identification:_identify(src/log) by extension 'ignore'
[0.153s] Level 1:colcon.colcon_core.package_identification:_identify(src/log) ignored
[0.153s] Level 1:colcon.colcon_core.package_identification:_identify(src/warebot) by extensions ['ignore', 'ignore_ament_install']
[0.153s] Level 1:colcon.colcon_core.package_identification:_identify(src/warebot) by extension 'ignore'
[0.153s] Level 1:colcon.colcon_core.package_identification:_identify(src/warebot) by extension 'ignore_ament_install'
[0.153s] Level 1:colcon.colcon_core.package_identification:_identify(src/warebot) by extensions ['colcon_pkg']
[0.153s] Level 1:colcon.colcon_core.package_identification:_identify(src/warebot) by extension 'colcon_pkg'
[0.153s] Level 1:colcon.colcon_core.package_identification:_identify(src/warebot) by extensions ['colcon_meta']
[0.153s] Level 1:colcon.colcon_core.package_identification:_identify(src/warebot) by extension 'colcon_meta'
[0.153s] Level 1:colcon.colcon_core.package_identification:_identify(src/warebot) by extensions ['ros']
[0.153s] Level 1:colcon.colcon_core.package_identification:_identify(src/warebot) by extension 'ros'
[0.153s] DEBUG:colcon.colcon_core.package_identification:Package 'src/warebot' with type 'ros.ament_python' and name 'warebot'
[0.153s] Level 1:colcon.colcon_core.package_discovery:discover_packages(recursive) using defaults
[0.153s] Level 1:colcon.colcon_core.package_discovery:discover_packages(ignore) discover
[0.153s] Level 1:colcon.colcon_core.package_discovery:discover_packages(ignore) using defaults
[0.153s] Level 1:colcon.colcon_core.package_discovery:discover_packages(path) discover
[0.153s] Level 1:colcon.colcon_core.package_discovery:discover_packages(path) using defaults
[0.168s] DEBUG:colcon.colcon_core.package_augmentation.check_dependency_constraint:clearpath_common depends on clearpath_control which has version 2.8.5 which satisfies to be greater than or equal to 2.5.0
[0.168s] DEBUG:colcon.colcon_core.package_augmentation.check_dependency_constraint:clearpath_common depends on clearpath_description which has version 2.8.5 which satisfies to be greater than or equal to 2.5.0
[0.168s] DEBUG:colcon.colcon_core.package_augmentation.check_dependency_constraint:clearpath_common depends on clearpath_generator_common which has version 2.8.5 which satisfies to be greater than or equal to 2.5.0
[0.168s] DEBUG:colcon.colcon_core.package_augmentation.check_dependency_constraint:clearpath_generator_common depends on clearpath_config which has version 2.8.2 which satisfies to be greater than or equal to 2.8.0
[0.168s] DEBUG:colcon.colcon_core.package_augmentation.check_dependency_constraint:clearpath_generator_common depends on clearpath_diagnostics which has version 2.8.5 which satisfies to be greater than or equal to 2.8.0
[0.168s] DEBUG:colcon.colcon_core.package_augmentation.check_dependency_constraint:clearpath_generator_common depends on clearpath_manipulators which has version 2.8.5 which satisfies to be greater than or equal to 2.8.0
[0.168s] DEBUG:colcon.colcon_core.package_augmentation.check_dependency_constraint:clearpath_generator_common depends on clearpath_control which has version 2.8.5 which satisfies to be greater than or equal to 2.8.0
[0.168s] DEBUG:colcon.colcon_core.package_augmentation.check_dependency_constraint:clearpath_generator_common depends on clearpath_description which has version 2.8.5 which satisfies to be greater than or equal to 2.8.0
[0.168s] DEBUG:colcon.colcon_core.package_augmentation.check_dependency_constraint:clearpath_manipulators depends on clearpath_manipulators_description which has version 2.8.5 which satisfies to be greater than or equal to 2.5.0
[0.168s] DEBUG:colcon.colcon_core.package_augmentation.check_dependency_constraint:clearpath_description depends on clearpath_mounts_description which has version 2.8.5 which satisfies to be greater than or equal to 2.5.0
[0.168s] DEBUG:colcon.colcon_core.package_augmentation.check_dependency_constraint:clearpath_description depends on clearpath_sensors_description which has version 2.8.5 which satisfies to be greater than or equal to 2.5.0
[0.168s] DEBUG:colcon.colcon_core.package_augmentation.check_dependency_constraint:clearpath_description depends on clearpath_manipulators_description which has version 2.8.5 which satisfies to be greater than or equal to 2.5.0
[0.168s] DEBUG:colcon.colcon_core.package_augmentation.check_dependency_constraint:clearpath_description depends on clearpath_platform_description which has version 2.8.5 which satisfies to be greater than or equal to 2.5.0
[0.169s] INFO:colcon.colcon_core.package_selection:Skipping not selected package 'clearpath_bt_joy' in 'src/clearpath_common/clearpath_bt_joy'
[0.169s] INFO:colcon.colcon_core.package_selection:Skipping not selected package 'clearpath_customization' in 'src/clearpath_common/clearpath_customization'
[0.169s] INFO:colcon.colcon_core.package_selection:Skipping not selected package 'clearpath_diagnostics' in 'src/clearpath_common/clearpath_diagnostics'
[0.169s] INFO:colcon.colcon_core.package_selection:Skipping not selected package 'clearpath_manipulators_description' in 'src/clearpath_common/clearpath_manipulators_description'
[0.169s] INFO:colcon.colcon_core.package_selection:Skipping not selected package 'clearpath_mounts_description' in 'src/clearpath_common/clearpath_mounts_description'
[0.169s] INFO:colcon.colcon_core.package_selection:Skipping not selected package 'clearpath_platform_description' in 'src/clearpath_common/clearpath_platform_description'
[0.169s] INFO:colcon.colcon_core.package_selection:Skipping not selected package 'clearpath_sensors_description' in 'src/clearpath_common/clearpath_sensors_description'
[0.169s] INFO:colcon.colcon_core.package_selection:Skipping not selected package 'warebot' in 'src/warebot'
[0.169s] INFO:colcon.colcon_core.package_selection:Skipping not selected package 'clearpath_control' in 'src/clearpath_common/clearpath_control'
[0.169s] INFO:colcon.colcon_core.package_selection:Skipping not selected package 'clearpath_description' in 'src/clearpath_common/clearpath_description'
[0.169s] INFO:colcon.colcon_core.package_selection:Skipping not selected package 'clearpath_manipulators' in 'src/clearpath_common/clearpath_manipulators'
[0.169s] INFO:colcon.colcon_core.package_selection:Skipping not selected package 'clearpath_common' in 'src/clearpath_common/clearpath_common'
[0.170s] Level 1:colcon.colcon_core.package_discovery:discover_packages(prefix_path) check parameters
[0.170s] Level 1:colcon.colcon_core.package_discovery:discover_packages(prefix_path) discover
[0.174s] DEBUG:colcon.colcon_installed_package_information.package_discovery:Found 71 installed packages in /home/kaneki/ros2_ws/install
[0.177s] DEBUG:colcon.colcon_installed_package_information.package_discovery:Found 514 installed packages in /opt/ros/jazzy
[0.179s] Level 1:colcon.colcon_core.package_discovery:discover_packages(prefix_path) using defaults
[0.237s] WARNING:colcon.colcon_core.package_selection:Some selected packages are already built in one or more underlay workspaces:
	'clearpath_config' is in: /opt/ros/jazzy
	'clearpath_generator_common' is in: /opt/ros/jazzy
If a package in a merged underlay workspace is overridden and it installs headers, then all packages in the overlay must sort their include directories by workspace order. Failure to do so may result in build failures or undefined behavior at run time.
If the overridden package is used by another package in any underlay, then the overriding package in the overlay must be API and ABI compatible or undefined behavior at run time may occur.

If you understand the risks and want to override a package anyways, add the following to the command line:
	--allow-overriding clearpath_config clearpath_generator_common

This may be promoted to an error in a future release of colcon-override-check.
[0.239s] Level 5:colcon.colcon_core.verb:set package 'clearpath_config' build argument 'cmake_args' from command line to 'None'
[0.239s] Level 5:colcon.colcon_core.verb:set package 'clearpath_config' build argument 'cmake_target' from command line to 'None'
[0.239s] Level 5:colcon.colcon_core.verb:set package 'clearpath_config' build argument 'cmake_target_skip_unavailable' from command line to 'False'
[0.239s] Level 5:colcon.colcon_core.verb:set package 'clearpath_config' build argument 'cmake_clean_cache' from command line to 'False'
[0.239s] Level 5:colcon.colcon_core.verb:set package 'clearpath_config' build argument 'cmake_clean_first' from command line to 'False'
[0.239s] Level 5:colcon.colcon_core.verb:set package 'clearpath_config' build argument 'cmake_force_configure' from command line to 'False'
[0.239s] Level 5:colcon.colcon_core.verb:set package 'clearpath_config' build argument 'ament_cmake_args' from command line to 'None'
[0.239s] Level 5:colcon.colcon_core.verb:set package 'clearpath_config' build argument 'catkin_cmake_args' from command line to 'None'
[0.239s] Level 5:colcon.colcon_core.verb:set package 'clearpath_config' build argument 'catkin_skip_building_tests' from command line to 'False'
[0.239s] DEBUG:colcon.colcon_core.verb:Building package 'clearpath_config' with the following arguments: {'ament_cmake_args': None, 'build_base': '/home/kaneki/warebot_ws/build/clearpath_config', 'catkin_cmake_args': None, 'catkin_skip_building_tests': False, 'cmake_args': None, 'cmake_clean_cache': False, 'cmake_clean_first': False, 'cmake_force_configure': False, 'cmake_target': None, 'cmake_target_skip_unavailable': False, 'install_base': '/home/kaneki/warebot_ws/install/clearpath_config', 'merge_install': False, 'path': '/home/kaneki/warebot_ws/src/clearpath_config', 'symlink_install': False, 'test_result_base': None}
[0.239s] Level 5:colcon.colcon_core.verb:set package 'clearpath_generator_common' build argument 'cmake_args' from command line to 'None'
[0.239s] Level 5:colcon.colcon_core.verb:set package 'clearpath_generator_common' build argument 'cmake_target' from command line to 'None'
[0.239s] Level 5:colcon.colcon_core.verb:set package 'clearpath_generator_common' build argument 'cmake_target_skip_unavailable' from command line to 'False'
[0.239s] Level 5:colcon.colcon_core.verb:set package 'clearpath_generator_common' build argument 'cmake_clean_cache' from command line to 'False'
[0.239s] Level 5:colcon.colcon_core.verb:set package 'clearpath_generator_common' build argument 'cmake_clean_first' from command line to 'False'
[0.239s] Level 5:colcon.colcon_core.verb:set package 'clearpath_generator_common' build argument 'cmake_force_configure' from command line to 'False'
[0.239s] Level 5:colcon.colcon_core.verb:set package 'clearpath_generator_common' build argument 'ament_cmake_args' from command line to 'None'
[0.239s] Level 5:colcon.colcon_core.verb:set package 'clearpath_generator_common' build argument 'catkin_cmake_args' from command line to 'None'
[0.239s] Level 5:colcon.colcon_core.verb:set package 'clearpath_generator_common' build argument 'catkin_skip_building_tests' from command line to 'False'
[0.240s] DEBUG:colcon.colcon_core.verb:Building package 'clearpath_generator_common' with the following arguments: {'ament_cmake_args': None, 'build_base': '/home/kaneki/warebot_ws/build/clearpath_generator_common', 'catkin_cmake_args': None, 'catkin_skip_building_tests': False, 'cmake_args': None, 'cmake_clean_cache': False, 'cmake_clean_first': False, 'cmake_force_configure': False, 'cmake_target': None, 'cmake_target_skip_unavailable': False, 'install_base': '/home/kaneki/warebot_ws/install/clearpath_generator_common', 'merge_install': False, 'path': '/home/kaneki/warebot_ws/src/clearpath_common/clearpath_generator_common', 'symlink_install': False, 'test_result_base': None}
[0.240s] INFO:colcon.colcon_core.executor:Executing jobs using 'parallel' executor
[0.241s] DEBUG:colcon.colcon_parallel_executor.executor.parallel:run_until_complete
[0.241s] INFO:colcon.colcon_ros.task.ament_python.build:Building ROS package in '/home/kaneki/warebot_ws/src/clearpath_config' with build type 'ament_python'
[0.242s] Level 1:colcon.colcon_core.shell:create_environment_hook('clearpath_config', 'ament_prefix_path')
[0.244s] INFO:colcon.colcon_core.plugin_system:Skipping extension 'colcon_core.shell.bat': Not used on non-Windows systems
[0.244s] INFO:colcon.colcon_core.shell:Creating environment hook '/home/kaneki/warebot_ws/install/clearpath_config/share/clearpath_config/hook/ament_prefix_path.ps1'
[0.245s] INFO:colcon.colcon_core.shell:Creating environment descriptor '/home/kaneki/warebot_ws/install/clearpath_config/share/clearpath_config/hook/ament_prefix_path.dsv'
[0.245s] INFO:colcon.colcon_core.shell:Creating environment hook '/home/kaneki/warebot_ws/install/clearpath_config/share/clearpath_config/hook/ament_prefix_path.sh'
[0.246s] INFO:colcon.colcon_core.shell:Skip shell extension 'powershell' for command environment: Not usable outside of PowerShell
[0.246s] DEBUG:colcon.colcon_core.shell:Skip shell extension 'dsv' for command environment
[0.428s] INFO:colcon.colcon_core.task.python.build:Building Python package in '/home/kaneki/warebot_ws/src/clearpath_config'
[0.428s] INFO:colcon.colcon_core.shell:Skip shell extension 'powershell' for command environment: Not usable outside of PowerShell
[0.428s] DEBUG:colcon.colcon_core.shell:Skip shell extension 'dsv' for command environment
[0.906s] DEBUG:colcon.colcon_core.event_handler.log_command:Invoking command in '/home/kaneki/warebot_ws/src/clearpath_config': DEBUGINFOD_URLS=https://debuginfod.ubuntu.com PYTHONPATH=/home/kaneki/warebot_ws/build/clearpath_config/prefix_override:/usr/lib/python3/dist-packages/colcon_core/task/python/colcon_distutils_commands:/home/kaneki/warebot_ws/install/clearpath_config/lib/python3.12/site-packages:${PYTHONPATH} /usr/bin/python3 -W ignore:setup.py install is deprecated -W ignore:easy_install command is deprecated setup.py egg_info --egg-base ../../build/clearpath_config build --build-base /home/kaneki/warebot_ws/build/clearpath_config/build install --record /home/kaneki/warebot_ws/build/clearpath_config/install.log --single-version-externally-managed install_data
[1.427s] DEBUG:colcon.colcon_core.event_handler.log_command:Invoked command in '/home/kaneki/warebot_ws/src/clearpath_config' returned '0': DEBUGINFOD_URLS=https://debuginfod.ubuntu.com PYTHONPATH=/home/kaneki/warebot_ws/build/clearpath_config/prefix_override:/usr/lib/python3/dist-packages/colcon_core/task/python/colcon_distutils_commands:/home/kaneki/warebot_ws/install/clearpath_config/lib/python3.12/site-packages:${PYTHONPATH} /usr/bin/python3 -W ignore:setup.py install is deprecated -W ignore:easy_install command is deprecated setup.py egg_info --egg-base ../../build/clearpath_config build --build-base /home/kaneki/warebot_ws/build/clearpath_config/build install --record /home/kaneki/warebot_ws/build/clearpath_config/install.log --single-version-externally-managed install_data
[1.429s] Level 1:colcon.colcon_core.environment:checking '/home/kaneki/warebot_ws/install/clearpath_config' for CMake module files
[1.429s] Level 1:colcon.colcon_core.environment:checking '/home/kaneki/warebot_ws/install/clearpath_config' for CMake config files
[1.430s] Level 1:colcon.colcon_core.environment:checking '/home/kaneki/warebot_ws/install/clearpath_config/lib'
[1.430s] Level 1:colcon.colcon_core.environment:checking '/home/kaneki/warebot_ws/install/clearpath_config/bin'
[1.430s] Level 1:colcon.colcon_core.environment:checking '/home/kaneki/warebot_ws/install/clearpath_config/lib/pkgconfig/clearpath_config.pc'
[1.430s] Level 1:colcon.colcon_core.environment:checking '/home/kaneki/warebot_ws/install/clearpath_config/lib/python3.12/site-packages'
[1.430s] Level 1:colcon.colcon_core.shell:create_environment_hook('clearpath_config', 'pythonpath')
[1.430s] INFO:colcon.colcon_core.shell:Creating environment hook '/home/kaneki/warebot_ws/install/clearpath_config/share/clearpath_config/hook/pythonpath.ps1'
[1.431s] INFO:colcon.colcon_core.shell:Creating environment descriptor '/home/kaneki/warebot_ws/install/clearpath_config/share/clearpath_config/hook/pythonpath.dsv'
[1.431s] INFO:colcon.colcon_core.shell:Creating environment hook '/home/kaneki/warebot_ws/install/clearpath_config/share/clearpath_config/hook/pythonpath.sh'
[1.431s] Level 1:colcon.colcon_core.environment:checking '/home/kaneki/warebot_ws/install/clearpath_config/bin'
[1.431s] Level 1:colcon.colcon_core.environment:create_environment_scripts_only(clearpath_config)
[1.432s] INFO:colcon.colcon_core.shell:Creating package script '/home/kaneki/warebot_ws/install/clearpath_config/share/clearpath_config/package.ps1'
[1.432s] INFO:colcon.colcon_core.shell:Creating package descriptor '/home/kaneki/warebot_ws/install/clearpath_config/share/clearpath_config/package.dsv'
[1.432s] INFO:colcon.colcon_core.shell:Creating package script '/home/kaneki/warebot_ws/install/clearpath_config/share/clearpath_config/package.sh'
[1.433s] INFO:colcon.colcon_core.shell:Creating package script '/home/kaneki/warebot_ws/install/clearpath_config/share/clearpath_config/package.bash'
[1.433s] INFO:colcon.colcon_core.shell:Creating package script '/home/kaneki/warebot_ws/install/clearpath_config/share/clearpath_config/package.zsh'
[1.433s] Level 1:colcon.colcon_core.environment:create_file_with_runtime_dependencies(/home/kaneki/warebot_ws/install/clearpath_config/share/colcon-core/packages/clearpath_config)
[1.434s] INFO:colcon.colcon_ros.task.ament_cmake.build:Building ROS package in '/home/kaneki/warebot_ws/src/clearpath_common/clearpath_generator_common' with build type 'ament_cmake'
[1.434s] INFO:colcon.colcon_cmake.task.cmake.build:Building CMake package in '/home/kaneki/warebot_ws/src/clearpath_common/clearpath_generator_common'
[1.434s] INFO:colcon.colcon_core.shell:Skip shell extension 'powershell' for command environment: Not usable outside of PowerShell
[1.434s] DEBUG:colcon.colcon_core.shell:Skip shell extension 'dsv' for command environment
[1.441s] WARNING:colcon.colcon_core.shell:The following packages are in the workspace but haven't been built:
- clearpath_bt_joy
- clearpath_diagnostics
- clearpath_manipulators_description
- clearpath_mounts_description
- clearpath_platform_description
- clearpath_sensors_description
- clearpath_control
- clearpath_description
- clearpath_manipulators
They are being used from the following locations instead:
- /opt/ros/jazzy
- /opt/ros/jazzy
- /opt/ros/jazzy
- /opt/ros/jazzy
- /opt/ros/jazzy
- /opt/ros/jazzy
- /opt/ros/jazzy
- /opt/ros/jazzy
- /opt/ros/jazzy
To suppress this warning ignore these packages in the workspace:
--packages-ignore clearpath_bt_joy clearpath_diagnostics clearpath_manipulators_description clearpath_mounts_description clearpath_platform_description clearpath_sensors_description clearpath_control clearpath_description clearpath_manipulators
[1.448s] DEBUG:colcon.colcon_core.event_handler.log_command:Invoking command in '/home/kaneki/warebot_ws/build/clearpath_generator_common': AMENT_PREFIX_PATH=/home/kaneki/warebot_ws/install/clearpath_config:${AMENT_PREFIX_PATH} CMAKE_PREFIX_PATH=${CMAKE_PREFIX_PATH}:/home/kaneki/ros2_ws/install/rqt_joint_trajectory_controller:/home/kaneki/ros2_ws/install/rqt_controller_manager:/home/kaneki/ros2_ws/install/ros2controlcli:/home/kaneki/ros2_ws/install/ros2_controllers_test_nodes:/opt/ros/jazzy DEBUGINFOD_URLS=https://debuginfod.ubuntu.com PYTHONPATH=/home/kaneki/warebot_ws/install/clearpath_config/lib/python3.12/site-packages:${PYTHONPATH} /usr/bin/cmake /home/kaneki/warebot_ws/src/clearpath_common/clearpath_generator_common -DCMAKE_INSTALL_PREFIX=/home/kaneki/warebot_ws/install/clearpath_generator_common
[8.021s] DEBUG:colcon.colcon_core.event_handler.log_command:Invoked command in '/home/kaneki/warebot_ws/build/clearpath_generator_common' returned '0': AMENT_PREFIX_PATH=/home/kaneki/warebot_ws/install/clearpath_config:${AMENT_PREFIX_PATH} CMAKE_PREFIX_PATH=${CMAKE_PREFIX_PATH}:/home/kaneki/ros2_ws/install/rqt_joint_trajectory_controller:/home/kaneki/ros2_ws/install/rqt_controller_manager:/home/kaneki/ros2_ws/install/ros2controlcli:/home/kaneki/ros2_ws/install/ros2_controllers_test_nodes:/opt/ros/jazzy DEBUGINFOD_URLS=https://debuginfod.ubuntu.com PYTHONPATH=/home/kaneki/warebot_ws/install/clearpath_config/lib/python3.12/site-packages:${PYTHONPATH} /usr/bin/cmake /home/kaneki/warebot_ws/src/clearpath_common/clearpath_generator_common -DCMAKE_INSTALL_PREFIX=/home/kaneki/warebot_ws/install/clearpath_generator_common
[8.022s] DEBUG:colcon.colcon_core.event_handler.log_command:Invoking command in '/home/kaneki/warebot_ws/build/clearpath_generator_common': AMENT_PREFIX_PATH=/home/kaneki/warebot_ws/install/clearpath_config:${AMENT_PREFIX_PATH} CMAKE_PREFIX_PATH=${CMAKE_PREFIX_PATH}:/home/kaneki/ros2_ws/install/rqt_joint_trajectory_controller:/home/kaneki/ros2_ws/install/rqt_controller_manager:/home/kaneki/ros2_ws/install/ros2controlcli:/home/kaneki/ros2_ws/install/ros2_controllers_test_nodes:/opt/ros/jazzy DEBUGINFOD_URLS=https://debuginfod.ubuntu.com PYTHONPATH=/home/kaneki/warebot_ws/install/clearpath_config/lib/python3.12/site-packages:${PYTHONPATH} /usr/bin/cmake --build /home/kaneki/warebot_ws/build/clearpath_generator_common -- -j16 -l16
[21.398s] DEBUG:colcon.colcon_core.event_handler.log_command:Invoked command in '/home/kaneki/warebot_ws/build/clearpath_generator_common' returned '0': AMENT_PREFIX_PATH=/home/kaneki/warebot_ws/install/clearpath_config:${AMENT_PREFIX_PATH} CMAKE_PREFIX_PATH=${CMAKE_PREFIX_PATH}:/home/kaneki/ros2_ws/install/rqt_joint_trajectory_controller:/home/kaneki/ros2_ws/install/rqt_controller_manager:/home/kaneki/ros2_ws/install/ros2controlcli:/home/kaneki/ros2_ws/install/ros2_controllers_test_nodes:/opt/ros/jazzy DEBUGINFOD_URLS=https://debuginfod.ubuntu.com PYTHONPATH=/home/kaneki/warebot_ws/install/clearpath_config/lib/python3.12/site-packages:${PYTHONPATH} /usr/bin/cmake --build /home/kaneki/warebot_ws/build/clearpath_generator_common -- -j16 -l16
[21.412s] DEBUG:colcon.colcon_core.event_handler.log_command:Invoking command in '/home/kaneki/warebot_ws/build/clearpath_generator_common': AMENT_PREFIX_PATH=/home/kaneki/warebot_ws/install/clearpath_config:${AMENT_PREFIX_PATH} CMAKE_PREFIX_PATH=${CMAKE_PREFIX_PATH}:/home/kaneki/ros2_ws/install/rqt_joint_trajectory_controller:/home/kaneki/ros2_ws/install/rqt_controller_manager:/home/kaneki/ros2_ws/install/ros2controlcli:/home/kaneki/ros2_ws/install/ros2_controllers_test_nodes:/opt/ros/jazzy DEBUGINFOD_URLS=https://debuginfod.ubuntu.com PYTHONPATH=/home/kaneki/warebot_ws/install/clearpath_config/lib/python3.12/site-packages:${PYTHONPATH} /usr/bin/cmake --install /home/kaneki/warebot_ws/build/clearpath_generator_common
[21.495s] Level 1:colcon.colcon_core.environment:create_environment_scripts_only(clearpath_generator_common)
[21.495s] Level 1:colcon.colcon_core.environment:checking '/home/kaneki/warebot_ws/install/clearpath_generator_common' for CMake module files
[21.496s] DEBUG:colcon.colcon_core.event_handler.log_command:Invoked command in '/home/kaneki/warebot_ws/build/clearpath_generator_common' returned '0': AMENT_PREFIX_PATH=/home/kaneki/warebot_ws/install/clearpath_config:${AMENT_PREFIX_PATH} CMAKE_PREFIX_PATH=${CMAKE_PREFIX_PATH}:/home/kaneki/ros2_ws/install/rqt_joint_trajectory_controller:/home/kaneki/ros2_ws/install/rqt_controller_manager:/home/kaneki/ros2_ws/install/ros2controlcli:/home/kaneki/ros2_ws/install/ros2_controllers_test_nodes:/opt/ros/jazzy DEBUGINFOD_URLS=https://debuginfod.ubuntu.com PYTHONPATH=/home/kaneki/warebot_ws/install/clearpath_config/lib/python3.12/site-packages:${PYTHONPATH} /usr/bin/cmake --install /home/kaneki/warebot_ws/build/clearpath_generator_common
[21.496s] Level 1:colcon.colcon_core.environment:checking '/home/kaneki/warebot_ws/install/clearpath_generator_common' for CMake config files
[21.496s] Level 1:colcon.colcon_core.shell:create_environment_hook('clearpath_generator_common', 'cmake_prefix_path')
[21.497s] INFO:colcon.colcon_core.shell:Creating environment hook '/home/kaneki/warebot_ws/install/clearpath_generator_common/share/clearpath_generator_common/hook/cmake_prefix_path.ps1'
[21.497s] INFO:colcon.colcon_core.shell:Creating environment descriptor '/home/kaneki/warebot_ws/install/clearpath_generator_common/share/clearpath_generator_common/hook/cmake_prefix_path.dsv'
[21.497s] INFO:colcon.colcon_core.shell:Creating environment hook '/home/kaneki/warebot_ws/install/clearpath_generator_common/share/clearpath_generator_common/hook/cmake_prefix_path.sh'
[21.498s] Level 1:colcon.colcon_core.environment:checking '/home/kaneki/warebot_ws/install/clearpath_generator_common/lib'
[21.498s] Level 1:colcon.colcon_core.environment:checking '/home/kaneki/warebot_ws/install/clearpath_generator_common/bin'
[21.498s] Level 1:colcon.colcon_core.environment:checking '/home/kaneki/warebot_ws/install/clearpath_generator_common/lib/pkgconfig/clearpath_generator_common.pc'
[21.498s] Level 1:colcon.colcon_core.environment:checking '/home/kaneki/warebot_ws/install/clearpath_generator_common/lib/python3.12/site-packages'
[21.498s] Level 1:colcon.colcon_core.shell:create_environment_hook('clearpath_generator_common', 'pythonpath')
[21.498s] INFO:colcon.colcon_core.shell:Creating environment hook '/home/kaneki/warebot_ws/install/clearpath_generator_common/share/clearpath_generator_common/hook/pythonpath.ps1'
[21.498s] INFO:colcon.colcon_core.shell:Creating environment descriptor '/home/kaneki/warebot_ws/install/clearpath_generator_common/share/clearpath_generator_common/hook/pythonpath.dsv'
[21.498s] INFO:colcon.colcon_core.shell:Creating environment hook '/home/kaneki/warebot_ws/install/clearpath_generator_common/share/clearpath_generator_common/hook/pythonpath.sh'
[21.499s] Level 1:colcon.colcon_core.environment:checking '/home/kaneki/warebot_ws/install/clearpath_generator_common/bin'
[21.499s] INFO:colcon.colcon_core.shell:Creating package script '/home/kaneki/warebot_ws/install/clearpath_generator_common/share/clearpath_generator_common/package.ps1'
[21.499s] INFO:colcon.colcon_core.shell:Creating package descriptor '/home/kaneki/warebot_ws/install/clearpath_generator_common/share/clearpath_generator_common/package.dsv'
[21.500s] INFO:colcon.colcon_core.shell:Creating package script '/home/kaneki/warebot_ws/install/clearpath_generator_common/share/clearpath_generator_common/package.sh'
[21.500s] INFO:colcon.colcon_core.shell:Creating package script '/home/kaneki/warebot_ws/install/clearpath_generator_common/share/clearpath_generator_common/package.bash'
[21.500s] INFO:colcon.colcon_core.shell:Creating package script '/home/kaneki/warebot_ws/install/clearpath_generator_common/share/clearpath_generator_common/package.zsh'
[21.501s] Level 1:colcon.colcon_core.environment:create_file_with_runtime_dependencies(/home/kaneki/warebot_ws/install/clearpath_generator_common/share/colcon-core/packages/clearpath_generator_common)
[21.501s] Level 1:colcon.colcon_core.environment:create_environment_scripts_only(clearpath_generator_common)
[21.501s] Level 1:colcon.colcon_core.environment:checking '/home/kaneki/warebot_ws/install/clearpath_generator_common' for CMake module files
[21.501s] Level 1:colcon.colcon_core.environment:checking '/home/kaneki/warebot_ws/install/clearpath_generator_common' for CMake config files
[21.502s] Level 1:colcon.colcon_core.shell:create_environment_hook('clearpath_generator_common', 'cmake_prefix_path')
[21.502s] INFO:colcon.colcon_core.shell:Creating environment hook '/home/kaneki/warebot_ws/install/clearpath_generator_common/share/clearpath_generator_common/hook/cmake_prefix_path.ps1'
[21.502s] INFO:colcon.colcon_core.shell:Creating environment descriptor '/home/kaneki/warebot_ws/install/clearpath_generator_common/share/clearpath_generator_common/hook/cmake_prefix_path.dsv'
[21.503s] INFO:colcon.colcon_core.shell:Creating environment hook '/home/kaneki/warebot_ws/install/clearpath_generator_common/share/clearpath_generator_common/hook/cmake_prefix_path.sh'
[21.503s] Level 1:colcon.colcon_core.environment:checking '/home/kaneki/warebot_ws/install/clearpath_generator_common/lib'
[21.503s] Level 1:colcon.colcon_core.environment:checking '/home/kaneki/warebot_ws/install/clearpath_generator_common/bin'
[21.503s] Level 1:colcon.colcon_core.environment:checking '/home/kaneki/warebot_ws/install/clearpath_generator_common/lib/pkgconfig/clearpath_generator_common.pc'
[21.503s] Level 1:colcon.colcon_core.environment:checking '/home/kaneki/warebot_ws/install/clearpath_generator_common/lib/python3.12/site-packages'
[21.504s] Level 1:colcon.colcon_core.shell:create_environment_hook('clearpath_generator_common', 'pythonpath')
[21.504s] INFO:colcon.colcon_core.shell:Creating environment hook '/home/kaneki/warebot_ws/install/clearpath_generator_common/share/clearpath_generator_common/hook/pythonpath.ps1'
[21.504s] INFO:colcon.colcon_core.shell:Creating environment descriptor '/home/kaneki/warebot_ws/install/clearpath_generator_common/share/clearpath_generator_common/hook/pythonpath.dsv'
[21.504s] INFO:colcon.colcon_core.shell:Creating environment hook '/home/kaneki/warebot_ws/install/clearpath_generator_common/share/clearpath_generator_common/hook/pythonpath.sh'
[21.505s] Level 1:colcon.colcon_core.environment:checking '/home/kaneki/warebot_ws/install/clearpath_generator_common/bin'
[21.505s] INFO:colcon.colcon_core.shell:Creating package script '/home/kaneki/warebot_ws/install/clearpath_generator_common/share/clearpath_generator_common/package.ps1'
[21.505s] INFO:colcon.colcon_core.shell:Creating package descriptor '/home/kaneki/warebot_ws/install/clearpath_generator_common/share/clearpath_generator_common/package.dsv'
[21.506s] INFO:colcon.colcon_core.shell:Creating package script '/home/kaneki/warebot_ws/install/clearpath_generator_common/share/clearpath_generator_common/package.sh'
[21.506s] INFO:colcon.colcon_core.shell:Creating package script '/home/kaneki/warebot_ws/install/clearpath_generator_common/share/clearpath_generator_common/package.bash'
[21.506s] INFO:colcon.colcon_core.shell:Creating package script '/home/kaneki/warebot_ws/install/clearpath_generator_common/share/clearpath_generator_common/package.zsh'
[21.506s] Level 1:colcon.colcon_core.environment:create_file_with_runtime_dependencies(/home/kaneki/warebot_ws/install/clearpath_generator_common/share/colcon-core/packages/clearpath_generator_common)
[21.507s] DEBUG:colcon.colcon_parallel_executor.executor.parallel:closing loop
[21.507s] DEBUG:colcon.colcon_parallel_executor.executor.parallel:loop closed
[21.507s] DEBUG:colcon.colcon_parallel_executor.executor.parallel:run_until_complete finished with '0'
[21.507s] DEBUG:colcon.colcon_core.event_reactor:joining thread
[21.512s] INFO:colcon.colcon_core.plugin_system:Skipping extension 'colcon_notification.desktop_notification.terminal_notifier': Not used on non-Darwin systems
[21.512s] INFO:colcon.colcon_core.plugin_system:Skipping extension 'colcon_notification.desktop_notification.win32': Not used on non-Windows systems
[21.512s] INFO:colcon.colcon_notification.desktop_notification:Sending desktop notification using 'notify2'
[21.526s] DEBUG:colcon.colcon_core.event_reactor:joined thread
[21.526s] INFO:colcon.colcon_core.shell:Creating prefix script '/home/kaneki/warebot_ws/install/local_setup.ps1'
[21.527s] INFO:colcon.colcon_core.shell:Creating prefix util module '/home/kaneki/warebot_ws/install/_local_setup_util_ps1.py'
[21.527s] INFO:colcon.colcon_core.shell:Creating prefix chain script '/home/kaneki/warebot_ws/install/setup.ps1'
[21.530s] INFO:colcon.colcon_core.shell:Creating prefix script '/home/kaneki/warebot_ws/install/local_setup.sh'
[21.530s] INFO:colcon.colcon_core.shell:Creating prefix util module '/home/kaneki/warebot_ws/install/_local_setup_util_sh.py'
[21.530s] INFO:colcon.colcon_core.shell:Creating prefix chain script '/home/kaneki/warebot_ws/install/setup.sh'
[21.533s] INFO:colcon.colcon_core.shell:Creating prefix script '/home/kaneki/warebot_ws/install/local_setup.bash'
[21.534s] INFO:colcon.colcon_core.shell:Creating prefix chain script '/home/kaneki/warebot_ws/install/setup.bash'
[21.537s] INFO:colcon.colcon_core.shell:Creating prefix script '/home/kaneki/warebot_ws/install/local_setup.zsh'
[21.537s] INFO:colcon.colcon_core.shell:Creating prefix chain script '/home/kaneki/warebot_ws/install/setup.zsh'
