[0.000000] (-) TimerEvent: {}
[0.001181] (-) JobUnselected: {'identifier': 'clearpath_bt_joy'}
[0.001314] (-) JobUnselected: {'identifier': 'clearpath_common'}
[0.001341] (-) JobUnselected: {'identifier': 'clearpath_config'}
[0.001359] (-) JobUnselected: {'identifier': 'clearpath_control'}
[0.001378] (-) JobUnselected: {'identifier': 'clearpath_customization'}
[0.001397] (-) JobUnselected: {'identifier': 'clearpath_description'}
[0.001415] (-) JobUnselected: {'identifier': 'clearpath_diagnostics'}
[0.001431] (-) JobUnselected: {'identifier': 'clearpath_generator_common'}
[0.001482] (-) JobUnselected: {'identifier': 'clearpath_manipulators'}
[0.001500] (-) JobUnselected: {'identifier': 'clearpath_manipulators_description'}
[0.001517] (-) JobUnselected: {'identifier': 'clearpath_mounts_description'}
[0.001535] (-) JobUnselected: {'identifier': 'clearpath_platform_description'}
[0.001553] (clearpath_sensors_description) JobQueued: {'identifier': 'clearpath_sensors_description', 'dependencies': OrderedDict()}
[0.001575] (warebot) JobQueued: {'identifier': 'warebot', 'dependencies': OrderedDict({'clearpath_sensors_description': '/home/kaneki/cobot_ws/install/clearpath_sensors_description'})}
[0.001600] (clearpath_sensors_description) JobStarted: {'identifier': 'clearpath_sensors_description'}
[0.020557] (clearpath_sensors_description) JobProgress: {'identifier': 'clearpath_sensors_description', 'progress': 'cmake'}
[0.021892] (clearpath_sensors_description) JobProgress: {'identifier': 'clearpath_sensors_description', 'progress': 'build'}
[0.023467] (clearpath_sensors_description) Command: {'cmd': ['/usr/bin/cmake', '--build', '/home/kaneki/cobot_ws/build/clearpath_sensors_description', '--', '-j16', '-l16'], 'cwd': '/home/kaneki/cobot_ws/build/clearpath_sensors_description', 'env': OrderedDict({'GZ_SIM_RESOURCE_PATH': '/opt/ros/jazzy/share', 'GZ_CONFIG_PATH': '/opt/ros/jazzy/opt/gz_sim_vendor/share/gz:/opt/ros/jazzy/opt/sdformat_vendor/share/gz:/opt/ros/jazzy/opt/gz_gui_vendor/share/gz:/opt/ros/jazzy/opt/gz_transport_vendor/share/gz:/opt/ros/jazzy/opt/gz_rendering_vendor/share/gz:/opt/ros/jazzy/opt/gz_plugin_vendor/share/gz:/opt/ros/jazzy/opt/gz_fuel_tools_vendor/share/gz:/opt/ros/jazzy/opt/gz_msgs_vendor/share/gz:/opt/ros/jazzy/opt/gz_common_vendor/share/gz', 'SHLVL': '0', 'LD_LIBRARY_PATH': '/opt/ros/jazzy/opt/gz_sim_vendor/lib:/opt/ros/jazzy/opt/gz_sensors_vendor/lib:/opt/ros/jazzy/opt/gz_physics_vendor/lib:/opt/ros/jazzy/opt/sdformat_vendor/lib:/opt/ros/jazzy/opt/rviz_ogre_vendor/lib:/opt/ros/jazzy/lib/x86_64-linux-gnu:/opt/ros/jazzy/opt/gz_gui_vendor/lib:/opt/ros/jazzy/opt/gz_transport_vendor/lib:/opt/ros/jazzy/opt/gz_rendering_vendor/lib:/opt/ros/jazzy/opt/gz_plugin_vendor/lib:/opt/ros/jazzy/opt/gz_fuel_tools_vendor/lib:/opt/ros/jazzy/opt/gz_msgs_vendor/lib:/opt/ros/jazzy/opt/gz_common_vendor/lib:/opt/ros/jazzy/opt/gz_math_vendor/lib:/opt/ros/jazzy/opt/gz_utils_vendor/lib:/opt/ros/jazzy/opt/gz_tools_vendor/lib:/opt/ros/jazzy/opt/gz_ogre_next_vendor/lib:/opt/ros/jazzy/opt/gz_dartsim_vendor/lib:/opt/ros/jazzy/opt/gz_cmake_vendor/lib:/opt/ros/jazzy/lib', 'HOME': '/home/kaneki', 'ROS_PYTHON_VERSION': '3', 'LC_CTYPE': 'C.UTF-8', 'ROS_DISTRO': 'jazzy', '_': '/usr/bin/colcon', 'ROS_VERSION': '2', 'GAZEBO_MODEL_PATH': '/opt/ros/jazzy/share/', 'PATH': '/opt/ros/jazzy/opt/gz_msgs_vendor/bin:/opt/ros/jazzy/opt/gz_tools_vendor/bin:/opt/ros/jazzy/opt/gz_ogre_next_vendor/bin:/opt/ros/jazzy/bin:/usr/local/sbin:/usr/local/bin:/usr/sbin:/usr/bin:/sbin:/bin', 'AMENT_PREFIX_PATH': '/opt/ros/jazzy', 'ROS_AUTOMATIC_DISCOVERY_RANGE': 'SUBNET', 'PWD': '/home/kaneki/cobot_ws/build/clearpath_sensors_description', 'PYTHONPATH': '/opt/ros/jazzy/lib/python3.12/site-packages', 'COLCON': '1', 'CMAKE_PREFIX_PATH': '/opt/ros/jazzy/opt/gz_sim_vendor:/opt/ros/jazzy/opt/gz_sensors_vendor:/opt/ros/jazzy/opt/gz_physics_vendor:/opt/ros/jazzy/opt/sdformat_vendor:/opt/ros/jazzy/opt/gz_gui_vendor:/opt/ros/jazzy/opt/gz_transport_vendor:/opt/ros/jazzy/opt/gz_rendering_vendor:/opt/ros/jazzy/opt/gz_plugin_vendor:/opt/ros/jazzy/opt/gz_fuel_tools_vendor:/opt/ros/jazzy/opt/gz_msgs_vendor:/opt/ros/jazzy/opt/gz_common_vendor:/opt/ros/jazzy/opt/gz_math_vendor:/opt/ros/jazzy/opt/gz_utils_vendor:/opt/ros/jazzy/opt/gz_tools_vendor:/opt/ros/jazzy/opt/gz_ogre_next_vendor:/opt/ros/jazzy/opt/gz_dartsim_vendor:/opt/ros/jazzy/opt/gz_cmake_vendor:/opt/ros/jazzy'}), 'shell': False}
[0.094424] (clearpath_sensors_description) CommandEnded: {'returncode': 0}
[0.095471] (clearpath_sensors_description) JobProgress: {'identifier': 'clearpath_sensors_description', 'progress': 'install'}
[0.099920] (-) TimerEvent: {}
[0.114063] (clearpath_sensors_description) Command: {'cmd': ['/usr/bin/cmake', '--install', '/home/kaneki/cobot_ws/build/clearpath_sensors_description'], 'cwd': '/home/kaneki/cobot_ws/build/clearpath_sensors_description', 'env': OrderedDict({'GZ_SIM_RESOURCE_PATH': '/opt/ros/jazzy/share', 'GZ_CONFIG_PATH': '/opt/ros/jazzy/opt/gz_sim_vendor/share/gz:/opt/ros/jazzy/opt/sdformat_vendor/share/gz:/opt/ros/jazzy/opt/gz_gui_vendor/share/gz:/opt/ros/jazzy/opt/gz_transport_vendor/share/gz:/opt/ros/jazzy/opt/gz_rendering_vendor/share/gz:/opt/ros/jazzy/opt/gz_plugin_vendor/share/gz:/opt/ros/jazzy/opt/gz_fuel_tools_vendor/share/gz:/opt/ros/jazzy/opt/gz_msgs_vendor/share/gz:/opt/ros/jazzy/opt/gz_common_vendor/share/gz', 'SHLVL': '0', 'LD_LIBRARY_PATH': '/opt/ros/jazzy/opt/gz_sim_vendor/lib:/opt/ros/jazzy/opt/gz_sensors_vendor/lib:/opt/ros/jazzy/opt/gz_physics_vendor/lib:/opt/ros/jazzy/opt/sdformat_vendor/lib:/opt/ros/jazzy/opt/rviz_ogre_vendor/lib:/opt/ros/jazzy/lib/x86_64-linux-gnu:/opt/ros/jazzy/opt/gz_gui_vendor/lib:/opt/ros/jazzy/opt/gz_transport_vendor/lib:/opt/ros/jazzy/opt/gz_rendering_vendor/lib:/opt/ros/jazzy/opt/gz_plugin_vendor/lib:/opt/ros/jazzy/opt/gz_fuel_tools_vendor/lib:/opt/ros/jazzy/opt/gz_msgs_vendor/lib:/opt/ros/jazzy/opt/gz_common_vendor/lib:/opt/ros/jazzy/opt/gz_math_vendor/lib:/opt/ros/jazzy/opt/gz_utils_vendor/lib:/opt/ros/jazzy/opt/gz_tools_vendor/lib:/opt/ros/jazzy/opt/gz_ogre_next_vendor/lib:/opt/ros/jazzy/opt/gz_dartsim_vendor/lib:/opt/ros/jazzy/opt/gz_cmake_vendor/lib:/opt/ros/jazzy/lib', 'HOME': '/home/kaneki', 'ROS_PYTHON_VERSION': '3', 'LC_CTYPE': 'C.UTF-8', 'ROS_DISTRO': 'jazzy', '_': '/usr/bin/colcon', 'ROS_VERSION': '2', 'GAZEBO_MODEL_PATH': '/opt/ros/jazzy/share/', 'PATH': '/opt/ros/jazzy/opt/gz_msgs_vendor/bin:/opt/ros/jazzy/opt/gz_tools_vendor/bin:/opt/ros/jazzy/opt/gz_ogre_next_vendor/bin:/opt/ros/jazzy/bin:/usr/local/sbin:/usr/local/bin:/usr/sbin:/usr/bin:/sbin:/bin', 'AMENT_PREFIX_PATH': '/opt/ros/jazzy', 'ROS_AUTOMATIC_DISCOVERY_RANGE': 'SUBNET', 'PWD': '/home/kaneki/cobot_ws/build/clearpath_sensors_description', 'PYTHONPATH': '/opt/ros/jazzy/lib/python3.12/site-packages', 'COLCON': '1', 'CMAKE_PREFIX_PATH': '/opt/ros/jazzy/opt/gz_sim_vendor:/opt/ros/jazzy/opt/gz_sensors_vendor:/opt/ros/jazzy/opt/gz_physics_vendor:/opt/ros/jazzy/opt/sdformat_vendor:/opt/ros/jazzy/opt/gz_gui_vendor:/opt/ros/jazzy/opt/gz_transport_vendor:/opt/ros/jazzy/opt/gz_rendering_vendor:/opt/ros/jazzy/opt/gz_plugin_vendor:/opt/ros/jazzy/opt/gz_fuel_tools_vendor:/opt/ros/jazzy/opt/gz_msgs_vendor:/opt/ros/jazzy/opt/gz_common_vendor:/opt/ros/jazzy/opt/gz_math_vendor:/opt/ros/jazzy/opt/gz_utils_vendor:/opt/ros/jazzy/opt/gz_tools_vendor:/opt/ros/jazzy/opt/gz_ogre_next_vendor:/opt/ros/jazzy/opt/gz_dartsim_vendor:/opt/ros/jazzy/opt/gz_cmake_vendor:/opt/ros/jazzy'}), 'shell': False}
[0.128907] (clearpath_sensors_description) StdoutLine: {'line': b'-- Install configuration: ""\n'}
[0.131266] (clearpath_sensors_description) StdoutLine: {'line': b'-- Up-to-date: /home/kaneki/cobot_ws/install/clearpath_sensors_description/share/clearpath_sensors_description/meshes\n'}
[0.131406] (clearpath_sensors_description) StdoutLine: {'line': b'-- Up-to-date: /home/kaneki/cobot_ws/install/clearpath_sensors_description/share/clearpath_sensors_description/meshes/axis_q62_top.stl\n'}
[0.131504] (clearpath_sensors_description) StdoutLine: {'line': b'-- Up-to-date: /home/kaneki/cobot_ws/install/clearpath_sensors_description/share/clearpath_sensors_description/meshes/seyond_robin_w.stl\n'}
[0.131594] (clearpath_sensors_description) StdoutLine: {'line': b'-- Up-to-date: /home/kaneki/cobot_ws/install/clearpath_sensors_description/share/clearpath_sensors_description/meshes/hokuyo_utm30.stl\n'}
[0.131722] (clearpath_sensors_description) StdoutLine: {'line': b'-- Up-to-date: /home/kaneki/cobot_ws/install/clearpath_sensors_description/share/clearpath_sensors_description/meshes/fixposition.stl\n'}
[0.131814] (clearpath_sensors_description) StdoutLine: {'line': b'-- Up-to-date: /home/kaneki/cobot_ws/install/clearpath_sensors_description/share/clearpath_sensors_description/meshes/oakd_pro_w_poe.dae\n'}
[0.131904] (clearpath_sensors_description) StdoutLine: {'line': b'-- Up-to-date: /home/kaneki/cobot_ws/install/clearpath_sensors_description/share/clearpath_sensors_description/meshes/gnss_helical.stl\n'}
[0.132031] (clearpath_sensors_description) StdoutLine: {'line': b'-- Up-to-date: /home/kaneki/cobot_ws/install/clearpath_sensors_description/share/clearpath_sensors_description/meshes/oakd_lite.dae\n'}
[0.133078] (clearpath_sensors_description) StdoutLine: {'line': b'-- Up-to-date: /home/kaneki/cobot_ws/install/clearpath_sensors_description/share/clearpath_sensors_description/meshes/sick_lms1xx_collision.stl\n'}
[0.133436] (clearpath_sensors_description) StdoutLine: {'line': b'-- Up-to-date: /home/kaneki/cobot_ws/install/clearpath_sensors_description/share/clearpath_sensors_description/meshes/axis_q62_base.stl\n'}
[0.133594] (clearpath_sensors_description) StdoutLine: {'line': b'-- Up-to-date: /home/kaneki/cobot_ws/install/clearpath_sensors_description/share/clearpath_sensors_description/meshes/hokuyo_ust.stl\n'}
[0.133827] (clearpath_sensors_description) StdoutLine: {'line': b'-- Up-to-date: /home/kaneki/cobot_ws/install/clearpath_sensors_description/share/clearpath_sensors_description/meshes/gnss_spherical.stl\n'}
[0.134082] (clearpath_sensors_description) StdoutLine: {'line': b'-- Up-to-date: /home/kaneki/cobot_ws/install/clearpath_sensors_description/share/clearpath_sensors_description/meshes/gnss_patch.stl\n'}
[0.134509] (clearpath_sensors_description) StdoutLine: {'line': b'-- Up-to-date: /home/kaneki/cobot_ws/install/clearpath_sensors_description/share/clearpath_sensors_description/meshes/oakd_pro.dae\n'}
[0.134626] (clearpath_sensors_description) StdoutLine: {'line': b'-- Up-to-date: /home/kaneki/cobot_ws/install/clearpath_sensors_description/share/clearpath_sensors_description/meshes/flir_blackfly.stl\n'}
[0.134741] (clearpath_sensors_description) StdoutLine: {'line': b'-- Up-to-date: /home/kaneki/cobot_ws/install/clearpath_sensors_description/share/clearpath_sensors_description/meshes/novatel_smart6.stl\n'}
[0.134876] (clearpath_sensors_description) StdoutLine: {'line': b'-- Up-to-date: /home/kaneki/cobot_ws/install/clearpath_sensors_description/share/clearpath_sensors_description/meshes/ouster\n'}
[0.134976] (clearpath_sensors_description) StdoutLine: {'line': b'-- Up-to-date: /home/kaneki/cobot_ws/install/clearpath_sensors_description/share/clearpath_sensors_description/meshes/ouster/os1_fins.dae\n'}
[0.135239] (clearpath_sensors_description) StdoutLine: {'line': b'-- Up-to-date: /home/kaneki/cobot_ws/install/clearpath_sensors_description/share/clearpath_sensors_description/meshes/ouster/os1_halo.dae\n'}
[0.135351] (clearpath_sensors_description) StdoutLine: {'line': b'-- Up-to-date: /home/kaneki/cobot_ws/install/clearpath_sensors_description/share/clearpath_sensors_description/meshes/ouster/os1_base.dae\n'}
[0.135434] (clearpath_sensors_description) StdoutLine: {'line': b'-- Up-to-date: /home/kaneki/cobot_ws/install/clearpath_sensors_description/share/clearpath_sensors_description/meshes/ouster/os1_lidar.dae\n'}
[0.135517] (clearpath_sensors_description) StdoutLine: {'line': b'-- Up-to-date: /home/kaneki/cobot_ws/install/clearpath_sensors_description/share/clearpath_sensors_description/meshes/sick_lms1xx_small.dae\n'}
[0.135600] (clearpath_sensors_description) StdoutLine: {'line': b'-- Up-to-date: /home/kaneki/cobot_ws/install/clearpath_sensors_description/share/clearpath_sensors_description/meshes/axis_dome.stl\n'}
[0.135680] (clearpath_sensors_description) StdoutLine: {'line': b'-- Up-to-date: /home/kaneki/cobot_ws/install/clearpath_sensors_description/share/clearpath_sensors_description/meshes/novatel_smart7.stl\n'}
[0.135779] (clearpath_sensors_description) StdoutLine: {'line': b'-- Up-to-date: /home/kaneki/cobot_ws/install/clearpath_sensors_description/share/clearpath_sensors_description/urdf\n'}
[0.135938] (clearpath_sensors_description) StdoutLine: {'line': b'-- Up-to-date: /home/kaneki/cobot_ws/install/clearpath_sensors_description/share/clearpath_sensors_description/urdf/sick_lms1xx.urdf.xacro\n'}
[0.136371] (clearpath_sensors_description) StdoutLine: {'line': b'-- Up-to-date: /home/kaneki/cobot_ws/install/clearpath_sensors_description/share/clearpath_sensors_description/urdf/intel_realsense.urdf.xacro\n'}
[0.137219] (clearpath_sensors_description) StdoutLine: {'line': b'-- Up-to-date: /home/kaneki/cobot_ws/install/clearpath_sensors_description/share/clearpath_sensors_description/urdf/redshift_um7.urdf.xacro\n'}
[0.137851] (clearpath_sensors_description) StdoutLine: {'line': b'-- Up-to-date: /home/kaneki/cobot_ws/install/clearpath_sensors_description/share/clearpath_sensors_description/urdf/phidgets_spatial.urdf.xacro\n'}
[0.138164] (clearpath_sensors_description) StdoutLine: {'line': b'-- Up-to-date: /home/kaneki/cobot_ws/install/clearpath_sensors_description/share/clearpath_sensors_description/urdf/microstrain_gq7.urdf.xacro\n'}
[0.141559] (clearpath_sensors_description) StdoutLine: {'line': b'-- Up-to-date: /home/kaneki/cobot_ws/install/clearpath_sensors_description/share/clearpath_sensors_description/urdf/luxonis_oakd.urdf.xacro\n'}
[0.142833] (clearpath_sensors_description) StdoutLine: {'line': b'-- Up-to-date: /home/kaneki/cobot_ws/install/clearpath_sensors_description/share/clearpath_sensors_description/urdf/chrobotics_um6.urdf.xacro\n'}
[0.143295] (clearpath_sensors_description) StdoutLine: {'line': b'-- Up-to-date: /home/kaneki/cobot_ws/install/clearpath_sensors_description/share/clearpath_sensors_description/urdf/gnss_antenna.urdf.xacro\n'}
[0.143501] (clearpath_sensors_description) StdoutLine: {'line': b'-- Up-to-date: /home/kaneki/cobot_ws/install/clearpath_sensors_description/share/clearpath_sensors_description/urdf/swiftnav_duro.urdf.xacro\n'}
[0.143630] (clearpath_sensors_description) StdoutLine: {'line': b'-- Up-to-date: /home/kaneki/cobot_ws/install/clearpath_sensors_description/share/clearpath_sensors_description/urdf/garmin_18x.urdf.xacro\n'}
[0.143733] (clearpath_sensors_description) StdoutLine: {'line': b'-- Up-to-date: /home/kaneki/cobot_ws/install/clearpath_sensors_description/share/clearpath_sensors_description/urdf/microstrain_imu.urdf.xacro\n'}
[0.143867] (clearpath_sensors_description) StdoutLine: {'line': b'-- Up-to-date: /home/kaneki/cobot_ws/install/clearpath_sensors_description/share/clearpath_sensors_description/urdf/velodyne_lidar.urdf.xacro\n'}
[0.144084] (clearpath_sensors_description) StdoutLine: {'line': b'-- Up-to-date: /home/kaneki/cobot_ws/install/clearpath_sensors_description/share/clearpath_sensors_description/urdf/wiferion.urdf.xacro\n'}
[0.144287] (clearpath_sensors_description) StdoutLine: {'line': b'-- Up-to-date: /home/kaneki/cobot_ws/install/clearpath_sensors_description/share/clearpath_sensors_description/urdf/ouster_os1.urdf.xacro\n'}
[0.145092] (clearpath_sensors_description) StdoutLine: {'line': b'-- Up-to-date: /home/kaneki/cobot_ws/install/clearpath_sensors_description/share/clearpath_sensors_description/urdf/flir_blackfly.urdf.xacro\n'}
[0.145395] (clearpath_sensors_description) StdoutLine: {'line': b'-- Up-to-date: /home/kaneki/cobot_ws/install/clearpath_sensors_description/share/clearpath_sensors_description/urdf/intel\n'}
[0.145711] (clearpath_sensors_description) StdoutLine: {'line': b'-- Up-to-date: /home/kaneki/cobot_ws/install/clearpath_sensors_description/share/clearpath_sensors_description/urdf/intel/d456.urdf.xacro\n'}
[0.145867] (clearpath_sensors_description) StdoutLine: {'line': b'-- Up-to-date: /home/kaneki/cobot_ws/install/clearpath_sensors_description/share/clearpath_sensors_description/urdf/intel/d455.urdf.xacro\n'}
[0.146447] (clearpath_sensors_description) StdoutLine: {'line': b'-- Up-to-date: /home/kaneki/cobot_ws/install/clearpath_sensors_description/share/clearpath_sensors_description/urdf/intel/d435i.urdf.xacro\n'}
[0.146580] (clearpath_sensors_description) StdoutLine: {'line': b'-- Up-to-date: /home/kaneki/cobot_ws/install/clearpath_sensors_description/share/clearpath_sensors_description/urdf/intel/d435.urdf.xacro\n'}
[0.146697] (clearpath_sensors_description) StdoutLine: {'line': b'-- Up-to-date: /home/kaneki/cobot_ws/install/clearpath_sensors_description/share/clearpath_sensors_description/urdf/intel/d415.urdf.xacro\n'}
[0.146826] (clearpath_sensors_description) StdoutLine: {'line': b'-- Up-to-date: /home/kaneki/cobot_ws/install/clearpath_sensors_description/share/clearpath_sensors_description/urdf/axis\n'}
[0.147037] (clearpath_sensors_description) StdoutLine: {'line': b'-- Up-to-date: /home/kaneki/cobot_ws/install/clearpath_sensors_description/share/clearpath_sensors_description/urdf/axis/axis_q62.urdf.xacro\n'}
[0.147118] (clearpath_sensors_description) StdoutLine: {'line': b'-- Up-to-date: /home/kaneki/cobot_ws/install/clearpath_sensors_description/share/clearpath_sensors_description/urdf/axis/axis_dome_ptz.urdf.xacro\n'}
[0.147196] (clearpath_sensors_description) StdoutLine: {'line': b'-- Up-to-date: /home/kaneki/cobot_ws/install/clearpath_sensors_description/share/clearpath_sensors_description/urdf/axis/axis_dome_fixed.urdf.xacro\n'}
[0.147319] (clearpath_sensors_description) StdoutLine: {'line': b'-- Up-to-date: /home/kaneki/cobot_ws/install/clearpath_sensors_description/share/clearpath_sensors_description/urdf/axis_camera.urdf.xacro\n'}
[0.147381] (clearpath_sensors_description) StdoutLine: {'line': b'-- Up-to-date: /home/kaneki/cobot_ws/install/clearpath_sensors_description/share/clearpath_sensors_description/urdf/novatel_smart7.urdf.xacro\n'}
[0.147463] (clearpath_sensors_description) StdoutLine: {'line': b'-- Up-to-date: /home/kaneki/cobot_ws/install/clearpath_sensors_description/share/clearpath_sensors_description/urdf/hokuyo_ust.urdf.xacro\n'}
[0.147568] (clearpath_sensors_description) StdoutLine: {'line': b'-- Up-to-date: /home/kaneki/cobot_ws/install/clearpath_sensors_description/share/clearpath_sensors_description/urdf/fixposition.urdf.xacro\n'}
[0.147660] (clearpath_sensors_description) StdoutLine: {'line': b'-- Up-to-date: /home/kaneki/cobot_ws/install/clearpath_sensors_description/share/clearpath_sensors_description/urdf/novatel_smart6.urdf.xacro\n'}
[0.148022] (clearpath_sensors_description) StdoutLine: {'line': b'-- Up-to-date: /home/kaneki/cobot_ws/install/clearpath_sensors_description/share/clearpath_sensors_description/urdf/seyond_lidar.urdf.xacro\n'}
[0.148156] (clearpath_sensors_description) StdoutLine: {'line': b'-- Up-to-date: /home/kaneki/cobot_ws/install/clearpath_sensors_description/share/clearpath_sensors_description/urdf/stereolabs_zed.urdf.xacro\n'}
[0.148343] (clearpath_sensors_description) StdoutLine: {'line': b'-- Up-to-date: /home/kaneki/cobot_ws/install/clearpath_sensors_description/share/ament_index/resource_index/package_run_dependencies/clearpath_sensors_description\n'}
[0.148463] (clearpath_sensors_description) StdoutLine: {'line': b'-- Up-to-date: /home/kaneki/cobot_ws/install/clearpath_sensors_description/share/ament_index/resource_index/parent_prefix_path/clearpath_sensors_description\n'}
[0.148716] (clearpath_sensors_description) StdoutLine: {'line': b'-- Up-to-date: /home/kaneki/cobot_ws/install/clearpath_sensors_description/share/clearpath_sensors_description/environment/ament_prefix_path.sh\n'}
[0.148850] (clearpath_sensors_description) StdoutLine: {'line': b'-- Up-to-date: /home/kaneki/cobot_ws/install/clearpath_sensors_description/share/clearpath_sensors_description/environment/ament_prefix_path.dsv\n'}
[0.148976] (clearpath_sensors_description) StdoutLine: {'line': b'-- Up-to-date: /home/kaneki/cobot_ws/install/clearpath_sensors_description/share/clearpath_sensors_description/environment/path.sh\n'}
[0.149100] (clearpath_sensors_description) StdoutLine: {'line': b'-- Up-to-date: /home/kaneki/cobot_ws/install/clearpath_sensors_description/share/clearpath_sensors_description/environment/path.dsv\n'}
[0.149250] (clearpath_sensors_description) StdoutLine: {'line': b'-- Up-to-date: /home/kaneki/cobot_ws/install/clearpath_sensors_description/share/clearpath_sensors_description/local_setup.bash\n'}
[0.149340] (clearpath_sensors_description) StdoutLine: {'line': b'-- Up-to-date: /home/kaneki/cobot_ws/install/clearpath_sensors_description/share/clearpath_sensors_description/local_setup.sh\n'}
[0.149466] (clearpath_sensors_description) StdoutLine: {'line': b'-- Up-to-date: /home/kaneki/cobot_ws/install/clearpath_sensors_description/share/clearpath_sensors_description/local_setup.zsh\n'}
[0.149633] (clearpath_sensors_description) StdoutLine: {'line': b'-- Up-to-date: /home/kaneki/cobot_ws/install/clearpath_sensors_description/share/clearpath_sensors_description/local_setup.dsv\n'}
[0.151590] (clearpath_sensors_description) StdoutLine: {'line': b'-- Installing: /home/kaneki/cobot_ws/install/clearpath_sensors_description/share/clearpath_sensors_description/package.dsv\n'}
[0.151682] (clearpath_sensors_description) StdoutLine: {'line': b'-- Up-to-date: /home/kaneki/cobot_ws/install/clearpath_sensors_description/share/ament_index/resource_index/packages/clearpath_sensors_description\n'}
[0.151766] (clearpath_sensors_description) StdoutLine: {'line': b'-- Up-to-date: /home/kaneki/cobot_ws/install/clearpath_sensors_description/share/clearpath_sensors_description/cmake/clearpath_sensors_descriptionConfig.cmake\n'}
[0.151851] (clearpath_sensors_description) StdoutLine: {'line': b'-- Up-to-date: /home/kaneki/cobot_ws/install/clearpath_sensors_description/share/clearpath_sensors_description/cmake/clearpath_sensors_descriptionConfig-version.cmake\n'}
[0.151934] (clearpath_sensors_description) StdoutLine: {'line': b'-- Up-to-date: /home/kaneki/cobot_ws/install/clearpath_sensors_description/share/clearpath_sensors_description/package.xml\n'}
[0.152019] (clearpath_sensors_description) CommandEnded: {'returncode': 0}
[0.175501] (clearpath_sensors_description) JobEnded: {'identifier': 'clearpath_sensors_description', 'rc': 0}
[0.176278] (warebot) JobStarted: {'identifier': 'warebot'}
[0.200041] (-) TimerEvent: {}
[0.305252] (-) TimerEvent: {}
[0.405478] (-) TimerEvent: {}
[0.506118] (-) TimerEvent: {}
[0.606370] (-) TimerEvent: {}
[0.706595] (-) TimerEvent: {}
[0.806839] (-) TimerEvent: {}
[0.907194] (-) TimerEvent: {}
[1.008246] (-) TimerEvent: {}
[1.108473] (-) TimerEvent: {}
[1.208653] (-) TimerEvent: {}
[1.309021] (-) TimerEvent: {}
[1.338828] (warebot) Command: {'cmd': ['/usr/bin/python3', '-W', 'ignore:setup.py install is deprecated', '-W', 'ignore:easy_install command is deprecated', 'setup.py', 'egg_info', '--egg-base', '../../build/warebot', 'build', '--build-base', '/home/kaneki/cobot_ws/build/warebot/build', 'install', '--record', '/home/kaneki/cobot_ws/build/warebot/install.log', '--single-version-externally-managed', 'install_data'], 'cwd': '/home/kaneki/cobot_ws/src/warebot', 'env': {'GZ_SIM_RESOURCE_PATH': '/opt/ros/jazzy/share', 'GZ_CONFIG_PATH': '/opt/ros/jazzy/opt/gz_sim_vendor/share/gz:/opt/ros/jazzy/opt/sdformat_vendor/share/gz:/opt/ros/jazzy/opt/gz_gui_vendor/share/gz:/opt/ros/jazzy/opt/gz_transport_vendor/share/gz:/opt/ros/jazzy/opt/gz_rendering_vendor/share/gz:/opt/ros/jazzy/opt/gz_plugin_vendor/share/gz:/opt/ros/jazzy/opt/gz_fuel_tools_vendor/share/gz:/opt/ros/jazzy/opt/gz_msgs_vendor/share/gz:/opt/ros/jazzy/opt/gz_common_vendor/share/gz', 'SHLVL': '0', 'LD_LIBRARY_PATH': '/opt/ros/jazzy/opt/gz_sim_vendor/lib:/opt/ros/jazzy/opt/gz_sensors_vendor/lib:/opt/ros/jazzy/opt/gz_physics_vendor/lib:/opt/ros/jazzy/opt/sdformat_vendor/lib:/opt/ros/jazzy/opt/rviz_ogre_vendor/lib:/opt/ros/jazzy/lib/x86_64-linux-gnu:/opt/ros/jazzy/opt/gz_gui_vendor/lib:/opt/ros/jazzy/opt/gz_transport_vendor/lib:/opt/ros/jazzy/opt/gz_rendering_vendor/lib:/opt/ros/jazzy/opt/gz_plugin_vendor/lib:/opt/ros/jazzy/opt/gz_fuel_tools_vendor/lib:/opt/ros/jazzy/opt/gz_msgs_vendor/lib:/opt/ros/jazzy/opt/gz_common_vendor/lib:/opt/ros/jazzy/opt/gz_math_vendor/lib:/opt/ros/jazzy/opt/gz_utils_vendor/lib:/opt/ros/jazzy/opt/gz_tools_vendor/lib:/opt/ros/jazzy/opt/gz_ogre_next_vendor/lib:/opt/ros/jazzy/opt/gz_dartsim_vendor/lib:/opt/ros/jazzy/opt/gz_cmake_vendor/lib:/opt/ros/jazzy/lib', 'HOME': '/home/kaneki', 'ROS_PYTHON_VERSION': '3', 'LC_CTYPE': 'C.UTF-8', 'ROS_DISTRO': 'jazzy', '_': '/usr/bin/colcon', 'ROS_VERSION': '2', 'GAZEBO_MODEL_PATH': '/opt/ros/jazzy/share/', 'PATH': '/opt/ros/jazzy/opt/gz_msgs_vendor/bin:/opt/ros/jazzy/opt/gz_tools_vendor/bin:/opt/ros/jazzy/opt/gz_ogre_next_vendor/bin:/opt/ros/jazzy/bin:/usr/local/sbin:/usr/local/bin:/usr/sbin:/usr/bin:/sbin:/bin', 'AMENT_PREFIX_PATH': '/home/kaneki/cobot_ws/install/clearpath_sensors_description:/opt/ros/jazzy', 'ROS_AUTOMATIC_DISCOVERY_RANGE': 'SUBNET', 'PWD': '/home/kaneki/cobot_ws/build/warebot', 'PYTHONPATH': '/home/kaneki/cobot_ws/build/warebot/prefix_override:/usr/lib/python3/dist-packages/colcon_core/task/python/colcon_distutils_commands:/home/kaneki/cobot_ws/install/warebot/lib/python3.12/site-packages:/opt/ros/jazzy/lib/python3.12/site-packages', 'COLCON': '1', 'CMAKE_PREFIX_PATH': '/home/kaneki/cobot_ws/install/clearpath_sensors_description:/opt/ros/jazzy/opt/gz_sim_vendor:/opt/ros/jazzy/opt/gz_sensors_vendor:/opt/ros/jazzy/opt/gz_physics_vendor:/opt/ros/jazzy/opt/sdformat_vendor:/opt/ros/jazzy/opt/gz_gui_vendor:/opt/ros/jazzy/opt/gz_transport_vendor:/opt/ros/jazzy/opt/gz_rendering_vendor:/opt/ros/jazzy/opt/gz_plugin_vendor:/opt/ros/jazzy/opt/gz_fuel_tools_vendor:/opt/ros/jazzy/opt/gz_msgs_vendor:/opt/ros/jazzy/opt/gz_common_vendor:/opt/ros/jazzy/opt/gz_math_vendor:/opt/ros/jazzy/opt/gz_utils_vendor:/opt/ros/jazzy/opt/gz_tools_vendor:/opt/ros/jazzy/opt/gz_ogre_next_vendor:/opt/ros/jazzy/opt/gz_dartsim_vendor:/opt/ros/jazzy/opt/gz_cmake_vendor'}, 'shell': False}
[1.409307] (-) TimerEvent: {}
[1.509634] (-) TimerEvent: {}
[1.609920] (-) TimerEvent: {}
[1.711370] (-) TimerEvent: {}
[1.732738] (warebot) StdoutLine: {'line': b'running egg_info\n'}
[1.761452] (warebot) StdoutLine: {'line': b'writing ../../build/warebot/warebot.egg-info/PKG-INFO\n'}
[1.762327] (warebot) StdoutLine: {'line': b'writing dependency_links to ../../build/warebot/warebot.egg-info/dependency_links.txt\n'}
[1.763179] (warebot) StdoutLine: {'line': b'writing requirements to ../../build/warebot/warebot.egg-info/requires.txt\n'}
[1.763404] (warebot) StdoutLine: {'line': b'writing top-level names to ../../build/warebot/warebot.egg-info/top_level.txt\n'}
[1.811492] (-) TimerEvent: {}
[1.819515] (warebot) StdoutLine: {'line': b"reading manifest file '../../build/warebot/warebot.egg-info/SOURCES.txt'\n"}
[1.820288] (warebot) StdoutLine: {'line': b"writing manifest file '../../build/warebot/warebot.egg-info/SOURCES.txt'\n"}
[1.820670] (warebot) StdoutLine: {'line': b'running build\n'}
[1.820769] (warebot) StdoutLine: {'line': b'running build_py\n'}
[1.821554] (warebot) StdoutLine: {'line': b'running install\n'}
[1.830721] (warebot) StdoutLine: {'line': b'running install_lib\n'}
[1.862762] (warebot) StdoutLine: {'line': b'running install_data\n'}
[1.863185] (warebot) StdoutLine: {'line': b'copying launch/display.launch.py -> /home/kaneki/cobot_ws/install/warebot/share/warebot/launch\n'}
[1.864354] (warebot) StdoutLine: {'line': b'running install_egg_info\n'}
[1.893649] (warebot) StdoutLine: {'line': b"removing '/home/kaneki/cobot_ws/install/warebot/lib/python3.12/site-packages/warebot-0.0.0-py3.12.egg-info' (and everything under it)\n"}
[1.893905] (warebot) StdoutLine: {'line': b'Copying ../../build/warebot/warebot.egg-info to /home/kaneki/cobot_ws/install/warebot/lib/python3.12/site-packages/warebot-0.0.0-py3.12.egg-info\n'}
[1.895209] (warebot) StdoutLine: {'line': b'running install_scripts\n'}
[1.913238] (-) TimerEvent: {}
[2.013499] (-) TimerEvent: {}
[2.078490] (warebot) StdoutLine: {'line': b"writing list of installed files to '/home/kaneki/cobot_ws/build/warebot/install.log'\n"}
[2.114097] (-) TimerEvent: {}
[2.133566] (warebot) CommandEnded: {'returncode': 0}
[2.145820] (warebot) JobEnded: {'identifier': 'warebot', 'rc': 0}
[2.146442] (-) EventReactorShutdown: {}
