[0.582s] Invoking command in '/home/kaneki/warebot_ws/src/warebot': DEBUGINFOD_URLS=https://debuginfod.ubuntu.com PYTHONPATH=/home/kaneki/warebot_ws/build/warebot/prefix_override:/usr/lib/python3/dist-packages/colcon_core/task/python/colcon_distutils_commands:/home/kaneki/warebot_ws/install/warebot/lib/python3.12/site-packages:${PYTHONPATH} /usr/bin/python3 -W ignore:setup.py install is deprecated -W ignore:easy_install command is deprecated setup.py egg_info --egg-base ../../build/warebot build --build-base /home/kaneki/warebot_ws/build/warebot/build install --record /home/kaneki/warebot_ws/build/warebot/install.log --single-version-externally-managed install_data
[0.772s] running egg_info
[0.784s] writing ../../build/warebot/warebot.egg-info/PKG-INFO
[0.785s] writing dependency_links to ../../build/warebot/warebot.egg-info/dependency_links.txt
[0.785s] writing requirements to ../../build/warebot/warebot.egg-info/requires.txt
[0.785s] writing top-level names to ../../build/warebot/warebot.egg-info/top_level.txt
[0.813s] reading manifest file '../../build/warebot/warebot.egg-info/SOURCES.txt'
[0.814s] writing manifest file '../../build/warebot/warebot.egg-info/SOURCES.txt'
[0.814s] running build
[0.815s] running build_py
[0.815s] running install
[0.818s] running install_lib
[0.832s] running install_data
[0.832s] copying description/ros2_control.urdf.xacro -> /home/kaneki/warebot_ws/install/warebot/share/warebot/description
[0.833s] running install_egg_info
[0.847s] removing '/home/kaneki/warebot_ws/install/warebot/lib/python3.12/site-packages/warebot-0.0.0-py3.12.egg-info' (and everything under it)
[0.848s] Copying ../../build/warebot/warebot.egg-info to /home/kaneki/warebot_ws/install/warebot/lib/python3.12/site-packages/warebot-0.0.0-py3.12.egg-info
[0.848s] running install_scripts
[0.948s] writing list of installed files to '/home/kaneki/warebot_ws/build/warebot/install.log'
[0.965s] Invoked command in '/home/kaneki/warebot_ws/src/warebot' returned '0': DEBUGINFOD_URLS=https://debuginfod.ubuntu.com PYTHONPATH=/home/kaneki/warebot_ws/build/warebot/prefix_override:/usr/lib/python3/dist-packages/colcon_core/task/python/colcon_distutils_commands:/home/kaneki/warebot_ws/install/warebot/lib/python3.12/site-packages:${PYTHONPATH} /usr/bin/python3 -W ignore:setup.py install is deprecated -W ignore:easy_install command is deprecated setup.py egg_info --egg-base ../../build/warebot build --build-base /home/kaneki/warebot_ws/build/warebot/build install --record /home/kaneki/warebot_ws/build/warebot/install.log --single-version-externally-managed install_data
