[1.163s] Invoking command in '/home/kaneki/cobot_ws/src/warebot': AMENT_PREFIX_PATH=/home/kaneki/cobot_ws/install/clearpath_sensors_description:${AMENT_PREFIX_PATH} CMAKE_PREFIX_PATH=/home/kaneki/cobot_ws/install/clearpath_sensors_description:${CMAKE_PREFIX_PATH} PYTHONPATH=/home/kaneki/cobot_ws/build/warebot/prefix_override:/usr/lib/python3/dist-packages/colcon_core/task/python/colcon_distutils_commands:/home/kaneki/cobot_ws/install/warebot/lib/python3.12/site-packages:${PYTHONPATH} /usr/bin/python3 -W ignore:setup.py install is deprecated -W ignore:easy_install command is deprecated setup.py egg_info --egg-base ../../build/warebot build --build-base /home/kaneki/cobot_ws/build/warebot/build install --record /home/kaneki/cobot_ws/build/warebot/install.log --single-version-externally-managed install_data
[1.557s] running egg_info
[1.585s] writing ../../build/warebot/warebot.egg-info/PKG-INFO
[1.586s] writing dependency_links to ../../build/warebot/warebot.egg-info/dependency_links.txt
[1.587s] writing requirements to ../../build/warebot/warebot.egg-info/requires.txt
[1.587s] writing top-level names to ../../build/warebot/warebot.egg-info/top_level.txt
[1.643s] reading manifest file '../../build/warebot/warebot.egg-info/SOURCES.txt'
[1.644s] writing manifest file '../../build/warebot/warebot.egg-info/SOURCES.txt'
[1.644s] running build
[1.644s] running build_py
[1.645s] running install
[1.655s] running install_lib
[1.687s] running install_data
[1.687s] copying launch/display.launch.py -> /home/kaneki/cobot_ws/install/warebot/share/warebot/launch
[1.688s] running install_egg_info
[1.717s] removing '/home/kaneki/cobot_ws/install/warebot/lib/python3.12/site-packages/warebot-0.0.0-py3.12.egg-info' (and everything under it)
[1.717s] Copying ../../build/warebot/warebot.egg-info to /home/kaneki/cobot_ws/install/warebot/lib/python3.12/site-packages/warebot-0.0.0-py3.12.egg-info
[1.719s] running install_scripts
[1.902s] writing list of installed files to '/home/kaneki/cobot_ws/build/warebot/install.log'
[1.958s] Invoked command in '/home/kaneki/cobot_ws/src/warebot' returned '0': AMENT_PREFIX_PATH=/home/kaneki/cobot_ws/install/clearpath_sensors_description:${AMENT_PREFIX_PATH} CMAKE_PREFIX_PATH=/home/kaneki/cobot_ws/install/clearpath_sensors_description:${CMAKE_PREFIX_PATH} PYTHONPATH=/home/kaneki/cobot_ws/build/warebot/prefix_override:/usr/lib/python3/dist-packages/colcon_core/task/python/colcon_distutils_commands:/home/kaneki/cobot_ws/install/warebot/lib/python3.12/site-packages:${PYTHONPATH} /usr/bin/python3 -W ignore:setup.py install is deprecated -W ignore:easy_install command is deprecated setup.py egg_info --egg-base ../../build/warebot build --build-base /home/kaneki/cobot_ws/build/warebot/build install --record /home/kaneki/cobot_ws/build/warebot/install.log --single-version-externally-managed install_data
