[0.000000] (-) TimerEvent: {}
[0.000401] (-) JobUnselected: {'identifier': 'clearpath_bt_joy'}
[0.000455] (-) JobUnselected: {'identifier': 'clearpath_common'}
[0.000487] (-) JobUnselected: {'identifier': 'clearpath_config'}
[0.000500] (-) JobUnselected: {'identifier': 'clearpath_control'}
[0.000528] (-) JobUnselected: {'identifier': 'clearpath_customization'}
[0.000556] (-) JobUnselected: {'identifier': 'clearpath_description'}
[0.000585] (-) JobUnselected: {'identifier': 'clearpath_diagnostics'}
[0.000612] (-) JobUnselected: {'identifier': 'clearpath_generator_common'}
[0.000640] (-) JobUnselected: {'identifier': 'clearpath_manipulators'}
[0.000667] (-) JobUnselected: {'identifier': 'clearpath_manipulators_description'}
[0.000695] (-) JobUnselected: {'identifier': 'clearpath_mounts_description'}
[0.000722] (-) JobUnselected: {'identifier': 'clearpath_platform_description'}
[0.000754] (clearpath_sensors_description) JobQueued: {'identifier': 'clearpath_sensors_description', 'dependencies': OrderedDict()}
[0.000785] (warebot) JobQueued: {'identifier': 'warebot', 'dependencies': OrderedDict({'clearpath_sensors_description': '/home/kaneki/cobot_ws/install/clearpath_sensors_description'})}
[0.001057] (clearpath_sensors_description) JobStarted: {'identifier': 'clearpath_sensors_description'}
[0.013958] (clearpath_sensors_description) JobProgress: {'identifier': 'clearpath_sensors_description', 'progress': 'cmake'}
[0.015290] (clearpath_sensors_description) JobProgress: {'identifier': 'clearpath_sensors_description', 'progress': 'build'}
[0.016460] (clearpath_sensors_description) Command: {'cmd': ['/usr/bin/cmake', '--build', '/home/kaneki/cobot_ws/build/clearpath_sensors_description', '--', '-j16', '-l16'], 'cwd': '/home/kaneki/cobot_ws/build/clearpath_sensors_description', 'env': OrderedDict({'GZ_SIM_RESOURCE_PATH': '/opt/ros/jazzy/share', 'GZ_CONFIG_PATH': '/opt/ros/jazzy/opt/gz_sim_vendor/share/gz:/opt/ros/jazzy/opt/sdformat_vendor/share/gz:/opt/ros/jazzy/opt/gz_gui_vendor/share/gz:/opt/ros/jazzy/opt/gz_transport_vendor/share/gz:/opt/ros/jazzy/opt/gz_rendering_vendor/share/gz:/opt/ros/jazzy/opt/gz_plugin_vendor/share/gz:/opt/ros/jazzy/opt/gz_fuel_tools_vendor/share/gz:/opt/ros/jazzy/opt/gz_msgs_vendor/share/gz:/opt/ros/jazzy/opt/gz_common_vendor/share/gz', 'SHLVL': '1', 'LD_LIBRARY_PATH': '/opt/ros/jazzy/opt/gz_sim_vendor/lib:/opt/ros/jazzy/opt/gz_sensors_vendor/lib:/opt/ros/jazzy/opt/gz_physics_vendor/lib:/opt/ros/jazzy/opt/sdformat_vendor/lib:/opt/ros/jazzy/opt/rviz_ogre_vendor/lib:/opt/ros/jazzy/lib/x86_64-linux-gnu:/opt/ros/jazzy/opt/gz_gui_vendor/lib:/opt/ros/jazzy/opt/gz_transport_vendor/lib:/opt/ros/jazzy/opt/gz_rendering_vendor/lib:/opt/ros/jazzy/opt/gz_plugin_vendor/lib:/opt/ros/jazzy/opt/gz_fuel_tools_vendor/lib:/opt/ros/jazzy/opt/gz_msgs_vendor/lib:/opt/ros/jazzy/opt/gz_common_vendor/lib:/opt/ros/jazzy/opt/gz_math_vendor/lib:/opt/ros/jazzy/opt/gz_utils_vendor/lib:/opt/ros/jazzy/opt/gz_tools_vendor/lib:/opt/ros/jazzy/opt/gz_ogre_next_vendor/lib:/opt/ros/jazzy/opt/gz_dartsim_vendor/lib:/opt/ros/jazzy/opt/gz_cmake_vendor/lib:/opt/ros/jazzy/lib', 'HOME': '/home/kaneki', 'ROS_PYTHON_VERSION': '3', 'LC_CTYPE': 'C.UTF-8', 'ROS_DISTRO': 'jazzy', '_': '/usr/bin/colcon', 'ROS_VERSION': '2', 'GAZEBO_MODEL_PATH': '/opt/ros/jazzy/share/', 'PATH': '/opt/ros/jazzy/opt/gz_msgs_vendor/bin:/opt/ros/jazzy/opt/gz_tools_vendor/bin:/opt/ros/jazzy/opt/gz_ogre_next_vendor/bin:/opt/ros/jazzy/bin:/usr/local/sbin:/usr/local/bin:/usr/sbin:/usr/bin:/sbin:/bin', 'AMENT_PREFIX_PATH': '/opt/ros/jazzy', 'ROS_AUTOMATIC_DISCOVERY_RANGE': 'SUBNET', 'PWD': '/home/kaneki/cobot_ws/build/clearpath_sensors_description', 'PYTHONPATH': '/opt/ros/jazzy/lib/python3.12/site-packages', 'COLCON': '1', 'CMAKE_PREFIX_PATH': '/opt/ros/jazzy/opt/gz_sim_vendor:/opt/ros/jazzy/opt/gz_sensors_vendor:/opt/ros/jazzy/opt/gz_physics_vendor:/opt/ros/jazzy/opt/sdformat_vendor:/opt/ros/jazzy/opt/gz_gui_vendor:/opt/ros/jazzy/opt/gz_transport_vendor:/opt/ros/jazzy/opt/gz_rendering_vendor:/opt/ros/jazzy/opt/gz_plugin_vendor:/opt/ros/jazzy/opt/gz_fuel_tools_vendor:/opt/ros/jazzy/opt/gz_msgs_vendor:/opt/ros/jazzy/opt/gz_common_vendor:/opt/ros/jazzy/opt/gz_math_vendor:/opt/ros/jazzy/opt/gz_utils_vendor:/opt/ros/jazzy/opt/gz_tools_vendor:/opt/ros/jazzy/opt/gz_ogre_next_vendor:/opt/ros/jazzy/opt/gz_dartsim_vendor:/opt/ros/jazzy/opt/gz_cmake_vendor:/opt/ros/jazzy'}), 'shell': False}
[0.076521] (clearpath_sensors_description) CommandEnded: {'returncode': 0}
[0.077412] (clearpath_sensors_description) JobProgress: {'identifier': 'clearpath_sensors_description', 'progress': 'install'}
[0.090957] (clearpath_sensors_description) Command: {'cmd': ['/usr/bin/cmake', '--install', '/home/kaneki/cobot_ws/build/clearpath_sensors_description'], 'cwd': '/home/kaneki/cobot_ws/build/clearpath_sensors_description', 'env': OrderedDict({'GZ_SIM_RESOURCE_PATH': '/opt/ros/jazzy/share', 'GZ_CONFIG_PATH': '/opt/ros/jazzy/opt/gz_sim_vendor/share/gz:/opt/ros/jazzy/opt/sdformat_vendor/share/gz:/opt/ros/jazzy/opt/gz_gui_vendor/share/gz:/opt/ros/jazzy/opt/gz_transport_vendor/share/gz:/opt/ros/jazzy/opt/gz_rendering_vendor/share/gz:/opt/ros/jazzy/opt/gz_plugin_vendor/share/gz:/opt/ros/jazzy/opt/gz_fuel_tools_vendor/share/gz:/opt/ros/jazzy/opt/gz_msgs_vendor/share/gz:/opt/ros/jazzy/opt/gz_common_vendor/share/gz', 'SHLVL': '1', 'LD_LIBRARY_PATH': '/opt/ros/jazzy/opt/gz_sim_vendor/lib:/opt/ros/jazzy/opt/gz_sensors_vendor/lib:/opt/ros/jazzy/opt/gz_physics_vendor/lib:/opt/ros/jazzy/opt/sdformat_vendor/lib:/opt/ros/jazzy/opt/rviz_ogre_vendor/lib:/opt/ros/jazzy/lib/x86_64-linux-gnu:/opt/ros/jazzy/opt/gz_gui_vendor/lib:/opt/ros/jazzy/opt/gz_transport_vendor/lib:/opt/ros/jazzy/opt/gz_rendering_vendor/lib:/opt/ros/jazzy/opt/gz_plugin_vendor/lib:/opt/ros/jazzy/opt/gz_fuel_tools_vendor/lib:/opt/ros/jazzy/opt/gz_msgs_vendor/lib:/opt/ros/jazzy/opt/gz_common_vendor/lib:/opt/ros/jazzy/opt/gz_math_vendor/lib:/opt/ros/jazzy/opt/gz_utils_vendor/lib:/opt/ros/jazzy/opt/gz_tools_vendor/lib:/opt/ros/jazzy/opt/gz_ogre_next_vendor/lib:/opt/ros/jazzy/opt/gz_dartsim_vendor/lib:/opt/ros/jazzy/opt/gz_cmake_vendor/lib:/opt/ros/jazzy/lib', 'HOME': '/home/kaneki', 'ROS_PYTHON_VERSION': '3', 'LC_CTYPE': 'C.UTF-8', 'ROS_DISTRO': 'jazzy', '_': '/usr/bin/colcon', 'ROS_VERSION': '2', 'GAZEBO_MODEL_PATH': '/opt/ros/jazzy/share/', 'PATH': '/opt/ros/jazzy/opt/gz_msgs_vendor/bin:/opt/ros/jazzy/opt/gz_tools_vendor/bin:/opt/ros/jazzy/opt/gz_ogre_next_vendor/bin:/opt/ros/jazzy/bin:/usr/local/sbin:/usr/local/bin:/usr/sbin:/usr/bin:/sbin:/bin', 'AMENT_PREFIX_PATH': '/opt/ros/jazzy', 'ROS_AUTOMATIC_DISCOVERY_RANGE': 'SUBNET', 'PWD': '/home/kaneki/cobot_ws/build/clearpath_sensors_description', 'PYTHONPATH': '/opt/ros/jazzy/lib/python3.12/site-packages', 'COLCON': '1', 'CMAKE_PREFIX_PATH': '/opt/ros/jazzy/opt/gz_sim_vendor:/opt/ros/jazzy/opt/gz_sensors_vendor:/opt/ros/jazzy/opt/gz_physics_vendor:/opt/ros/jazzy/opt/sdformat_vendor:/opt/ros/jazzy/opt/gz_gui_vendor:/opt/ros/jazzy/opt/gz_transport_vendor:/opt/ros/jazzy/opt/gz_rendering_vendor:/opt/ros/jazzy/opt/gz_plugin_vendor:/opt/ros/jazzy/opt/gz_fuel_tools_vendor:/opt/ros/jazzy/opt/gz_msgs_vendor:/opt/ros/jazzy/opt/gz_common_vendor:/opt/ros/jazzy/opt/gz_math_vendor:/opt/ros/jazzy/opt/gz_utils_vendor:/opt/ros/jazzy/opt/gz_tools_vendor:/opt/ros/jazzy/opt/gz_ogre_next_vendor:/opt/ros/jazzy/opt/gz_dartsim_vendor:/opt/ros/jazzy/opt/gz_cmake_vendor:/opt/ros/jazzy'}), 'shell': False}
[0.099120] (-) TimerEvent: {}
[0.103848] (clearpath_sensors_description) StdoutLine: {'line': b'-- Install configuration: ""\n'}
[0.104442] (clearpath_sensors_description) StdoutLine: {'line': b'-- Up-to-date: /home/kaneki/cobot_ws/install/clearpath_sensors_description/share/clearpath_sensors_description/meshes\n'}
[0.104549] (clearpath_sensors_description) StdoutLine: {'line': b'-- Up-to-date: /home/kaneki/cobot_ws/install/clearpath_sensors_description/share/clearpath_sensors_description/meshes/axis_q62_top.stl\n'}
[0.104618] (clearpath_sensors_description) StdoutLine: {'line': b'-- Up-to-date: /home/kaneki/cobot_ws/install/clearpath_sensors_description/share/clearpath_sensors_description/meshes/seyond_robin_w.stl\n'}
[0.104677] (clearpath_sensors_description) StdoutLine: {'line': b'-- Up-to-date: /home/kaneki/cobot_ws/install/clearpath_sensors_description/share/clearpath_sensors_description/meshes/hokuyo_utm30.stl\n'}
[0.104744] (clearpath_sensors_description) StdoutLine: {'line': b'-- Up-to-date: /home/kaneki/cobot_ws/install/clearpath_sensors_description/share/clearpath_sensors_description/meshes/fixposition.stl\n'}
[0.104868] (clearpath_sensors_description) StdoutLine: {'line': b'-- Up-to-date: /home/kaneki/cobot_ws/install/clearpath_sensors_description/share/clearpath_sensors_description/meshes/oakd_pro_w_poe.dae\n'}
[0.104939] (clearpath_sensors_description) StdoutLine: {'line': b'-- Up-to-date: /home/kaneki/cobot_ws/install/clearpath_sensors_description/share/clearpath_sensors_description/meshes/gnss_helical.stl\n'}
[0.105003] (clearpath_sensors_description) StdoutLine: {'line': b'-- Up-to-date: /home/kaneki/cobot_ws/install/clearpath_sensors_description/share/clearpath_sensors_description/meshes/oakd_lite.dae\n'}
[0.105061] (clearpath_sensors_description) StdoutLine: {'line': b'-- Up-to-date: /home/kaneki/cobot_ws/install/clearpath_sensors_description/share/clearpath_sensors_description/meshes/sick_lms1xx_collision.stl\n'}
[0.105120] (clearpath_sensors_description) StdoutLine: {'line': b'-- Up-to-date: /home/kaneki/cobot_ws/install/clearpath_sensors_description/share/clearpath_sensors_description/meshes/axis_q62_base.stl\n'}
[0.105176] (clearpath_sensors_description) StdoutLine: {'line': b'-- Up-to-date: /home/kaneki/cobot_ws/install/clearpath_sensors_description/share/clearpath_sensors_description/meshes/hokuyo_ust.stl\n'}
[0.105233] (clearpath_sensors_description) StdoutLine: {'line': b'-- Up-to-date: /home/kaneki/cobot_ws/install/clearpath_sensors_description/share/clearpath_sensors_description/meshes/gnss_spherical.stl\n'}
[0.105288] (clearpath_sensors_description) StdoutLine: {'line': b'-- Up-to-date: /home/kaneki/cobot_ws/install/clearpath_sensors_description/share/clearpath_sensors_description/meshes/gnss_patch.stl\n'}
[0.105344] (clearpath_sensors_description) StdoutLine: {'line': b'-- Up-to-date: /home/kaneki/cobot_ws/install/clearpath_sensors_description/share/clearpath_sensors_description/meshes/oakd_pro.dae\n'}
[0.105406] (clearpath_sensors_description) StdoutLine: {'line': b'-- Up-to-date: /home/kaneki/cobot_ws/install/clearpath_sensors_description/share/clearpath_sensors_description/meshes/flir_blackfly.stl\n'}
[0.105463] (clearpath_sensors_description) StdoutLine: {'line': b'-- Up-to-date: /home/kaneki/cobot_ws/install/clearpath_sensors_description/share/clearpath_sensors_description/meshes/novatel_smart6.stl\n'}
[0.105516] (clearpath_sensors_description) StdoutLine: {'line': b'-- Up-to-date: /home/kaneki/cobot_ws/install/clearpath_sensors_description/share/clearpath_sensors_description/meshes/ouster\n'}
[0.105573] (clearpath_sensors_description) StdoutLine: {'line': b'-- Up-to-date: /home/kaneki/cobot_ws/install/clearpath_sensors_description/share/clearpath_sensors_description/meshes/ouster/os1_fins.dae\n'}
[0.105629] (clearpath_sensors_description) StdoutLine: {'line': b'-- Up-to-date: /home/kaneki/cobot_ws/install/clearpath_sensors_description/share/clearpath_sensors_description/meshes/ouster/os1_halo.dae\n'}
[0.105688] (clearpath_sensors_description) StdoutLine: {'line': b'-- Up-to-date: /home/kaneki/cobot_ws/install/clearpath_sensors_description/share/clearpath_sensors_description/meshes/ouster/os1_base.dae\n'}
[0.105746] (clearpath_sensors_description) StdoutLine: {'line': b'-- Up-to-date: /home/kaneki/cobot_ws/install/clearpath_sensors_description/share/clearpath_sensors_description/meshes/ouster/os1_lidar.dae\n'}
[0.105850] (clearpath_sensors_description) StdoutLine: {'line': b'-- Up-to-date: /home/kaneki/cobot_ws/install/clearpath_sensors_description/share/clearpath_sensors_description/meshes/sick_lms1xx_small.dae\n'}
[0.105920] (clearpath_sensors_description) StdoutLine: {'line': b'-- Up-to-date: /home/kaneki/cobot_ws/install/clearpath_sensors_description/share/clearpath_sensors_description/meshes/axis_dome.stl\n'}
[0.105979] (clearpath_sensors_description) StdoutLine: {'line': b'-- Up-to-date: /home/kaneki/cobot_ws/install/clearpath_sensors_description/share/clearpath_sensors_description/meshes/novatel_smart7.stl\n'}
[0.106142] (clearpath_sensors_description) StdoutLine: {'line': b'-- Up-to-date: /home/kaneki/cobot_ws/install/clearpath_sensors_description/share/clearpath_sensors_description/urdf\n'}
[0.106712] (clearpath_sensors_description) StdoutLine: {'line': b'-- Up-to-date: /home/kaneki/cobot_ws/install/clearpath_sensors_description/share/clearpath_sensors_description/urdf/sick_lms1xx.urdf.xacro\n'}
[0.106819] (clearpath_sensors_description) StdoutLine: {'line': b'-- Up-to-date: /home/kaneki/cobot_ws/install/clearpath_sensors_description/share/clearpath_sensors_description/urdf/intel_realsense.urdf.xacro\n'}
[0.106889] (clearpath_sensors_description) StdoutLine: {'line': b'-- Up-to-date: /home/kaneki/cobot_ws/install/clearpath_sensors_description/share/clearpath_sensors_description/urdf/redshift_um7.urdf.xacro\n'}
[0.106944] (clearpath_sensors_description) StdoutLine: {'line': b'-- Up-to-date: /home/kaneki/cobot_ws/install/clearpath_sensors_description/share/clearpath_sensors_description/urdf/phidgets_spatial.urdf.xacro\n'}
[0.106996] (clearpath_sensors_description) StdoutLine: {'line': b'-- Up-to-date: /home/kaneki/cobot_ws/install/clearpath_sensors_description/share/clearpath_sensors_description/urdf/microstrain_gq7.urdf.xacro\n'}
[0.107048] (clearpath_sensors_description) StdoutLine: {'line': b'-- Up-to-date: /home/kaneki/cobot_ws/install/clearpath_sensors_description/share/clearpath_sensors_description/urdf/luxonis_oakd.urdf.xacro\n'}
[0.107876] (clearpath_sensors_description) StdoutLine: {'line': b'-- Up-to-date: /home/kaneki/cobot_ws/install/clearpath_sensors_description/share/clearpath_sensors_description/urdf/chrobotics_um6.urdf.xacro\n'}
[0.108440] (clearpath_sensors_description) StdoutLine: {'line': b'-- Up-to-date: /home/kaneki/cobot_ws/install/clearpath_sensors_description/share/clearpath_sensors_description/urdf/gnss_antenna.urdf.xacro\n'}
[0.108557] (clearpath_sensors_description) StdoutLine: {'line': b'-- Up-to-date: /home/kaneki/cobot_ws/install/clearpath_sensors_description/share/clearpath_sensors_description/urdf/swiftnav_duro.urdf.xacro\n'}
[0.109015] (clearpath_sensors_description) StdoutLine: {'line': b'-- Up-to-date: /home/kaneki/cobot_ws/install/clearpath_sensors_description/share/clearpath_sensors_description/urdf/garmin_18x.urdf.xacro\n'}
[0.109524] (clearpath_sensors_description) StdoutLine: {'line': b'-- Up-to-date: /home/kaneki/cobot_ws/install/clearpath_sensors_description/share/clearpath_sensors_description/urdf/microstrain_imu.urdf.xacro\n'}
[0.110065] (clearpath_sensors_description) StdoutLine: {'line': b'-- Up-to-date: /home/kaneki/cobot_ws/install/clearpath_sensors_description/share/clearpath_sensors_description/urdf/velodyne_lidar.urdf.xacro\n'}
[0.110199] (clearpath_sensors_description) StdoutLine: {'line': b'-- Up-to-date: /home/kaneki/cobot_ws/install/clearpath_sensors_description/share/clearpath_sensors_description/urdf/wiferion.urdf.xacro\n'}
[0.110385] (clearpath_sensors_description) StdoutLine: {'line': b'-- Up-to-date: /home/kaneki/cobot_ws/install/clearpath_sensors_description/share/clearpath_sensors_description/urdf/ouster_os1.urdf.xacro\n'}
[0.110631] (clearpath_sensors_description) StdoutLine: {'line': b'-- Up-to-date: /home/kaneki/cobot_ws/install/clearpath_sensors_description/share/clearpath_sensors_description/urdf/flir_blackfly.urdf.xacro\n'}
[0.110738] (clearpath_sensors_description) StdoutLine: {'line': b'-- Up-to-date: /home/kaneki/cobot_ws/install/clearpath_sensors_description/share/clearpath_sensors_description/urdf/intel\n'}
[0.110869] (clearpath_sensors_description) StdoutLine: {'line': b'-- Up-to-date: /home/kaneki/cobot_ws/install/clearpath_sensors_description/share/clearpath_sensors_description/urdf/intel/d456.urdf.xacro\n'}
[0.111017] (clearpath_sensors_description) StdoutLine: {'line': b'-- Up-to-date: /home/kaneki/cobot_ws/install/clearpath_sensors_description/share/clearpath_sensors_description/urdf/intel/d455.urdf.xacro\n'}
[0.111132] (clearpath_sensors_description) StdoutLine: {'line': b'-- Up-to-date: /home/kaneki/cobot_ws/install/clearpath_sensors_description/share/clearpath_sensors_description/urdf/intel/d435i.urdf.xacro\n'}
[0.111237] (clearpath_sensors_description) StdoutLine: {'line': b'-- Up-to-date: /home/kaneki/cobot_ws/install/clearpath_sensors_description/share/clearpath_sensors_description/urdf/intel/d435.urdf.xacro\n'}
[0.111437] (clearpath_sensors_description) StdoutLine: {'line': b'-- Up-to-date: /home/kaneki/cobot_ws/install/clearpath_sensors_description/share/clearpath_sensors_description/urdf/intel/d415.urdf.xacro\n'}
[0.111986] (clearpath_sensors_description) StdoutLine: {'line': b'-- Up-to-date: /home/kaneki/cobot_ws/install/clearpath_sensors_description/share/clearpath_sensors_description/urdf/axis\n'}
[0.112125] (clearpath_sensors_description) StdoutLine: {'line': b'-- Up-to-date: /home/kaneki/cobot_ws/install/clearpath_sensors_description/share/clearpath_sensors_description/urdf/axis/axis_q62.urdf.xacro\n'}
[0.112316] (clearpath_sensors_description) StdoutLine: {'line': b'-- Up-to-date: /home/kaneki/cobot_ws/install/clearpath_sensors_description/share/clearpath_sensors_description/urdf/axis/axis_dome_ptz.urdf.xacro\n'}
[0.112733] (clearpath_sensors_description) StdoutLine: {'line': b'-- Up-to-date: /home/kaneki/cobot_ws/install/clearpath_sensors_description/share/clearpath_sensors_description/urdf/axis/axis_dome_fixed.urdf.xacro\n'}
[0.113030] (clearpath_sensors_description) StdoutLine: {'line': b'-- Up-to-date: /home/kaneki/cobot_ws/install/clearpath_sensors_description/share/clearpath_sensors_description/urdf/axis_camera.urdf.xacro\n'}
[0.113159] (clearpath_sensors_description) StdoutLine: {'line': b'-- Up-to-date: /home/kaneki/cobot_ws/install/clearpath_sensors_description/share/clearpath_sensors_description/urdf/novatel_smart7.urdf.xacro\n'}
[0.113338] (clearpath_sensors_description) StdoutLine: {'line': b'-- Up-to-date: /home/kaneki/cobot_ws/install/clearpath_sensors_description/share/clearpath_sensors_description/urdf/hokuyo_ust.urdf.xacro\n'}
[0.113464] (clearpath_sensors_description) StdoutLine: {'line': b'-- Up-to-date: /home/kaneki/cobot_ws/install/clearpath_sensors_description/share/clearpath_sensors_description/urdf/fixposition.urdf.xacro\n'}
[0.113550] (clearpath_sensors_description) StdoutLine: {'line': b'-- Up-to-date: /home/kaneki/cobot_ws/install/clearpath_sensors_description/share/clearpath_sensors_description/urdf/novatel_smart6.urdf.xacro\n'}
[0.113646] (clearpath_sensors_description) StdoutLine: {'line': b'-- Up-to-date: /home/kaneki/cobot_ws/install/clearpath_sensors_description/share/clearpath_sensors_description/urdf/seyond_lidar.urdf.xacro\n'}
[0.113714] (clearpath_sensors_description) StdoutLine: {'line': b'-- Up-to-date: /home/kaneki/cobot_ws/install/clearpath_sensors_description/share/clearpath_sensors_description/urdf/stereolabs_zed.urdf.xacro\n'}
[0.113816] (clearpath_sensors_description) StdoutLine: {'line': b'-- Up-to-date: /home/kaneki/cobot_ws/install/clearpath_sensors_description/share/ament_index/resource_index/package_run_dependencies/clearpath_sensors_description\n'}
[0.113960] (clearpath_sensors_description) StdoutLine: {'line': b'-- Up-to-date: /home/kaneki/cobot_ws/install/clearpath_sensors_description/share/ament_index/resource_index/parent_prefix_path/clearpath_sensors_description\n'}
[0.114086] (clearpath_sensors_description) StdoutLine: {'line': b'-- Up-to-date: /home/kaneki/cobot_ws/install/clearpath_sensors_description/share/clearpath_sensors_description/environment/ament_prefix_path.sh\n'}
[0.114239] (clearpath_sensors_description) StdoutLine: {'line': b'-- Up-to-date: /home/kaneki/cobot_ws/install/clearpath_sensors_description/share/clearpath_sensors_description/environment/ament_prefix_path.dsv\n'}
[0.114354] (clearpath_sensors_description) StdoutLine: {'line': b'-- Up-to-date: /home/kaneki/cobot_ws/install/clearpath_sensors_description/share/clearpath_sensors_description/environment/path.sh\n'}
[0.114465] (clearpath_sensors_description) StdoutLine: {'line': b'-- Up-to-date: /home/kaneki/cobot_ws/install/clearpath_sensors_description/share/clearpath_sensors_description/environment/path.dsv\n'}
[0.114564] (clearpath_sensors_description) StdoutLine: {'line': b'-- Up-to-date: /home/kaneki/cobot_ws/install/clearpath_sensors_description/share/clearpath_sensors_description/local_setup.bash\n'}
[0.114662] (clearpath_sensors_description) StdoutLine: {'line': b'-- Up-to-date: /home/kaneki/cobot_ws/install/clearpath_sensors_description/share/clearpath_sensors_description/local_setup.sh\n'}
[0.114761] (clearpath_sensors_description) StdoutLine: {'line': b'-- Up-to-date: /home/kaneki/cobot_ws/install/clearpath_sensors_description/share/clearpath_sensors_description/local_setup.zsh\n'}
[0.114881] (clearpath_sensors_description) StdoutLine: {'line': b'-- Up-to-date: /home/kaneki/cobot_ws/install/clearpath_sensors_description/share/clearpath_sensors_description/local_setup.dsv\n'}
[0.115007] (clearpath_sensors_description) StdoutLine: {'line': b'-- Up-to-date: /home/kaneki/cobot_ws/install/clearpath_sensors_description/share/clearpath_sensors_description/package.dsv\n'}
[0.115202] (clearpath_sensors_description) StdoutLine: {'line': b'-- Up-to-date: /home/kaneki/cobot_ws/install/clearpath_sensors_description/share/ament_index/resource_index/packages/clearpath_sensors_description\n'}
[0.115473] (clearpath_sensors_description) StdoutLine: {'line': b'-- Up-to-date: /home/kaneki/cobot_ws/install/clearpath_sensors_description/share/clearpath_sensors_description/cmake/clearpath_sensors_descriptionConfig.cmake\n'}
[0.115673] (clearpath_sensors_description) StdoutLine: {'line': b'-- Up-to-date: /home/kaneki/cobot_ws/install/clearpath_sensors_description/share/clearpath_sensors_description/cmake/clearpath_sensors_descriptionConfig-version.cmake\n'}
[0.115917] (clearpath_sensors_description) StdoutLine: {'line': b'-- Up-to-date: /home/kaneki/cobot_ws/install/clearpath_sensors_description/share/clearpath_sensors_description/package.xml\n'}
[0.116050] (clearpath_sensors_description) CommandEnded: {'returncode': 0}
[0.138548] (clearpath_sensors_description) JobEnded: {'identifier': 'clearpath_sensors_description', 'rc': 0}
[0.140104] (warebot) JobStarted: {'identifier': 'warebot'}
[0.199290] (-) TimerEvent: {}
[0.299599] (-) TimerEvent: {}
[0.399980] (-) TimerEvent: {}
[0.500965] (-) TimerEvent: {}
[0.601308] (-) TimerEvent: {}
[0.701579] (-) TimerEvent: {}
[0.801919] (-) TimerEvent: {}
[0.902195] (-) TimerEvent: {}
[1.002865] (-) TimerEvent: {}
[1.103125] (-) TimerEvent: {}
[1.197885] (warebot) Command: {'cmd': ['/usr/bin/python3', '-W', 'ignore:setup.py install is deprecated', '-W', 'ignore:easy_install command is deprecated', 'setup.py', 'egg_info', '--egg-base', '../../build/warebot', 'build', '--build-base', '/home/kaneki/cobot_ws/build/warebot/build', 'install', '--record', '/home/kaneki/cobot_ws/build/warebot/install.log', '--single-version-externally-managed', 'install_data'], 'cwd': '/home/kaneki/cobot_ws/src/warebot', 'env': {'GZ_SIM_RESOURCE_PATH': '/opt/ros/jazzy/share', 'GZ_CONFIG_PATH': '/opt/ros/jazzy/opt/gz_sim_vendor/share/gz:/opt/ros/jazzy/opt/sdformat_vendor/share/gz:/opt/ros/jazzy/opt/gz_gui_vendor/share/gz:/opt/ros/jazzy/opt/gz_transport_vendor/share/gz:/opt/ros/jazzy/opt/gz_rendering_vendor/share/gz:/opt/ros/jazzy/opt/gz_plugin_vendor/share/gz:/opt/ros/jazzy/opt/gz_fuel_tools_vendor/share/gz:/opt/ros/jazzy/opt/gz_msgs_vendor/share/gz:/opt/ros/jazzy/opt/gz_common_vendor/share/gz', 'SHLVL': '1', 'LD_LIBRARY_PATH': '/opt/ros/jazzy/opt/gz_sim_vendor/lib:/opt/ros/jazzy/opt/gz_sensors_vendor/lib:/opt/ros/jazzy/opt/gz_physics_vendor/lib:/opt/ros/jazzy/opt/sdformat_vendor/lib:/opt/ros/jazzy/opt/rviz_ogre_vendor/lib:/opt/ros/jazzy/lib/x86_64-linux-gnu:/opt/ros/jazzy/opt/gz_gui_vendor/lib:/opt/ros/jazzy/opt/gz_transport_vendor/lib:/opt/ros/jazzy/opt/gz_rendering_vendor/lib:/opt/ros/jazzy/opt/gz_plugin_vendor/lib:/opt/ros/jazzy/opt/gz_fuel_tools_vendor/lib:/opt/ros/jazzy/opt/gz_msgs_vendor/lib:/opt/ros/jazzy/opt/gz_common_vendor/lib:/opt/ros/jazzy/opt/gz_math_vendor/lib:/opt/ros/jazzy/opt/gz_utils_vendor/lib:/opt/ros/jazzy/opt/gz_tools_vendor/lib:/opt/ros/jazzy/opt/gz_ogre_next_vendor/lib:/opt/ros/jazzy/opt/gz_dartsim_vendor/lib:/opt/ros/jazzy/opt/gz_cmake_vendor/lib:/opt/ros/jazzy/lib', 'HOME': '/home/kaneki', 'ROS_PYTHON_VERSION': '3', 'LC_CTYPE': 'C.UTF-8', 'ROS_DISTRO': 'jazzy', '_': '/usr/bin/colcon', 'ROS_VERSION': '2', 'GAZEBO_MODEL_PATH': '/opt/ros/jazzy/share/', 'PATH': '/opt/ros/jazzy/opt/gz_msgs_vendor/bin:/opt/ros/jazzy/opt/gz_tools_vendor/bin:/opt/ros/jazzy/opt/gz_ogre_next_vendor/bin:/opt/ros/jazzy/bin:/usr/local/sbin:/usr/local/bin:/usr/sbin:/usr/bin:/sbin:/bin', 'AMENT_PREFIX_PATH': '/home/kaneki/cobot_ws/install/clearpath_sensors_description:/opt/ros/jazzy', 'ROS_AUTOMATIC_DISCOVERY_RANGE': 'SUBNET', 'PWD': '/home/kaneki/cobot_ws/build/warebot', 'PYTHONPATH': '/home/kaneki/cobot_ws/build/warebot/prefix_override:/usr/lib/python3/dist-packages/colcon_core/task/python/colcon_distutils_commands:/home/kaneki/cobot_ws/install/warebot/lib/python3.12/site-packages:/opt/ros/jazzy/lib/python3.12/site-packages', 'COLCON': '1', 'CMAKE_PREFIX_PATH': '/home/kaneki/cobot_ws/install/clearpath_sensors_description:/opt/ros/jazzy/opt/gz_sim_vendor:/opt/ros/jazzy/opt/gz_sensors_vendor:/opt/ros/jazzy/opt/gz_physics_vendor:/opt/ros/jazzy/opt/sdformat_vendor:/opt/ros/jazzy/opt/gz_gui_vendor:/opt/ros/jazzy/opt/gz_transport_vendor:/opt/ros/jazzy/opt/gz_rendering_vendor:/opt/ros/jazzy/opt/gz_plugin_vendor:/opt/ros/jazzy/opt/gz_fuel_tools_vendor:/opt/ros/jazzy/opt/gz_msgs_vendor:/opt/ros/jazzy/opt/gz_common_vendor:/opt/ros/jazzy/opt/gz_math_vendor:/opt/ros/jazzy/opt/gz_utils_vendor:/opt/ros/jazzy/opt/gz_tools_vendor:/opt/ros/jazzy/opt/gz_ogre_next_vendor:/opt/ros/jazzy/opt/gz_dartsim_vendor:/opt/ros/jazzy/opt/gz_cmake_vendor'}, 'shell': False}
[1.203294] (-) TimerEvent: {}
[1.303558] (-) TimerEvent: {}
[1.403772] (-) TimerEvent: {}
[1.504007] (-) TimerEvent: {}
[1.516563] (warebot) StdoutLine: {'line': b'running egg_info\n'}
[1.537244] (warebot) StdoutLine: {'line': b'writing ../../build/warebot/warebot.egg-info/PKG-INFO\n'}
[1.537739] (warebot) StdoutLine: {'line': b'writing dependency_links to ../../build/warebot/warebot.egg-info/dependency_links.txt\n'}
[1.538212] (warebot) StdoutLine: {'line': b'writing requirements to ../../build/warebot/warebot.egg-info/requires.txt\n'}
[1.538377] (warebot) StdoutLine: {'line': b'writing top-level names to ../../build/warebot/warebot.egg-info/top_level.txt\n'}
[1.587493] (warebot) StdoutLine: {'line': b"reading manifest file '../../build/warebot/warebot.egg-info/SOURCES.txt'\n"}
[1.588678] (warebot) StdoutLine: {'line': b"writing manifest file '../../build/warebot/warebot.egg-info/SOURCES.txt'\n"}
[1.589113] (warebot) StdoutLine: {'line': b'running build\n'}
[1.589230] (warebot) StdoutLine: {'line': b'running build_py\n'}
[1.589580] (warebot) StdoutLine: {'line': b'running install\n'}
[1.595715] (warebot) StdoutLine: {'line': b'running install_lib\n'}
[1.604120] (-) TimerEvent: {}
[1.622618] (warebot) StdoutLine: {'line': b'running install_data\n'}
[1.622865] (warebot) StdoutLine: {'line': b'copying launch/display.launch.py -> /home/kaneki/cobot_ws/install/warebot/share/warebot/launch\n'}
[1.624282] (warebot) StdoutLine: {'line': b'copying world/empty.world -> /home/kaneki/cobot_ws/install/warebot/share/warebot/world\n'}
[1.624810] (warebot) StdoutLine: {'line': b'running install_egg_info\n'}
[1.648716] (warebot) StdoutLine: {'line': b"removing '/home/kaneki/cobot_ws/install/warebot/lib/python3.12/site-packages/warebot-0.0.0-py3.12.egg-info' (and everything under it)\n"}
[1.649356] (warebot) StdoutLine: {'line': b'Copying ../../build/warebot/warebot.egg-info to /home/kaneki/cobot_ws/install/warebot/lib/python3.12/site-packages/warebot-0.0.0-py3.12.egg-info\n'}
[1.650540] (warebot) StdoutLine: {'line': b'running install_scripts\n'}
[1.704279] (-) TimerEvent: {}
[1.804570] (-) TimerEvent: {}
[1.819734] (warebot) StdoutLine: {'line': b"writing list of installed files to '/home/kaneki/cobot_ws/build/warebot/install.log'\n"}
[1.862468] (warebot) CommandEnded: {'returncode': 0}
[1.871334] (warebot) JobEnded: {'identifier': 'warebot', 'rc': 0}
[1.871723] (-) EventReactorShutdown: {}
