running egg_info
creating ../../build/warebot/warebot.egg-info
writing ../../build/warebot/warebot.egg-info/PKG-INFO
writing dependency_links to ../../build/warebot/warebot.egg-info/dependency_links.txt
writing requirements to ../../build/warebot/warebot.egg-info/requires.txt
writing top-level names to ../../build/warebot/warebot.egg-info/top_level.txt
writing manifest file '../../build/warebot/warebot.egg-info/SOURCES.txt'
reading manifest file '../../build/warebot/warebot.egg-info/SOURCES.txt'
writing manifest file '../../build/warebot/warebot.egg-info/SOURCES.txt'
running build
running build_py
creating /home/kaneki/warebot_ws/build/warebot/build
creating /home/kaneki/warebot_ws/build/warebot/build/lib
creating /home/kaneki/warebot_ws/build/warebot/build/lib/warebot
copying warebot/__init__.py -> /home/kaneki/warebot_ws/build/warebot/build/lib/warebot
running install
running install_lib
creating /home/kaneki/warebot_ws/install/warebot/lib/python3.12/site-packages/warebot
copying /home/kaneki/warebot_ws/build/warebot/build/lib/warebot/__init__.py -> /home/kaneki/warebot_ws/install/warebot/lib/python3.12/site-packages/warebot
byte-compiling /home/kaneki/warebot_ws/install/warebot/lib/python3.12/site-packages/warebot/__init__.py to __init__.cpython-312.pyc
running install_data
creating /home/kaneki/warebot_ws/install/warebot/share/ament_index
creating /home/kaneki/warebot_ws/install/warebot/share/ament_index/resource_index
creating /home/kaneki/warebot_ws/install/warebot/share/ament_index/resource_index/packages
copying resource/warebot -> /home/kaneki/warebot_ws/install/warebot/share/ament_index/resource_index/packages
copying package.xml -> /home/kaneki/warebot_ws/install/warebot/share/warebot
creating /home/kaneki/warebot_ws/install/warebot/share/warebot/launch
copying launch/display.launch.py -> /home/kaneki/warebot_ws/install/warebot/share/warebot/launch
creating /home/kaneki/warebot_ws/install/warebot/share/warebot/description
copying description/robot.urdf.xacro -> /home/kaneki/warebot_ws/install/warebot/share/warebot/description
copying description/husky_a200.urdf.xacro -> /home/kaneki/warebot_ws/install/warebot/share/warebot/description
creating /home/kaneki/warebot_ws/install/warebot/share/warebot/config
copying config/robot.yaml -> /home/kaneki/warebot_ws/install/warebot/share/warebot/config
running install_egg_info
Copying ../../build/warebot/warebot.egg-info to /home/kaneki/warebot_ws/install/warebot/lib/python3.12/site-packages/warebot-0.0.0-py3.12.egg-info
running install_scripts
writing list of installed files to '/home/kaneki/warebot_ws/build/warebot/install.log'
