[0.643s] Invoking command in '/home/kaneki/warebot_ws/src/warebot': DEBUGINFOD_URLS=https://debuginfod.ubuntu.com PYTHONPATH=/home/kaneki/warebot_ws/build/warebot/prefix_override:/usr/lib/python3/dist-packages/colcon_core/task/python/colcon_distutils_commands:/home/kaneki/warebot_ws/install/warebot/lib/python3.12/site-packages:${PYTHONPATH} /usr/bin/python3 -W ignore:setup.py install is deprecated -W ignore:easy_install command is deprecated setup.py egg_info --egg-base ../../build/warebot build --build-base /home/kaneki/warebot_ws/build/warebot/build install --record /home/kaneki/warebot_ws/build/warebot/install.log --single-version-externally-managed install_data
[0.847s] running egg_info
[0.847s] creating ../../build/warebot/warebot.egg-info
[0.862s] writing ../../build/warebot/warebot.egg-info/PKG-INFO
[0.862s] writing dependency_links to ../../build/warebot/warebot.egg-info/dependency_links.txt
[0.863s] writing requirements to ../../build/warebot/warebot.egg-info/requires.txt
[0.863s] writing top-level names to ../../build/warebot/warebot.egg-info/top_level.txt
[0.863s] writing manifest file '../../build/warebot/warebot.egg-info/SOURCES.txt'
[0.892s] reading manifest file '../../build/warebot/warebot.egg-info/SOURCES.txt'
[0.893s] writing manifest file '../../build/warebot/warebot.egg-info/SOURCES.txt'
[0.893s] running build
[0.893s] running build_py
[0.893s] creating /home/kaneki/warebot_ws/build/warebot/build
[0.893s] creating /home/kaneki/warebot_ws/build/warebot/build/lib
[0.893s] creating /home/kaneki/warebot_ws/build/warebot/build/lib/warebot
[0.893s] copying warebot/__init__.py -> /home/kaneki/warebot_ws/build/warebot/build/lib/warebot
[0.893s] running install
[0.898s] running install_lib
[0.914s] creating /home/kaneki/warebot_ws/install/warebot/lib/python3.12/site-packages/warebot
[0.914s] copying /home/kaneki/warebot_ws/build/warebot/build/lib/warebot/__init__.py -> /home/kaneki/warebot_ws/install/warebot/lib/python3.12/site-packages/warebot
[0.915s] byte-compiling /home/kaneki/warebot_ws/install/warebot/lib/python3.12/site-packages/warebot/__init__.py to __init__.cpython-312.pyc
[0.915s] running install_data
[0.915s] creating /home/kaneki/warebot_ws/install/warebot/share/ament_index
[0.915s] creating /home/kaneki/warebot_ws/install/warebot/share/ament_index/resource_index
[0.916s] creating /home/kaneki/warebot_ws/install/warebot/share/ament_index/resource_index/packages
[0.916s] copying resource/warebot -> /home/kaneki/warebot_ws/install/warebot/share/ament_index/resource_index/packages
[0.916s] copying package.xml -> /home/kaneki/warebot_ws/install/warebot/share/warebot
[0.916s] creating /home/kaneki/warebot_ws/install/warebot/share/warebot/launch
[0.916s] copying launch/display.launch.py -> /home/kaneki/warebot_ws/install/warebot/share/warebot/launch
[0.916s] creating /home/kaneki/warebot_ws/install/warebot/share/warebot/description
[0.916s] copying description/robot.urdf.xacro -> /home/kaneki/warebot_ws/install/warebot/share/warebot/description
[0.916s] copying description/husky_a200.urdf.xacro -> /home/kaneki/warebot_ws/install/warebot/share/warebot/description
[0.916s] creating /home/kaneki/warebot_ws/install/warebot/share/warebot/config
[0.916s] copying config/robot.yaml -> /home/kaneki/warebot_ws/install/warebot/share/warebot/config
[0.916s] running install_egg_info
[0.931s] Copying ../../build/warebot/warebot.egg-info to /home/kaneki/warebot_ws/install/warebot/lib/python3.12/site-packages/warebot-0.0.0-py3.12.egg-info
[0.931s] running install_scripts
[1.038s] writing list of installed files to '/home/kaneki/warebot_ws/build/warebot/install.log'
[1.056s] Invoked command in '/home/kaneki/warebot_ws/src/warebot' returned '0': DEBUGINFOD_URLS=https://debuginfod.ubuntu.com PYTHONPATH=/home/kaneki/warebot_ws/build/warebot/prefix_override:/usr/lib/python3/dist-packages/colcon_core/task/python/colcon_distutils_commands:/home/kaneki/warebot_ws/install/warebot/lib/python3.12/site-packages:${PYTHONPATH} /usr/bin/python3 -W ignore:setup.py install is deprecated -W ignore:easy_install command is deprecated setup.py egg_info --egg-base ../../build/warebot build --build-base /home/kaneki/warebot_ws/build/warebot/build install --record /home/kaneki/warebot_ws/build/warebot/install.log --single-version-externally-managed install_data
