[0.000000] (-) TimerEvent: {}
[0.000123] (-) JobUnselected: {'identifier': 'clearpath_bt_joy'}
[0.000164] (-) JobUnselected: {'identifier': 'clearpath_common'}
[0.000183] (-) JobUnselected: {'identifier': 'clearpath_config'}
[0.000209] (-) JobUnselected: {'identifier': 'clearpath_control'}
[0.000222] (-) JobUnselected: {'identifier': 'clearpath_customization'}
[0.000237] (-) JobUnselected: {'identifier': 'clearpath_description'}
[0.000264] (-) JobUnselected: {'identifier': 'clearpath_diagnostics'}
[0.000276] (-) JobUnselected: {'identifier': 'clearpath_generator_common'}
[0.000291] (-) JobUnselected: {'identifier': 'clearpath_manipulators'}
[0.000326] (-) JobUnselected: {'identifier': 'clearpath_manipulators_description'}
[0.000352] (-) JobUnselected: {'identifier': 'clearpath_mounts_description'}
[0.000379] (-) JobUnselected: {'identifier': 'clearpath_platform_description'}
[0.000409] (clearpath_sensors_description) JobQueued: {'identifier': 'clearpath_sensors_description', 'dependencies': OrderedDict()}
[0.000440] (warebot) JobQueued: {'identifier': 'warebot', 'dependencies': OrderedDict({'clearpath_sensors_description': '/home/kaneki/cobot_ws/install/clearpath_sensors_description'})}
[0.001310] (clearpath_sensors_description) JobStarted: {'identifier': 'clearpath_sensors_description'}
[0.011223] (clearpath_sensors_description) JobProgress: {'identifier': 'clearpath_sensors_description', 'progress': 'cmake'}
[0.011834] (clearpath_sensors_description) Command: {'cmd': ['/usr/bin/cmake', '/home/kaneki/cobot_ws/src/clearpath_common/clearpath_sensors_description', '-DCMAKE_INSTALL_PREFIX=/home/kaneki/cobot_ws/install/clearpath_sensors_description'], 'cwd': '/home/kaneki/cobot_ws/build/clearpath_sensors_description', 'env': OrderedDict({'GZ_SIM_RESOURCE_PATH': '/opt/ros/jazzy/share', 'GZ_CONFIG_PATH': '/opt/ros/jazzy/opt/gz_sim_vendor/share/gz:/opt/ros/jazzy/opt/sdformat_vendor/share/gz:/opt/ros/jazzy/opt/gz_gui_vendor/share/gz:/opt/ros/jazzy/opt/gz_transport_vendor/share/gz:/opt/ros/jazzy/opt/gz_rendering_vendor/share/gz:/opt/ros/jazzy/opt/gz_plugin_vendor/share/gz:/opt/ros/jazzy/opt/gz_fuel_tools_vendor/share/gz:/opt/ros/jazzy/opt/gz_msgs_vendor/share/gz:/opt/ros/jazzy/opt/gz_common_vendor/share/gz', 'SHLVL': '1', 'LD_LIBRARY_PATH': '/opt/ros/jazzy/opt/gz_sim_vendor/lib:/opt/ros/jazzy/opt/gz_sensors_vendor/lib:/opt/ros/jazzy/opt/gz_physics_vendor/lib:/opt/ros/jazzy/opt/sdformat_vendor/lib:/opt/ros/jazzy/opt/rviz_ogre_vendor/lib:/opt/ros/jazzy/lib/x86_64-linux-gnu:/opt/ros/jazzy/opt/gz_gui_vendor/lib:/opt/ros/jazzy/opt/gz_transport_vendor/lib:/opt/ros/jazzy/opt/gz_rendering_vendor/lib:/opt/ros/jazzy/opt/gz_plugin_vendor/lib:/opt/ros/jazzy/opt/gz_fuel_tools_vendor/lib:/opt/ros/jazzy/opt/gz_msgs_vendor/lib:/opt/ros/jazzy/opt/gz_common_vendor/lib:/opt/ros/jazzy/opt/gz_math_vendor/lib:/opt/ros/jazzy/opt/gz_utils_vendor/lib:/opt/ros/jazzy/opt/gz_tools_vendor/lib:/opt/ros/jazzy/opt/gz_ogre_next_vendor/lib:/opt/ros/jazzy/opt/gz_dartsim_vendor/lib:/opt/ros/jazzy/opt/gz_cmake_vendor/lib:/opt/ros/jazzy/lib', 'HOME': '/home/kaneki', 'ROS_PYTHON_VERSION': '3', 'LC_CTYPE': 'C.UTF-8', 'ROS_DISTRO': 'jazzy', '_': '/usr/bin/colcon', 'ROS_VERSION': '2', 'GAZEBO_MODEL_PATH': '/opt/ros/jazzy/share/', 'PATH': '/opt/ros/jazzy/opt/gz_msgs_vendor/bin:/opt/ros/jazzy/opt/gz_tools_vendor/bin:/opt/ros/jazzy/opt/gz_ogre_next_vendor/bin:/opt/ros/jazzy/bin:/usr/local/sbin:/usr/local/bin:/usr/sbin:/usr/bin:/sbin:/bin', 'AMENT_PREFIX_PATH': '/opt/ros/jazzy', 'ROS_AUTOMATIC_DISCOVERY_RANGE': 'SUBNET', 'PWD': '/home/kaneki/cobot_ws/build/clearpath_sensors_description', 'PYTHONPATH': '/opt/ros/jazzy/lib/python3.12/site-packages', 'COLCON': '1', 'CMAKE_PREFIX_PATH': '/opt/ros/jazzy/opt/gz_sim_vendor:/opt/ros/jazzy/opt/gz_sensors_vendor:/opt/ros/jazzy/opt/gz_physics_vendor:/opt/ros/jazzy/opt/sdformat_vendor:/opt/ros/jazzy/opt/gz_gui_vendor:/opt/ros/jazzy/opt/gz_transport_vendor:/opt/ros/jazzy/opt/gz_rendering_vendor:/opt/ros/jazzy/opt/gz_plugin_vendor:/opt/ros/jazzy/opt/gz_fuel_tools_vendor:/opt/ros/jazzy/opt/gz_msgs_vendor:/opt/ros/jazzy/opt/gz_common_vendor:/opt/ros/jazzy/opt/gz_math_vendor:/opt/ros/jazzy/opt/gz_utils_vendor:/opt/ros/jazzy/opt/gz_tools_vendor:/opt/ros/jazzy/opt/gz_ogre_next_vendor:/opt/ros/jazzy/opt/gz_dartsim_vendor:/opt/ros/jazzy/opt/gz_cmake_vendor:/opt/ros/jazzy'}), 'shell': False}
[0.099850] (-) TimerEvent: {}
[0.158903] (clearpath_sensors_description) StdoutLine: {'line': b'-- The C compiler identification is GNU 13.3.0\n'}
[0.199986] (-) TimerEvent: {}
[0.289075] (clearpath_sensors_description) StdoutLine: {'line': b'-- The CXX compiler identification is GNU 13.3.0\n'}
[0.300135] (-) TimerEvent: {}
[0.324672] (clearpath_sensors_description) StdoutLine: {'line': b'-- Detecting C compiler ABI info\n'}
[0.400293] (-) TimerEvent: {}
[0.452336] (clearpath_sensors_description) StdoutLine: {'line': b'-- Detecting C compiler ABI info - done\n'}
[0.460840] (clearpath_sensors_description) StdoutLine: {'line': b'-- Check for working C compiler: /usr/bin/cc - skipped\n'}
[0.462232] (clearpath_sensors_description) StdoutLine: {'line': b'-- Detecting C compile features\n'}
[0.463321] (clearpath_sensors_description) StdoutLine: {'line': b'-- Detecting C compile features - done\n'}
[0.478558] (clearpath_sensors_description) StdoutLine: {'line': b'-- Detecting CXX compiler ABI info\n'}
[0.500489] (-) TimerEvent: {}
[0.600831] (-) TimerEvent: {}
[0.613128] (clearpath_sensors_description) StdoutLine: {'line': b'-- Detecting CXX compiler ABI info - done\n'}
[0.621699] (clearpath_sensors_description) StdoutLine: {'line': b'-- Check for working CXX compiler: /usr/bin/c++ - skipped\n'}
[0.622177] (clearpath_sensors_description) StdoutLine: {'line': b'-- Detecting CXX compile features\n'}
[0.622670] (clearpath_sensors_description) StdoutLine: {'line': b'-- Detecting CXX compile features - done\n'}
[0.649911] (clearpath_sensors_description) StdoutLine: {'line': b'-- Found ament_cmake: 2.5.4 (/opt/ros/jazzy/share/ament_cmake/cmake)\n'}
[0.700967] (-) TimerEvent: {}
[0.801266] (-) TimerEvent: {}
[0.842048] (clearpath_sensors_description) StdoutLine: {'line': b'-- Found Python3: /usr/bin/python3 (found version "3.12.3") found components: Interpreter \n'}
[0.901426] (-) TimerEvent: {}
[1.001836] (-) TimerEvent: {}
[1.102121] (-) TimerEvent: {}
[1.165656] (clearpath_sensors_description) StdoutLine: {'line': b'-- Configuring done (1.1s)\n'}
[1.170829] (clearpath_sensors_description) StdoutLine: {'line': b'-- Generating done (0.0s)\n'}
[1.173680] (clearpath_sensors_description) StdoutLine: {'line': b'-- Build files have been written to: /home/kaneki/cobot_ws/build/clearpath_sensors_description\n'}
[1.180610] (clearpath_sensors_description) CommandEnded: {'returncode': 0}
[1.181187] (clearpath_sensors_description) JobProgress: {'identifier': 'clearpath_sensors_description', 'progress': 'build'}
[1.181918] (clearpath_sensors_description) Command: {'cmd': ['/usr/bin/cmake', '--build', '/home/kaneki/cobot_ws/build/clearpath_sensors_description', '--', '-j16', '-l16'], 'cwd': '/home/kaneki/cobot_ws/build/clearpath_sensors_description', 'env': OrderedDict({'GZ_SIM_RESOURCE_PATH': '/opt/ros/jazzy/share', 'GZ_CONFIG_PATH': '/opt/ros/jazzy/opt/gz_sim_vendor/share/gz:/opt/ros/jazzy/opt/sdformat_vendor/share/gz:/opt/ros/jazzy/opt/gz_gui_vendor/share/gz:/opt/ros/jazzy/opt/gz_transport_vendor/share/gz:/opt/ros/jazzy/opt/gz_rendering_vendor/share/gz:/opt/ros/jazzy/opt/gz_plugin_vendor/share/gz:/opt/ros/jazzy/opt/gz_fuel_tools_vendor/share/gz:/opt/ros/jazzy/opt/gz_msgs_vendor/share/gz:/opt/ros/jazzy/opt/gz_common_vendor/share/gz', 'SHLVL': '1', 'LD_LIBRARY_PATH': '/opt/ros/jazzy/opt/gz_sim_vendor/lib:/opt/ros/jazzy/opt/gz_sensors_vendor/lib:/opt/ros/jazzy/opt/gz_physics_vendor/lib:/opt/ros/jazzy/opt/sdformat_vendor/lib:/opt/ros/jazzy/opt/rviz_ogre_vendor/lib:/opt/ros/jazzy/lib/x86_64-linux-gnu:/opt/ros/jazzy/opt/gz_gui_vendor/lib:/opt/ros/jazzy/opt/gz_transport_vendor/lib:/opt/ros/jazzy/opt/gz_rendering_vendor/lib:/opt/ros/jazzy/opt/gz_plugin_vendor/lib:/opt/ros/jazzy/opt/gz_fuel_tools_vendor/lib:/opt/ros/jazzy/opt/gz_msgs_vendor/lib:/opt/ros/jazzy/opt/gz_common_vendor/lib:/opt/ros/jazzy/opt/gz_math_vendor/lib:/opt/ros/jazzy/opt/gz_utils_vendor/lib:/opt/ros/jazzy/opt/gz_tools_vendor/lib:/opt/ros/jazzy/opt/gz_ogre_next_vendor/lib:/opt/ros/jazzy/opt/gz_dartsim_vendor/lib:/opt/ros/jazzy/opt/gz_cmake_vendor/lib:/opt/ros/jazzy/lib', 'HOME': '/home/kaneki', 'ROS_PYTHON_VERSION': '3', 'LC_CTYPE': 'C.UTF-8', 'ROS_DISTRO': 'jazzy', '_': '/usr/bin/colcon', 'ROS_VERSION': '2', 'GAZEBO_MODEL_PATH': '/opt/ros/jazzy/share/', 'PATH': '/opt/ros/jazzy/opt/gz_msgs_vendor/bin:/opt/ros/jazzy/opt/gz_tools_vendor/bin:/opt/ros/jazzy/opt/gz_ogre_next_vendor/bin:/opt/ros/jazzy/bin:/usr/local/sbin:/usr/local/bin:/usr/sbin:/usr/bin:/sbin:/bin', 'AMENT_PREFIX_PATH': '/opt/ros/jazzy', 'ROS_AUTOMATIC_DISCOVERY_RANGE': 'SUBNET', 'PWD': '/home/kaneki/cobot_ws/build/clearpath_sensors_description', 'PYTHONPATH': '/opt/ros/jazzy/lib/python3.12/site-packages', 'COLCON': '1', 'CMAKE_PREFIX_PATH': '/opt/ros/jazzy/opt/gz_sim_vendor:/opt/ros/jazzy/opt/gz_sensors_vendor:/opt/ros/jazzy/opt/gz_physics_vendor:/opt/ros/jazzy/opt/sdformat_vendor:/opt/ros/jazzy/opt/gz_gui_vendor:/opt/ros/jazzy/opt/gz_transport_vendor:/opt/ros/jazzy/opt/gz_rendering_vendor:/opt/ros/jazzy/opt/gz_plugin_vendor:/opt/ros/jazzy/opt/gz_fuel_tools_vendor:/opt/ros/jazzy/opt/gz_msgs_vendor:/opt/ros/jazzy/opt/gz_common_vendor:/opt/ros/jazzy/opt/gz_math_vendor:/opt/ros/jazzy/opt/gz_utils_vendor:/opt/ros/jazzy/opt/gz_tools_vendor:/opt/ros/jazzy/opt/gz_ogre_next_vendor:/opt/ros/jazzy/opt/gz_dartsim_vendor:/opt/ros/jazzy/opt/gz_cmake_vendor:/opt/ros/jazzy'}), 'shell': False}
[1.202282] (-) TimerEvent: {}
[1.235798] (clearpath_sensors_description) CommandEnded: {'returncode': 0}
[1.236756] (clearpath_sensors_description) JobProgress: {'identifier': 'clearpath_sensors_description', 'progress': 'install'}
[1.248707] (clearpath_sensors_description) Command: {'cmd': ['/usr/bin/cmake', '--install', '/home/kaneki/cobot_ws/build/clearpath_sensors_description'], 'cwd': '/home/kaneki/cobot_ws/build/clearpath_sensors_description', 'env': OrderedDict({'GZ_SIM_RESOURCE_PATH': '/opt/ros/jazzy/share', 'GZ_CONFIG_PATH': '/opt/ros/jazzy/opt/gz_sim_vendor/share/gz:/opt/ros/jazzy/opt/sdformat_vendor/share/gz:/opt/ros/jazzy/opt/gz_gui_vendor/share/gz:/opt/ros/jazzy/opt/gz_transport_vendor/share/gz:/opt/ros/jazzy/opt/gz_rendering_vendor/share/gz:/opt/ros/jazzy/opt/gz_plugin_vendor/share/gz:/opt/ros/jazzy/opt/gz_fuel_tools_vendor/share/gz:/opt/ros/jazzy/opt/gz_msgs_vendor/share/gz:/opt/ros/jazzy/opt/gz_common_vendor/share/gz', 'SHLVL': '1', 'LD_LIBRARY_PATH': '/opt/ros/jazzy/opt/gz_sim_vendor/lib:/opt/ros/jazzy/opt/gz_sensors_vendor/lib:/opt/ros/jazzy/opt/gz_physics_vendor/lib:/opt/ros/jazzy/opt/sdformat_vendor/lib:/opt/ros/jazzy/opt/rviz_ogre_vendor/lib:/opt/ros/jazzy/lib/x86_64-linux-gnu:/opt/ros/jazzy/opt/gz_gui_vendor/lib:/opt/ros/jazzy/opt/gz_transport_vendor/lib:/opt/ros/jazzy/opt/gz_rendering_vendor/lib:/opt/ros/jazzy/opt/gz_plugin_vendor/lib:/opt/ros/jazzy/opt/gz_fuel_tools_vendor/lib:/opt/ros/jazzy/opt/gz_msgs_vendor/lib:/opt/ros/jazzy/opt/gz_common_vendor/lib:/opt/ros/jazzy/opt/gz_math_vendor/lib:/opt/ros/jazzy/opt/gz_utils_vendor/lib:/opt/ros/jazzy/opt/gz_tools_vendor/lib:/opt/ros/jazzy/opt/gz_ogre_next_vendor/lib:/opt/ros/jazzy/opt/gz_dartsim_vendor/lib:/opt/ros/jazzy/opt/gz_cmake_vendor/lib:/opt/ros/jazzy/lib', 'HOME': '/home/kaneki', 'ROS_PYTHON_VERSION': '3', 'LC_CTYPE': 'C.UTF-8', 'ROS_DISTRO': 'jazzy', '_': '/usr/bin/colcon', 'ROS_VERSION': '2', 'GAZEBO_MODEL_PATH': '/opt/ros/jazzy/share/', 'PATH': '/opt/ros/jazzy/opt/gz_msgs_vendor/bin:/opt/ros/jazzy/opt/gz_tools_vendor/bin:/opt/ros/jazzy/opt/gz_ogre_next_vendor/bin:/opt/ros/jazzy/bin:/usr/local/sbin:/usr/local/bin:/usr/sbin:/usr/bin:/sbin:/bin', 'AMENT_PREFIX_PATH': '/opt/ros/jazzy', 'ROS_AUTOMATIC_DISCOVERY_RANGE': 'SUBNET', 'PWD': '/home/kaneki/cobot_ws/build/clearpath_sensors_description', 'PYTHONPATH': '/opt/ros/jazzy/lib/python3.12/site-packages', 'COLCON': '1', 'CMAKE_PREFIX_PATH': '/opt/ros/jazzy/opt/gz_sim_vendor:/opt/ros/jazzy/opt/gz_sensors_vendor:/opt/ros/jazzy/opt/gz_physics_vendor:/opt/ros/jazzy/opt/sdformat_vendor:/opt/ros/jazzy/opt/gz_gui_vendor:/opt/ros/jazzy/opt/gz_transport_vendor:/opt/ros/jazzy/opt/gz_rendering_vendor:/opt/ros/jazzy/opt/gz_plugin_vendor:/opt/ros/jazzy/opt/gz_fuel_tools_vendor:/opt/ros/jazzy/opt/gz_msgs_vendor:/opt/ros/jazzy/opt/gz_common_vendor:/opt/ros/jazzy/opt/gz_math_vendor:/opt/ros/jazzy/opt/gz_utils_vendor:/opt/ros/jazzy/opt/gz_tools_vendor:/opt/ros/jazzy/opt/gz_ogre_next_vendor:/opt/ros/jazzy/opt/gz_dartsim_vendor:/opt/ros/jazzy/opt/gz_cmake_vendor:/opt/ros/jazzy'}), 'shell': False}
[1.260598] (clearpath_sensors_description) StdoutLine: {'line': b'-- Install configuration: ""\n'}
[1.260916] (clearpath_sensors_description) StdoutLine: {'line': b'-- Installing: /home/kaneki/cobot_ws/install/clearpath_sensors_description/share/clearpath_sensors_description/meshes\n'}
[1.261224] (clearpath_sensors_description) StdoutLine: {'line': b'-- Installing: /home/kaneki/cobot_ws/install/clearpath_sensors_description/share/clearpath_sensors_description/meshes/axis_q62_top.stl\n'}
[1.261475] (clearpath_sensors_description) StdoutLine: {'line': b'-- Installing: /home/kaneki/cobot_ws/install/clearpath_sensors_description/share/clearpath_sensors_description/meshes/seyond_robin_w.stl\n'}
[1.269264] (clearpath_sensors_description) StdoutLine: {'line': b'-- Installing: /home/kaneki/cobot_ws/install/clearpath_sensors_description/share/clearpath_sensors_description/meshes/hokuyo_utm30.stl\n'}
[1.269944] (clearpath_sensors_description) StdoutLine: {'line': b'-- Installing: /home/kaneki/cobot_ws/install/clearpath_sensors_description/share/clearpath_sensors_description/meshes/fixposition.stl\n'}
[1.270379] (clearpath_sensors_description) StdoutLine: {'line': b'-- Installing: /home/kaneki/cobot_ws/install/clearpath_sensors_description/share/clearpath_sensors_description/meshes/oakd_pro_w_poe.dae\n'}
[1.281393] (clearpath_sensors_description) StdoutLine: {'line': b'-- Installing: /home/kaneki/cobot_ws/install/clearpath_sensors_description/share/clearpath_sensors_description/meshes/gnss_helical.stl\n'}
[1.281668] (clearpath_sensors_description) StdoutLine: {'line': b'-- Installing: /home/kaneki/cobot_ws/install/clearpath_sensors_description/share/clearpath_sensors_description/meshes/oakd_lite.dae\n'}
[1.285441] (clearpath_sensors_description) StdoutLine: {'line': b'-- Installing: /home/kaneki/cobot_ws/install/clearpath_sensors_description/share/clearpath_sensors_description/meshes/sick_lms1xx_collision.stl\n'}
[1.286012] (clearpath_sensors_description) StdoutLine: {'line': b'-- Installing: /home/kaneki/cobot_ws/install/clearpath_sensors_description/share/clearpath_sensors_description/meshes/axis_q62_base.stl\n'}
[1.286312] (clearpath_sensors_description) StdoutLine: {'line': b'-- Installing: /home/kaneki/cobot_ws/install/clearpath_sensors_description/share/clearpath_sensors_description/meshes/hokuyo_ust.stl\n'}
[1.286427] (clearpath_sensors_description) StdoutLine: {'line': b'-- Installing: /home/kaneki/cobot_ws/install/clearpath_sensors_description/share/clearpath_sensors_description/meshes/gnss_spherical.stl\n'}
[1.286528] (clearpath_sensors_description) StdoutLine: {'line': b'-- Installing: /home/kaneki/cobot_ws/install/clearpath_sensors_description/share/clearpath_sensors_description/meshes/gnss_patch.stl\n'}
[1.286640] (clearpath_sensors_description) StdoutLine: {'line': b'-- Installing: /home/kaneki/cobot_ws/install/clearpath_sensors_description/share/clearpath_sensors_description/meshes/oakd_pro.dae\n'}
[1.296035] (clearpath_sensors_description) StdoutLine: {'line': b'-- Installing: /home/kaneki/cobot_ws/install/clearpath_sensors_description/share/clearpath_sensors_description/meshes/flir_blackfly.stl\n'}
[1.297007] (clearpath_sensors_description) StdoutLine: {'line': b'-- Installing: /home/kaneki/cobot_ws/install/clearpath_sensors_description/share/clearpath_sensors_description/meshes/novatel_smart6.stl\n'}
[1.297174] (clearpath_sensors_description) StdoutLine: {'line': b'-- Installing: /home/kaneki/cobot_ws/install/clearpath_sensors_description/share/clearpath_sensors_description/meshes/ouster\n'}
[1.297457] (clearpath_sensors_description) StdoutLine: {'line': b'-- Installing: /home/kaneki/cobot_ws/install/clearpath_sensors_description/share/clearpath_sensors_description/meshes/ouster/os1_fins.dae\n'}
[1.297593] (clearpath_sensors_description) StdoutLine: {'line': b'-- Installing: /home/kaneki/cobot_ws/install/clearpath_sensors_description/share/clearpath_sensors_description/meshes/ouster/os1_halo.dae\n'}
[1.299022] (clearpath_sensors_description) StdoutLine: {'line': b'-- Installing: /home/kaneki/cobot_ws/install/clearpath_sensors_description/share/clearpath_sensors_description/meshes/ouster/os1_base.dae\n'}
[1.300855] (clearpath_sensors_description) StdoutLine: {'line': b'-- Installing: /home/kaneki/cobot_ws/install/clearpath_sensors_description/share/clearpath_sensors_description/meshes/ouster/os1_lidar.dae\n'}
[1.302386] (-) TimerEvent: {}
[1.304282] (clearpath_sensors_description) StdoutLine: {'line': b'-- Installing: /home/kaneki/cobot_ws/install/clearpath_sensors_description/share/clearpath_sensors_description/meshes/sick_lms1xx_small.dae\n'}
[1.305306] (clearpath_sensors_description) StdoutLine: {'line': b'-- Installing: /home/kaneki/cobot_ws/install/clearpath_sensors_description/share/clearpath_sensors_description/meshes/axis_dome.stl\n'}
[1.305873] (clearpath_sensors_description) StdoutLine: {'line': b'-- Installing: /home/kaneki/cobot_ws/install/clearpath_sensors_description/share/clearpath_sensors_description/meshes/novatel_smart7.stl\n'}
[1.307158] (clearpath_sensors_description) StdoutLine: {'line': b'-- Installing: /home/kaneki/cobot_ws/install/clearpath_sensors_description/share/clearpath_sensors_description/urdf\n'}
[1.307767] (clearpath_sensors_description) StdoutLine: {'line': b'-- Installing: /home/kaneki/cobot_ws/install/clearpath_sensors_description/share/clearpath_sensors_description/urdf/sick_lms1xx.urdf.xacro\n'}
[1.307916] (clearpath_sensors_description) StdoutLine: {'line': b'-- Installing: /home/kaneki/cobot_ws/install/clearpath_sensors_description/share/clearpath_sensors_description/urdf/intel_realsense.urdf.xacro\n'}
[1.308043] (clearpath_sensors_description) StdoutLine: {'line': b'-- Installing: /home/kaneki/cobot_ws/install/clearpath_sensors_description/share/clearpath_sensors_description/urdf/redshift_um7.urdf.xacro\n'}
[1.308160] (clearpath_sensors_description) StdoutLine: {'line': b'-- Installing: /home/kaneki/cobot_ws/install/clearpath_sensors_description/share/clearpath_sensors_description/urdf/phidgets_spatial.urdf.xacro\n'}
[1.308265] (clearpath_sensors_description) StdoutLine: {'line': b'-- Installing: /home/kaneki/cobot_ws/install/clearpath_sensors_description/share/clearpath_sensors_description/urdf/microstrain_gq7.urdf.xacro\n'}
[1.308376] (clearpath_sensors_description) StdoutLine: {'line': b'-- Installing: /home/kaneki/cobot_ws/install/clearpath_sensors_description/share/clearpath_sensors_description/urdf/luxonis_oakd.urdf.xacro\n'}
[1.308497] (clearpath_sensors_description) StdoutLine: {'line': b'-- Installing: /home/kaneki/cobot_ws/install/clearpath_sensors_description/share/clearpath_sensors_description/urdf/chrobotics_um6.urdf.xacro\n'}
[1.308659] (clearpath_sensors_description) StdoutLine: {'line': b'-- Installing: /home/kaneki/cobot_ws/install/clearpath_sensors_description/share/clearpath_sensors_description/urdf/gnss_antenna.urdf.xacro\n'}
[1.308842] (clearpath_sensors_description) StdoutLine: {'line': b'-- Installing: /home/kaneki/cobot_ws/install/clearpath_sensors_description/share/clearpath_sensors_description/urdf/swiftnav_duro.urdf.xacro\n'}
[1.308963] (clearpath_sensors_description) StdoutLine: {'line': b'-- Installing: /home/kaneki/cobot_ws/install/clearpath_sensors_description/share/clearpath_sensors_description/urdf/garmin_18x.urdf.xacro\n'}
[1.309233] (clearpath_sensors_description) StdoutLine: {'line': b'-- Installing: /home/kaneki/cobot_ws/install/clearpath_sensors_description/share/clearpath_sensors_description/urdf/microstrain_imu.urdf.xacro\n'}
[1.309351] (clearpath_sensors_description) StdoutLine: {'line': b'-- Installing: /home/kaneki/cobot_ws/install/clearpath_sensors_description/share/clearpath_sensors_description/urdf/velodyne_lidar.urdf.xacro\n'}
[1.310103] (clearpath_sensors_description) StdoutLine: {'line': b'-- Installing: /home/kaneki/cobot_ws/install/clearpath_sensors_description/share/clearpath_sensors_description/urdf/wiferion.urdf.xacro\n'}
[1.310305] (clearpath_sensors_description) StdoutLine: {'line': b'-- Installing: /home/kaneki/cobot_ws/install/clearpath_sensors_description/share/clearpath_sensors_description/urdf/ouster_os1.urdf.xacro\n'}
[1.310480] (clearpath_sensors_description) StdoutLine: {'line': b'-- Installing: /home/kaneki/cobot_ws/install/clearpath_sensors_description/share/clearpath_sensors_description/urdf/flir_blackfly.urdf.xacro\n'}
[1.310582] (clearpath_sensors_description) StdoutLine: {'line': b'-- Installing: /home/kaneki/cobot_ws/install/clearpath_sensors_description/share/clearpath_sensors_description/urdf/intel\n'}
[1.310889] (clearpath_sensors_description) StdoutLine: {'line': b'-- Installing: /home/kaneki/cobot_ws/install/clearpath_sensors_description/share/clearpath_sensors_description/urdf/intel/d456.urdf.xacro\n'}
[1.311244] (clearpath_sensors_description) StdoutLine: {'line': b'-- Installing: /home/kaneki/cobot_ws/install/clearpath_sensors_description/share/clearpath_sensors_description/urdf/intel/d455.urdf.xacro\n'}
[1.311650] (clearpath_sensors_description) StdoutLine: {'line': b'-- Installing: /home/kaneki/cobot_ws/install/clearpath_sensors_description/share/clearpath_sensors_description/urdf/intel/d435i.urdf.xacro\n'}
[1.311848] (clearpath_sensors_description) StdoutLine: {'line': b'-- Installing: /home/kaneki/cobot_ws/install/clearpath_sensors_description/share/clearpath_sensors_description/urdf/intel/d435.urdf.xacro\n'}
[1.312003] (clearpath_sensors_description) StdoutLine: {'line': b'-- Installing: /home/kaneki/cobot_ws/install/clearpath_sensors_description/share/clearpath_sensors_description/urdf/intel/d415.urdf.xacro\n'}
[1.312243] (clearpath_sensors_description) StdoutLine: {'line': b'-- Installing: /home/kaneki/cobot_ws/install/clearpath_sensors_description/share/clearpath_sensors_description/urdf/axis\n'}
[1.312368] (clearpath_sensors_description) StdoutLine: {'line': b'-- Installing: /home/kaneki/cobot_ws/install/clearpath_sensors_description/share/clearpath_sensors_description/urdf/axis/axis_q62.urdf.xacro\n'}
[1.312501] (clearpath_sensors_description) StdoutLine: {'line': b'-- Installing: /home/kaneki/cobot_ws/install/clearpath_sensors_description/share/clearpath_sensors_description/urdf/axis/axis_dome_ptz.urdf.xacro\n'}
[1.312616] (clearpath_sensors_description) StdoutLine: {'line': b'-- Installing: /home/kaneki/cobot_ws/install/clearpath_sensors_description/share/clearpath_sensors_description/urdf/axis/axis_dome_fixed.urdf.xacro\n'}
[1.312749] (clearpath_sensors_description) StdoutLine: {'line': b'-- Installing: /home/kaneki/cobot_ws/install/clearpath_sensors_description/share/clearpath_sensors_description/urdf/axis_camera.urdf.xacro\n'}
[1.312859] (clearpath_sensors_description) StdoutLine: {'line': b'-- Installing: /home/kaneki/cobot_ws/install/clearpath_sensors_description/share/clearpath_sensors_description/urdf/novatel_smart7.urdf.xacro\n'}
[1.312970] (clearpath_sensors_description) StdoutLine: {'line': b'-- Installing: /home/kaneki/cobot_ws/install/clearpath_sensors_description/share/clearpath_sensors_description/urdf/hokuyo_ust.urdf.xacro\n'}
[1.313082] (clearpath_sensors_description) StdoutLine: {'line': b'-- Installing: /home/kaneki/cobot_ws/install/clearpath_sensors_description/share/clearpath_sensors_description/urdf/fixposition.urdf.xacro\n'}
[1.313213] (clearpath_sensors_description) StdoutLine: {'line': b'-- Installing: /home/kaneki/cobot_ws/install/clearpath_sensors_description/share/clearpath_sensors_description/urdf/novatel_smart6.urdf.xacro\n'}
[1.313329] (clearpath_sensors_description) StdoutLine: {'line': b'-- Installing: /home/kaneki/cobot_ws/install/clearpath_sensors_description/share/clearpath_sensors_description/urdf/seyond_lidar.urdf.xacro\n'}
[1.313443] (clearpath_sensors_description) StdoutLine: {'line': b'-- Installing: /home/kaneki/cobot_ws/install/clearpath_sensors_description/share/clearpath_sensors_description/urdf/stereolabs_zed.urdf.xacro\n'}
[1.313569] (clearpath_sensors_description) StdoutLine: {'line': b'-- Installing: /home/kaneki/cobot_ws/install/clearpath_sensors_description/share/ament_index/resource_index/package_run_dependencies/clearpath_sensors_description\n'}
[1.314029] (clearpath_sensors_description) StdoutLine: {'line': b'-- Installing: /home/kaneki/cobot_ws/install/clearpath_sensors_description/share/ament_index/resource_index/parent_prefix_path/clearpath_sensors_description\n'}
[1.314397] (clearpath_sensors_description) StdoutLine: {'line': b'-- Installing: /home/kaneki/cobot_ws/install/clearpath_sensors_description/share/clearpath_sensors_description/environment/ament_prefix_path.sh\n'}
[1.314526] (clearpath_sensors_description) StdoutLine: {'line': b'-- Installing: /home/kaneki/cobot_ws/install/clearpath_sensors_description/share/clearpath_sensors_description/environment/ament_prefix_path.dsv\n'}
[1.314625] (clearpath_sensors_description) StdoutLine: {'line': b'-- Installing: /home/kaneki/cobot_ws/install/clearpath_sensors_description/share/clearpath_sensors_description/environment/path.sh\n'}
[1.314720] (clearpath_sensors_description) StdoutLine: {'line': b'-- Installing: /home/kaneki/cobot_ws/install/clearpath_sensors_description/share/clearpath_sensors_description/environment/path.dsv\n'}
[1.314818] (clearpath_sensors_description) StdoutLine: {'line': b'-- Installing: /home/kaneki/cobot_ws/install/clearpath_sensors_description/share/clearpath_sensors_description/local_setup.bash\n'}
[1.314937] (clearpath_sensors_description) StdoutLine: {'line': b'-- Installing: /home/kaneki/cobot_ws/install/clearpath_sensors_description/share/clearpath_sensors_description/local_setup.sh\n'}
[1.315034] (clearpath_sensors_description) StdoutLine: {'line': b'-- Installing: /home/kaneki/cobot_ws/install/clearpath_sensors_description/share/clearpath_sensors_description/local_setup.zsh\n'}
[1.315154] (clearpath_sensors_description) StdoutLine: {'line': b'-- Installing: /home/kaneki/cobot_ws/install/clearpath_sensors_description/share/clearpath_sensors_description/local_setup.dsv\n'}
[1.315273] (clearpath_sensors_description) StdoutLine: {'line': b'-- Installing: /home/kaneki/cobot_ws/install/clearpath_sensors_description/share/clearpath_sensors_description/package.dsv\n'}
[1.316230] (clearpath_sensors_description) StdoutLine: {'line': b'-- Installing: /home/kaneki/cobot_ws/install/clearpath_sensors_description/share/ament_index/resource_index/packages/clearpath_sensors_description\n'}
[1.316369] (clearpath_sensors_description) StdoutLine: {'line': b'-- Installing: /home/kaneki/cobot_ws/install/clearpath_sensors_description/share/clearpath_sensors_description/cmake/clearpath_sensors_descriptionConfig.cmake\n'}
[1.316500] (clearpath_sensors_description) StdoutLine: {'line': b'-- Installing: /home/kaneki/cobot_ws/install/clearpath_sensors_description/share/clearpath_sensors_description/cmake/clearpath_sensors_descriptionConfig-version.cmake\n'}
[1.316610] (clearpath_sensors_description) StdoutLine: {'line': b'-- Installing: /home/kaneki/cobot_ws/install/clearpath_sensors_description/share/clearpath_sensors_description/package.xml\n'}
[1.316709] (clearpath_sensors_description) CommandEnded: {'returncode': 0}
[1.333428] (clearpath_sensors_description) JobEnded: {'identifier': 'clearpath_sensors_description', 'rc': 0}
[1.334804] (warebot) JobStarted: {'identifier': 'warebot'}
[1.402556] (-) TimerEvent: {}
[1.502852] (-) TimerEvent: {}
[1.603133] (-) TimerEvent: {}
[1.704133] (-) TimerEvent: {}
[1.804378] (-) TimerEvent: {}
[1.904584] (-) TimerEvent: {}
[2.004863] (-) TimerEvent: {}
[2.105145] (-) TimerEvent: {}
[2.205461] (-) TimerEvent: {}
[2.279142] (warebot) Command: {'cmd': ['/usr/bin/python3', '-W', 'ignore:setup.py install is deprecated', '-W', 'ignore:easy_install command is deprecated', 'setup.py', 'egg_info', '--egg-base', '../../build/warebot', 'build', '--build-base', '/home/kaneki/cobot_ws/build/warebot/build', 'install', '--record', '/home/kaneki/cobot_ws/build/warebot/install.log', '--single-version-externally-managed', 'install_data'], 'cwd': '/home/kaneki/cobot_ws/src/warebot', 'env': {'GZ_SIM_RESOURCE_PATH': '/opt/ros/jazzy/share', 'GZ_CONFIG_PATH': '/opt/ros/jazzy/opt/gz_sim_vendor/share/gz:/opt/ros/jazzy/opt/sdformat_vendor/share/gz:/opt/ros/jazzy/opt/gz_gui_vendor/share/gz:/opt/ros/jazzy/opt/gz_transport_vendor/share/gz:/opt/ros/jazzy/opt/gz_rendering_vendor/share/gz:/opt/ros/jazzy/opt/gz_plugin_vendor/share/gz:/opt/ros/jazzy/opt/gz_fuel_tools_vendor/share/gz:/opt/ros/jazzy/opt/gz_msgs_vendor/share/gz:/opt/ros/jazzy/opt/gz_common_vendor/share/gz', 'SHLVL': '1', 'LD_LIBRARY_PATH': '/opt/ros/jazzy/opt/gz_sim_vendor/lib:/opt/ros/jazzy/opt/gz_sensors_vendor/lib:/opt/ros/jazzy/opt/gz_physics_vendor/lib:/opt/ros/jazzy/opt/sdformat_vendor/lib:/opt/ros/jazzy/opt/rviz_ogre_vendor/lib:/opt/ros/jazzy/lib/x86_64-linux-gnu:/opt/ros/jazzy/opt/gz_gui_vendor/lib:/opt/ros/jazzy/opt/gz_transport_vendor/lib:/opt/ros/jazzy/opt/gz_rendering_vendor/lib:/opt/ros/jazzy/opt/gz_plugin_vendor/lib:/opt/ros/jazzy/opt/gz_fuel_tools_vendor/lib:/opt/ros/jazzy/opt/gz_msgs_vendor/lib:/opt/ros/jazzy/opt/gz_common_vendor/lib:/opt/ros/jazzy/opt/gz_math_vendor/lib:/opt/ros/jazzy/opt/gz_utils_vendor/lib:/opt/ros/jazzy/opt/gz_tools_vendor/lib:/opt/ros/jazzy/opt/gz_ogre_next_vendor/lib:/opt/ros/jazzy/opt/gz_dartsim_vendor/lib:/opt/ros/jazzy/opt/gz_cmake_vendor/lib:/opt/ros/jazzy/lib', 'HOME': '/home/kaneki', 'ROS_PYTHON_VERSION': '3', 'LC_CTYPE': 'C.UTF-8', 'ROS_DISTRO': 'jazzy', '_': '/usr/bin/colcon', 'ROS_VERSION': '2', 'GAZEBO_MODEL_PATH': '/opt/ros/jazzy/share/', 'PATH': '/opt/ros/jazzy/opt/gz_msgs_vendor/bin:/opt/ros/jazzy/opt/gz_tools_vendor/bin:/opt/ros/jazzy/opt/gz_ogre_next_vendor/bin:/opt/ros/jazzy/bin:/usr/local/sbin:/usr/local/bin:/usr/sbin:/usr/bin:/sbin:/bin', 'AMENT_PREFIX_PATH': '/home/kaneki/cobot_ws/install/clearpath_sensors_description:/opt/ros/jazzy', 'ROS_AUTOMATIC_DISCOVERY_RANGE': 'SUBNET', 'PWD': '/home/kaneki/cobot_ws/build/warebot', 'PYTHONPATH': '/home/kaneki/cobot_ws/build/warebot/prefix_override:/usr/lib/python3/dist-packages/colcon_core/task/python/colcon_distutils_commands:/home/kaneki/cobot_ws/install/warebot/lib/python3.12/site-packages:/opt/ros/jazzy/lib/python3.12/site-packages', 'COLCON': '1', 'CMAKE_PREFIX_PATH': '/home/kaneki/cobot_ws/install/clearpath_sensors_description:/opt/ros/jazzy/opt/gz_sim_vendor:/opt/ros/jazzy/opt/gz_sensors_vendor:/opt/ros/jazzy/opt/gz_physics_vendor:/opt/ros/jazzy/opt/sdformat_vendor:/opt/ros/jazzy/opt/gz_gui_vendor:/opt/ros/jazzy/opt/gz_transport_vendor:/opt/ros/jazzy/opt/gz_rendering_vendor:/opt/ros/jazzy/opt/gz_plugin_vendor:/opt/ros/jazzy/opt/gz_fuel_tools_vendor:/opt/ros/jazzy/opt/gz_msgs_vendor:/opt/ros/jazzy/opt/gz_common_vendor:/opt/ros/jazzy/opt/gz_math_vendor:/opt/ros/jazzy/opt/gz_utils_vendor:/opt/ros/jazzy/opt/gz_tools_vendor:/opt/ros/jazzy/opt/gz_ogre_next_vendor:/opt/ros/jazzy/opt/gz_dartsim_vendor:/opt/ros/jazzy/opt/gz_cmake_vendor'}, 'shell': False}
[2.305630] (-) TimerEvent: {}
[2.405942] (-) TimerEvent: {}
[2.506224] (-) TimerEvent: {}
[2.596881] (warebot) StdoutLine: {'line': b'running egg_info\n'}
[2.606397] (-) TimerEvent: {}
[2.617677] (warebot) StdoutLine: {'line': b'writing ../../build/warebot/warebot.egg-info/PKG-INFO\n'}
[2.618742] (warebot) StdoutLine: {'line': b'writing dependency_links to ../../build/warebot/warebot.egg-info/dependency_links.txt\n'}
[2.618958] (warebot) StdoutLine: {'line': b'writing requirements to ../../build/warebot/warebot.egg-info/requires.txt\n'}
[2.619266] (warebot) StdoutLine: {'line': b'writing top-level names to ../../build/warebot/warebot.egg-info/top_level.txt\n'}
[2.663591] (warebot) StdoutLine: {'line': b"reading manifest file '../../build/warebot/warebot.egg-info/SOURCES.txt'\n"}
[2.665441] (warebot) StdoutLine: {'line': b"writing manifest file '../../build/warebot/warebot.egg-info/SOURCES.txt'\n"}
[2.666896] (warebot) StdoutLine: {'line': b'running build\n'}
[2.667125] (warebot) StdoutLine: {'line': b'running build_py\n'}
[2.667231] (warebot) StdoutLine: {'line': b'running install\n'}
[2.673040] (warebot) StdoutLine: {'line': b'running install_lib\n'}
[2.695884] (warebot) StdoutLine: {'line': b'running install_data\n'}
[2.696076] (warebot) StdoutLine: {'line': b'copying package.xml -> /home/kaneki/cobot_ws/install/warebot/share/warebot\n'}
[2.696255] (warebot) StdoutLine: {'line': b'copying launch/display.launch.py -> /home/kaneki/cobot_ws/install/warebot/share/warebot/launch\n'}
[2.696529] (warebot) StdoutLine: {'line': b'copying description/robot.urdf.xacro -> /home/kaneki/cobot_ws/install/warebot/share/warebot/description\n'}
[2.697361] (warebot) StdoutLine: {'line': b'running install_egg_info\n'}
[2.706571] (-) TimerEvent: {}
[2.722480] (warebot) StdoutLine: {'line': b"removing '/home/kaneki/cobot_ws/install/warebot/lib/python3.12/site-packages/warebot-0.0.0-py3.12.egg-info' (and everything under it)\n"}
[2.722987] (warebot) StdoutLine: {'line': b'Copying ../../build/warebot/warebot.egg-info to /home/kaneki/cobot_ws/install/warebot/lib/python3.12/site-packages/warebot-0.0.0-py3.12.egg-info\n'}
[2.723771] (warebot) StdoutLine: {'line': b'running install_scripts\n'}
[2.806854] (-) TimerEvent: {}
[2.867346] (warebot) StdoutLine: {'line': b"writing list of installed files to '/home/kaneki/cobot_ws/build/warebot/install.log'\n"}
[2.899787] (warebot) CommandEnded: {'returncode': 0}
[2.906914] (-) TimerEvent: {}
[2.907997] (warebot) JobEnded: {'identifier': 'warebot', 'rc': 0}
[2.909259] (-) EventReactorShutdown: {}
