-- The C compiler identification is GNU 13.3.0
-- The CXX compiler identification is GNU 13.3.0
-- Detecting C compiler ABI info
-- Detecting C compiler ABI info - done
-- Check for working C compiler: /usr/bin/cc - skipped
-- Detecting C compile features
-- Detecting C compile features - done
-- Detecting CXX compiler ABI info
-- Detecting CXX compiler ABI info - done
-- Check for working CXX compiler: /usr/bin/c++ - skipped
-- Detecting CXX compile features
-- Detecting CXX compile features - done
-- Found ament_cmake: 2.5.4 (/opt/ros/jazzy/share/ament_cmake/cmake)
-- Found Python3: /usr/bin/python3 (found version "3.12.3") found components: Interpreter 
-- Found moveit_setup_framework: 2.12.3 (/opt/ros/jazzy/share/moveit_setup_framework/cmake)
-- Found rosidl_generator_c: 4.6.6 (/opt/ros/jazzy/share/rosidl_generator_c/cmake)
-- Found rosidl_generator_cpp: 4.6.6 (/opt/ros/jazzy/share/rosidl_generator_cpp/cmake)
-- Using all available rosidl_typesupport_c: rosidl_typesupport_fastrtps_c;rosidl_typesupport_introspection_c
-- Using all available rosidl_typesupport_cpp: rosidl_typesupport_fastrtps_cpp;rosidl_typesupport_introspection_cpp
-- Found rmw_implementation_cmake: 7.3.2 (/opt/ros/jazzy/share/rmw_implementation_cmake/cmake)
-- Found rmw_fastrtps_cpp: 8.4.3 (/opt/ros/jazzy/share/rmw_fastrtps_cpp/cmake)
-- Found OpenSSL: /usr/lib/x86_64-linux-gnu/libcrypto.so (found version "3.0.13")  
-- Found FastRTPS: /opt/ros/jazzy/include (Required is at least version "2.13") 
-- Using RMW implementation 'rmw_fastrtps_cpp' as default
-- Found Boost: /usr/lib/x86_64-linux-gnu/cmake/Boost-1.83.0/BoostConfig.cmake (found version "1.83.0") found components: chrono date_time filesystem iostreams program_options regex serialization system thread 
-- Found parameter_traits: 0.5.0 (/opt/ros/jazzy/share/parameter_traits/cmake)
-- Found rclcpp_lifecycle: 28.1.13 (/opt/ros/jazzy/share/rclcpp_lifecycle/cmake)
-- Found Boost: /usr/lib/x86_64-linux-gnu/cmake/Boost-1.83.0/BoostConfig.cmake (found version "1.83.0") found components: filesystem 
-- Found Eigen3: TRUE (found version "3.4.0") 
-- Ensuring Eigen3 include directory is part of orocos-kdl CMake target
-- Found Boost: /usr/lib/x86_64-linux-gnu/cmake/Boost-1.83.0/BoostConfig.cmake (found version "1.83.0") found components: system filesystem date_time program_options thread chrono 
-- Found Boost: /usr/lib/x86_64-linux-gnu/cmake/Boost-1.83.0/BoostConfig.cmake (found version "1.83.0") found components: thread date_time system filesystem 
-- Found Boost: /usr/lib/x86_64-linux-gnu/cmake/Boost-1.83.0/BoostConfig.cmake (found version "1.83.0") found components: date_time filesystem program_options system thread 
-- Found Boost: /usr/lib/x86_64-linux-gnu/cmake/Boost-1.83.0/BoostConfig.cmake (found version "1.83.0") found components: thread system filesystem regex date_time program_options 
-- Found Boost: /usr/lib/x86_64-linux-gnu/cmake/Boost-1.83.0/BoostConfig.cmake (found version "1.83.0") found components: system filesystem date_time program_options thread 
-- Setting OGRE_DIR to: '/opt/ros/jazzy/share/rviz_ogre_vendor/cmake/../../../opt/rviz_ogre_vendor/lib/OGRE/cmake'
-- Found OGRE
--   static     : OFF
--   components : MeshLodGenerator;Overlay;Paging;Property;RTShaderSystem;Terrain;Volume
--   plugins    : Plugin_BSPSceneManager;Plugin_OctreeSceneManager;Plugin_PCZSceneManager;Plugin_ParticleFX;RenderSystem_GL;RenderSystem_GL3Plus;Codec_STBI
--   media      : /opt/ros/jazzy/opt/rviz_ogre_vendor/share/OGRE/Media
-- OGRE_LIBRARIES: OgreMeshLodGenerator;OgreOverlay;OgrePaging;OgreProperty;OgreRTShaderSystem;OgreTerrain;OgreVolume;OgreMain
-- OGRE_LIBRARY_DIRS: /opt/ros/jazzy/opt/rviz_ogre_vendor/lib
-- OGRE_PLUGINS: Plugin_BSPSceneManager;Plugin_OctreeSceneManager;Plugin_PCZSceneManager;Plugin_ParticleFX;RenderSystem_GL;RenderSystem_GL3Plus;Codec_STBI
-- OGRE_PLUGIN_DIR: /opt/ros/jazzy/opt/rviz_ogre_vendor/lib/OGRE
-- rviz_ogre_vendor::OgreOverlay for IMPORTED_LOCATION_RELEASE: /opt/ros/jazzy/opt/rviz_ogre_vendor/lib/libOgreOverlay.so
-- rviz_ogre_vendor::OgreOverlay for IMPORTED_LOCATION_DEBUG: /opt/ros/jazzy/opt/rviz_ogre_vendor/lib/libOgreOverlay.so
-- rviz_ogre_vendor::OgreMain for IMPORTED_LOCATION_RELEASE: /opt/ros/jazzy/opt/rviz_ogre_vendor/lib/libOgreMain.so
-- rviz_ogre_vendor::OgreMain for IMPORTED_LOCATION_DEBUG: /opt/ros/jazzy/opt/rviz_ogre_vendor/lib/libOgreMain.so
-- Found ZLIB: /usr/lib/x86_64-linux-gnu/libz.so (found version "1.3")  
-- Found OpenGL: /usr/lib/x86_64-linux-gnu/libOpenGL.so   
-- Found X11: /usr/include   
-- Looking for XOpenDisplay in /usr/lib/x86_64-linux-gnu/libX11.so;/usr/lib/x86_64-linux-gnu/libXext.so
-- Looking for XOpenDisplay in /usr/lib/x86_64-linux-gnu/libX11.so;/usr/lib/x86_64-linux-gnu/libXext.so - found
-- Looking for gethostbyname
-- Looking for gethostbyname - found
-- Looking for connect
-- Looking for connect - found
-- Looking for remove
-- Looking for remove - found
-- Looking for shmat
-- Looking for shmat - found
-- Looking for IceConnectionNumber in ICE
-- Looking for IceConnectionNumber in ICE - found
-- Setting yaml-cpp_DIR to: '/opt/ros/jazzy/share/yaml_cpp_vendor/cmake/../../../opt/yaml_cpp_vendor/share/cmake/yaml-cpp'
-- Found moveit_setup_srdf_plugins: 2.12.3 (/opt/ros/jazzy/share/moveit_setup_srdf_plugins/cmake)
-- Found ament_lint_auto: 0.17.3 (/opt/ros/jazzy/share/ament_lint_auto/cmake)
-- Added test 'cppcheck' to perform static code analysis on C / C++ code
-- Configured cppcheck include dirs: 
-- Configured cppcheck exclude dirs and/or files: 
-- Added test 'flake8' to check Python code syntax and style conventions
-- Configured 'flake8' exclude dirs and/or files: 
-- Added test 'lint_cmake' to check CMake code style
-- Added test 'pep257' to check Python code against some of the docstring style conventions in PEP 257
-- Added test 'uncrustify' to check C / C++ code style
-- Configured uncrustify additional arguments: 
-- Added test 'xmllint' to check XML markup files
-- Configuring done (6.5s)
-- Generating done (0.1s)
-- Build files have been written to: /home/kaneki/warebot_ws/build/clearpath_generator_common
[ 50%] Building CXX object CMakeFiles/moveit_collision_updater.dir/src/moveit_collision_updater.cpp.o
[ 50%] Built target ament_cmake_python_copy_clearpath_generator_common
running egg_info
creating clearpath_generator_common.egg-info
writing clearpath_generator_common.egg-info/PKG-INFO
writing dependency_links to clearpath_generator_common.egg-info/dependency_links.txt
writing top-level names to clearpath_generator_common.egg-info/top_level.txt
writing manifest file 'clearpath_generator_common.egg-info/SOURCES.txt'
reading manifest file 'clearpath_generator_common.egg-info/SOURCES.txt'
writing manifest file 'clearpath_generator_common.egg-info/SOURCES.txt'
[ 50%] Built target ament_cmake_python_build_clearpath_generator_common_egg
[100%] Linking CXX executable moveit_collision_updater
[100%] Built target moveit_collision_updater
-- Install configuration: ""
-- Installing: /home/kaneki/warebot_ws/install/clearpath_generator_common/lib/clearpath_generator_common/generate_description
-- Installing: /home/kaneki/warebot_ws/install/clearpath_generator_common/lib/clearpath_generator_common/generate_discovery_server
-- Installing: /home/kaneki/warebot_ws/install/clearpath_generator_common/lib/clearpath_generator_common/generate_bash
-- Installing: /home/kaneki/warebot_ws/install/clearpath_generator_common/lib/clearpath_generator_common/generate_semantic_description
-- Installing: /home/kaneki/warebot_ws/install/clearpath_generator_common/lib/clearpath_generator_common/generate_vcan
-- Installing: /home/kaneki/warebot_ws/install/clearpath_generator_common/lib/clearpath_generator_common/generate_zenoh_router
-- Installing: /home/kaneki/warebot_ws/install/clearpath_generator_common/lib/clearpath_generator_common/moveit_collision_updater
-- Set non-toolchain portion of runtime path of "/home/kaneki/warebot_ws/install/clearpath_generator_common/lib/clearpath_generator_common/moveit_collision_updater" to ""
-- Installing: /home/kaneki/warebot_ws/install/clearpath_generator_common/share/clearpath_generator_common/environment/pythonpath.sh
-- Installing: /home/kaneki/warebot_ws/install/clearpath_generator_common/share/clearpath_generator_common/environment/pythonpath.dsv
-- Installing: /home/kaneki/warebot_ws/install/clearpath_generator_common/lib/python3.12/site-packages/clearpath_generator_common-2.8.5-py3.12.egg-info
-- Installing: /home/kaneki/warebot_ws/install/clearpath_generator_common/lib/python3.12/site-packages/clearpath_generator_common-2.8.5-py3.12.egg-info/top_level.txt
-- Installing: /home/kaneki/warebot_ws/install/clearpath_generator_common/lib/python3.12/site-packages/clearpath_generator_common-2.8.5-py3.12.egg-info/SOURCES.txt
-- Installing: /home/kaneki/warebot_ws/install/clearpath_generator_common/lib/python3.12/site-packages/clearpath_generator_common-2.8.5-py3.12.egg-info/PKG-INFO
-- Installing: /home/kaneki/warebot_ws/install/clearpath_generator_common/lib/python3.12/site-packages/clearpath_generator_common-2.8.5-py3.12.egg-info/dependency_links.txt
-- Installing: /home/kaneki/warebot_ws/install/clearpath_generator_common/lib/python3.12/site-packages/clearpath_generator_common
-- Installing: /home/kaneki/warebot_ws/install/clearpath_generator_common/lib/python3.12/site-packages/clearpath_generator_common/__init__.py
-- Installing: /home/kaneki/warebot_ws/install/clearpath_generator_common/lib/python3.12/site-packages/clearpath_generator_common/common.py
-- Installing: /home/kaneki/warebot_ws/install/clearpath_generator_common/lib/python3.12/site-packages/clearpath_generator_common/description
-- Installing: /home/kaneki/warebot_ws/install/clearpath_generator_common/lib/python3.12/site-packages/clearpath_generator_common/description/generator.py
-- Installing: /home/kaneki/warebot_ws/install/clearpath_generator_common/lib/python3.12/site-packages/clearpath_generator_common/description/__init__.py
-- Installing: /home/kaneki/warebot_ws/install/clearpath_generator_common/lib/python3.12/site-packages/clearpath_generator_common/description/attachments.py
-- Installing: /home/kaneki/warebot_ws/install/clearpath_generator_common/lib/python3.12/site-packages/clearpath_generator_common/description/links.py
-- Installing: /home/kaneki/warebot_ws/install/clearpath_generator_common/lib/python3.12/site-packages/clearpath_generator_common/description/mounts.py
-- Installing: /home/kaneki/warebot_ws/install/clearpath_generator_common/lib/python3.12/site-packages/clearpath_generator_common/description/platform.py
-- Installing: /home/kaneki/warebot_ws/install/clearpath_generator_common/lib/python3.12/site-packages/clearpath_generator_common/description/manipulators.py
-- Installing: /home/kaneki/warebot_ws/install/clearpath_generator_common/lib/python3.12/site-packages/clearpath_generator_common/description/sensors.py
-- Installing: /home/kaneki/warebot_ws/install/clearpath_generator_common/lib/python3.12/site-packages/clearpath_generator_common/description/generate_description
-- Installing: /home/kaneki/warebot_ws/install/clearpath_generator_common/lib/python3.12/site-packages/clearpath_generator_common/description/writer.py
-- Installing: /home/kaneki/warebot_ws/install/clearpath_generator_common/lib/python3.12/site-packages/clearpath_generator_common/discovery_server
-- Installing: /home/kaneki/warebot_ws/install/clearpath_generator_common/lib/python3.12/site-packages/clearpath_generator_common/discovery_server/generator.py
-- Installing: /home/kaneki/warebot_ws/install/clearpath_generator_common/lib/python3.12/site-packages/clearpath_generator_common/discovery_server/generate_discovery_server
-- Installing: /home/kaneki/warebot_ws/install/clearpath_generator_common/lib/python3.12/site-packages/clearpath_generator_common/bash
-- Installing: /home/kaneki/warebot_ws/install/clearpath_generator_common/lib/python3.12/site-packages/clearpath_generator_common/bash/generator.py
-- Installing: /home/kaneki/warebot_ws/install/clearpath_generator_common/lib/python3.12/site-packages/clearpath_generator_common/bash/__init__.py
-- Installing: /home/kaneki/warebot_ws/install/clearpath_generator_common/lib/python3.12/site-packages/clearpath_generator_common/bash/generate_bash
-- Installing: /home/kaneki/warebot_ws/install/clearpath_generator_common/lib/python3.12/site-packages/clearpath_generator_common/bash/writer.py
-- Installing: /home/kaneki/warebot_ws/install/clearpath_generator_common/lib/python3.12/site-packages/clearpath_generator_common/package
-- Installing: /home/kaneki/warebot_ws/install/clearpath_generator_common/lib/python3.12/site-packages/clearpath_generator_common/package/__init__.py
-- Installing: /home/kaneki/warebot_ws/install/clearpath_generator_common/lib/python3.12/site-packages/clearpath_generator_common/package/writer.py
-- Installing: /home/kaneki/warebot_ws/install/clearpath_generator_common/lib/python3.12/site-packages/clearpath_generator_common/zenoh_router
-- Installing: /home/kaneki/warebot_ws/install/clearpath_generator_common/lib/python3.12/site-packages/clearpath_generator_common/zenoh_router/generator.py
-- Installing: /home/kaneki/warebot_ws/install/clearpath_generator_common/lib/python3.12/site-packages/clearpath_generator_common/zenoh_router/generate_zenoh_router
-- Installing: /home/kaneki/warebot_ws/install/clearpath_generator_common/lib/python3.12/site-packages/clearpath_generator_common/launch
-- Installing: /home/kaneki/warebot_ws/install/clearpath_generator_common/lib/python3.12/site-packages/clearpath_generator_common/launch/generator.py
-- Installing: /home/kaneki/warebot_ws/install/clearpath_generator_common/lib/python3.12/site-packages/clearpath_generator_common/launch/__init__.py
-- Installing: /home/kaneki/warebot_ws/install/clearpath_generator_common/lib/python3.12/site-packages/clearpath_generator_common/launch/writer.py
-- Installing: /home/kaneki/warebot_ws/install/clearpath_generator_common/lib/python3.12/site-packages/clearpath_generator_common/vcan
-- Installing: /home/kaneki/warebot_ws/install/clearpath_generator_common/lib/python3.12/site-packages/clearpath_generator_common/vcan/generator.py
-- Installing: /home/kaneki/warebot_ws/install/clearpath_generator_common/lib/python3.12/site-packages/clearpath_generator_common/vcan/generate_vcan
-- Installing: /home/kaneki/warebot_ws/install/clearpath_generator_common/lib/python3.12/site-packages/clearpath_generator_common/ros.py
-- Installing: /home/kaneki/warebot_ws/install/clearpath_generator_common/lib/python3.12/site-packages/clearpath_generator_common/semantic_description
-- Installing: /home/kaneki/warebot_ws/install/clearpath_generator_common/lib/python3.12/site-packages/clearpath_generator_common/semantic_description/generator.py
-- Installing: /home/kaneki/warebot_ws/install/clearpath_generator_common/lib/python3.12/site-packages/clearpath_generator_common/semantic_description/__init__.py
-- Installing: /home/kaneki/warebot_ws/install/clearpath_generator_common/lib/python3.12/site-packages/clearpath_generator_common/semantic_description/generate_semantic_description
-- Installing: /home/kaneki/warebot_ws/install/clearpath_generator_common/lib/python3.12/site-packages/clearpath_generator_common/semantic_description/manipulators.py
-- Installing: /home/kaneki/warebot_ws/install/clearpath_generator_common/lib/python3.12/site-packages/clearpath_generator_common/param
-- Installing: /home/kaneki/warebot_ws/install/clearpath_generator_common/lib/python3.12/site-packages/clearpath_generator_common/param/generator.py
-- Installing: /home/kaneki/warebot_ws/install/clearpath_generator_common/lib/python3.12/site-packages/clearpath_generator_common/param/__init__.py
-- Installing: /home/kaneki/warebot_ws/install/clearpath_generator_common/lib/python3.12/site-packages/clearpath_generator_common/param/platform.py
-- Installing: /home/kaneki/warebot_ws/install/clearpath_generator_common/lib/python3.12/site-packages/clearpath_generator_common/param/manipulators.py
-- Installing: /home/kaneki/warebot_ws/install/clearpath_generator_common/lib/python3.12/site-packages/clearpath_generator_common/param/writer.py
Listing '/home/kaneki/warebot_ws/install/clearpath_generator_common/lib/python3.12/site-packages/clearpath_generator_common'...
Compiling '/home/kaneki/warebot_ws/install/clearpath_generator_common/lib/python3.12/site-packages/clearpath_generator_common/__init__.py'...
Listing '/home/kaneki/warebot_ws/install/clearpath_generator_common/lib/python3.12/site-packages/clearpath_generator_common/bash'...
Compiling '/home/kaneki/warebot_ws/install/clearpath_generator_common/lib/python3.12/site-packages/clearpath_generator_common/bash/__init__.py'...
Compiling '/home/kaneki/warebot_ws/install/clearpath_generator_common/lib/python3.12/site-packages/clearpath_generator_common/bash/generator.py'...
Compiling '/home/kaneki/warebot_ws/install/clearpath_generator_common/lib/python3.12/site-packages/clearpath_generator_common/bash/writer.py'...
Compiling '/home/kaneki/warebot_ws/install/clearpath_generator_common/lib/python3.12/site-packages/clearpath_generator_common/common.py'...
Listing '/home/kaneki/warebot_ws/install/clearpath_generator_common/lib/python3.12/site-packages/clearpath_generator_common/description'...
Compiling '/home/kaneki/warebot_ws/install/clearpath_generator_common/lib/python3.12/site-packages/clearpath_generator_common/description/__init__.py'...
Compiling '/home/kaneki/warebot_ws/install/clearpath_generator_common/lib/python3.12/site-packages/clearpath_generator_common/description/attachments.py'...
Compiling '/home/kaneki/warebot_ws/install/clearpath_generator_common/lib/python3.12/site-packages/clearpath_generator_common/description/generator.py'...
Compiling '/home/kaneki/warebot_ws/install/clearpath_generator_common/lib/python3.12/site-packages/clearpath_generator_common/description/links.py'...
Compiling '/home/kaneki/warebot_ws/install/clearpath_generator_common/lib/python3.12/site-packages/clearpath_generator_common/description/manipulators.py'...
Compiling '/home/kaneki/warebot_ws/install/clearpath_generator_common/lib/python3.12/site-packages/clearpath_generator_common/description/mounts.py'...
Compiling '/home/kaneki/warebot_ws/install/clearpath_generator_common/lib/python3.12/site-packages/clearpath_generator_common/description/platform.py'...
Compiling '/home/kaneki/warebot_ws/install/clearpath_generator_common/lib/python3.12/site-packages/clearpath_generator_common/description/sensors.py'...
Compiling '/home/kaneki/warebot_ws/install/clearpath_generator_common/lib/python3.12/site-packages/clearpath_generator_common/description/writer.py'...
Listing '/home/kaneki/warebot_ws/install/clearpath_generator_common/lib/python3.12/site-packages/clearpath_generator_common/discovery_server'...
Compiling '/home/kaneki/warebot_ws/install/clearpath_generator_common/lib/python3.12/site-packages/clearpath_generator_common/discovery_server/generator.py'...
Listing '/home/kaneki/warebot_ws/install/clearpath_generator_common/lib/python3.12/site-packages/clearpath_generator_common/launch'...
Compiling '/home/kaneki/warebot_ws/install/clearpath_generator_common/lib/python3.12/site-packages/clearpath_generator_common/launch/__init__.py'...
Compiling '/home/kaneki/warebot_ws/install/clearpath_generator_common/lib/python3.12/site-packages/clearpath_generator_common/launch/generator.py'...
Compiling '/home/kaneki/warebot_ws/install/clearpath_generator_common/lib/python3.12/site-packages/clearpath_generator_common/launch/writer.py'...
Listing '/home/kaneki/warebot_ws/install/clearpath_generator_common/lib/python3.12/site-packages/clearpath_generator_common/package'...
Compiling '/home/kaneki/warebot_ws/install/clearpath_generator_common/lib/python3.12/site-packages/clearpath_generator_common/package/__init__.py'...
Compiling '/home/kaneki/warebot_ws/install/clearpath_generator_common/lib/python3.12/site-packages/clearpath_generator_common/package/writer.py'...
Listing '/home/kaneki/warebot_ws/install/clearpath_generator_common/lib/python3.12/site-packages/clearpath_generator_common/param'...
Compiling '/home/kaneki/warebot_ws/install/clearpath_generator_common/lib/python3.12/site-packages/clearpath_generator_common/param/__init__.py'...
Compiling '/home/kaneki/warebot_ws/install/clearpath_generator_common/lib/python3.12/site-packages/clearpath_generator_common/param/generator.py'...
Compiling '/home/kaneki/warebot_ws/install/clearpath_generator_common/lib/python3.12/site-packages/clearpath_generator_common/param/manipulators.py'...
Compiling '/home/kaneki/warebot_ws/install/clearpath_generator_common/lib/python3.12/site-packages/clearpath_generator_common/param/platform.py'...
Compiling '/home/kaneki/warebot_ws/install/clearpath_generator_common/lib/python3.12/site-packages/clearpath_generator_common/param/writer.py'...
Compiling '/home/kaneki/warebot_ws/install/clearpath_generator_common/lib/python3.12/site-packages/clearpath_generator_common/ros.py'...
Listing '/home/kaneki/warebot_ws/install/clearpath_generator_common/lib/python3.12/site-packages/clearpath_generator_common/semantic_description'...
Compiling '/home/kaneki/warebot_ws/install/clearpath_generator_common/lib/python3.12/site-packages/clearpath_generator_common/semantic_description/__init__.py'...
Compiling '/home/kaneki/warebot_ws/install/clearpath_generator_common/lib/python3.12/site-packages/clearpath_generator_common/semantic_description/generator.py'...
Compiling '/home/kaneki/warebot_ws/install/clearpath_generator_common/lib/python3.12/site-packages/clearpath_generator_common/semantic_description/manipulators.py'...
Listing '/home/kaneki/warebot_ws/install/clearpath_generator_common/lib/python3.12/site-packages/clearpath_generator_common/vcan'...
Compiling '/home/kaneki/warebot_ws/install/clearpath_generator_common/lib/python3.12/site-packages/clearpath_generator_common/vcan/generator.py'...
Listing '/home/kaneki/warebot_ws/install/clearpath_generator_common/lib/python3.12/site-packages/clearpath_generator_common/zenoh_router'...
Compiling '/home/kaneki/warebot_ws/install/clearpath_generator_common/lib/python3.12/site-packages/clearpath_generator_common/zenoh_router/generator.py'...
-- Installing: /home/kaneki/warebot_ws/install/clearpath_generator_common/share/ament_index/resource_index/package_run_dependencies/clearpath_generator_common
-- Installing: /home/kaneki/warebot_ws/install/clearpath_generator_common/share/ament_index/resource_index/parent_prefix_path/clearpath_generator_common
-- Installing: /home/kaneki/warebot_ws/install/clearpath_generator_common/share/clearpath_generator_common/environment/ament_prefix_path.sh
-- Installing: /home/kaneki/warebot_ws/install/clearpath_generator_common/share/clearpath_generator_common/environment/ament_prefix_path.dsv
-- Installing: /home/kaneki/warebot_ws/install/clearpath_generator_common/share/clearpath_generator_common/environment/path.sh
-- Installing: /home/kaneki/warebot_ws/install/clearpath_generator_common/share/clearpath_generator_common/environment/path.dsv
-- Installing: /home/kaneki/warebot_ws/install/clearpath_generator_common/share/clearpath_generator_common/local_setup.bash
-- Installing: /home/kaneki/warebot_ws/install/clearpath_generator_common/share/clearpath_generator_common/local_setup.sh
-- Installing: /home/kaneki/warebot_ws/install/clearpath_generator_common/share/clearpath_generator_common/local_setup.zsh
-- Installing: /home/kaneki/warebot_ws/install/clearpath_generator_common/share/clearpath_generator_common/local_setup.dsv
-- Installing: /home/kaneki/warebot_ws/install/clearpath_generator_common/share/clearpath_generator_common/package.dsv
-- Installing: /home/kaneki/warebot_ws/install/clearpath_generator_common/share/ament_index/resource_index/packages/clearpath_generator_common
-- Installing: /home/kaneki/warebot_ws/install/clearpath_generator_common/share/clearpath_generator_common/cmake/clearpath_generator_commonConfig.cmake
-- Installing: /home/kaneki/warebot_ws/install/clearpath_generator_common/share/clearpath_generator_common/cmake/clearpath_generator_commonConfig-version.cmake
-- Installing: /home/kaneki/warebot_ws/install/clearpath_generator_common/share/clearpath_generator_common/package.xml
