[0.014s] Invoking command in '/home/kaneki/warebot_ws/build/clearpath_generator_common': AMENT_PREFIX_PATH=/home/kaneki/warebot_ws/install/clearpath_config:${AMENT_PREFIX_PATH} CMAKE_PREFIX_PATH=${CMAKE_PREFIX_PATH}:/home/kaneki/ros2_ws/install/rqt_joint_trajectory_controller:/home/kaneki/ros2_ws/install/rqt_controller_manager:/home/kaneki/ros2_ws/install/ros2controlcli:/home/kaneki/ros2_ws/install/ros2_controllers_test_nodes:/opt/ros/jazzy DEBUGINFOD_URLS=https://debuginfod.ubuntu.com PYTHONPATH=/home/kaneki/warebot_ws/install/clearpath_config/lib/python3.12/site-packages:${PYTHONPATH} /usr/bin/cmake /home/kaneki/warebot_ws/src/clearpath_common/clearpath_generator_common -DCMAKE_INSTALL_PREFIX=/home/kaneki/warebot_ws/install/clearpath_generator_common
[0.183s] -- The C compiler identification is GNU 13.3.0
[0.329s] -- The CXX compiler identification is GNU 13.3.0
[0.362s] -- Detecting C compiler ABI info
[0.481s] -- Detecting C compiler ABI info - done
[0.487s] -- Check for working C compiler: /usr/bin/cc - skipped
[0.489s] -- Detecting C compile features
[0.490s] -- Detecting C compile features - done
[0.502s] -- Detecting CXX compiler ABI info
[0.622s] -- Detecting CXX compiler ABI info - done
[0.629s] -- Check for working CXX compiler: /usr/bin/c++ - skipped
[0.629s] -- Detecting CXX compile features
[0.629s] -- Detecting CXX compile features - done
[0.654s] -- Found ament_cmake: 2.5.4 (/opt/ros/jazzy/share/ament_cmake/cmake)
[0.861s] -- Found Python3: /usr/bin/python3 (found version "3.12.3") found components: Interpreter 
[1.087s] -- Found moveit_setup_framework: 2.12.3 (/opt/ros/jazzy/share/moveit_setup_framework/cmake)
[1.238s] -- Found rosidl_generator_c: 4.6.6 (/opt/ros/jazzy/share/rosidl_generator_c/cmake)
[1.278s] -- Found rosidl_generator_cpp: 4.6.6 (/opt/ros/jazzy/share/rosidl_generator_cpp/cmake)
[1.325s] -- Using all available rosidl_typesupport_c: rosidl_typesupport_fastrtps_c;rosidl_typesupport_introspection_c
[1.373s] -- Using all available rosidl_typesupport_cpp: rosidl_typesupport_fastrtps_cpp;rosidl_typesupport_introspection_cpp
[1.541s] -- Found rmw_implementation_cmake: 7.3.2 (/opt/ros/jazzy/share/rmw_implementation_cmake/cmake)
[1.555s] -- Found rmw_fastrtps_cpp: 8.4.3 (/opt/ros/jazzy/share/rmw_fastrtps_cpp/cmake)
[1.726s] -- Found OpenSSL: /usr/lib/x86_64-linux-gnu/libcrypto.so (found version "3.0.13")  
[1.751s] -- Found FastRTPS: /opt/ros/jazzy/include (Required is at least version "2.13") 
[1.776s] -- Using RMW implementation 'rmw_fastrtps_cpp' as default
[2.226s] -- Found Boost: /usr/lib/x86_64-linux-gnu/cmake/Boost-1.83.0/BoostConfig.cmake (found version "1.83.0") found components: chrono date_time filesystem iostreams program_options regex serialization system thread 
[2.377s] -- Found parameter_traits: 0.5.0 (/opt/ros/jazzy/share/parameter_traits/cmake)
[2.420s] -- Found rclcpp_lifecycle: 28.1.13 (/opt/ros/jazzy/share/rclcpp_lifecycle/cmake)
[2.483s] -- Found Boost: /usr/lib/x86_64-linux-gnu/cmake/Boost-1.83.0/BoostConfig.cmake (found version "1.83.0") found components: filesystem 
[2.721s] -- Found Eigen3: TRUE (found version "3.4.0") 
[2.722s] -- Ensuring Eigen3 include directory is part of orocos-kdl CMake target
[3.345s] -- Found Boost: /usr/lib/x86_64-linux-gnu/cmake/Boost-1.83.0/BoostConfig.cmake (found version "1.83.0") found components: system filesystem date_time program_options thread chrono 
[3.405s] -- Found Boost: /usr/lib/x86_64-linux-gnu/cmake/Boost-1.83.0/BoostConfig.cmake (found version "1.83.0") found components: thread date_time system filesystem 
[3.440s] -- Found Boost: /usr/lib/x86_64-linux-gnu/cmake/Boost-1.83.0/BoostConfig.cmake (found version "1.83.0") found components: date_time filesystem program_options system thread 
[3.465s] -- Found Boost: /usr/lib/x86_64-linux-gnu/cmake/Boost-1.83.0/BoostConfig.cmake (found version "1.83.0") found components: thread system filesystem regex date_time program_options 
[3.508s] -- Found Boost: /usr/lib/x86_64-linux-gnu/cmake/Boost-1.83.0/BoostConfig.cmake (found version "1.83.0") found components: system filesystem date_time program_options thread 
[3.619s] -- Setting OGRE_DIR to: '/opt/ros/jazzy/share/rviz_ogre_vendor/cmake/../../../opt/rviz_ogre_vendor/lib/OGRE/cmake'
[3.623s] -- Found OGRE
[3.623s] --   static     : OFF
[3.623s] --   components : MeshLodGenerator;Overlay;Paging;Property;RTShaderSystem;Terrain;Volume
[3.623s] --   plugins    : Plugin_BSPSceneManager;Plugin_OctreeSceneManager;Plugin_PCZSceneManager;Plugin_ParticleFX;RenderSystem_GL;RenderSystem_GL3Plus;Codec_STBI
[3.623s] --   media      : /opt/ros/jazzy/opt/rviz_ogre_vendor/share/OGRE/Media
[3.623s] -- OGRE_LIBRARIES: OgreMeshLodGenerator;OgreOverlay;OgrePaging;OgreProperty;OgreRTShaderSystem;OgreTerrain;OgreVolume;OgreMain
[3.623s] -- OGRE_LIBRARY_DIRS: /opt/ros/jazzy/opt/rviz_ogre_vendor/lib
[3.623s] -- OGRE_PLUGINS: Plugin_BSPSceneManager;Plugin_OctreeSceneManager;Plugin_PCZSceneManager;Plugin_ParticleFX;RenderSystem_GL;RenderSystem_GL3Plus;Codec_STBI
[3.623s] -- OGRE_PLUGIN_DIR: /opt/ros/jazzy/opt/rviz_ogre_vendor/lib/OGRE
[3.623s] -- rviz_ogre_vendor::OgreOverlay for IMPORTED_LOCATION_RELEASE: /opt/ros/jazzy/opt/rviz_ogre_vendor/lib/libOgreOverlay.so
[3.624s] -- rviz_ogre_vendor::OgreOverlay for IMPORTED_LOCATION_DEBUG: /opt/ros/jazzy/opt/rviz_ogre_vendor/lib/libOgreOverlay.so
[3.624s] -- rviz_ogre_vendor::OgreMain for IMPORTED_LOCATION_RELEASE: /opt/ros/jazzy/opt/rviz_ogre_vendor/lib/libOgreMain.so
[3.624s] -- rviz_ogre_vendor::OgreMain for IMPORTED_LOCATION_DEBUG: /opt/ros/jazzy/opt/rviz_ogre_vendor/lib/libOgreMain.so
[3.672s] -- Found ZLIB: /usr/lib/x86_64-linux-gnu/libz.so (found version "1.3")  
[3.695s] -- Found OpenGL: /usr/lib/x86_64-linux-gnu/libOpenGL.so   
[3.942s] -- Found X11: /usr/include   
[3.943s] -- Looking for XOpenDisplay in /usr/lib/x86_64-linux-gnu/libX11.so;/usr/lib/x86_64-linux-gnu/libXext.so
[4.051s] -- Looking for XOpenDisplay in /usr/lib/x86_64-linux-gnu/libX11.so;/usr/lib/x86_64-linux-gnu/libXext.so - found
[4.052s] -- Looking for gethostbyname
[4.155s] -- Looking for gethostbyname - found
[4.155s] -- Looking for connect
[4.256s] -- Looking for connect - found
[4.256s] -- Looking for remove
[4.357s] -- Looking for remove - found
[4.357s] -- Looking for shmat
[4.459s] -- Looking for shmat - found
[4.459s] -- Looking for IceConnectionNumber in ICE
[4.564s] -- Looking for IceConnectionNumber in ICE - found
[4.624s] -- Setting yaml-cpp_DIR to: '/opt/ros/jazzy/share/yaml_cpp_vendor/cmake/../../../opt/yaml_cpp_vendor/share/cmake/yaml-cpp'
[4.804s] -- Found moveit_setup_srdf_plugins: 2.12.3 (/opt/ros/jazzy/share/moveit_setup_srdf_plugins/cmake)
[4.930s] -- Found ament_lint_auto: 0.17.3 (/opt/ros/jazzy/share/ament_lint_auto/cmake)
[6.477s] -- Added test 'cppcheck' to perform static code analysis on C / C++ code
[6.477s] -- Configured cppcheck include dirs: 
[6.477s] -- Configured cppcheck exclude dirs and/or files: 
[6.480s] -- Added test 'flake8' to check Python code syntax and style conventions
[6.480s] -- Configured 'flake8' exclude dirs and/or files: 
[6.482s] -- Added test 'lint_cmake' to check CMake code style
[6.485s] -- Added test 'pep257' to check Python code against some of the docstring style conventions in PEP 257
[6.489s] -- Added test 'uncrustify' to check C / C++ code style
[6.489s] -- Configured uncrustify additional arguments: 
[6.491s] -- Added test 'xmllint' to check XML markup files
[6.496s] -- Configuring done (6.5s)
[6.563s] -- Generating done (0.1s)
[6.570s] -- Build files have been written to: /home/kaneki/warebot_ws/build/clearpath_generator_common
[6.586s] Invoked command in '/home/kaneki/warebot_ws/build/clearpath_generator_common' returned '0': AMENT_PREFIX_PATH=/home/kaneki/warebot_ws/install/clearpath_config:${AMENT_PREFIX_PATH} CMAKE_PREFIX_PATH=${CMAKE_PREFIX_PATH}:/home/kaneki/ros2_ws/install/rqt_joint_trajectory_controller:/home/kaneki/ros2_ws/install/rqt_controller_manager:/home/kaneki/ros2_ws/install/ros2controlcli:/home/kaneki/ros2_ws/install/ros2_controllers_test_nodes:/opt/ros/jazzy DEBUGINFOD_URLS=https://debuginfod.ubuntu.com PYTHONPATH=/home/kaneki/warebot_ws/install/clearpath_config/lib/python3.12/site-packages:${PYTHONPATH} /usr/bin/cmake /home/kaneki/warebot_ws/src/clearpath_common/clearpath_generator_common -DCMAKE_INSTALL_PREFIX=/home/kaneki/warebot_ws/install/clearpath_generator_common
[6.587s] Invoking command in '/home/kaneki/warebot_ws/build/clearpath_generator_common': AMENT_PREFIX_PATH=/home/kaneki/warebot_ws/install/clearpath_config:${AMENT_PREFIX_PATH} CMAKE_PREFIX_PATH=${CMAKE_PREFIX_PATH}:/home/kaneki/ros2_ws/install/rqt_joint_trajectory_controller:/home/kaneki/ros2_ws/install/rqt_controller_manager:/home/kaneki/ros2_ws/install/ros2controlcli:/home/kaneki/ros2_ws/install/ros2_controllers_test_nodes:/opt/ros/jazzy DEBUGINFOD_URLS=https://debuginfod.ubuntu.com PYTHONPATH=/home/kaneki/warebot_ws/install/clearpath_config/lib/python3.12/site-packages:${PYTHONPATH} /usr/bin/cmake --build /home/kaneki/warebot_ws/build/clearpath_generator_common -- -j16 -l16
[6.665s] [ 50%] Building CXX object CMakeFiles/moveit_collision_updater.dir/src/moveit_collision_updater.cpp.o
[6.679s] [ 50%] Built target ament_cmake_python_copy_clearpath_generator_common
[6.873s] running egg_info
[6.874s] creating clearpath_generator_common.egg-info
[6.889s] writing clearpath_generator_common.egg-info/PKG-INFO
[6.889s] writing dependency_links to clearpath_generator_common.egg-info/dependency_links.txt
[6.890s] writing top-level names to clearpath_generator_common.egg-info/top_level.txt
[6.890s] writing manifest file 'clearpath_generator_common.egg-info/SOURCES.txt'
[6.940s] reading manifest file 'clearpath_generator_common.egg-info/SOURCES.txt'
[6.940s] writing manifest file 'clearpath_generator_common.egg-info/SOURCES.txt'
[6.969s] [ 50%] Built target ament_cmake_python_build_clearpath_generator_common_egg
[18.880s] [100%] Linking CXX executable moveit_collision_updater
[19.949s] [100%] Built target moveit_collision_updater
[19.963s] Invoked command in '/home/kaneki/warebot_ws/build/clearpath_generator_common' returned '0': AMENT_PREFIX_PATH=/home/kaneki/warebot_ws/install/clearpath_config:${AMENT_PREFIX_PATH} CMAKE_PREFIX_PATH=${CMAKE_PREFIX_PATH}:/home/kaneki/ros2_ws/install/rqt_joint_trajectory_controller:/home/kaneki/ros2_ws/install/rqt_controller_manager:/home/kaneki/ros2_ws/install/ros2controlcli:/home/kaneki/ros2_ws/install/ros2_controllers_test_nodes:/opt/ros/jazzy DEBUGINFOD_URLS=https://debuginfod.ubuntu.com PYTHONPATH=/home/kaneki/warebot_ws/install/clearpath_config/lib/python3.12/site-packages:${PYTHONPATH} /usr/bin/cmake --build /home/kaneki/warebot_ws/build/clearpath_generator_common -- -j16 -l16
[19.978s] Invoking command in '/home/kaneki/warebot_ws/build/clearpath_generator_common': AMENT_PREFIX_PATH=/home/kaneki/warebot_ws/install/clearpath_config:${AMENT_PREFIX_PATH} CMAKE_PREFIX_PATH=${CMAKE_PREFIX_PATH}:/home/kaneki/ros2_ws/install/rqt_joint_trajectory_controller:/home/kaneki/ros2_ws/install/rqt_controller_manager:/home/kaneki/ros2_ws/install/ros2controlcli:/home/kaneki/ros2_ws/install/ros2_controllers_test_nodes:/opt/ros/jazzy DEBUGINFOD_URLS=https://debuginfod.ubuntu.com PYTHONPATH=/home/kaneki/warebot_ws/install/clearpath_config/lib/python3.12/site-packages:${PYTHONPATH} /usr/bin/cmake --install /home/kaneki/warebot_ws/build/clearpath_generator_common
[19.990s] -- Install configuration: ""
[19.990s] -- Installing: /home/kaneki/warebot_ws/install/clearpath_generator_common/lib/clearpath_generator_common/generate_description
[19.991s] -- Installing: /home/kaneki/warebot_ws/install/clearpath_generator_common/lib/clearpath_generator_common/generate_discovery_server
[19.991s] -- Installing: /home/kaneki/warebot_ws/install/clearpath_generator_common/lib/clearpath_generator_common/generate_bash
[19.991s] -- Installing: /home/kaneki/warebot_ws/install/clearpath_generator_common/lib/clearpath_generator_common/generate_semantic_description
[19.991s] -- Installing: /home/kaneki/warebot_ws/install/clearpath_generator_common/lib/clearpath_generator_common/generate_vcan
[19.991s] -- Installing: /home/kaneki/warebot_ws/install/clearpath_generator_common/lib/clearpath_generator_common/generate_zenoh_router
[19.991s] -- Installing: /home/kaneki/warebot_ws/install/clearpath_generator_common/lib/clearpath_generator_common/moveit_collision_updater
[19.992s] -- Set non-toolchain portion of runtime path of "/home/kaneki/warebot_ws/install/clearpath_generator_common/lib/clearpath_generator_common/moveit_collision_updater" to ""
[19.992s] -- Installing: /home/kaneki/warebot_ws/install/clearpath_generator_common/share/clearpath_generator_common/environment/pythonpath.sh
[19.992s] -- Installing: /home/kaneki/warebot_ws/install/clearpath_generator_common/share/clearpath_generator_common/environment/pythonpath.dsv
[19.992s] -- Installing: /home/kaneki/warebot_ws/install/clearpath_generator_common/lib/python3.12/site-packages/clearpath_generator_common-2.8.5-py3.12.egg-info
[19.993s] -- Installing: /home/kaneki/warebot_ws/install/clearpath_generator_common/lib/python3.12/site-packages/clearpath_generator_common-2.8.5-py3.12.egg-info/top_level.txt
[19.993s] -- Installing: /home/kaneki/warebot_ws/install/clearpath_generator_common/lib/python3.12/site-packages/clearpath_generator_common-2.8.5-py3.12.egg-info/SOURCES.txt
[19.993s] -- Installing: /home/kaneki/warebot_ws/install/clearpath_generator_common/lib/python3.12/site-packages/clearpath_generator_common-2.8.5-py3.12.egg-info/PKG-INFO
[19.993s] -- Installing: /home/kaneki/warebot_ws/install/clearpath_generator_common/lib/python3.12/site-packages/clearpath_generator_common-2.8.5-py3.12.egg-info/dependency_links.txt
[19.993s] -- Installing: /home/kaneki/warebot_ws/install/clearpath_generator_common/lib/python3.12/site-packages/clearpath_generator_common
[19.993s] -- Installing: /home/kaneki/warebot_ws/install/clearpath_generator_common/lib/python3.12/site-packages/clearpath_generator_common/__init__.py
[19.993s] -- Installing: /home/kaneki/warebot_ws/install/clearpath_generator_common/lib/python3.12/site-packages/clearpath_generator_common/common.py
[19.993s] -- Installing: /home/kaneki/warebot_ws/install/clearpath_generator_common/lib/python3.12/site-packages/clearpath_generator_common/description
[19.994s] -- Installing: /home/kaneki/warebot_ws/install/clearpath_generator_common/lib/python3.12/site-packages/clearpath_generator_common/description/generator.py
[19.994s] -- Installing: /home/kaneki/warebot_ws/install/clearpath_generator_common/lib/python3.12/site-packages/clearpath_generator_common/description/__init__.py
[19.994s] -- Installing: /home/kaneki/warebot_ws/install/clearpath_generator_common/lib/python3.12/site-packages/clearpath_generator_common/description/attachments.py
[19.994s] -- Installing: /home/kaneki/warebot_ws/install/clearpath_generator_common/lib/python3.12/site-packages/clearpath_generator_common/description/links.py
[19.994s] -- Installing: /home/kaneki/warebot_ws/install/clearpath_generator_common/lib/python3.12/site-packages/clearpath_generator_common/description/mounts.py
[19.994s] -- Installing: /home/kaneki/warebot_ws/install/clearpath_generator_common/lib/python3.12/site-packages/clearpath_generator_common/description/platform.py
[19.994s] -- Installing: /home/kaneki/warebot_ws/install/clearpath_generator_common/lib/python3.12/site-packages/clearpath_generator_common/description/manipulators.py
[19.994s] -- Installing: /home/kaneki/warebot_ws/install/clearpath_generator_common/lib/python3.12/site-packages/clearpath_generator_common/description/sensors.py
[19.994s] -- Installing: /home/kaneki/warebot_ws/install/clearpath_generator_common/lib/python3.12/site-packages/clearpath_generator_common/description/generate_description
[19.995s] -- Installing: /home/kaneki/warebot_ws/install/clearpath_generator_common/lib/python3.12/site-packages/clearpath_generator_common/description/writer.py
[19.995s] -- Installing: /home/kaneki/warebot_ws/install/clearpath_generator_common/lib/python3.12/site-packages/clearpath_generator_common/discovery_server
[19.995s] -- Installing: /home/kaneki/warebot_ws/install/clearpath_generator_common/lib/python3.12/site-packages/clearpath_generator_common/discovery_server/generator.py
[19.995s] -- Installing: /home/kaneki/warebot_ws/install/clearpath_generator_common/lib/python3.12/site-packages/clearpath_generator_common/discovery_server/generate_discovery_server
[19.995s] -- Installing: /home/kaneki/warebot_ws/install/clearpath_generator_common/lib/python3.12/site-packages/clearpath_generator_common/bash
[19.995s] -- Installing: /home/kaneki/warebot_ws/install/clearpath_generator_common/lib/python3.12/site-packages/clearpath_generator_common/bash/generator.py
[19.995s] -- Installing: /home/kaneki/warebot_ws/install/clearpath_generator_common/lib/python3.12/site-packages/clearpath_generator_common/bash/__init__.py
[19.995s] -- Installing: /home/kaneki/warebot_ws/install/clearpath_generator_common/lib/python3.12/site-packages/clearpath_generator_common/bash/generate_bash
[19.996s] -- Installing: /home/kaneki/warebot_ws/install/clearpath_generator_common/lib/python3.12/site-packages/clearpath_generator_common/bash/writer.py
[19.996s] -- Installing: /home/kaneki/warebot_ws/install/clearpath_generator_common/lib/python3.12/site-packages/clearpath_generator_common/package
[19.996s] -- Installing: /home/kaneki/warebot_ws/install/clearpath_generator_common/lib/python3.12/site-packages/clearpath_generator_common/package/__init__.py
[19.996s] -- Installing: /home/kaneki/warebot_ws/install/clearpath_generator_common/lib/python3.12/site-packages/clearpath_generator_common/package/writer.py
[19.996s] -- Installing: /home/kaneki/warebot_ws/install/clearpath_generator_common/lib/python3.12/site-packages/clearpath_generator_common/zenoh_router
[19.996s] -- Installing: /home/kaneki/warebot_ws/install/clearpath_generator_common/lib/python3.12/site-packages/clearpath_generator_common/zenoh_router/generator.py
[19.996s] -- Installing: /home/kaneki/warebot_ws/install/clearpath_generator_common/lib/python3.12/site-packages/clearpath_generator_common/zenoh_router/generate_zenoh_router
[19.996s] -- Installing: /home/kaneki/warebot_ws/install/clearpath_generator_common/lib/python3.12/site-packages/clearpath_generator_common/launch
[19.996s] -- Installing: /home/kaneki/warebot_ws/install/clearpath_generator_common/lib/python3.12/site-packages/clearpath_generator_common/launch/generator.py
[19.996s] -- Installing: /home/kaneki/warebot_ws/install/clearpath_generator_common/lib/python3.12/site-packages/clearpath_generator_common/launch/__init__.py
[19.996s] -- Installing: /home/kaneki/warebot_ws/install/clearpath_generator_common/lib/python3.12/site-packages/clearpath_generator_common/launch/writer.py
[19.996s] -- Installing: /home/kaneki/warebot_ws/install/clearpath_generator_common/lib/python3.12/site-packages/clearpath_generator_common/vcan
[19.996s] -- Installing: /home/kaneki/warebot_ws/install/clearpath_generator_common/lib/python3.12/site-packages/clearpath_generator_common/vcan/generator.py
[19.996s] -- Installing: /home/kaneki/warebot_ws/install/clearpath_generator_common/lib/python3.12/site-packages/clearpath_generator_common/vcan/generate_vcan
[19.996s] -- Installing: /home/kaneki/warebot_ws/install/clearpath_generator_common/lib/python3.12/site-packages/clearpath_generator_common/ros.py
[19.996s] -- Installing: /home/kaneki/warebot_ws/install/clearpath_generator_common/lib/python3.12/site-packages/clearpath_generator_common/semantic_description
[19.996s] -- Installing: /home/kaneki/warebot_ws/install/clearpath_generator_common/lib/python3.12/site-packages/clearpath_generator_common/semantic_description/generator.py
[19.996s] -- Installing: /home/kaneki/warebot_ws/install/clearpath_generator_common/lib/python3.12/site-packages/clearpath_generator_common/semantic_description/__init__.py
[19.996s] -- Installing: /home/kaneki/warebot_ws/install/clearpath_generator_common/lib/python3.12/site-packages/clearpath_generator_common/semantic_description/generate_semantic_description
[19.996s] -- Installing: /home/kaneki/warebot_ws/install/clearpath_generator_common/lib/python3.12/site-packages/clearpath_generator_common/semantic_description/manipulators.py
[19.996s] -- Installing: /home/kaneki/warebot_ws/install/clearpath_generator_common/lib/python3.12/site-packages/clearpath_generator_common/param
[19.996s] -- Installing: /home/kaneki/warebot_ws/install/clearpath_generator_common/lib/python3.12/site-packages/clearpath_generator_common/param/generator.py
[19.996s] -- Installing: /home/kaneki/warebot_ws/install/clearpath_generator_common/lib/python3.12/site-packages/clearpath_generator_common/param/__init__.py
[19.996s] -- Installing: /home/kaneki/warebot_ws/install/clearpath_generator_common/lib/python3.12/site-packages/clearpath_generator_common/param/platform.py
[19.996s] -- Installing: /home/kaneki/warebot_ws/install/clearpath_generator_common/lib/python3.12/site-packages/clearpath_generator_common/param/manipulators.py
[19.997s] -- Installing: /home/kaneki/warebot_ws/install/clearpath_generator_common/lib/python3.12/site-packages/clearpath_generator_common/param/writer.py
[20.053s] Listing '/home/kaneki/warebot_ws/install/clearpath_generator_common/lib/python3.12/site-packages/clearpath_generator_common'...
[20.053s] Compiling '/home/kaneki/warebot_ws/install/clearpath_generator_common/lib/python3.12/site-packages/clearpath_generator_common/__init__.py'...
[20.053s] Listing '/home/kaneki/warebot_ws/install/clearpath_generator_common/lib/python3.12/site-packages/clearpath_generator_common/bash'...
[20.053s] Compiling '/home/kaneki/warebot_ws/install/clearpath_generator_common/lib/python3.12/site-packages/clearpath_generator_common/bash/__init__.py'...
[20.054s] Compiling '/home/kaneki/warebot_ws/install/clearpath_generator_common/lib/python3.12/site-packages/clearpath_generator_common/bash/generator.py'...
[20.054s] Compiling '/home/kaneki/warebot_ws/install/clearpath_generator_common/lib/python3.12/site-packages/clearpath_generator_common/bash/writer.py'...
[20.054s] Compiling '/home/kaneki/warebot_ws/install/clearpath_generator_common/lib/python3.12/site-packages/clearpath_generator_common/common.py'...
[20.054s] Listing '/home/kaneki/warebot_ws/install/clearpath_generator_common/lib/python3.12/site-packages/clearpath_generator_common/description'...
[20.054s] Compiling '/home/kaneki/warebot_ws/install/clearpath_generator_common/lib/python3.12/site-packages/clearpath_generator_common/description/__init__.py'...
[20.054s] Compiling '/home/kaneki/warebot_ws/install/clearpath_generator_common/lib/python3.12/site-packages/clearpath_generator_common/description/attachments.py'...
[20.054s] Compiling '/home/kaneki/warebot_ws/install/clearpath_generator_common/lib/python3.12/site-packages/clearpath_generator_common/description/generator.py'...
[20.054s] Compiling '/home/kaneki/warebot_ws/install/clearpath_generator_common/lib/python3.12/site-packages/clearpath_generator_common/description/links.py'...
[20.054s] Compiling '/home/kaneki/warebot_ws/install/clearpath_generator_common/lib/python3.12/site-packages/clearpath_generator_common/description/manipulators.py'...
[20.054s] Compiling '/home/kaneki/warebot_ws/install/clearpath_generator_common/lib/python3.12/site-packages/clearpath_generator_common/description/mounts.py'...
[20.054s] Compiling '/home/kaneki/warebot_ws/install/clearpath_generator_common/lib/python3.12/site-packages/clearpath_generator_common/description/platform.py'...
[20.054s] Compiling '/home/kaneki/warebot_ws/install/clearpath_generator_common/lib/python3.12/site-packages/clearpath_generator_common/description/sensors.py'...
[20.054s] Compiling '/home/kaneki/warebot_ws/install/clearpath_generator_common/lib/python3.12/site-packages/clearpath_generator_common/description/writer.py'...
[20.054s] Listing '/home/kaneki/warebot_ws/install/clearpath_generator_common/lib/python3.12/site-packages/clearpath_generator_common/discovery_server'...
[20.054s] Compiling '/home/kaneki/warebot_ws/install/clearpath_generator_common/lib/python3.12/site-packages/clearpath_generator_common/discovery_server/generator.py'...
[20.054s] Listing '/home/kaneki/warebot_ws/install/clearpath_generator_common/lib/python3.12/site-packages/clearpath_generator_common/launch'...
[20.054s] Compiling '/home/kaneki/warebot_ws/install/clearpath_generator_common/lib/python3.12/site-packages/clearpath_generator_common/launch/__init__.py'...
[20.054s] Compiling '/home/kaneki/warebot_ws/install/clearpath_generator_common/lib/python3.12/site-packages/clearpath_generator_common/launch/generator.py'...
[20.054s] Compiling '/home/kaneki/warebot_ws/install/clearpath_generator_common/lib/python3.12/site-packages/clearpath_generator_common/launch/writer.py'...
[20.054s] Listing '/home/kaneki/warebot_ws/install/clearpath_generator_common/lib/python3.12/site-packages/clearpath_generator_common/package'...
[20.054s] Compiling '/home/kaneki/warebot_ws/install/clearpath_generator_common/lib/python3.12/site-packages/clearpath_generator_common/package/__init__.py'...
[20.054s] Compiling '/home/kaneki/warebot_ws/install/clearpath_generator_common/lib/python3.12/site-packages/clearpath_generator_common/package/writer.py'...
[20.054s] Listing '/home/kaneki/warebot_ws/install/clearpath_generator_common/lib/python3.12/site-packages/clearpath_generator_common/param'...
[20.054s] Compiling '/home/kaneki/warebot_ws/install/clearpath_generator_common/lib/python3.12/site-packages/clearpath_generator_common/param/__init__.py'...
[20.054s] Compiling '/home/kaneki/warebot_ws/install/clearpath_generator_common/lib/python3.12/site-packages/clearpath_generator_common/param/generator.py'...
[20.055s] Compiling '/home/kaneki/warebot_ws/install/clearpath_generator_common/lib/python3.12/site-packages/clearpath_generator_common/param/manipulators.py'...
[20.055s] Compiling '/home/kaneki/warebot_ws/install/clearpath_generator_common/lib/python3.12/site-packages/clearpath_generator_common/param/platform.py'...
[20.055s] Compiling '/home/kaneki/warebot_ws/install/clearpath_generator_common/lib/python3.12/site-packages/clearpath_generator_common/param/writer.py'...
[20.055s] Compiling '/home/kaneki/warebot_ws/install/clearpath_generator_common/lib/python3.12/site-packages/clearpath_generator_common/ros.py'...
[20.055s] Listing '/home/kaneki/warebot_ws/install/clearpath_generator_common/lib/python3.12/site-packages/clearpath_generator_common/semantic_description'...
[20.055s] Compiling '/home/kaneki/warebot_ws/install/clearpath_generator_common/lib/python3.12/site-packages/clearpath_generator_common/semantic_description/__init__.py'...
[20.055s] Compiling '/home/kaneki/warebot_ws/install/clearpath_generator_common/lib/python3.12/site-packages/clearpath_generator_common/semantic_description/generator.py'...
[20.055s] Compiling '/home/kaneki/warebot_ws/install/clearpath_generator_common/lib/python3.12/site-packages/clearpath_generator_common/semantic_description/manipulators.py'...
[20.055s] Listing '/home/kaneki/warebot_ws/install/clearpath_generator_common/lib/python3.12/site-packages/clearpath_generator_common/vcan'...
[20.055s] Compiling '/home/kaneki/warebot_ws/install/clearpath_generator_common/lib/python3.12/site-packages/clearpath_generator_common/vcan/generator.py'...
[20.055s] Listing '/home/kaneki/warebot_ws/install/clearpath_generator_common/lib/python3.12/site-packages/clearpath_generator_common/zenoh_router'...
[20.055s] Compiling '/home/kaneki/warebot_ws/install/clearpath_generator_common/lib/python3.12/site-packages/clearpath_generator_common/zenoh_router/generator.py'...
[20.058s] -- Installing: /home/kaneki/warebot_ws/install/clearpath_generator_common/share/ament_index/resource_index/package_run_dependencies/clearpath_generator_common
[20.058s] -- Installing: /home/kaneki/warebot_ws/install/clearpath_generator_common/share/ament_index/resource_index/parent_prefix_path/clearpath_generator_common
[20.058s] -- Installing: /home/kaneki/warebot_ws/install/clearpath_generator_common/share/clearpath_generator_common/environment/ament_prefix_path.sh
[20.058s] -- Installing: /home/kaneki/warebot_ws/install/clearpath_generator_common/share/clearpath_generator_common/environment/ament_prefix_path.dsv
[20.058s] -- Installing: /home/kaneki/warebot_ws/install/clearpath_generator_common/share/clearpath_generator_common/environment/path.sh
[20.059s] -- Installing: /home/kaneki/warebot_ws/install/clearpath_generator_common/share/clearpath_generator_common/environment/path.dsv
[20.059s] -- Installing: /home/kaneki/warebot_ws/install/clearpath_generator_common/share/clearpath_generator_common/local_setup.bash
[20.059s] -- Installing: /home/kaneki/warebot_ws/install/clearpath_generator_common/share/clearpath_generator_common/local_setup.sh
[20.059s] -- Installing: /home/kaneki/warebot_ws/install/clearpath_generator_common/share/clearpath_generator_common/local_setup.zsh
[20.059s] -- Installing: /home/kaneki/warebot_ws/install/clearpath_generator_common/share/clearpath_generator_common/local_setup.dsv
[20.059s] -- Installing: /home/kaneki/warebot_ws/install/clearpath_generator_common/share/clearpath_generator_common/package.dsv
[20.059s] -- Installing: /home/kaneki/warebot_ws/install/clearpath_generator_common/share/ament_index/resource_index/packages/clearpath_generator_common
[20.059s] -- Installing: /home/kaneki/warebot_ws/install/clearpath_generator_common/share/clearpath_generator_common/cmake/clearpath_generator_commonConfig.cmake
[20.059s] -- Installing: /home/kaneki/warebot_ws/install/clearpath_generator_common/share/clearpath_generator_common/cmake/clearpath_generator_commonConfig-version.cmake
[20.059s] -- Installing: /home/kaneki/warebot_ws/install/clearpath_generator_common/share/clearpath_generator_common/package.xml
[20.061s] Invoked command in '/home/kaneki/warebot_ws/build/clearpath_generator_common' returned '0': AMENT_PREFIX_PATH=/home/kaneki/warebot_ws/install/clearpath_config:${AMENT_PREFIX_PATH} CMAKE_PREFIX_PATH=${CMAKE_PREFIX_PATH}:/home/kaneki/ros2_ws/install/rqt_joint_trajectory_controller:/home/kaneki/ros2_ws/install/rqt_controller_manager:/home/kaneki/ros2_ws/install/ros2controlcli:/home/kaneki/ros2_ws/install/ros2_controllers_test_nodes:/opt/ros/jazzy DEBUGINFOD_URLS=https://debuginfod.ubuntu.com PYTHONPATH=/home/kaneki/warebot_ws/install/clearpath_config/lib/python3.12/site-packages:${PYTHONPATH} /usr/bin/cmake --install /home/kaneki/warebot_ws/build/clearpath_generator_common
