-- The C compiler identification is GNU 13.3.0
-- The CXX compiler identification is GNU 13.3.0
-- Detecting C compiler ABI info
-- Detecting C compiler ABI info - done
-- Check for working C compiler: /usr/bin/cc - skipped
-- Detecting C compile features
-- Detecting C compile features - done
-- Detecting CXX compiler ABI info
-- Detecting CXX compiler ABI info - done
-- Check for working CXX compiler: /usr/bin/c++ - skipped
-- Detecting CXX compile features
-- Detecting CXX compile features - done
-- Found ament_cmake: 2.5.4 (/opt/ros/jazzy/share/ament_cmake/cmake)
-- Found Python3: /usr/bin/python3 (found version "3.12.3") found components: Interpreter 
-- Found clearpath_platform_msgs: 2.7.0 (/opt/ros/jazzy/share/clearpath_platform_msgs/cmake)
-- Found rosidl_generator_c: 4.6.6 (/opt/ros/jazzy/share/rosidl_generator_c/cmake)
-- Found rosidl_generator_cpp: 4.6.6 (/opt/ros/jazzy/share/rosidl_generator_cpp/cmake)
-- Using all available rosidl_typesupport_c: rosidl_typesupport_fastrtps_c;rosidl_typesupport_introspection_c
-- Using all available rosidl_typesupport_cpp: rosidl_typesupport_fastrtps_cpp;rosidl_typesupport_introspection_cpp
-- Found diagnostic_updater: 4.2.6 (/opt/ros/jazzy/share/diagnostic_updater/cmake)
-- Found rmw_implementation_cmake: 7.3.2 (/opt/ros/jazzy/share/rmw_implementation_cmake/cmake)
-- Found rmw_fastrtps_cpp: 8.4.3 (/opt/ros/jazzy/share/rmw_fastrtps_cpp/cmake)
-- Found OpenSSL: /usr/lib/x86_64-linux-gnu/libcrypto.so (found version "3.0.13")  
-- Found FastRTPS: /opt/ros/jazzy/include (Required is at least version "2.13") 
-- Using RMW implementation 'rmw_fastrtps_cpp' as default
-- Found sensor_msgs: 5.3.6 (/opt/ros/jazzy/share/sensor_msgs/cmake)
-- Found ament_lint_auto: 0.17.3 (/opt/ros/jazzy/share/ament_lint_auto/cmake)
-- Added test 'cppcheck' to perform static code analysis on C / C++ code
-- Configured cppcheck include dirs: $<BUILD_INTERFACE:/home/kaneki/cobot_ws/src/clearpath_common/clearpath_diagnostics/include>
-- Configured cppcheck exclude dirs and/or files: 
-- Added test 'flake8' to check Python code syntax and style conventions
-- Configured 'flake8' exclude dirs and/or files: 
-- Added test 'lint_cmake' to check CMake code style
-- Added test 'pep257' to check Python code against some of the docstring style conventions in PEP 257
-- Added test 'uncrustify' to check C / C++ code style
-- Configured uncrustify additional arguments: 
-- Added test 'xmllint' to check XML markup files
-- Configuring done (2.1s)
-- Generating done (0.0s)
-- Build files have been written to: /home/kaneki/cobot_ws/build/clearpath_diagnostics
[ 50%] [32mBuilding CXX object CMakeFiles/clearpath_diagnostic_updater.dir/src/clearpath_diagnostic_updater.cpp.o[0m
[100%] [32m[1mLinking CXX executable clearpath_diagnostic_updater[0m
[100%] Built target clearpath_diagnostic_updater
-- Install configuration: ""
-- Installing: /home/kaneki/cobot_ws/install/clearpath_diagnostics/lib/clearpath_diagnostics/clearpath_diagnostic_updater
-- Set non-toolchain portion of runtime path of "/home/kaneki/cobot_ws/install/clearpath_diagnostics/lib/clearpath_diagnostics/clearpath_diagnostic_updater" to ""
-- Installing: /home/kaneki/cobot_ws/install/clearpath_diagnostics/share/clearpath_diagnostics/config
-- Installing: /home/kaneki/cobot_ws/install/clearpath_diagnostics/share/clearpath_diagnostics/config/diagnostic_aggregator.yaml
-- Installing: /home/kaneki/cobot_ws/install/clearpath_diagnostics/share/clearpath_diagnostics/config/diagnostic_updater.yaml
-- Installing: /home/kaneki/cobot_ws/install/clearpath_diagnostics/share/clearpath_diagnostics/config/foxglove_bridge.yaml
-- Installing: /home/kaneki/cobot_ws/install/clearpath_diagnostics/share/clearpath_diagnostics/launch
-- Installing: /home/kaneki/cobot_ws/install/clearpath_diagnostics/share/clearpath_diagnostics/launch/foxglove_bridge.launch.py
-- Installing: /home/kaneki/cobot_ws/install/clearpath_diagnostics/share/clearpath_diagnostics/launch/diagnostics.launch.py
-- Installing: /home/kaneki/cobot_ws/install/clearpath_diagnostics/share/ament_index/resource_index/package_run_dependencies/clearpath_diagnostics
-- Installing: /home/kaneki/cobot_ws/install/clearpath_diagnostics/share/ament_index/resource_index/parent_prefix_path/clearpath_diagnostics
-- Installing: /home/kaneki/cobot_ws/install/clearpath_diagnostics/share/clearpath_diagnostics/environment/ament_prefix_path.sh
-- Installing: /home/kaneki/cobot_ws/install/clearpath_diagnostics/share/clearpath_diagnostics/environment/ament_prefix_path.dsv
-- Installing: /home/kaneki/cobot_ws/install/clearpath_diagnostics/share/clearpath_diagnostics/environment/path.sh
-- Installing: /home/kaneki/cobot_ws/install/clearpath_diagnostics/share/clearpath_diagnostics/environment/path.dsv
-- Installing: /home/kaneki/cobot_ws/install/clearpath_diagnostics/share/clearpath_diagnostics/local_setup.bash
-- Installing: /home/kaneki/cobot_ws/install/clearpath_diagnostics/share/clearpath_diagnostics/local_setup.sh
-- Installing: /home/kaneki/cobot_ws/install/clearpath_diagnostics/share/clearpath_diagnostics/local_setup.zsh
-- Installing: /home/kaneki/cobot_ws/install/clearpath_diagnostics/share/clearpath_diagnostics/local_setup.dsv
-- Installing: /home/kaneki/cobot_ws/install/clearpath_diagnostics/share/clearpath_diagnostics/package.dsv
-- Installing: /home/kaneki/cobot_ws/install/clearpath_diagnostics/share/ament_index/resource_index/packages/clearpath_diagnostics
-- Installing: /home/kaneki/cobot_ws/install/clearpath_diagnostics/share/clearpath_diagnostics/cmake/clearpath_diagnosticsConfig.cmake
-- Installing: /home/kaneki/cobot_ws/install/clearpath_diagnostics/share/clearpath_diagnostics/cmake/clearpath_diagnosticsConfig-version.cmake
-- Installing: /home/kaneki/cobot_ws/install/clearpath_diagnostics/share/clearpath_diagnostics/package.xml
