[0.570s] Invoking command in '/home/kaneki/cobot_ws/build/clearpath_diagnostics': CMAKE_PREFIX_PATH=${CMAKE_PREFIX_PATH}:/home/kaneki/warebot_ws/install/warebot:/home/kaneki/warebot_ws/install/clearpath_config:/home/kaneki/ros2_ws/install/rqt_joint_trajectory_controller:/home/kaneki/ros2_ws/install/rqt_controller_manager:/home/kaneki/ros2_ws/install/ros2controlcli:/home/kaneki/ros2_ws/install/ros2_controllers_test_nodes:/opt/ros/jazzy DEBUGINFOD_URLS=https://debuginfod.ubuntu.com /usr/bin/cmake /home/kaneki/cobot_ws/src/clearpath_common/clearpath_diagnostics -DCMAKE_INSTALL_PREFIX=/home/kaneki/cobot_ws/install/clearpath_diagnostics
[0.649s] -- The C compiler identification is GNU 13.3.0
[0.712s] -- The CXX compiler identification is GNU 13.3.0
[0.739s] -- Detecting C compiler ABI info
[0.902s] -- Detecting C compiler ABI info - done
[0.911s] -- Check for working C compiler: /usr/bin/cc - skipped
[0.911s] -- Detecting C compile features
[0.911s] -- Detecting C compile features - done
[0.930s] -- Detecting CXX compiler ABI info
[1.116s] -- Detecting CXX compiler ABI info - done
[1.131s] -- Check for working CXX compiler: /usr/bin/c++ - skipped
[1.131s] -- Detecting CXX compile features
[1.132s] -- Detecting CXX compile features - done
[1.142s] -- Found ament_cmake: 2.5.4 (/opt/ros/jazzy/share/ament_cmake/cmake)
[1.412s] -- Found Python3: /usr/bin/python3 (found version "3.12.3") found components: Interpreter 
[1.657s] -- Found clearpath_platform_msgs: 2.7.0 (/opt/ros/jazzy/share/clearpath_platform_msgs/cmake)
[1.778s] -- Found rosidl_generator_c: 4.6.6 (/opt/ros/jazzy/share/rosidl_generator_c/cmake)
[1.818s] -- Found rosidl_generator_cpp: 4.6.6 (/opt/ros/jazzy/share/rosidl_generator_cpp/cmake)
[1.857s] -- Using all available rosidl_typesupport_c: rosidl_typesupport_fastrtps_c;rosidl_typesupport_introspection_c
[1.896s] -- Using all available rosidl_typesupport_cpp: rosidl_typesupport_fastrtps_cpp;rosidl_typesupport_introspection_cpp
[2.002s] -- Found diagnostic_updater: 4.2.6 (/opt/ros/jazzy/share/diagnostic_updater/cmake)
[2.136s] -- Found rmw_implementation_cmake: 7.3.2 (/opt/ros/jazzy/share/rmw_implementation_cmake/cmake)
[2.148s] -- Found rmw_fastrtps_cpp: 8.4.3 (/opt/ros/jazzy/share/rmw_fastrtps_cpp/cmake)
[2.292s] -- Found OpenSSL: /usr/lib/x86_64-linux-gnu/libcrypto.so (found version "3.0.13")  
[2.315s] -- Found FastRTPS: /opt/ros/jazzy/include (Required is at least version "2.13") 
[2.342s] -- Using RMW implementation 'rmw_fastrtps_cpp' as default
[2.461s] -- Found sensor_msgs: 5.3.6 (/opt/ros/jazzy/share/sensor_msgs/cmake)
[2.517s] -- Found ament_lint_auto: 0.17.3 (/opt/ros/jazzy/share/ament_lint_auto/cmake)
[2.662s] -- Added test 'cppcheck' to perform static code analysis on C / C++ code
[2.662s] -- Configured cppcheck include dirs: $<BUILD_INTERFACE:/home/kaneki/cobot_ws/src/clearpath_common/clearpath_diagnostics/include>
[2.662s] -- Configured cppcheck exclude dirs and/or files: 
[2.664s] -- Added test 'flake8' to check Python code syntax and style conventions
[2.664s] -- Configured 'flake8' exclude dirs and/or files: 
[2.666s] -- Added test 'lint_cmake' to check CMake code style
[2.667s] -- Added test 'pep257' to check Python code against some of the docstring style conventions in PEP 257
[2.670s] -- Added test 'uncrustify' to check C / C++ code style
[2.670s] -- Configured uncrustify additional arguments: 
[2.671s] -- Added test 'xmllint' to check XML markup files
[2.675s] -- Configuring done (2.1s)
[2.684s] -- Generating done (0.0s)
[2.688s] -- Build files have been written to: /home/kaneki/cobot_ws/build/clearpath_diagnostics
[2.697s] Invoked command in '/home/kaneki/cobot_ws/build/clearpath_diagnostics' returned '0': CMAKE_PREFIX_PATH=${CMAKE_PREFIX_PATH}:/home/kaneki/warebot_ws/install/warebot:/home/kaneki/warebot_ws/install/clearpath_config:/home/kaneki/ros2_ws/install/rqt_joint_trajectory_controller:/home/kaneki/ros2_ws/install/rqt_controller_manager:/home/kaneki/ros2_ws/install/ros2controlcli:/home/kaneki/ros2_ws/install/ros2_controllers_test_nodes:/opt/ros/jazzy DEBUGINFOD_URLS=https://debuginfod.ubuntu.com /usr/bin/cmake /home/kaneki/cobot_ws/src/clearpath_common/clearpath_diagnostics -DCMAKE_INSTALL_PREFIX=/home/kaneki/cobot_ws/install/clearpath_diagnostics
[2.698s] Invoking command in '/home/kaneki/cobot_ws/build/clearpath_diagnostics': CMAKE_PREFIX_PATH=${CMAKE_PREFIX_PATH}:/home/kaneki/warebot_ws/install/warebot:/home/kaneki/warebot_ws/install/clearpath_config:/home/kaneki/ros2_ws/install/rqt_joint_trajectory_controller:/home/kaneki/ros2_ws/install/rqt_controller_manager:/home/kaneki/ros2_ws/install/ros2controlcli:/home/kaneki/ros2_ws/install/ros2_controllers_test_nodes:/opt/ros/jazzy DEBUGINFOD_URLS=https://debuginfod.ubuntu.com /usr/bin/cmake --build /home/kaneki/cobot_ws/build/clearpath_diagnostics -- -j16 -l16
[2.774s] [ 50%] [32mBuilding CXX object CMakeFiles/clearpath_diagnostic_updater.dir/src/clearpath_diagnostic_updater.cpp.o[0m
[33.342s] [100%] [32m[1mLinking CXX executable clearpath_diagnostic_updater[0m
[34.923s] [100%] Built target clearpath_diagnostic_updater
[34.939s] Invoked command in '/home/kaneki/cobot_ws/build/clearpath_diagnostics' returned '0': CMAKE_PREFIX_PATH=${CMAKE_PREFIX_PATH}:/home/kaneki/warebot_ws/install/warebot:/home/kaneki/warebot_ws/install/clearpath_config:/home/kaneki/ros2_ws/install/rqt_joint_trajectory_controller:/home/kaneki/ros2_ws/install/rqt_controller_manager:/home/kaneki/ros2_ws/install/ros2controlcli:/home/kaneki/ros2_ws/install/ros2_controllers_test_nodes:/opt/ros/jazzy DEBUGINFOD_URLS=https://debuginfod.ubuntu.com /usr/bin/cmake --build /home/kaneki/cobot_ws/build/clearpath_diagnostics -- -j16 -l16
[34.940s] Invoking command in '/home/kaneki/cobot_ws/build/clearpath_diagnostics': CMAKE_PREFIX_PATH=${CMAKE_PREFIX_PATH}:/home/kaneki/warebot_ws/install/warebot:/home/kaneki/warebot_ws/install/clearpath_config:/home/kaneki/ros2_ws/install/rqt_joint_trajectory_controller:/home/kaneki/ros2_ws/install/rqt_controller_manager:/home/kaneki/ros2_ws/install/ros2controlcli:/home/kaneki/ros2_ws/install/ros2_controllers_test_nodes:/opt/ros/jazzy DEBUGINFOD_URLS=https://debuginfod.ubuntu.com /usr/bin/cmake --install /home/kaneki/cobot_ws/build/clearpath_diagnostics
[34.954s] -- Install configuration: ""
[34.954s] -- Installing: /home/kaneki/cobot_ws/install/clearpath_diagnostics/lib/clearpath_diagnostics/clearpath_diagnostic_updater
[34.982s] -- Set non-toolchain portion of runtime path of "/home/kaneki/cobot_ws/install/clearpath_diagnostics/lib/clearpath_diagnostics/clearpath_diagnostic_updater" to ""
[34.982s] -- Installing: /home/kaneki/cobot_ws/install/clearpath_diagnostics/share/clearpath_diagnostics/config
[34.982s] -- Installing: /home/kaneki/cobot_ws/install/clearpath_diagnostics/share/clearpath_diagnostics/config/diagnostic_aggregator.yaml
[34.982s] -- Installing: /home/kaneki/cobot_ws/install/clearpath_diagnostics/share/clearpath_diagnostics/config/diagnostic_updater.yaml
[34.982s] -- Installing: /home/kaneki/cobot_ws/install/clearpath_diagnostics/share/clearpath_diagnostics/config/foxglove_bridge.yaml
[34.982s] -- Installing: /home/kaneki/cobot_ws/install/clearpath_diagnostics/share/clearpath_diagnostics/launch
[34.982s] -- Installing: /home/kaneki/cobot_ws/install/clearpath_diagnostics/share/clearpath_diagnostics/launch/foxglove_bridge.launch.py
[34.982s] -- Installing: /home/kaneki/cobot_ws/install/clearpath_diagnostics/share/clearpath_diagnostics/launch/diagnostics.launch.py
[34.983s] -- Installing: /home/kaneki/cobot_ws/install/clearpath_diagnostics/share/ament_index/resource_index/package_run_dependencies/clearpath_diagnostics
[34.983s] -- Installing: /home/kaneki/cobot_ws/install/clearpath_diagnostics/share/ament_index/resource_index/parent_prefix_path/clearpath_diagnostics
[34.983s] -- Installing: /home/kaneki/cobot_ws/install/clearpath_diagnostics/share/clearpath_diagnostics/environment/ament_prefix_path.sh
[34.983s] -- Installing: /home/kaneki/cobot_ws/install/clearpath_diagnostics/share/clearpath_diagnostics/environment/ament_prefix_path.dsv
[34.983s] -- Installing: /home/kaneki/cobot_ws/install/clearpath_diagnostics/share/clearpath_diagnostics/environment/path.sh
[34.983s] -- Installing: /home/kaneki/cobot_ws/install/clearpath_diagnostics/share/clearpath_diagnostics/environment/path.dsv
[34.983s] -- Installing: /home/kaneki/cobot_ws/install/clearpath_diagnostics/share/clearpath_diagnostics/local_setup.bash
[34.983s] -- Installing: /home/kaneki/cobot_ws/install/clearpath_diagnostics/share/clearpath_diagnostics/local_setup.sh
[34.984s] -- Installing: /home/kaneki/cobot_ws/install/clearpath_diagnostics/share/clearpath_diagnostics/local_setup.zsh
[34.984s] -- Installing: /home/kaneki/cobot_ws/install/clearpath_diagnostics/share/clearpath_diagnostics/local_setup.dsv
[34.984s] -- Installing: /home/kaneki/cobot_ws/install/clearpath_diagnostics/share/clearpath_diagnostics/package.dsv
[34.984s] -- Installing: /home/kaneki/cobot_ws/install/clearpath_diagnostics/share/ament_index/resource_index/packages/clearpath_diagnostics
[34.984s] -- Installing: /home/kaneki/cobot_ws/install/clearpath_diagnostics/share/clearpath_diagnostics/cmake/clearpath_diagnosticsConfig.cmake
[34.984s] -- Installing: /home/kaneki/cobot_ws/install/clearpath_diagnostics/share/clearpath_diagnostics/cmake/clearpath_diagnosticsConfig-version.cmake
[34.985s] -- Installing: /home/kaneki/cobot_ws/install/clearpath_diagnostics/share/clearpath_diagnostics/package.xml
[34.986s] Invoked command in '/home/kaneki/cobot_ws/build/clearpath_diagnostics' returned '0': CMAKE_PREFIX_PATH=${CMAKE_PREFIX_PATH}:/home/kaneki/warebot_ws/install/warebot:/home/kaneki/warebot_ws/install/clearpath_config:/home/kaneki/ros2_ws/install/rqt_joint_trajectory_controller:/home/kaneki/ros2_ws/install/rqt_controller_manager:/home/kaneki/ros2_ws/install/ros2controlcli:/home/kaneki/ros2_ws/install/ros2_controllers_test_nodes:/opt/ros/jazzy DEBUGINFOD_URLS=https://debuginfod.ubuntu.com /usr/bin/cmake --install /home/kaneki/cobot_ws/build/clearpath_diagnostics
