[0.795s] Invoking command in '/home/kaneki/warebot_ws/src/warebot': DEBUGINFOD_URLS=https://debuginfod.ubuntu.com PYTHONPATH=/home/kaneki/warebot_ws/build/warebot/prefix_override:/usr/lib/python3/dist-packages/colcon_core/task/python/colcon_distutils_commands:/home/kaneki/warebot_ws/install/warebot/lib/python3.12/site-packages:${PYTHONPATH} /usr/bin/python3 -W ignore:setup.py install is deprecated -W ignore:easy_install command is deprecated setup.py egg_info --egg-base ../../build/warebot build --build-base /home/kaneki/warebot_ws/build/warebot/build install --record /home/kaneki/warebot_ws/build/warebot/install.log --single-version-externally-managed install_data
[1.030s] running egg_info
[1.046s] writing ../../build/warebot/warebot.egg-info/PKG-INFO
[1.047s] writing dependency_links to ../../build/warebot/warebot.egg-info/dependency_links.txt
[1.047s] writing requirements to ../../build/warebot/warebot.egg-info/requires.txt
[1.047s] writing top-level names to ../../build/warebot/warebot.egg-info/top_level.txt
[1.080s] reading manifest file '../../build/warebot/warebot.egg-info/SOURCES.txt'
[1.082s] writing manifest file '../../build/warebot/warebot.egg-info/SOURCES.txt'
[1.082s] running build
[1.082s] running build_py
[1.082s] running install
[1.087s] running install_lib
[1.106s] running install_data
[1.106s] copying launch/display.launch.py -> /home/kaneki/warebot_ws/install/warebot/share/warebot/launch
[1.107s] running install_egg_info
[1.125s] removing '/home/kaneki/warebot_ws/install/warebot/lib/python3.12/site-packages/warebot-0.0.0-py3.12.egg-info' (and everything under it)
[1.126s] Copying ../../build/warebot/warebot.egg-info to /home/kaneki/warebot_ws/install/warebot/lib/python3.12/site-packages/warebot-0.0.0-py3.12.egg-info
[1.126s] running install_scripts
[1.248s] writing list of installed files to '/home/kaneki/warebot_ws/build/warebot/install.log'
[1.274s] Invoked command in '/home/kaneki/warebot_ws/src/warebot' returned '0': DEBUGINFOD_URLS=https://debuginfod.ubuntu.com PYTHONPATH=/home/kaneki/warebot_ws/build/warebot/prefix_override:/usr/lib/python3/dist-packages/colcon_core/task/python/colcon_distutils_commands:/home/kaneki/warebot_ws/install/warebot/lib/python3.12/site-packages:${PYTHONPATH} /usr/bin/python3 -W ignore:setup.py install is deprecated -W ignore:easy_install command is deprecated setup.py egg_info --egg-base ../../build/warebot build --build-base /home/kaneki/warebot_ws/build/warebot/build install --record /home/kaneki/warebot_ws/build/warebot/install.log --single-version-externally-managed install_data
