[0.653s] Invoking command in '/home/kaneki/warebot_ws/src/warebot': DEBUGINFOD_URLS=https://debuginfod.ubuntu.com PYTHONPATH=/home/kaneki/warebot_ws/build/warebot/prefix_override:/usr/lib/python3/dist-packages/colcon_core/task/python/colcon_distutils_commands:/home/kaneki/warebot_ws/install/warebot/lib/python3.12/site-packages:${PYTHONPATH} /usr/bin/python3 -W ignore:setup.py install is deprecated -W ignore:easy_install command is deprecated setup.py egg_info --egg-base ../../build/warebot build --build-base /home/kaneki/warebot_ws/build/warebot/build install --record /home/kaneki/warebot_ws/build/warebot/install.log --single-version-externally-managed install_data
[0.862s] running egg_info
[0.877s] writing ../../build/warebot/warebot.egg-info/PKG-INFO
[0.878s] writing dependency_links to ../../build/warebot/warebot.egg-info/dependency_links.txt
[0.878s] writing requirements to ../../build/warebot/warebot.egg-info/requires.txt
[0.878s] writing top-level names to ../../build/warebot/warebot.egg-info/top_level.txt
[0.911s] reading manifest file '../../build/warebot/warebot.egg-info/SOURCES.txt'
[0.912s] writing manifest file '../../build/warebot/warebot.egg-info/SOURCES.txt'
[0.912s] running build
[0.912s] running build_py
[0.912s] running install
[0.916s] running install_lib
[0.931s] running install_data
[0.931s] copying description/robot.urdf.xacro -> /home/kaneki/warebot_ws/install/warebot/share/warebot/description
[0.932s] copying description/a200/a200.urdf.xacro -> /home/kaneki/warebot_ws/install/warebot/share/warebot/description/a200
[0.932s] running install_egg_info
[0.949s] removing '/home/kaneki/warebot_ws/install/warebot/lib/python3.12/site-packages/warebot-0.0.0-py3.12.egg-info' (and everything under it)
[0.949s] Copying ../../build/warebot/warebot.egg-info to /home/kaneki/warebot_ws/install/warebot/lib/python3.12/site-packages/warebot-0.0.0-py3.12.egg-info
[0.950s] running install_scripts
[1.058s] writing list of installed files to '/home/kaneki/warebot_ws/build/warebot/install.log'
[1.080s] Invoked command in '/home/kaneki/warebot_ws/src/warebot' returned '0': DEBUGINFOD_URLS=https://debuginfod.ubuntu.com PYTHONPATH=/home/kaneki/warebot_ws/build/warebot/prefix_override:/usr/lib/python3/dist-packages/colcon_core/task/python/colcon_distutils_commands:/home/kaneki/warebot_ws/install/warebot/lib/python3.12/site-packages:${PYTHONPATH} /usr/bin/python3 -W ignore:setup.py install is deprecated -W ignore:easy_install command is deprecated setup.py egg_info --egg-base ../../build/warebot build --build-base /home/kaneki/warebot_ws/build/warebot/build install --record /home/kaneki/warebot_ws/build/warebot/install.log --single-version-externally-managed install_data
